-------------------------------------------------------------------------------
Test set: de.tum.in.test.integration.PathAccessTest
-------------------------------------------------------------------------------
Tests run: 13, Failures: 3, Errors: 0, Skipped: 0, Time elapsed: 1.235 s <<< FAILURE! - in de.tum.in.test.integration.PathAccessTest
de.tum.in.test.integration.PathAccessTest.test_accessPathRelativeGlobA  Time elapsed: 0.001 s  <<< FAILURE!
org.opentest4j.AssertionFailedError: 
Expected test 'accessPathRelativeGlobA' to be successful. Failure:

java.lang.SecurityException: access to path /Users/markuspaulsen/Documents/UniPHD/ChristianFemers/GIT/pom.xml denied in line 12 in PathAccessPenguin.java
/// potential problem location: de.tum.in.test.integration.testuser.subject.PathAccessPenguin.accessPath(PathAccessPenguin.java:12) ///
	at de.tum.in.test.testutilities.CustomConditions.generateFailure(CustomConditions.java:178)
	at de.tum.in.test.testutilities.CustomConditions.lambda$testSuccessRespectingDirectFailure$11(CustomConditions.java:151)
	at java.base/java.util.Optional.ifPresent(Optional.java:178)
	at de.tum.in.test.testutilities.CustomConditions.lambda$testSuccessRespectingDirectFailure$12(CustomConditions.java:149)
	at org.assertj.core.api.Condition.matches(Condition.java:161)
	at java.base/java.util.Optional.filter(Optional.java:218)
	at org.junit.platform.testkit.engine.Event.lambda$byPayload$0(Event.java:122)
	at org.assertj.core.api.Condition.matches(Condition.java:161)
	at org.assertj.core.condition.AllOf.lambda$matches$0(AllOf.java:63)
	at java.base/java.util.stream.MatchOps$1MatchSink.accept(MatchOps.java:90)
Caused by: java.lang.SecurityException: access to path /Users/markuspaulsen/Documents/UniPHD/ChristianFemers/GIT/pom.xml denied in line 12 in PathAccessPenguin.java
/// potential problem location: de.tum.in.test.integration.testuser.subject.PathAccessPenguin.accessPath(PathAccessPenguin.java:12) ///
	at de.tum.in.test.api.security.ArtemisSecurityManager.throwSecurityExceptionIfNonWhitelistedFound(ArtemisSecurityManager.java:471)
	at de.tum.in.test.api.security.ArtemisSecurityManager.checkForNonWhitelistedStackFrames(ArtemisSecurityManager.java:457)
	at de.tum.in.test.api.security.ArtemisSecurityManager.checkPathAccess(ArtemisSecurityManager.java:382)
	at de.tum.in.test.api.security.ArtemisSecurityManager.checkPermission(ArtemisSecurityManager.java:340)
	at java.base/java.lang.SecurityManager.checkRead(SecurityManager.java:756)
	at java.base/sun.nio.fs.UnixChannelFactory.open(UnixChannelFactory.java:246)
	at java.base/sun.nio.fs.UnixChannelFactory.newFileChannel(UnixChannelFactory.java:133)
	at java.base/sun.nio.fs.UnixChannelFactory.newFileChannel(UnixChannelFactory.java:146)
	at java.base/sun.nio.fs.UnixFileSystemProvider.newByteChannel(UnixFileSystemProvider.java:216)
	at java.base/java.nio.file.Files.newByteChannel(Files.java:380)
	at java.base/java.nio.file.Files.newByteChannel(Files.java:432)
	at java.base/java.nio.file.Files.readAllBytes(Files.java:3288)
	at java.base/java.nio.file.Files.readString(Files.java:3366)
	at java.base/java.nio.file.Files.readString(Files.java:3325)
	at de.tum.in.test.integration.testuser.subject.PathAccessPenguin.accessPath(PathAccessPenguin.java:12)
	at de.tum.in.test.integration.testuser.PathAccessUser.accessPathRelativeGlobA(PathAccessUser.java:46)
	at java.base/jdk.internal.reflect.NativeMethodAccessorImpl.invoke0(Native Method)
	at java.base/jdk.internal.reflect.NativeMethodAccessorImpl.invoke(NativeMethodAccessorImpl.java:77)
	at java.base/jdk.internal.reflect.DelegatingMethodAccessorImpl.invoke(DelegatingMethodAccessorImpl.java:43)
	at java.base/java.lang.reflect.Method.invoke(Method.java:568)
	at org.junit.platform.commons.util.ReflectionUtils.invokeMethod(ReflectionUtils.java:727)
	at org.junit.jupiter.engine.execution.MethodInvocation.proceed(MethodInvocation.java:60)
	at org.junit.jupiter.engine.execution.InvocationInterceptorChain$ValidatingInvocation.proceed(InvocationInterceptorChain.java:131)
	at de.tum.in.test.api.internal.TimeoutUtils.rethrowThrowableSafe(TimeoutUtils.java:47)
	at de.tum.in.test.api.internal.TimeoutUtils.lambda$performTimeoutExecution$1(TimeoutUtils.java:42)
	at java.base/java.util.concurrent.FutureTask.run(FutureTask.java:264)
	at java.base/java.util.concurrent.ThreadPoolExecutor.runWorker(ThreadPoolExecutor.java:1136)
	at java.base/java.util.concurrent.ThreadPoolExecutor$Worker.run(ThreadPoolExecutor.java:635)
	at java.base/java.lang.Thread.run(Thread.java:833)

de.tum.in.test.integration.PathAccessTest.test_accessPathRelativeGlobDirectChildrenAllowed  Time elapsed: 0.001 s  <<< FAILURE!
org.opentest4j.AssertionFailedError: 
Expected test 'accessPathRelativeGlobDirectChildrenAllowed' to be successful. Failure:

java.lang.SecurityException: access to path src/* denied in line 16 in PathAccessPenguin.java
/// potential problem location: de.tum.in.test.integration.testuser.subject.PathAccessPenguin.askForFilePermission(PathAccessPenguin.java:16) ///
	at de.tum.in.test.testutilities.CustomConditions.generateFailure(CustomConditions.java:178)
	at de.tum.in.test.testutilities.CustomConditions.lambda$testSuccessRespectingDirectFailure$11(CustomConditions.java:151)
	at java.base/java.util.Optional.ifPresent(Optional.java:178)
	at de.tum.in.test.testutilities.CustomConditions.lambda$testSuccessRespectingDirectFailure$12(CustomConditions.java:149)
	at org.assertj.core.api.Condition.matches(Condition.java:161)
	at java.base/java.util.Optional.filter(Optional.java:218)
	at org.junit.platform.testkit.engine.Event.lambda$byPayload$0(Event.java:122)
	at org.assertj.core.api.Condition.matches(Condition.java:161)
	at org.assertj.core.condition.AllOf.lambda$matches$0(AllOf.java:63)
	at java.base/java.util.stream.MatchOps$1MatchSink.accept(MatchOps.java:90)
Caused by: java.lang.SecurityException: access to path src/* denied in line 16 in PathAccessPenguin.java
/// potential problem location: de.tum.in.test.integration.testuser.subject.PathAccessPenguin.askForFilePermission(PathAccessPenguin.java:16) ///
	at de.tum.in.test.api.security.ArtemisSecurityManager.throwSecurityExceptionIfNonWhitelistedFound(ArtemisSecurityManager.java:471)
	at de.tum.in.test.api.security.ArtemisSecurityManager.checkForNonWhitelistedStackFrames(ArtemisSecurityManager.java:457)
	at de.tum.in.test.api.security.ArtemisSecurityManager.checkPathAccess(ArtemisSecurityManager.java:382)
	at de.tum.in.test.api.security.ArtemisSecurityManager.checkPermission(ArtemisSecurityManager.java:340)
	at de.tum.in.test.integration.testuser.subject.PathAccessPenguin.askForFilePermission(PathAccessPenguin.java:16)
	at de.tum.in.test.integration.testuser.PathAccessUser.accessPathRelativeGlobDirectChildrenAllowed(PathAccessUser.java:58)
	at java.base/jdk.internal.reflect.NativeMethodAccessorImpl.invoke0(Native Method)
	at java.base/jdk.internal.reflect.NativeMethodAccessorImpl.invoke(NativeMethodAccessorImpl.java:77)
	at java.base/jdk.internal.reflect.DelegatingMethodAccessorImpl.invoke(DelegatingMethodAccessorImpl.java:43)
	at java.base/java.lang.reflect.Method.invoke(Method.java:568)
	at org.junit.platform.commons.util.ReflectionUtils.invokeMethod(ReflectionUtils.java:727)
	at org.junit.jupiter.engine.execution.MethodInvocation.proceed(MethodInvocation.java:60)
	at org.junit.jupiter.engine.execution.InvocationInterceptorChain$ValidatingInvocation.proceed(InvocationInterceptorChain.java:131)
	at de.tum.in.test.api.internal.TimeoutUtils.rethrowThrowableSafe(TimeoutUtils.java:47)
	at de.tum.in.test.api.internal.TimeoutUtils.lambda$performTimeoutExecution$1(TimeoutUtils.java:42)
	at java.base/java.util.concurrent.FutureTask.run(FutureTask.java:264)
	at java.base/java.util.concurrent.ThreadPoolExecutor.runWorker(ThreadPoolExecutor.java:1136)
	at java.base/java.util.concurrent.ThreadPoolExecutor$Worker.run(ThreadPoolExecutor.java:635)
	at java.base/java.lang.Thread.run(Thread.java:833)

de.tum.in.test.integration.PathAccessTest.test_accessPathRelativeGlobRecursiveAllowed  Time elapsed: 0.002 s  <<< FAILURE!
org.opentest4j.AssertionFailedError: 
Expected test 'accessPathRelativeGlobRecursiveAllowed' to be successful. Failure:

java.lang.SecurityException: access to path - denied in line 16 in PathAccessPenguin.java
/// potential problem location: de.tum.in.test.integration.testuser.subject.PathAccessPenguin.askForFilePermission(PathAccessPenguin.java:16) ///
	at de.tum.in.test.testutilities.CustomConditions.generateFailure(CustomConditions.java:178)
	at de.tum.in.test.testutilities.CustomConditions.lambda$testSuccessRespectingDirectFailure$11(CustomConditions.java:151)
	at java.base/java.util.Optional.ifPresent(Optional.java:178)
	at de.tum.in.test.testutilities.CustomConditions.lambda$testSuccessRespectingDirectFailure$12(CustomConditions.java:149)
	at org.assertj.core.api.Condition.matches(Condition.java:161)
	at java.base/java.util.Optional.filter(Optional.java:218)
	at org.junit.platform.testkit.engine.Event.lambda$byPayload$0(Event.java:122)
	at org.assertj.core.api.Condition.matches(Condition.java:161)
	at org.assertj.core.condition.AllOf.lambda$matches$0(AllOf.java:63)
	at java.base/java.util.stream.MatchOps$1MatchSink.accept(MatchOps.java:90)
Caused by: java.lang.SecurityException: access to path - denied in line 16 in PathAccessPenguin.java
/// potential problem location: de.tum.in.test.integration.testuser.subject.PathAccessPenguin.askForFilePermission(PathAccessPenguin.java:16) ///
	at de.tum.in.test.api.security.ArtemisSecurityManager.throwSecurityExceptionIfNonWhitelistedFound(ArtemisSecurityManager.java:471)
	at de.tum.in.test.api.security.ArtemisSecurityManager.checkForNonWhitelistedStackFrames(ArtemisSecurityManager.java:457)
	at de.tum.in.test.api.security.ArtemisSecurityManager.checkPathAccess(ArtemisSecurityManager.java:382)
	at de.tum.in.test.api.security.ArtemisSecurityManager.checkPermission(ArtemisSecurityManager.java:340)
	at de.tum.in.test.integration.testuser.subject.PathAccessPenguin.askForFilePermission(PathAccessPenguin.java:16)
	at de.tum.in.test.integration.testuser.PathAccessUser.accessPathRelativeGlobRecursiveAllowed(PathAccessUser.java:76)
	at java.base/jdk.internal.reflect.NativeMethodAccessorImpl.invoke0(Native Method)
	at java.base/jdk.internal.reflect.NativeMethodAccessorImpl.invoke(NativeMethodAccessorImpl.java:77)
	at java.base/jdk.internal.reflect.DelegatingMethodAccessorImpl.invoke(DelegatingMethodAccessorImpl.java:43)
	at java.base/java.lang.reflect.Method.invoke(Method.java:568)
	at org.junit.platform.commons.util.ReflectionUtils.invokeMethod(ReflectionUtils.java:727)
	at org.junit.jupiter.engine.execution.MethodInvocation.proceed(MethodInvocation.java:60)
	at org.junit.jupiter.engine.execution.InvocationInterceptorChain$ValidatingInvocation.proceed(InvocationInterceptorChain.java:131)
	at de.tum.in.test.api.internal.TimeoutUtils.rethrowThrowableSafe(TimeoutUtils.java:47)
	at de.tum.in.test.api.internal.TimeoutUtils.lambda$performTimeoutExecution$1(TimeoutUtils.java:42)
	at java.base/java.util.concurrent.FutureTask.run(FutureTask.java:264)
	at java.base/java.util.concurrent.ThreadPoolExecutor.runWorker(ThreadPoolExecutor.java:1136)
	at java.base/java.util.concurrent.ThreadPoolExecutor$Worker.run(ThreadPoolExecutor.java:635)
	at java.base/java.lang.Thread.run(Thread.java:833)

