<?xml version="1.0" encoding="UTF-8"?>
<testsuite xmlns:xsi="http://www.w3.org/2001/XMLSchema-instance" xsi:noNamespaceSchemaLocation="https://maven.apache.org/surefire/maven-surefire-plugin/xsd/surefire-test-report-3.0.xsd" version="3.0" name="de.tum.in.test.integration.PathAccessTest" time="1.235" tests="13" errors="0" skipped="0" failures="3">
  <properties>
    <property name="java.specification.version" value="17"/>
    <property name="sun.jnu.encoding" value="UTF-8"/>
    <property name="java.class.path" value="/Users/markuspaulsen/Documents/UniPHD/ChristianFemers/GIT/target/test-classes:/Users/markuspaulsen/Documents/UniPHD/ChristianFemers/GIT/target/classes:/Users/markuspaulsen/.m2/repository/ch/qos/logback/logback-classic/1.4.5/logback-classic-1.4.5.jar:/Users/markuspaulsen/.m2/repository/ch/qos/logback/logback-core/1.4.5/logback-core-1.4.5.jar:/Users/markuspaulsen/.m2/repository/org/slf4j/slf4j-api/2.0.4/slf4j-api-2.0.4.jar:/Users/markuspaulsen/.m2/repository/org/junit/jupiter/junit-jupiter-api/5.9.2/junit-jupiter-api-5.9.2.jar:/Users/markuspaulsen/.m2/repository/org/opentest4j/opentest4j/1.2.0/opentest4j-1.2.0.jar:/Users/markuspaulsen/.m2/repository/org/junit/platform/junit-platform-commons/1.9.2/junit-platform-commons-1.9.2.jar:/Users/markuspaulsen/.m2/repository/org/apiguardian/apiguardian-api/1.1.2/apiguardian-api-1.1.2.jar:/Users/markuspaulsen/.m2/repository/org/junit/platform/junit-platform-launcher/1.9.2/junit-platform-launcher-1.9.2.jar:/Users/markuspaulsen/.m2/repository/org/junit/platform/junit-platform-engine/1.9.2/junit-platform-engine-1.9.2.jar:/Users/markuspaulsen/.m2/repository/org/junit/jupiter/junit-jupiter-engine/5.9.2/junit-jupiter-engine-5.9.2.jar:/Users/markuspaulsen/.m2/repository/org/junit/jupiter/junit-jupiter-params/5.9.2/junit-jupiter-params-5.9.2.jar:/Users/markuspaulsen/.m2/repository/org/junit/vintage/junit-vintage-engine/5.9.2/junit-vintage-engine-5.9.2.jar:/Users/markuspaulsen/.m2/repository/junit/junit/4.13.2/junit-4.13.2.jar:/Users/markuspaulsen/.m2/repository/org/hamcrest/hamcrest-core/1.3/hamcrest-core-1.3.jar:/Users/markuspaulsen/.m2/repository/org/hamcrest/hamcrest/2.2/hamcrest-2.2.jar:/Users/markuspaulsen/.m2/repository/org/assertj/assertj-core/3.24.1/assertj-core-3.24.1.jar:/Users/markuspaulsen/.m2/repository/net/bytebuddy/byte-buddy/1.12.21/byte-buddy-1.12.21.jar:/Users/markuspaulsen/.m2/repository/org/json/json/20220924/json-20220924.jar:/Users/markuspaulsen/.m2/repository/info/debatty/java-string-similarity/2.0.0/java-string-similarity-2.0.0.jar:/Users/markuspaulsen/.m2/repository/net/jcip/jcip-annotations/1.0/jcip-annotations-1.0.jar:/Users/markuspaulsen/.m2/repository/com/github/javaparser/javaparser-core/3.24.10/javaparser-core-3.24.10.jar:/Users/markuspaulsen/.m2/repository/org/junit/platform/junit-platform-testkit/1.9.2/junit-platform-testkit-1.9.2.jar:/Users/markuspaulsen/.m2/repository/net/jqwik/jqwik/1.7.1/jqwik-1.7.1.jar:/Users/markuspaulsen/.m2/repository/net/jqwik/jqwik-api/1.7.1/jqwik-api-1.7.1.jar:/Users/markuspaulsen/.m2/repository/net/jqwik/jqwik-web/1.7.1/jqwik-web-1.7.1.jar:/Users/markuspaulsen/.m2/repository/net/jqwik/jqwik-time/1.7.1/jqwik-time-1.7.1.jar:/Users/markuspaulsen/.m2/repository/net/jqwik/jqwik-engine/1.7.1/jqwik-engine-1.7.1.jar:"/>
    <property name="java.vm.vendor" value="Amazon.com Inc."/>
    <property name="sun.arch.data.model" value="64"/>
    <property name="java.vendor.url" value="https://aws.amazon.com/corretto/"/>
    <property name="user.timezone" value="Europe/Berlin"/>
    <property name="os.name" value="Mac OS X"/>
    <property name="java.vm.specification.version" value="17"/>
    <property name="sun.java.launcher" value="SUN_STANDARD"/>
    <property name="user.country" value="DE"/>
    <property name="sun.boot.library.path" value="/Users/markuspaulsen/Library/Java/JavaVirtualMachines/corretto-17.0.3/Contents/Home/lib"/>
    <property name="sun.java.command" value="/Users/markuspaulsen/Documents/UniPHD/ChristianFemers/GIT/target/surefire/surefirebooter-20230215165707290_3.jar /Users/markuspaulsen/Documents/UniPHD/ChristianFemers/GIT/target/surefire 2023-02-15T16-57-06_749-jvmRun1 surefire-20230215165707290_1tmp surefire_0-20230215165707290_2tmp"/>
    <property name="jdk.debug" value="release"/>
    <property name="surefire.test.class.path" value="/Users/markuspaulsen/Documents/UniPHD/ChristianFemers/GIT/target/test-classes:/Users/markuspaulsen/Documents/UniPHD/ChristianFemers/GIT/target/classes:/Users/markuspaulsen/.m2/repository/ch/qos/logback/logback-classic/1.4.5/logback-classic-1.4.5.jar:/Users/markuspaulsen/.m2/repository/ch/qos/logback/logback-core/1.4.5/logback-core-1.4.5.jar:/Users/markuspaulsen/.m2/repository/org/slf4j/slf4j-api/2.0.4/slf4j-api-2.0.4.jar:/Users/markuspaulsen/.m2/repository/org/junit/jupiter/junit-jupiter-api/5.9.2/junit-jupiter-api-5.9.2.jar:/Users/markuspaulsen/.m2/repository/org/opentest4j/opentest4j/1.2.0/opentest4j-1.2.0.jar:/Users/markuspaulsen/.m2/repository/org/junit/platform/junit-platform-commons/1.9.2/junit-platform-commons-1.9.2.jar:/Users/markuspaulsen/.m2/repository/org/apiguardian/apiguardian-api/1.1.2/apiguardian-api-1.1.2.jar:/Users/markuspaulsen/.m2/repository/org/junit/platform/junit-platform-launcher/1.9.2/junit-platform-launcher-1.9.2.jar:/Users/markuspaulsen/.m2/repository/org/junit/platform/junit-platform-engine/1.9.2/junit-platform-engine-1.9.2.jar:/Users/markuspaulsen/.m2/repository/org/junit/jupiter/junit-jupiter-engine/5.9.2/junit-jupiter-engine-5.9.2.jar:/Users/markuspaulsen/.m2/repository/org/junit/jupiter/junit-jupiter-params/5.9.2/junit-jupiter-params-5.9.2.jar:/Users/markuspaulsen/.m2/repository/org/junit/vintage/junit-vintage-engine/5.9.2/junit-vintage-engine-5.9.2.jar:/Users/markuspaulsen/.m2/repository/junit/junit/4.13.2/junit-4.13.2.jar:/Users/markuspaulsen/.m2/repository/org/hamcrest/hamcrest-core/1.3/hamcrest-core-1.3.jar:/Users/markuspaulsen/.m2/repository/org/hamcrest/hamcrest/2.2/hamcrest-2.2.jar:/Users/markuspaulsen/.m2/repository/org/assertj/assertj-core/3.24.1/assertj-core-3.24.1.jar:/Users/markuspaulsen/.m2/repository/net/bytebuddy/byte-buddy/1.12.21/byte-buddy-1.12.21.jar:/Users/markuspaulsen/.m2/repository/org/json/json/20220924/json-20220924.jar:/Users/markuspaulsen/.m2/repository/info/debatty/java-string-similarity/2.0.0/java-string-similarity-2.0.0.jar:/Users/markuspaulsen/.m2/repository/net/jcip/jcip-annotations/1.0/jcip-annotations-1.0.jar:/Users/markuspaulsen/.m2/repository/com/github/javaparser/javaparser-core/3.24.10/javaparser-core-3.24.10.jar:/Users/markuspaulsen/.m2/repository/org/junit/platform/junit-platform-testkit/1.9.2/junit-platform-testkit-1.9.2.jar:/Users/markuspaulsen/.m2/repository/net/jqwik/jqwik/1.7.1/jqwik-1.7.1.jar:/Users/markuspaulsen/.m2/repository/net/jqwik/jqwik-api/1.7.1/jqwik-api-1.7.1.jar:/Users/markuspaulsen/.m2/repository/net/jqwik/jqwik-web/1.7.1/jqwik-web-1.7.1.jar:/Users/markuspaulsen/.m2/repository/net/jqwik/jqwik-time/1.7.1/jqwik-time-1.7.1.jar:/Users/markuspaulsen/.m2/repository/net/jqwik/jqwik-engine/1.7.1/jqwik-engine-1.7.1.jar:"/>
    <property name="sun.cpu.endian" value="little"/>
    <property name="user.home" value="/Users/markuspaulsen"/>
    <property name="user.language" value="de"/>
    <property name="java.specification.vendor" value="Oracle Corporation"/>
    <property name="java.version.date" value="2022-04-19"/>
    <property name="java.home" value="/Users/markuspaulsen/Library/Java/JavaVirtualMachines/corretto-17.0.3/Contents/Home"/>
    <property name="file.separator" value="/"/>
    <property name="basedir" value="/Users/markuspaulsen/Documents/UniPHD/ChristianFemers/GIT"/>
    <property name="java.vm.compressedOopsMode" value="Zero based"/>
    <property name="line.separator" value="&#10;"/>
    <property name="java.vm.specification.vendor" value="Oracle Corporation"/>
    <property name="java.specification.name" value="Java Platform API Specification"/>
    <property name="surefire.real.class.path" value="/Users/markuspaulsen/Documents/UniPHD/ChristianFemers/GIT/target/surefire/surefirebooter-20230215165707290_3.jar"/>
    <property name="sun.management.compiler" value="HotSpot 64-Bit Tiered Compilers"/>
    <property name="java.runtime.version" value="17.0.3+6-LTS"/>
    <property name="user.name" value="markuspaulsen"/>
    <property name="path.separator" value=":"/>
    <property name="os.version" value="12.6.3"/>
    <property name="java.runtime.name" value="OpenJDK Runtime Environment"/>
    <property name="file.encoding" value="UTF-8"/>
    <property name="java.vm.name" value="OpenJDK 64-Bit Server VM"/>
    <property name="java.vendor.version" value="Corretto-17.0.3.6.1"/>
    <property name="localRepository" value="/Users/markuspaulsen/.m2/repository"/>
    <property name="java.vendor.url.bug" value="https://github.com/corretto/corretto-17/issues/"/>
    <property name="java.io.tmpdir" value="/var/folders/06/zkny378x76z6fr1t669ntwm80000gn/T/"/>
    <property name="idea.version" value="2022.2.4"/>
    <property name="java.version" value="17.0.3"/>
    <property name="user.dir" value="/Users/markuspaulsen/Documents/UniPHD/ChristianFemers/GIT"/>
    <property name="os.arch" value="x86_64"/>
    <property name="java.vm.specification.name" value="Java Virtual Machine Specification"/>
    <property name="native.encoding" value="UTF-8"/>
    <property name="java.library.path" value="/Users/markuspaulsen/Library/Java/Extensions:/Library/Java/Extensions:/Network/Library/Java/Extensions:/System/Library/Java/Extensions:/usr/lib/java:."/>
    <property name="java.vm.info" value="mixed mode, sharing"/>
    <property name="java.vendor" value="Amazon.com Inc."/>
    <property name="java.vm.version" value="17.0.3+6-LTS"/>
    <property name="sun.io.unicode.encoding" value="UnicodeBig"/>
    <property name="java.class.version" value="61.0"/>
  </properties>
  <testcase name="test_accessPathAllFiles" classname="de.tum.in.test.integration.PathAccessTest" time="0.002">
    <system-err><![CDATA[[DEBUG] [main] Validated build configuration regarding trusted package rules, 0 are missing.
[INFO] [main] Request install with ASC-Impl [testMethod=Optional.empty, executionPath=/Users/markuspaulsen/Documents/UniPHD/ChristianFemers/GIT, whitelistedPaths=Optional[[PathRule["target/**" (GLOB) in WHITELIST; level READ]]], blacklistedPaths=[], allowedLocalPorts=[], trustedPackages=[]]
[INFO] [main] Request whitelisting: Thread[ajts-to-237,5,Test-Threadgroup] []
[INFO] [main] Thread whitelisted: Thread[ajts-to-237,5,Test-Threadgroup]
[INFO] [main] Request uninstall
[DEBUG] [main] Validated build configuration regarding trusted package rules, 0 are missing.
[INFO] [main] Request install with ASC-Impl [testMethod=Optional[void de.tum.in.test.integration.testuser.PathAccessUser.accessPathAllFiles()], executionPath=/Users/markuspaulsen/Documents/UniPHD/ChristianFemers/GIT, whitelistedPaths=Optional[[PathRule["target/**" (GLOB) in WHITELIST; level READ], PathRule["" (STARTS_WITH) in WHITELIST; level READ]]], blacklistedPaths=[], allowedLocalPorts=[], trustedPackages=[]]
[INFO] [main] Request whitelisting: Thread[ajts-to-238,5,Test-Threadgroup] []
[INFO] [main] Thread whitelisted: Thread[ajts-to-238,5,Test-Threadgroup]
[WARN] [ajts-to-238] NWSFs ==> [de.tum.in.test.integration.testuser.subject.PathAccessPenguin.askForFilePermission(PathAccessPenguin.java:16)]
[WARN] [ajts-to-238] BAD PATH ACCESS: <<ALL FILES>> (BL:true, WL:false)
[INFO] [main] Request uninstall
[DEBUG] [main] Validated build configuration regarding trusted package rules, 0 are missing.
[INFO] [main] Request install with ASC-Impl [testMethod=Optional.empty, executionPath=/Users/markuspaulsen/Documents/UniPHD/ChristianFemers/GIT, whitelistedPaths=Optional[[PathRule["target/**" (GLOB) in WHITELIST; level READ]]], blacklistedPaths=[], allowedLocalPorts=[], trustedPackages=[]]
[INFO] [main] Request whitelisting: Thread[ajts-to-239,5,Test-Threadgroup] []
[INFO] [main] Thread whitelisted: Thread[ajts-to-239,5,Test-Threadgroup]
[INFO] [main] Request uninstall
[DEBUG] [main] Validated build configuration regarding trusted package rules, 0 are missing.
[INFO] [main] Request install with ASC-Impl [testMethod=Optional[void de.tum.in.test.integration.testuser.PathAccessUser.accessPathAllowed() throws java.io.IOException], executionPath=/Users/markuspaulsen/Documents/UniPHD/ChristianFemers/GIT, whitelistedPaths=Optional[[PathRule["target/**" (GLOB) in WHITELIST; level READ], PathRule["" (STARTS_WITH) in WHITELIST; level READ]]], blacklistedPaths=[], allowedLocalPorts=[], trustedPackages=[]]
[INFO] [main] Request whitelisting: Thread[ajts-to-240,5,Test-Threadgroup] []
[INFO] [main] Thread whitelisted: Thread[ajts-to-240,5,Test-Threadgroup]
[INFO] [main] Request uninstall
[DEBUG] [main] Validated build configuration regarding trusted package rules, 0 are missing.
[INFO] [main] Request install with ASC-Impl [testMethod=Optional.empty, executionPath=/Users/markuspaulsen/Documents/UniPHD/ChristianFemers/GIT, whitelistedPaths=Optional[[PathRule["target/**" (GLOB) in WHITELIST; level READ]]], blacklistedPaths=[], allowedLocalPorts=[], trustedPackages=[]]
[INFO] [main] Request whitelisting: Thread[ajts-to-241,5,Test-Threadgroup] []
[INFO] [main] Thread whitelisted: Thread[ajts-to-241,5,Test-Threadgroup]
[INFO] [main] Request uninstall
[DEBUG] [main] Validated build configuration regarding trusted package rules, 0 are missing.
[INFO] [main] Request install with ASC-Impl [testMethod=Optional[void de.tum.in.test.integration.testuser.PathAccessUser.accessPathNormal() throws java.io.IOException], executionPath=/Users/markuspaulsen/Documents/UniPHD/ChristianFemers/GIT, whitelistedPaths=Optional[[PathRule["target/**" (GLOB) in WHITELIST; level READ]]], blacklistedPaths=[], allowedLocalPorts=[], trustedPackages=[]]
[INFO] [main] Request whitelisting: Thread[ajts-to-242,5,Test-Threadgroup] []
[INFO] [main] Thread whitelisted: Thread[ajts-to-242,5,Test-Threadgroup]
[WARN] [ajts-to-242] NWSFs ==> [de.tum.in.test.integration.testuser.subject.PathAccessPenguin.accessPath(PathAccessPenguin.java:12)]
[WARN] [ajts-to-242] BAD PATH ACCESS: pom.xml (BL:false, WL:false)
[INFO] [main] Request uninstall
[DEBUG] [main] Validated build configuration regarding trusted package rules, 0 are missing.
[INFO] [main] Request install with ASC-Impl [testMethod=Optional.empty, executionPath=/Users/markuspaulsen/Documents/UniPHD/ChristianFemers/GIT, whitelistedPaths=Optional[[PathRule["target/**" (GLOB) in WHITELIST; level READ]]], blacklistedPaths=[], allowedLocalPorts=[], trustedPackages=[]]
[INFO] [main] Request whitelisting: Thread[ajts-to-243,5,Test-Threadgroup] []
[INFO] [main] Thread whitelisted: Thread[ajts-to-243,5,Test-Threadgroup]
[INFO] [main] Request uninstall
[DEBUG] [main] Validated build configuration regarding trusted package rules, 0 are missing.
[INFO] [main] Request install with ASC-Impl [testMethod=Optional[void de.tum.in.test.integration.testuser.PathAccessUser.accessPathRelativeGlobA() throws java.io.IOException], executionPath=/Users/markuspaulsen/Documents/UniPHD/ChristianFemers/GIT, whitelistedPaths=Optional[[PathRule["target/**" (GLOB) in WHITELIST; level READ], PathRule["../*r*e*s**" (GLOB) in WHITELIST; level READ]]], blacklistedPaths=[], allowedLocalPorts=[], trustedPackages=[]]
[INFO] [main] Request whitelisting: Thread[ajts-to-244,5,Test-Threadgroup] []
[INFO] [main] Thread whitelisted: Thread[ajts-to-244,5,Test-Threadgroup]
[WARN] [ajts-to-244] NWSFs ==> [de.tum.in.test.integration.testuser.subject.PathAccessPenguin.accessPath(PathAccessPenguin.java:12)]
[WARN] [ajts-to-244] BAD PATH ACCESS: /Users/markuspaulsen/Documents/UniPHD/ChristianFemers/GIT/pom.xml (BL:false, WL:false)
[INFO] [main] Request uninstall
[DEBUG] [main] Validated build configuration regarding trusted package rules, 0 are missing.
[INFO] [main] Request install with ASC-Impl [testMethod=Optional.empty, executionPath=/Users/markuspaulsen/Documents/UniPHD/ChristianFemers/GIT, whitelistedPaths=Optional[[PathRule["target/**" (GLOB) in WHITELIST; level READ]]], blacklistedPaths=[], allowedLocalPorts=[], trustedPackages=[]]
[INFO] [main] Request whitelisting: Thread[ajts-to-245,5,Test-Threadgroup] []
[INFO] [main] Thread whitelisted: Thread[ajts-to-245,5,Test-Threadgroup]
[INFO] [main] Request uninstall
[DEBUG] [main] Validated build configuration regarding trusted package rules, 0 are missing.
[INFO] [main] Request install with ASC-Impl [testMethod=Optional[void de.tum.in.test.integration.testuser.PathAccessUser.accessPathRelativeGlobB() throws java.io.IOException], executionPath=/Users/markuspaulsen/Documents/UniPHD/ChristianFemers/GIT, whitelistedPaths=Optional[[PathRule["target/**" (GLOB) in WHITELIST; level READ], PathRule["./pom.xml" (GLOB) in WHITELIST; level READ]]], blacklistedPaths=[], allowedLocalPorts=[], trustedPackages=[]]
[INFO] [main] Request whitelisting: Thread[ajts-to-246,5,Test-Threadgroup] []
[INFO] [main] Thread whitelisted: Thread[ajts-to-246,5,Test-Threadgroup]
[INFO] [main] Request uninstall
[DEBUG] [main] Validated build configuration regarding trusted package rules, 0 are missing.
[INFO] [main] Request install with ASC-Impl [testMethod=Optional.empty, executionPath=/Users/markuspaulsen/Documents/UniPHD/ChristianFemers/GIT, whitelistedPaths=Optional[[PathRule["target/**" (GLOB) in WHITELIST; level READ]]], blacklistedPaths=[], allowedLocalPorts=[], trustedPackages=[]]
[INFO] [main] Request whitelisting: Thread[ajts-to-247,5,Test-Threadgroup] []
[INFO] [main] Thread whitelisted: Thread[ajts-to-247,5,Test-Threadgroup]
[INFO] [main] Request uninstall
[DEBUG] [main] Validated build configuration regarding trusted package rules, 0 are missing.
[INFO] [main] Request install with ASC-Impl [testMethod=Optional[void de.tum.in.test.integration.testuser.PathAccessUser.accessPathRelativeGlobDirectChildrenAllowed()], executionPath=/Users/markuspaulsen/Documents/UniPHD/ChristianFemers/GIT, whitelistedPaths=Optional[[PathRule["target/**" (GLOB) in WHITELIST; level READ], PathRule["../*r*e*s**" (GLOB) in WHITELIST; level READ]]], blacklistedPaths=[], allowedLocalPorts=[], trustedPackages=[]]
[INFO] [main] Request whitelisting: Thread[ajts-to-248,5,Test-Threadgroup] []
[INFO] [main] Thread whitelisted: Thread[ajts-to-248,5,Test-Threadgroup]
[WARN] [ajts-to-248] NWSFs ==> [de.tum.in.test.integration.testuser.subject.PathAccessPenguin.askForFilePermission(PathAccessPenguin.java:16)]
[WARN] [ajts-to-248] BAD PATH ACCESS: src/* (BL:false, WL:false)
[INFO] [main] Request uninstall
[DEBUG] [main] Validated build configuration regarding trusted package rules, 0 are missing.
[INFO] [main] Request install with ASC-Impl [testMethod=Optional.empty, executionPath=/Users/markuspaulsen/Documents/UniPHD/ChristianFemers/GIT, whitelistedPaths=Optional[[PathRule["target/**" (GLOB) in WHITELIST; level READ]]], blacklistedPaths=[], allowedLocalPorts=[], trustedPackages=[]]
[INFO] [main] Request whitelisting: Thread[ajts-to-249,5,Test-Threadgroup] []
[INFO] [main] Thread whitelisted: Thread[ajts-to-249,5,Test-Threadgroup]
[INFO] [main] Request uninstall
[DEBUG] [main] Validated build configuration regarding trusted package rules, 0 are missing.
[INFO] [main] Request install with ASC-Impl [testMethod=Optional[void de.tum.in.test.integration.testuser.PathAccessUser.accessPathRelativeGlobDirectChildrenBlacklist()], executionPath=/Users/markuspaulsen/Documents/UniPHD/ChristianFemers/GIT, whitelistedPaths=Optional[[PathRule["target/**" (GLOB) in WHITELIST; level READ], PathRule["../*r*e*s**" (GLOB) in WHITELIST; level READ]]], blacklistedPaths=[PathRule["abc" (STARTS_WITH) in BLACKLIST; level READ]], allowedLocalPorts=[], trustedPackages=[]]
[INFO] [main] Request whitelisting: Thread[ajts-to-250,5,Test-Threadgroup] []
[INFO] [main] Thread whitelisted: Thread[ajts-to-250,5,Test-Threadgroup]
[WARN] [ajts-to-250] NWSFs ==> [de.tum.in.test.integration.testuser.subject.PathAccessPenguin.askForFilePermission(PathAccessPenguin.java:16)]
[WARN] [ajts-to-250] BAD PATH ACCESS: * (BL:true, WL:false)
[INFO] [main] Request uninstall
[DEBUG] [main] Validated build configuration regarding trusted package rules, 0 are missing.
[INFO] [main] Request install with ASC-Impl [testMethod=Optional.empty, executionPath=/Users/markuspaulsen/Documents/UniPHD/ChristianFemers/GIT, whitelistedPaths=Optional[[PathRule["target/**" (GLOB) in WHITELIST; level READ]]], blacklistedPaths=[], allowedLocalPorts=[], trustedPackages=[]]
[INFO] [main] Request whitelisting: Thread[ajts-to-251,5,Test-Threadgroup] []
[INFO] [main] Thread whitelisted: Thread[ajts-to-251,5,Test-Threadgroup]
[INFO] [main] Request uninstall
[DEBUG] [main] Validated build configuration regarding trusted package rules, 0 are missing.
[INFO] [main] Request install with ASC-Impl [testMethod=Optional[void de.tum.in.test.integration.testuser.PathAccessUser.accessPathRelativeGlobDirectChildrenForbidden()], executionPath=/Users/markuspaulsen/Documents/UniPHD/ChristianFemers/GIT, whitelistedPaths=Optional[[PathRule["target/**" (GLOB) in WHITELIST; level READ]]], blacklistedPaths=[], allowedLocalPorts=[], trustedPackages=[]]
[INFO] [main] Request whitelisting: Thread[ajts-to-252,5,Test-Threadgroup] []
[INFO] [main] Thread whitelisted: Thread[ajts-to-252,5,Test-Threadgroup]
[WARN] [ajts-to-252] NWSFs ==> [de.tum.in.test.integration.testuser.subject.PathAccessPenguin.askForFilePermission(PathAccessPenguin.java:16)]
[WARN] [ajts-to-252] BAD PATH ACCESS: * (BL:false, WL:false)
[INFO] [main] Request uninstall
[DEBUG] [main] Validated build configuration regarding trusted package rules, 0 are missing.
[INFO] [main] Request install with ASC-Impl [testMethod=Optional.empty, executionPath=/Users/markuspaulsen/Documents/UniPHD/ChristianFemers/GIT, whitelistedPaths=Optional[[PathRule["target/**" (GLOB) in WHITELIST; level READ]]], blacklistedPaths=[], allowedLocalPorts=[], trustedPackages=[]]
[INFO] [main] Request whitelisting: Thread[ajts-to-253,5,Test-Threadgroup] []
[INFO] [main] Thread whitelisted: Thread[ajts-to-253,5,Test-Threadgroup]
[INFO] [main] Request uninstall
[DEBUG] [main] Validated build configuration regarding trusted package rules, 0 are missing.
[INFO] [main] Request install with ASC-Impl [testMethod=Optional[void de.tum.in.test.integration.testuser.PathAccessUser.accessPathRelativeGlobRecursiveAllowed()], executionPath=/Users/markuspaulsen/Documents/UniPHD/ChristianFemers/GIT, whitelistedPaths=Optional[[PathRule["target/**" (GLOB) in WHITELIST; level READ], PathRule["../*r*e*s**" (GLOB) in WHITELIST; level READ]]], blacklistedPaths=[], allowedLocalPorts=[], trustedPackages=[]]
[INFO] [main] Request whitelisting: Thread[ajts-to-254,5,Test-Threadgroup] []
[INFO] [main] Thread whitelisted: Thread[ajts-to-254,5,Test-Threadgroup]
[WARN] [ajts-to-254] NWSFs ==> [de.tum.in.test.integration.testuser.subject.PathAccessPenguin.askForFilePermission(PathAccessPenguin.java:16)]
[WARN] [ajts-to-254] BAD PATH ACCESS: - (BL:false, WL:false)
[INFO] [main] Request uninstall
[DEBUG] [main] Validated build configuration regarding trusted package rules, 0 are missing.
[INFO] [main] Request install with ASC-Impl [testMethod=Optional.empty, executionPath=/Users/markuspaulsen/Documents/UniPHD/ChristianFemers/GIT, whitelistedPaths=Optional[[PathRule["target/**" (GLOB) in WHITELIST; level READ]]], blacklistedPaths=[], allowedLocalPorts=[], trustedPackages=[]]
[INFO] [main] Request whitelisting: Thread[ajts-to-255,5,Test-Threadgroup] []
[INFO] [main] Thread whitelisted: Thread[ajts-to-255,5,Test-Threadgroup]
[INFO] [main] Request uninstall
[DEBUG] [main] Validated build configuration regarding trusted package rules, 0 are missing.
[INFO] [main] Request install with ASC-Impl [testMethod=Optional[void de.tum.in.test.integration.testuser.PathAccessUser.accessPathRelativeGlobRecursiveBlacklist()], executionPath=/Users/markuspaulsen/Documents/UniPHD/ChristianFemers/GIT, whitelistedPaths=Optional[[PathRule["target/**" (GLOB) in WHITELIST; level READ], PathRule["../*r*e*s**" (GLOB) in WHITELIST; level READ]]], blacklistedPaths=[PathRule["abc" (STARTS_WITH) in BLACKLIST; level READ]], allowedLocalPorts=[], trustedPackages=[]]
[INFO] [main] Request whitelisting: Thread[ajts-to-256,5,Test-Threadgroup] []
[INFO] [main] Thread whitelisted: Thread[ajts-to-256,5,Test-Threadgroup]
[WARN] [ajts-to-256] NWSFs ==> [de.tum.in.test.integration.testuser.subject.PathAccessPenguin.askForFilePermission(PathAccessPenguin.java:16)]
[WARN] [ajts-to-256] BAD PATH ACCESS: src/- (BL:true, WL:false)
[INFO] [main] Request uninstall
[DEBUG] [main] Validated build configuration regarding trusted package rules, 0 are missing.
[INFO] [main] Request install with ASC-Impl [testMethod=Optional.empty, executionPath=/Users/markuspaulsen/Documents/UniPHD/ChristianFemers/GIT, whitelistedPaths=Optional[[PathRule["target/**" (GLOB) in WHITELIST; level READ]]], blacklistedPaths=[], allowedLocalPorts=[], trustedPackages=[]]
[INFO] [main] Request whitelisting: Thread[ajts-to-257,5,Test-Threadgroup] []
[INFO] [main] Thread whitelisted: Thread[ajts-to-257,5,Test-Threadgroup]
[INFO] [main] Request uninstall
[DEBUG] [main] Validated build configuration regarding trusted package rules, 0 are missing.
[INFO] [main] Request install with ASC-Impl [testMethod=Optional[void de.tum.in.test.integration.testuser.PathAccessUser.accessPathRelativeGlobRecursiveForbidden()], executionPath=/Users/markuspaulsen/Documents/UniPHD/ChristianFemers/GIT, whitelistedPaths=Optional[[PathRule["target/**" (GLOB) in WHITELIST; level READ]]], blacklistedPaths=[], allowedLocalPorts=[], trustedPackages=[]]
[INFO] [main] Request whitelisting: Thread[ajts-to-258,5,Test-Threadgroup] []
[INFO] [main] Thread whitelisted: Thread[ajts-to-258,5,Test-Threadgroup]
[WARN] [ajts-to-258] NWSFs ==> [de.tum.in.test.integration.testuser.subject.PathAccessPenguin.askForFilePermission(PathAccessPenguin.java:16)]
[WARN] [ajts-to-258] BAD PATH ACCESS: - (BL:false, WL:false)
[INFO] [main] Request uninstall
[DEBUG] [main] Validated build configuration regarding trusted package rules, 0 are missing.
[INFO] [main] Request install with ASC-Impl [testMethod=Optional.empty, executionPath=/Users/markuspaulsen/Documents/UniPHD/ChristianFemers/GIT, whitelistedPaths=Optional[[PathRule["target/**" (GLOB) in WHITELIST; level READ]]], blacklistedPaths=[], allowedLocalPorts=[], trustedPackages=[]]
[INFO] [main] Request whitelisting: Thread[ajts-to-259,5,Test-Threadgroup] []
[INFO] [main] Thread whitelisted: Thread[ajts-to-259,5,Test-Threadgroup]
[INFO] [main] Request uninstall
[DEBUG] [main] Validated build configuration regarding trusted package rules, 0 are missing.
[INFO] [main] Request install with ASC-Impl [testMethod=Optional[void de.tum.in.test.integration.testuser.PathAccessUser.accessPathTest() throws java.io.IOException], executionPath=/Users/markuspaulsen/Documents/UniPHD/ChristianFemers/GIT, whitelistedPaths=Optional[[PathRule["target/**" (GLOB) in WHITELIST; level READ], PathRule["" (STARTS_WITH) in WHITELIST; level READ]]], blacklistedPaths=[PathRule["**Test*.{java,class}" (GLOB) in BLACKLIST; level READ]], allowedLocalPorts=[], trustedPackages=[]]
[INFO] [main] Request whitelisting: Thread[ajts-to-260,5,Test-Threadgroup] []
[INFO] [main] Thread whitelisted: Thread[ajts-to-260,5,Test-Threadgroup]
[WARN] [ajts-to-260] NWSFs ==> [de.tum.in.test.integration.testuser.subject.PathAccessPenguin.accessPath(PathAccessPenguin.java:12)]
[WARN] [ajts-to-260] BAD PATH ACCESS: src/test/java/de/tum/in/test/integration/SecurityTest.java (BL:true, WL:true)
[INFO] [main] Request uninstall
[DEBUG] [main] Validated build configuration regarding trusted package rules, 0 are missing.
[INFO] [main] Request install with ASC-Impl [testMethod=Optional.empty, executionPath=/Users/markuspaulsen/Documents/UniPHD/ChristianFemers/GIT, whitelistedPaths=Optional[[PathRule["target/**" (GLOB) in WHITELIST; level READ]]], blacklistedPaths=[], allowedLocalPorts=[], trustedPackages=[]]
[INFO] [main] Request whitelisting: Thread[ajts-to-261,5,Test-Threadgroup] []
[INFO] [main] Thread whitelisted: Thread[ajts-to-261,5,Test-Threadgroup]
[INFO] [main] Request uninstall
[DEBUG] [main] Validated build configuration regarding trusted package rules, 0 are missing.
[INFO] [main] Request install with ASC-Impl [testMethod=Optional[void de.tum.in.test.integration.testuser.PathAccessUser.weAccessPath() throws java.io.IOException], executionPath=/Users/markuspaulsen/Documents/UniPHD/ChristianFemers/GIT, whitelistedPaths=Optional[[PathRule["target/**" (GLOB) in WHITELIST; level READ]]], blacklistedPaths=[], allowedLocalPorts=[], trustedPackages=[]]
[INFO] [main] Request whitelisting: Thread[ajts-to-262,5,Test-Threadgroup] []
[INFO] [main] Thread whitelisted: Thread[ajts-to-262,5,Test-Threadgroup]
[INFO] [main] Request uninstall
]]></system-err>
  </testcase>
  <testcase name="test_accessPathAllowed" classname="de.tum.in.test.integration.PathAccessTest" time="0.001"/>
  <testcase name="test_accessPathNormal" classname="de.tum.in.test.integration.PathAccessTest" time="0.002"/>
  <testcase name="test_accessPathRelativeGlobA" classname="de.tum.in.test.integration.PathAccessTest" time="0.001">
    <failure message="Expected test &apos;accessPathRelativeGlobA&apos; to be successful. Failure:&#10;&#10;java.lang.SecurityException: access to path /Users/markuspaulsen/Documents/UniPHD/ChristianFemers/GIT/pom.xml denied in line 12 in PathAccessPenguin.java&#10;/// potential problem location: de.tum.in.test.integration.testuser.subject.PathAccessPenguin.accessPath(PathAccessPenguin.java:12) ///" type="org.opentest4j.AssertionFailedError"><![CDATA[org.opentest4j.AssertionFailedError: 
Expected test 'accessPathRelativeGlobA' to be successful. Failure:

java.lang.SecurityException: access to path /Users/markuspaulsen/Documents/UniPHD/ChristianFemers/GIT/pom.xml denied in line 12 in PathAccessPenguin.java
/// potential problem location: de.tum.in.test.integration.testuser.subject.PathAccessPenguin.accessPath(PathAccessPenguin.java:12) ///
	at de.tum.in.test.testutilities.CustomConditions.generateFailure(CustomConditions.java:178)
	at de.tum.in.test.testutilities.CustomConditions.lambda$testSuccessRespectingDirectFailure$11(CustomConditions.java:151)
	at java.base/java.util.Optional.ifPresent(Optional.java:178)
	at de.tum.in.test.testutilities.CustomConditions.lambda$testSuccessRespectingDirectFailure$12(CustomConditions.java:149)
	at org.assertj.core.api.Condition.matches(Condition.java:161)
	at java.base/java.util.Optional.filter(Optional.java:218)
	at org.junit.platform.testkit.engine.Event.lambda$byPayload$0(Event.java:122)
	at org.assertj.core.api.Condition.matches(Condition.java:161)
	at org.assertj.core.condition.AllOf.lambda$matches$0(AllOf.java:63)
	at java.base/java.util.stream.MatchOps$1MatchSink.accept(MatchOps.java:90)
Caused by: java.lang.SecurityException: access to path /Users/markuspaulsen/Documents/UniPHD/ChristianFemers/GIT/pom.xml denied in line 12 in PathAccessPenguin.java
/// potential problem location: de.tum.in.test.integration.testuser.subject.PathAccessPenguin.accessPath(PathAccessPenguin.java:12) ///
	at de.tum.in.test.api.security.ArtemisSecurityManager.throwSecurityExceptionIfNonWhitelistedFound(ArtemisSecurityManager.java:471)
	at de.tum.in.test.api.security.ArtemisSecurityManager.checkForNonWhitelistedStackFrames(ArtemisSecurityManager.java:457)
	at de.tum.in.test.api.security.ArtemisSecurityManager.checkPathAccess(ArtemisSecurityManager.java:382)
	at de.tum.in.test.api.security.ArtemisSecurityManager.checkPermission(ArtemisSecurityManager.java:340)
	at java.base/java.lang.SecurityManager.checkRead(SecurityManager.java:756)
	at java.base/sun.nio.fs.UnixChannelFactory.open(UnixChannelFactory.java:246)
	at java.base/sun.nio.fs.UnixChannelFactory.newFileChannel(UnixChannelFactory.java:133)
	at java.base/sun.nio.fs.UnixChannelFactory.newFileChannel(UnixChannelFactory.java:146)
	at java.base/sun.nio.fs.UnixFileSystemProvider.newByteChannel(UnixFileSystemProvider.java:216)
	at java.base/java.nio.file.Files.newByteChannel(Files.java:380)
	at java.base/java.nio.file.Files.newByteChannel(Files.java:432)
	at java.base/java.nio.file.Files.readAllBytes(Files.java:3288)
	at java.base/java.nio.file.Files.readString(Files.java:3366)
	at java.base/java.nio.file.Files.readString(Files.java:3325)
	at de.tum.in.test.integration.testuser.subject.PathAccessPenguin.accessPath(PathAccessPenguin.java:12)
	at de.tum.in.test.integration.testuser.PathAccessUser.accessPathRelativeGlobA(PathAccessUser.java:46)
	at java.base/jdk.internal.reflect.NativeMethodAccessorImpl.invoke0(Native Method)
	at java.base/jdk.internal.reflect.NativeMethodAccessorImpl.invoke(NativeMethodAccessorImpl.java:77)
	at java.base/jdk.internal.reflect.DelegatingMethodAccessorImpl.invoke(DelegatingMethodAccessorImpl.java:43)
	at java.base/java.lang.reflect.Method.invoke(Method.java:568)
	at org.junit.platform.commons.util.ReflectionUtils.invokeMethod(ReflectionUtils.java:727)
	at org.junit.jupiter.engine.execution.MethodInvocation.proceed(MethodInvocation.java:60)
	at org.junit.jupiter.engine.execution.InvocationInterceptorChain$ValidatingInvocation.proceed(InvocationInterceptorChain.java:131)
	at de.tum.in.test.api.internal.TimeoutUtils.rethrowThrowableSafe(TimeoutUtils.java:47)
	at de.tum.in.test.api.internal.TimeoutUtils.lambda$performTimeoutExecution$1(TimeoutUtils.java:42)
	at java.base/java.util.concurrent.FutureTask.run(FutureTask.java:264)
	at java.base/java.util.concurrent.ThreadPoolExecutor.runWorker(ThreadPoolExecutor.java:1136)
	at java.base/java.util.concurrent.ThreadPoolExecutor$Worker.run(ThreadPoolExecutor.java:635)
	at java.base/java.lang.Thread.run(Thread.java:833)
]]></failure>
  </testcase>
  <testcase name="test_accessPathRelativeGlobB" classname="de.tum.in.test.integration.PathAccessTest" time="0.001"/>
  <testcase name="test_accessPathRelativeGlobDirectChildrenAllowed" classname="de.tum.in.test.integration.PathAccessTest" time="0.001">
    <failure message="Expected test &apos;accessPathRelativeGlobDirectChildrenAllowed&apos; to be successful. Failure:&#10;&#10;java.lang.SecurityException: access to path src/* denied in line 16 in PathAccessPenguin.java&#10;/// potential problem location: de.tum.in.test.integration.testuser.subject.PathAccessPenguin.askForFilePermission(PathAccessPenguin.java:16) ///" type="org.opentest4j.AssertionFailedError"><![CDATA[org.opentest4j.AssertionFailedError: 
Expected test 'accessPathRelativeGlobDirectChildrenAllowed' to be successful. Failure:

java.lang.SecurityException: access to path src/* denied in line 16 in PathAccessPenguin.java
/// potential problem location: de.tum.in.test.integration.testuser.subject.PathAccessPenguin.askForFilePermission(PathAccessPenguin.java:16) ///
	at de.tum.in.test.testutilities.CustomConditions.generateFailure(CustomConditions.java:178)
	at de.tum.in.test.testutilities.CustomConditions.lambda$testSuccessRespectingDirectFailure$11(CustomConditions.java:151)
	at java.base/java.util.Optional.ifPresent(Optional.java:178)
	at de.tum.in.test.testutilities.CustomConditions.lambda$testSuccessRespectingDirectFailure$12(CustomConditions.java:149)
	at org.assertj.core.api.Condition.matches(Condition.java:161)
	at java.base/java.util.Optional.filter(Optional.java:218)
	at org.junit.platform.testkit.engine.Event.lambda$byPayload$0(Event.java:122)
	at org.assertj.core.api.Condition.matches(Condition.java:161)
	at org.assertj.core.condition.AllOf.lambda$matches$0(AllOf.java:63)
	at java.base/java.util.stream.MatchOps$1MatchSink.accept(MatchOps.java:90)
Caused by: java.lang.SecurityException: access to path src/* denied in line 16 in PathAccessPenguin.java
/// potential problem location: de.tum.in.test.integration.testuser.subject.PathAccessPenguin.askForFilePermission(PathAccessPenguin.java:16) ///
	at de.tum.in.test.api.security.ArtemisSecurityManager.throwSecurityExceptionIfNonWhitelistedFound(ArtemisSecurityManager.java:471)
	at de.tum.in.test.api.security.ArtemisSecurityManager.checkForNonWhitelistedStackFrames(ArtemisSecurityManager.java:457)
	at de.tum.in.test.api.security.ArtemisSecurityManager.checkPathAccess(ArtemisSecurityManager.java:382)
	at de.tum.in.test.api.security.ArtemisSecurityManager.checkPermission(ArtemisSecurityManager.java:340)
	at de.tum.in.test.integration.testuser.subject.PathAccessPenguin.askForFilePermission(PathAccessPenguin.java:16)
	at de.tum.in.test.integration.testuser.PathAccessUser.accessPathRelativeGlobDirectChildrenAllowed(PathAccessUser.java:58)
	at java.base/jdk.internal.reflect.NativeMethodAccessorImpl.invoke0(Native Method)
	at java.base/jdk.internal.reflect.NativeMethodAccessorImpl.invoke(NativeMethodAccessorImpl.java:77)
	at java.base/jdk.internal.reflect.DelegatingMethodAccessorImpl.invoke(DelegatingMethodAccessorImpl.java:43)
	at java.base/java.lang.reflect.Method.invoke(Method.java:568)
	at org.junit.platform.commons.util.ReflectionUtils.invokeMethod(ReflectionUtils.java:727)
	at org.junit.jupiter.engine.execution.MethodInvocation.proceed(MethodInvocation.java:60)
	at org.junit.jupiter.engine.execution.InvocationInterceptorChain$ValidatingInvocation.proceed(InvocationInterceptorChain.java:131)
	at de.tum.in.test.api.internal.TimeoutUtils.rethrowThrowableSafe(TimeoutUtils.java:47)
	at de.tum.in.test.api.internal.TimeoutUtils.lambda$performTimeoutExecution$1(TimeoutUtils.java:42)
	at java.base/java.util.concurrent.FutureTask.run(FutureTask.java:264)
	at java.base/java.util.concurrent.ThreadPoolExecutor.runWorker(ThreadPoolExecutor.java:1136)
	at java.base/java.util.concurrent.ThreadPoolExecutor$Worker.run(ThreadPoolExecutor.java:635)
	at java.base/java.lang.Thread.run(Thread.java:833)
]]></failure>
  </testcase>
  <testcase name="test_accessPathRelativeGlobDirectChildrenBlacklist" classname="de.tum.in.test.integration.PathAccessTest" time="0.001"/>
  <testcase name="test_accessPathRelativeGlobDirectChildrenForbidden" classname="de.tum.in.test.integration.PathAccessTest" time="0.002"/>
  <testcase name="test_accessPathRelativeGlobRecursiveAllowed" classname="de.tum.in.test.integration.PathAccessTest" time="0.002">
    <failure message="Expected test &apos;accessPathRelativeGlobRecursiveAllowed&apos; to be successful. Failure:&#10;&#10;java.lang.SecurityException: access to path - denied in line 16 in PathAccessPenguin.java&#10;/// potential problem location: de.tum.in.test.integration.testuser.subject.PathAccessPenguin.askForFilePermission(PathAccessPenguin.java:16) ///" type="org.opentest4j.AssertionFailedError"><![CDATA[org.opentest4j.AssertionFailedError: 
Expected test 'accessPathRelativeGlobRecursiveAllowed' to be successful. Failure:

java.lang.SecurityException: access to path - denied in line 16 in PathAccessPenguin.java
/// potential problem location: de.tum.in.test.integration.testuser.subject.PathAccessPenguin.askForFilePermission(PathAccessPenguin.java:16) ///
	at de.tum.in.test.testutilities.CustomConditions.generateFailure(CustomConditions.java:178)
	at de.tum.in.test.testutilities.CustomConditions.lambda$testSuccessRespectingDirectFailure$11(CustomConditions.java:151)
	at java.base/java.util.Optional.ifPresent(Optional.java:178)
	at de.tum.in.test.testutilities.CustomConditions.lambda$testSuccessRespectingDirectFailure$12(CustomConditions.java:149)
	at org.assertj.core.api.Condition.matches(Condition.java:161)
	at java.base/java.util.Optional.filter(Optional.java:218)
	at org.junit.platform.testkit.engine.Event.lambda$byPayload$0(Event.java:122)
	at org.assertj.core.api.Condition.matches(Condition.java:161)
	at org.assertj.core.condition.AllOf.lambda$matches$0(AllOf.java:63)
	at java.base/java.util.stream.MatchOps$1MatchSink.accept(MatchOps.java:90)
Caused by: java.lang.SecurityException: access to path - denied in line 16 in PathAccessPenguin.java
/// potential problem location: de.tum.in.test.integration.testuser.subject.PathAccessPenguin.askForFilePermission(PathAccessPenguin.java:16) ///
	at de.tum.in.test.api.security.ArtemisSecurityManager.throwSecurityExceptionIfNonWhitelistedFound(ArtemisSecurityManager.java:471)
	at de.tum.in.test.api.security.ArtemisSecurityManager.checkForNonWhitelistedStackFrames(ArtemisSecurityManager.java:457)
	at de.tum.in.test.api.security.ArtemisSecurityManager.checkPathAccess(ArtemisSecurityManager.java:382)
	at de.tum.in.test.api.security.ArtemisSecurityManager.checkPermission(ArtemisSecurityManager.java:340)
	at de.tum.in.test.integration.testuser.subject.PathAccessPenguin.askForFilePermission(PathAccessPenguin.java:16)
	at de.tum.in.test.integration.testuser.PathAccessUser.accessPathRelativeGlobRecursiveAllowed(PathAccessUser.java:76)
	at java.base/jdk.internal.reflect.NativeMethodAccessorImpl.invoke0(Native Method)
	at java.base/jdk.internal.reflect.NativeMethodAccessorImpl.invoke(NativeMethodAccessorImpl.java:77)
	at java.base/jdk.internal.reflect.DelegatingMethodAccessorImpl.invoke(DelegatingMethodAccessorImpl.java:43)
	at java.base/java.lang.reflect.Method.invoke(Method.java:568)
	at org.junit.platform.commons.util.ReflectionUtils.invokeMethod(ReflectionUtils.java:727)
	at org.junit.jupiter.engine.execution.MethodInvocation.proceed(MethodInvocation.java:60)
	at org.junit.jupiter.engine.execution.InvocationInterceptorChain$ValidatingInvocation.proceed(InvocationInterceptorChain.java:131)
	at de.tum.in.test.api.internal.TimeoutUtils.rethrowThrowableSafe(TimeoutUtils.java:47)
	at de.tum.in.test.api.internal.TimeoutUtils.lambda$performTimeoutExecution$1(TimeoutUtils.java:42)
	at java.base/java.util.concurrent.FutureTask.run(FutureTask.java:264)
	at java.base/java.util.concurrent.ThreadPoolExecutor.runWorker(ThreadPoolExecutor.java:1136)
	at java.base/java.util.concurrent.ThreadPoolExecutor$Worker.run(ThreadPoolExecutor.java:635)
	at java.base/java.lang.Thread.run(Thread.java:833)
]]></failure>
  </testcase>
  <testcase name="test_accessPathRelativeGlobRecursiveBlacklist" classname="de.tum.in.test.integration.PathAccessTest" time="0.001"/>
  <testcase name="test_accessPathRelativeGlobRecursiveForbidden" classname="de.tum.in.test.integration.PathAccessTest" time="0.001"/>
  <testcase name="test_accessPathTest" classname="de.tum.in.test.integration.PathAccessTest" time="0.003"/>
  <testcase name="test_weAccessPath" classname="de.tum.in.test.integration.PathAccessTest" time="0.001"/>
</testsuite>