<?xml version="1.0" encoding="UTF-8"?>
<testsuite xmlns:xsi="http://www.w3.org/2001/XMLSchema-instance" xsi:noNamespaceSchemaLocation="https://maven.apache.org/surefire/maven-surefire-plugin/xsd/surefire-test-report-3.0.xsd" version="3.0" name="de.tum.in.test.integration.AstAssertionTest$AnyWhileLoopTestTests" time="0.027" tests="4" errors="0" skipped="0" failures="3">
  <properties>
[...]
</properties>
  <testcase name="test_testHasBelowNoAnyWhileLoop_Fail" classname="de.tum.in.test.integration.AstAssertionTest$AnyWhileLoopTestTests" time="0.002">
    <failure message="&#10;expected: &#10;  &quot;Unwanted statement found:&#10;   - In src/test/java/de/tum/in/test/integration/testuser/subject/structural/astTestFiles/loops/yes/ClassWithAnyKindsOfLoops.java:&#10;    - While-Statement was found:&#10;     - Between line 19 (column 3) and line 22 (column 3)&#10;    - Do-While-Statement was found:&#10;     - Between line 27 (column 3) and line 30 (column 19)&quot;&#10; but was: &#10;  &quot;Unwanted statement found:&#10;   - In src/test/java/de/tum/in/test/integration/testuser/subject/structural/astTestFiles/loops/yes/ClassWithAnyKindsOfLoops.java:&#10;  - While-Statement was found:&#10;     - Between line 19 (column 3) and line 22 (column 3)&#10;  - Do-While-Statement was found:&#10;     - Between line 27 (column 3) and line 30 (column 19)&quot;" type="org.opentest4j.AssertionFailedError"><![CDATA[org.opentest4j.AssertionFailedError: 

expected: 
  "Unwanted statement found:
   - In src/test/java/de/tum/in/test/integration/testuser/subject/structural/astTestFiles/loops/yes/ClassWithAnyKindsOfLoops.java:
    - While-Statement was found:
     - Between line 19 (column 3) and line 22 (column 3)
    - Do-While-Statement was found:
     - Between line 27 (column 3) and line 30 (column 19)"
 but was: 
  "Unwanted statement found:
   - In src/test/java/de/tum/in/test/integration/testuser/subject/structural/astTestFiles/loops/yes/ClassWithAnyKindsOfLoops.java:
  - While-Statement was found:
     - Between line 19 (column 3) and line 22 (column 3)
  - Do-While-Statement was found:
     - Between line 27 (column 3) and line 30 (column 19)"
	at jdk.internal.reflect.GeneratedConstructorAccessor17.newInstance(Unknown Source)
	at java.base/jdk.internal.reflect.DelegatingConstructorAccessorImpl.newInstance(DelegatingConstructorAccessorImpl.java:45)
	at java.base/java.lang.reflect.Constructor.newInstanceWithCaller(Constructor.java:499)
	at de.tum.in.test.testutilities.CustomConditions.lambda$createMessageCondition$5(CustomConditions.java:88)
	at de.tum.in.test.testutilities.CustomConditions.lambda$createMessageCondition$7(CustomConditions.java:98)
	at org.junit.platform.commons.util.FunctionUtils.lambda$where$0(FunctionUtils.java:49)
	at java.base/java.util.stream.MatchOps$1MatchSink.accept(MatchOps.java:90)
	at java.base/java.util.ArrayList$ArrayListSpliterator.tryAdvance(ArrayList.java:1602)
	at java.base/java.util.stream.ReferencePipeline.forEachWithCancel(ReferencePipeline.java:129)
	at java.base/java.util.stream.AbstractPipeline.copyIntoWithCancel(AbstractPipeline.java:527)
	Suppressed: org.opentest4j.AssertionFailedError: Test 'testHasBelowNoAnyWhileLoop_Fail' failed in an unexpected way:

TestExecutionResult [status = FAILED, throwable = java.lang.AssertionError: Unwanted statement found:
 - In src/test/java/de/tum/in/test/integration/testuser/subject/structural/astTestFiles/loops/yes/ClassWithAnyKindsOfLoops.java:
- While-Statement was found:
   - Between line 19 (column 3) and line 22 (column 3)
- Do-While-Statement was found:
   - Between line 27 (column 3) and line 30 (column 19)]

Expectations:
[✗] all of:[
   [✓] instance of java.lang.AssertionError,
   [✓] message is correctly localized,
   [✗] message is 'Unwanted statement found:
 - In src/test/java/de/tum/in/test/integration/testuser/subject/structural/astTestFiles/loops/yes/ClassWithAnyKindsOfLoops.java:
  - While-Statement was found:
   - Between line 19 (column 3) and line 22 (column 3)
  - Do-While-Statement was found:
   - Between line 27 (column 3) and line 30 (column 19)'
]
		at de.tum.in.test.testutilities.CustomConditions.generateFailure(CustomConditions.java:178)
		at de.tum.in.test.testutilities.CustomConditions.generateFailure(CustomConditions.java:173)
		at de.tum.in.test.testutilities.CustomConditions.lambda$testFailRespectingDirectFailure$8(CustomConditions.java:124)
		at java.base/java.util.Optional.ifPresentOrElse(Optional.java:196)
		at de.tum.in.test.testutilities.CustomConditions.lambda$testFailRespectingDirectFailure$10(CustomConditions.java:114)
		at org.assertj.core.api.Condition.matches(Condition.java:161)
		at java.base/java.util.Optional.filter(Optional.java:218)
		at org.junit.platform.testkit.engine.Event.lambda$byPayload$0(Event.java:122)
		at org.assertj.core.api.Condition.matches(Condition.java:161)
		at org.assertj.core.condition.AllOf.lambda$matches$0(AllOf.java:63)
	Caused by: java.lang.AssertionError: Unwanted statement found:
 - In src/test/java/de/tum/in/test/integration/testuser/subject/structural/astTestFiles/loops/yes/ClassWithAnyKindsOfLoops.java:
- While-Statement was found:
   - Between line 19 (column 3) and line 22 (column 3)
- Do-While-Statement was found:
   - Between line 27 (column 3) and line 30 (column 19)
		at java.base/java.util.Optional.ifPresent(Optional.java:178)
		at de.tum.in.test.integration.testuser.AstAssertionUser$AnyWhileLoopTests.testHasBelowNoAnyWhileLoop_Fail(AstAssertionUser.java:198)
		at java.base/jdk.internal.reflect.NativeMethodAccessorImpl.invoke0(Native Method)
		at java.base/jdk.internal.reflect.NativeMethodAccessorImpl.invoke(NativeMethodAccessorImpl.java:77)
		at java.base/jdk.internal.reflect.DelegatingMethodAccessorImpl.invoke(DelegatingMethodAccessorImpl.java:43)
		at java.base/java.lang.reflect.Method.invoke(Method.java:568)
		at org.junit.platform.commons.util.ReflectionUtils.invokeMethod(ReflectionUtils.java:727)
		at org.junit.jupiter.engine.execution.MethodInvocation.proceed(MethodInvocation.java:60)
		at org.junit.jupiter.engine.execution.InvocationInterceptorChain$ValidatingInvocation.proceed(InvocationInterceptorChain.java:131)
		at de.tum.in.test.api.internal.TimeoutUtils.rethrowThrowableSafe(TimeoutUtils.java:47)
		at de.tum.in.test.api.internal.TimeoutUtils.lambda$performTimeoutExecution$1(TimeoutUtils.java:42)
		at java.base/java.util.concurrent.FutureTask.run(FutureTask.java:264)
		at java.base/java.util.concurrent.ThreadPoolExecutor.runWorker(ThreadPoolExecutor.java:1136)
		at java.base/java.util.concurrent.ThreadPoolExecutor$Worker.run(ThreadPoolExecutor.java:635)
		at java.base/java.lang.Thread.run(Thread.java:833)
]]></failure>
  </testcase>
  <testcase name="test_testHasBelowNoAnyWhileLoop_Success" classname="de.tum.in.test.integration.AstAssertionTest$AnyWhileLoopTestTests" time="0.002"/>
  <testcase name="test_testHasAtNoAnyWhileLoop_Fail" classname="de.tum.in.test.integration.AstAssertionTest$AnyWhileLoopTestTests" time="0.006">
    <failure message="&#10;expected: &#10;  &quot;Unwanted statement found:&#10;   - In src/test/java/de/tum/in/test/integration/testuser/subject/structural/astTestFiles/loops/yes/ClassWithAnyKindsOfLoops.java:&#10;    - While-Statement was found:&#10;     - Between line 19 (column 3) and line 22 (column 3)&#10;    - Do-While-Statement was found:&#10;     - Between line 27 (column 3) and line 30 (column 19)&quot;&#10; but was: &#10;  &quot;Unwanted statement found:&#10;  - In src/test/java/de/tum/in/test/integration/testuser/subject/structural/astTestFiles/loops/yes/ClassWithAnyKindsOfLoops.java:&#10;  - While-Statement was found:&#10;     - Between line 19 (column 3) and line 22 (column 3)&#10;  - Do-While-Statement was found:&#10;     - Between line 27 (column 3) and line 30 (column 19)&quot;" type="org.opentest4j.AssertionFailedError"><![CDATA[org.opentest4j.AssertionFailedError: 

expected: 
  "Unwanted statement found:
   - In src/test/java/de/tum/in/test/integration/testuser/subject/structural/astTestFiles/loops/yes/ClassWithAnyKindsOfLoops.java:
    - While-Statement was found:
     - Between line 19 (column 3) and line 22 (column 3)
    - Do-While-Statement was found:
     - Between line 27 (column 3) and line 30 (column 19)"
 but was: 
  "Unwanted statement found:
  - In src/test/java/de/tum/in/test/integration/testuser/subject/structural/astTestFiles/loops/yes/ClassWithAnyKindsOfLoops.java:
  - While-Statement was found:
     - Between line 19 (column 3) and line 22 (column 3)
  - Do-While-Statement was found:
     - Between line 27 (column 3) and line 30 (column 19)"
	at jdk.internal.reflect.GeneratedConstructorAccessor17.newInstance(Unknown Source)
	at java.base/jdk.internal.reflect.DelegatingConstructorAccessorImpl.newInstance(DelegatingConstructorAccessorImpl.java:45)
	at java.base/java.lang.reflect.Constructor.newInstanceWithCaller(Constructor.java:499)
	at de.tum.in.test.testutilities.CustomConditions.lambda$createMessageCondition$5(CustomConditions.java:88)
	at de.tum.in.test.testutilities.CustomConditions.lambda$createMessageCondition$7(CustomConditions.java:98)
	at org.junit.platform.commons.util.FunctionUtils.lambda$where$0(FunctionUtils.java:49)
	at java.base/java.util.stream.MatchOps$1MatchSink.accept(MatchOps.java:90)
	at java.base/java.util.ArrayList$ArrayListSpliterator.tryAdvance(ArrayList.java:1602)
	at java.base/java.util.stream.ReferencePipeline.forEachWithCancel(ReferencePipeline.java:129)
	at java.base/java.util.stream.AbstractPipeline.copyIntoWithCancel(AbstractPipeline.java:527)
	Suppressed: org.opentest4j.AssertionFailedError: Test 'testHasAtNoAnyWhileLoop_Fail' failed in an unexpected way:

TestExecutionResult [status = FAILED, throwable = java.lang.AssertionError: Unwanted statement found:
- In src/test/java/de/tum/in/test/integration/testuser/subject/structural/astTestFiles/loops/yes/ClassWithAnyKindsOfLoops.java:
- While-Statement was found:
   - Between line 19 (column 3) and line 22 (column 3)
- Do-While-Statement was found:
   - Between line 27 (column 3) and line 30 (column 19)]

Expectations:
[✗] all of:[
   [✓] instance of java.lang.AssertionError,
   [✓] message is correctly localized,
   [✗] message is 'Unwanted statement found:
 - In src/test/java/de/tum/in/test/integration/testuser/subject/structural/astTestFiles/loops/yes/ClassWithAnyKindsOfLoops.java:
  - While-Statement was found:
   - Between line 19 (column 3) and line 22 (column 3)
  - Do-While-Statement was found:
   - Between line 27 (column 3) and line 30 (column 19)'
]
		at de.tum.in.test.testutilities.CustomConditions.generateFailure(CustomConditions.java:178)
		at de.tum.in.test.testutilities.CustomConditions.generateFailure(CustomConditions.java:173)
		at de.tum.in.test.testutilities.CustomConditions.lambda$testFailRespectingDirectFailure$8(CustomConditions.java:124)
		at java.base/java.util.Optional.ifPresentOrElse(Optional.java:196)
		at de.tum.in.test.testutilities.CustomConditions.lambda$testFailRespectingDirectFailure$10(CustomConditions.java:114)
		at org.assertj.core.api.Condition.matches(Condition.java:161)
		at java.base/java.util.Optional.filter(Optional.java:218)
		at org.junit.platform.testkit.engine.Event.lambda$byPayload$0(Event.java:122)
		at org.assertj.core.api.Condition.matches(Condition.java:161)
		at org.assertj.core.condition.AllOf.lambda$matches$0(AllOf.java:63)
	Caused by: java.lang.AssertionError: Unwanted statement found:
- In src/test/java/de/tum/in/test/integration/testuser/subject/structural/astTestFiles/loops/yes/ClassWithAnyKindsOfLoops.java:
- While-Statement was found:
   - Between line 19 (column 3) and line 22 (column 3)
- Do-While-Statement was found:
   - Between line 27 (column 3) and line 30 (column 19)
		at java.base/java.util.Optional.ifPresent(Optional.java:178)
		at de.tum.in.test.integration.testuser.AstAssertionUser$AnyWhileLoopTests.testHasAtNoAnyWhileLoop_Fail(AstAssertionUser.java:212)
		at java.base/jdk.internal.reflect.NativeMethodAccessorImpl.invoke0(Native Method)
		at java.base/jdk.internal.reflect.NativeMethodAccessorImpl.invoke(NativeMethodAccessorImpl.java:77)
		at java.base/jdk.internal.reflect.DelegatingMethodAccessorImpl.invoke(DelegatingMethodAccessorImpl.java:43)
		at java.base/java.lang.reflect.Method.invoke(Method.java:568)
		at org.junit.platform.commons.util.ReflectionUtils.invokeMethod(ReflectionUtils.java:727)
		at org.junit.jupiter.engine.execution.MethodInvocation.proceed(MethodInvocation.java:60)
		at org.junit.jupiter.engine.execution.InvocationInterceptorChain$ValidatingInvocation.proceed(InvocationInterceptorChain.java:131)
		at de.tum.in.test.api.internal.TimeoutUtils.rethrowThrowableSafe(TimeoutUtils.java:47)
		at de.tum.in.test.api.internal.TimeoutUtils.lambda$performTimeoutExecution$1(TimeoutUtils.java:42)
		at java.base/java.util.concurrent.FutureTask.run(FutureTask.java:264)
		at java.base/java.util.concurrent.ThreadPoolExecutor.runWorker(ThreadPoolExecutor.java:1136)
		at java.base/java.util.concurrent.ThreadPoolExecutor$Worker.run(ThreadPoolExecutor.java:635)
		at java.base/java.lang.Thread.run(Thread.java:833)
]]></failure>
  </testcase>
  <testcase name="test_testHasAtNoAnyWhileLoop_Success" classname="de.tum.in.test.integration.AstAssertionTest$AnyWhileLoopTestTests" time="0.003">
    <failure message="Expected test &apos;testHasAtNoAnyWhileLoop_Success&apos; to be successful. Failure:&#10;&#10;java.lang.AssertionError: The file /Users/markuspaulsen/Documents/UniPHD/ChristianFemers/GIT/src/test/java/de/tum/in/test/integration/testuser/subject/structural/astTestFiles/loops/no/ClassWithNoKindsOfConditionals.java could not be read." type="org.opentest4j.AssertionFailedError"><![CDATA[org.opentest4j.AssertionFailedError: 
Expected test 'testHasAtNoAnyWhileLoop_Success' to be successful. Failure:

java.lang.AssertionError: The file /Users/markuspaulsen/Documents/UniPHD/ChristianFemers/GIT/src/test/java/de/tum/in/test/integration/testuser/subject/structural/astTestFiles/loops/no/ClassWithNoKindsOfConditionals.java could not be read.
	at de.tum.in.test.testutilities.CustomConditions.generateFailure(CustomConditions.java:178)
	at de.tum.in.test.testutilities.CustomConditions.lambda$testSuccessRespectingDirectFailure$11(CustomConditions.java:151)
	at java.base/java.util.Optional.ifPresent(Optional.java:178)
	at de.tum.in.test.testutilities.CustomConditions.lambda$testSuccessRespectingDirectFailure$12(CustomConditions.java:149)
	at org.assertj.core.api.Condition.matches(Condition.java:161)
	at java.base/java.util.Optional.filter(Optional.java:218)
	at org.junit.platform.testkit.engine.Event.lambda$byPayload$0(Event.java:122)
	at org.assertj.core.api.Condition.matches(Condition.java:161)
	at org.assertj.core.condition.AllOf.lambda$matches$0(AllOf.java:63)
	at java.base/java.util.stream.MatchOps$1MatchSink.accept(MatchOps.java:90)
Caused by: java.lang.AssertionError: The file /Users/markuspaulsen/Documents/UniPHD/ChristianFemers/GIT/src/test/java/de/tum/in/test/integration/testuser/subject/structural/astTestFiles/loops/no/ClassWithNoKindsOfConditionals.java could not be read.
	at de.tum.in.test.api.ast.model.JavaFile.convertFromFile(JavaFile.java:58)
	at de.tum.in.test.api.ast.model.UnwantedNode.getUnwantedNodesForFileAt(UnwantedNode.java:66)
	at de.tum.in.test.api.ast.model.UnwantedNode.getMessageForUnwantedNodesForFileAt(UnwantedNode.java:119)
	at de.tum.in.test.api.ast.asserting.UnwantedNodesAssert.hasNo(UnwantedNodesAssert.java:95)
	at de.tum.in.test.integration.testuser.AstAssertionUser$AnyWhileLoopTests.testHasAtNoAnyWhileLoop_Success(AstAssertionUser.java:205)
	at java.base/jdk.internal.reflect.NativeMethodAccessorImpl.invoke0(Native Method)
	at java.base/jdk.internal.reflect.NativeMethodAccessorImpl.invoke(NativeMethodAccessorImpl.java:77)
	at java.base/jdk.internal.reflect.DelegatingMethodAccessorImpl.invoke(DelegatingMethodAccessorImpl.java:43)
	at java.base/java.lang.reflect.Method.invoke(Method.java:568)
	at org.junit.platform.commons.util.ReflectionUtils.invokeMethod(ReflectionUtils.java:727)
	at org.junit.jupiter.engine.execution.MethodInvocation.proceed(MethodInvocation.java:60)
	at org.junit.jupiter.engine.execution.InvocationInterceptorChain$ValidatingInvocation.proceed(InvocationInterceptorChain.java:131)
	at de.tum.in.test.api.internal.TimeoutUtils.rethrowThrowableSafe(TimeoutUtils.java:47)
	at de.tum.in.test.api.internal.TimeoutUtils.lambda$performTimeoutExecution$1(TimeoutUtils.java:42)
	at java.base/java.util.concurrent.FutureTask.run(FutureTask.java:264)
	at java.base/java.util.concurrent.ThreadPoolExecutor.runWorker(ThreadPoolExecutor.java:1136)
	at java.base/java.util.concurrent.ThreadPoolExecutor$Worker.run(ThreadPoolExecutor.java:635)
	at java.base/java.lang.Thread.run(Thread.java:833)
]]></failure>
  </testcase>
</testsuite>