<?xml version="1.0" encoding="UTF-8"?>
<testsuite xmlns:xsi="http://www.w3.org/2001/XMLSchema-instance" xsi:noNamespaceSchemaLocation="https://maven.apache.org/surefire/maven-surefire-plugin/xsd/surefire-test-report-3.0.xsd" version="3.0" name="de.tum.in.test.api.util.IgnorantUnmodifiableListTest" time="0.056" tests="25" errors="0" skipped="0" failures="0">
  <properties>
[...]
</properties>
  <testcase name="testAddAllIntCollectionOfQextendsE" classname="de.tum.in.test.api.util.IgnorantUnmodifiableListTest" time="0.001"/>
  <testcase name="testRetainAllCollectionOfQ" classname="de.tum.in.test.api.util.IgnorantUnmodifiableListTest" time="0.001"/>
  <testcase name="testContainsObject" classname="de.tum.in.test.api.util.IgnorantUnmodifiableListTest" time="0.001"/>
  <testcase name="testRemoveAllCollectionOfQ" classname="de.tum.in.test.api.util.IgnorantUnmodifiableListTest" time="0.001"/>
  <testcase name="testToArray" classname="de.tum.in.test.api.util.IgnorantUnmodifiableListTest" time="0.001"/>
  <testcase name="testAddIntE" classname="de.tum.in.test.api.util.IgnorantUnmodifiableListTest" time="0.002"/>
  <testcase name="testAddAllCollectionOfQextendsE" classname="de.tum.in.test.api.util.IgnorantUnmodifiableListTest" time="0.001"/>
  <testcase name="testClear" classname="de.tum.in.test.api.util.IgnorantUnmodifiableListTest" time="0.001"/>
  <testcase name="testLastIndexOfObject" classname="de.tum.in.test.api.util.IgnorantUnmodifiableListTest" time="0.001"/>
  <testcase name="testAddE" classname="de.tum.in.test.api.util.IgnorantUnmodifiableListTest" time="0.001"/>
  <testcase name="testSize" classname="de.tum.in.test.api.util.IgnorantUnmodifiableListTest" time="0.001"/>
  <testcase name="testWrap" classname="de.tum.in.test.api.util.IgnorantUnmodifiableListTest" time="0.002"/>
  <testcase name="testToString" classname="de.tum.in.test.api.util.IgnorantUnmodifiableListTest" time="0.001"/>
  <testcase name="testListIterator" classname="de.tum.in.test.api.util.IgnorantUnmodifiableListTest" time="0.006"/>
  <testcase name="testEqualsObject" classname="de.tum.in.test.api.util.IgnorantUnmodifiableListTest" time="0.001"/>
  <testcase name="testRemoveObject" classname="de.tum.in.test.api.util.IgnorantUnmodifiableListTest" time="0"/>
  <testcase name="testHashCode" classname="de.tum.in.test.api.util.IgnorantUnmodifiableListTest" time="0"/>
  <testcase name="testIndexOfObject" classname="de.tum.in.test.api.util.IgnorantUnmodifiableListTest" time="0.001"/>
  <testcase name="testGetInt" classname="de.tum.in.test.api.util.IgnorantUnmodifiableListTest" time="0"/>
  <testcase name="testSetIntE" classname="de.tum.in.test.api.util.IgnorantUnmodifiableListTest" time="0.001"/>
  <testcase name="testContainsAllCollectionOfQ" classname="de.tum.in.test.api.util.IgnorantUnmodifiableListTest" time="0.001"/>
  <testcase name="testIsEmpty" classname="de.tum.in.test.api.util.IgnorantUnmodifiableListTest" time="0.001"/>
  <testcase name="testToArrayTArray" classname="de.tum.in.test.api.util.IgnorantUnmodifiableListTest" time="0.003"/>
  <testcase name="testIterator" classname="de.tum.in.test.api.util.IgnorantUnmodifiableListTest" time="0.003"/>
  <testcase name="testRemoveInt" classname="de.tum.in.test.api.util.IgnorantUnmodifiableListTest" time="0.001"/>
</testsuite>