<?xml version="1.0" encoding="UTF-8"?>
<testsuite xmlns:xsi="http://www.w3.org/2001/XMLSchema-instance" xsi:noNamespaceSchemaLocation="https://maven.apache.org/surefire/maven-surefire-plugin/xsd/surefire-test-report-3.0.xsd" version="3.0" name="de.tum.in.test.integration.ReflectionTestUtilsTest" time="3.344" tests="37" errors="0" skipped="0" failures="0">
  <properties>
[...]
</properties>
  <testcase name="test_invokeMethod_success" classname="de.tum.in.test.integration.ReflectionTestUtilsTest" time="0.001">
    <system-err><![CDATA[[DEBUG] [main] Validated build configuration regarding trusted package rules, 0 are missing.
[INFO] [main] Request install with ASC-Impl [testMethod=Optional.empty, executionPath=/Users/markuspaulsen/Documents/UniPHD/ChristianFemers/GIT, whitelistedPaths=Optional[[PathRule["" (STARTS_WITH) in WHITELIST; level READ]]], blacklistedPaths=[], allowedLocalPorts=[], trustedPackages=[]]
[INFO] [main] Request whitelisting: Thread[ajts-to-275,5,Test-Threadgroup] []
[INFO] [main] Thread whitelisted: Thread[ajts-to-275,5,Test-Threadgroup]
[INFO] [main] Request uninstall
[DEBUG] [main] Validated build configuration regarding trusted package rules, 0 are missing.
[INFO] [main] Request install with ASC-Impl [testMethod=Optional[void de.tum.in.test.integration.testuser.ReflectionTestUtilsUser.testGetMethod_noMethodName()], executionPath=/Users/markuspaulsen/Documents/UniPHD/ChristianFemers/GIT, whitelistedPaths=Optional[[PathRule["" (STARTS_WITH) in WHITELIST; level READ]]], blacklistedPaths=[], allowedLocalPorts=[], trustedPackages=[]]
[INFO] [main] Request whitelisting: Thread[ajts-to-276,5,Test-Threadgroup] []
[INFO] [main] Thread whitelisted: Thread[ajts-to-276,5,Test-Threadgroup]
[INFO] [main] Request uninstall
[DEBUG] [main] Validated build configuration regarding trusted package rules, 0 are missing.
[INFO] [main] Request install with ASC-Impl [testMethod=Optional.empty, executionPath=/Users/markuspaulsen/Documents/UniPHD/ChristianFemers/GIT, whitelistedPaths=Optional[[PathRule["" (STARTS_WITH) in WHITELIST; level READ]]], blacklistedPaths=[], allowedLocalPorts=[], trustedPackages=[]]
[INFO] [main] Request whitelisting: Thread[ajts-to-277,5,Test-Threadgroup] []
[INFO] [main] Thread whitelisted: Thread[ajts-to-277,5,Test-Threadgroup]
[INFO] [main] Request uninstall
[DEBUG] [main] Validated build configuration regarding trusted package rules, 0 are missing.
[INFO] [main] Request install with ASC-Impl [testMethod=Optional[void de.tum.in.test.integration.testuser.ReflectionTestUtilsUser.testNewInstance_noSuchMethod()], executionPath=/Users/markuspaulsen/Documents/UniPHD/ChristianFemers/GIT, whitelistedPaths=Optional[[PathRule["" (STARTS_WITH) in WHITELIST; level READ]]], blacklistedPaths=[], allowedLocalPorts=[], trustedPackages=[]]
[INFO] [main] Request whitelisting: Thread[ajts-to-278,5,Test-Threadgroup] []
[INFO] [main] Thread whitelisted: Thread[ajts-to-278,5,Test-Threadgroup]
[INFO] [main] Request uninstall
[DEBUG] [main] Validated build configuration regarding trusted package rules, 0 are missing.
[INFO] [main] Request install with ASC-Impl [testMethod=Optional.empty, executionPath=/Users/markuspaulsen/Documents/UniPHD/ChristianFemers/GIT, whitelistedPaths=Optional[[PathRule["" (STARTS_WITH) in WHITELIST; level READ]]], blacklistedPaths=[], allowedLocalPorts=[], trustedPackages=[]]
[INFO] [main] Request whitelisting: Thread[ajts-to-279,5,Test-Threadgroup] []
[INFO] [main] Thread whitelisted: Thread[ajts-to-279,5,Test-Threadgroup]
[INFO] [main] Request uninstall
[DEBUG] [main] Validated build configuration regarding trusted package rules, 0 are missing.
[INFO] [main] Request install with ASC-Impl [testMethod=Optional[void de.tum.in.test.integration.testuser.ReflectionTestUtilsUser.testNewInstance_exceptionInInitializer()], executionPath=/Users/markuspaulsen/Documents/UniPHD/ChristianFemers/GIT, whitelistedPaths=Optional[[PathRule["" (STARTS_WITH) in WHITELIST; level READ]]], blacklistedPaths=[], allowedLocalPorts=[], trustedPackages=[]]
[INFO] [main] Request whitelisting: Thread[ajts-to-280,5,Test-Threadgroup] []
[INFO] [main] Thread whitelisted: Thread[ajts-to-280,5,Test-Threadgroup]
[INFO] [main] Request uninstall
[DEBUG] [main] Validated build configuration regarding trusted package rules, 0 are missing.
[INFO] [main] Request install with ASC-Impl [testMethod=Optional.empty, executionPath=/Users/markuspaulsen/Documents/UniPHD/ChristianFemers/GIT, whitelistedPaths=Optional[[PathRule["" (STARTS_WITH) in WHITELIST; level READ]]], blacklistedPaths=[], allowedLocalPorts=[], trustedPackages=[]]
[INFO] [main] Request whitelisting: Thread[ajts-to-281,5,Test-Threadgroup] []
[INFO] [main] Thread whitelisted: Thread[ajts-to-281,5,Test-Threadgroup]
[INFO] [main] Request uninstall
[DEBUG] [main] Validated build configuration regarding trusted package rules, 0 are missing.
[INFO] [main] Request install with ASC-Impl [testMethod=Optional[void de.tum.in.test.integration.testuser.ReflectionTestUtilsUser.testInvokePrivateMethodRethrowing_success() throws java.lang.NoSuchMethodException], executionPath=/Users/markuspaulsen/Documents/UniPHD/ChristianFemers/GIT, whitelistedPaths=Optional[[PathRule["" (STARTS_WITH) in WHITELIST; level READ]]], blacklistedPaths=[], allowedLocalPorts=[], trustedPackages=[]]
[INFO] [main] Request whitelisting: Thread[ajts-to-282,5,Test-Threadgroup] []
[INFO] [main] Thread whitelisted: Thread[ajts-to-282,5,Test-Threadgroup]
[INFO] [main] Request uninstall
[DEBUG] [main] Validated build configuration regarding trusted package rules, 0 are missing.
[INFO] [main] Request install with ASC-Impl [testMethod=Optional.empty, executionPath=/Users/markuspaulsen/Documents/UniPHD/ChristianFemers/GIT, whitelistedPaths=Optional[[PathRule["" (STARTS_WITH) in WHITELIST; level READ]]], blacklistedPaths=[], allowedLocalPorts=[], trustedPackages=[]]
[INFO] [main] Request whitelisting: Thread[ajts-to-283,5,Test-Threadgroup] []
[INFO] [main] Thread whitelisted: Thread[ajts-to-283,5,Test-Threadgroup]
[INFO] [main] Request uninstall
[DEBUG] [main] Validated build configuration regarding trusted package rules, 0 are missing.
[INFO] [main] Request install with ASC-Impl [testMethod=Optional[void de.tum.in.test.integration.testuser.ReflectionTestUtilsUser.testGetMethod_success()], executionPath=/Users/markuspaulsen/Documents/UniPHD/ChristianFemers/GIT, whitelistedPaths=Optional[[PathRule["" (STARTS_WITH) in WHITELIST; level READ]]], blacklistedPaths=[], allowedLocalPorts=[], trustedPackages=[]]
[INFO] [main] Request whitelisting: Thread[ajts-to-284,5,Test-Threadgroup] []
[INFO] [main] Thread whitelisted: Thread[ajts-to-284,5,Test-Threadgroup]
[INFO] [main] Request uninstall
[DEBUG] [main] Validated build configuration regarding trusted package rules, 0 are missing.
[INFO] [main] Request install with ASC-Impl [testMethod=Optional.empty, executionPath=/Users/markuspaulsen/Documents/UniPHD/ChristianFemers/GIT, whitelistedPaths=Optional[[PathRule["" (STARTS_WITH) in WHITELIST; level READ]]], blacklistedPaths=[], allowedLocalPorts=[], trustedPackages=[]]
[INFO] [main] Request whitelisting: Thread[ajts-to-285,5,Test-Threadgroup] []
[INFO] [main] Thread whitelisted: Thread[ajts-to-285,5,Test-Threadgroup]
[INFO] [main] Request uninstall
[DEBUG] [main] Validated build configuration regarding trusted package rules, 0 are missing.
[INFO] [main] Request install with ASC-Impl [testMethod=Optional[void de.tum.in.test.integration.testuser.ReflectionTestUtilsUser.testInvokeMethod_invocationTarget()], executionPath=/Users/markuspaulsen/Documents/UniPHD/ChristianFemers/GIT, whitelistedPaths=Optional[[PathRule["" (STARTS_WITH) in WHITELIST; level READ]]], blacklistedPaths=[], allowedLocalPorts=[], trustedPackages=[]]
[INFO] [main] Request whitelisting: Thread[ajts-to-286,5,Test-Threadgroup] []
[INFO] [main] Thread whitelisted: Thread[ajts-to-286,5,Test-Threadgroup]
[INFO] [main] Request uninstall
[DEBUG] [main] Validated build configuration regarding trusted package rules, 0 are missing.
[INFO] [main] Request install with ASC-Impl [testMethod=Optional.empty, executionPath=/Users/markuspaulsen/Documents/UniPHD/ChristianFemers/GIT, whitelistedPaths=Optional[[PathRule["" (STARTS_WITH) in WHITELIST; level READ]]], blacklistedPaths=[], allowedLocalPorts=[], trustedPackages=[]]
[INFO] [main] Request whitelisting: Thread[ajts-to-287,5,Test-Threadgroup] []
[INFO] [main] Thread whitelisted: Thread[ajts-to-287,5,Test-Threadgroup]
[INFO] [main] Request uninstall
[DEBUG] [main] Validated build configuration regarding trusted package rules, 0 are missing.
[INFO] [main] Request install with ASC-Impl [testMethod=Optional[void de.tum.in.test.integration.testuser.ReflectionTestUtilsUser.testSetValueOfNonPublicAttribute_final()], executionPath=/Users/markuspaulsen/Documents/UniPHD/ChristianFemers/GIT, whitelistedPaths=Optional[[PathRule["" (STARTS_WITH) in WHITELIST; level READ]]], blacklistedPaths=[], allowedLocalPorts=[], trustedPackages=[]]
[INFO] [main] Request whitelisting: Thread[ajts-to-288,5,Test-Threadgroup] []
[INFO] [main] Thread whitelisted: Thread[ajts-to-288,5,Test-Threadgroup]
[INFO] [main] Request uninstall
[DEBUG] [main] Validated build configuration regarding trusted package rules, 0 are missing.
[INFO] [main] Request install with ASC-Impl [testMethod=Optional.empty, executionPath=/Users/markuspaulsen/Documents/UniPHD/ChristianFemers/GIT, whitelistedPaths=Optional[[PathRule["" (STARTS_WITH) in WHITELIST; level READ]]], blacklistedPaths=[], allowedLocalPorts=[], trustedPackages=[]]
[INFO] [main] Request whitelisting: Thread[ajts-to-289,5,Test-Threadgroup] []
[INFO] [main] Thread whitelisted: Thread[ajts-to-289,5,Test-Threadgroup]
[INFO] [main] Request uninstall
[DEBUG] [main] Validated build configuration regarding trusted package rules, 0 are missing.
[INFO] [main] Request install with ASC-Impl [testMethod=Optional[void de.tum.in.test.integration.testuser.ReflectionTestUtilsUser.testNewInstance_classNotVisible()], executionPath=/Users/markuspaulsen/Documents/UniPHD/ChristianFemers/GIT, whitelistedPaths=Optional[[PathRule["" (STARTS_WITH) in WHITELIST; level READ]]], blacklistedPaths=[], allowedLocalPorts=[], trustedPackages=[]]
[INFO] [main] Request whitelisting: Thread[ajts-to-290,5,Test-Threadgroup] []
[INFO] [main] Thread whitelisted: Thread[ajts-to-290,5,Test-Threadgroup]
[INFO] [main] Request uninstall
[DEBUG] [main] Validated build configuration regarding trusted package rules, 0 are missing.
[INFO] [main] Request install with ASC-Impl [testMethod=Optional.empty, executionPath=/Users/markuspaulsen/Documents/UniPHD/ChristianFemers/GIT, whitelistedPaths=Optional[[PathRule["" (STARTS_WITH) in WHITELIST; level READ]]], blacklistedPaths=[], allowedLocalPorts=[], trustedPackages=[]]
[INFO] [main] Request whitelisting: Thread[ajts-to-291,5,Test-Threadgroup] []
[INFO] [main] Thread whitelisted: Thread[ajts-to-291,5,Test-Threadgroup]
[INFO] [main] Request uninstall
[DEBUG] [main] Validated build configuration regarding trusted package rules, 0 are missing.
[INFO] [main] Request install with ASC-Impl [testMethod=Optional[void de.tum.in.test.integration.testuser.ReflectionTestUtilsUser.testSetValueOfNonPublicAttribute_success()], executionPath=/Users/markuspaulsen/Documents/UniPHD/ChristianFemers/GIT, whitelistedPaths=Optional[[PathRule["" (STARTS_WITH) in WHITELIST; level READ]]], blacklistedPaths=[], allowedLocalPorts=[], trustedPackages=[]]
[INFO] [main] Request whitelisting: Thread[ajts-to-292,5,Test-Threadgroup] []
[INFO] [main] Thread whitelisted: Thread[ajts-to-292,5,Test-Threadgroup]
[INFO] [main] Request uninstall
[DEBUG] [main] Validated build configuration regarding trusted package rules, 0 are missing.
[INFO] [main] Request install with ASC-Impl [testMethod=Optional.empty, executionPath=/Users/markuspaulsen/Documents/UniPHD/ChristianFemers/GIT, whitelistedPaths=Optional[[PathRule["" (STARTS_WITH) in WHITELIST; level READ]]], blacklistedPaths=[], allowedLocalPorts=[], trustedPackages=[]]
[INFO] [main] Request whitelisting: Thread[ajts-to-293,5,Test-Threadgroup] []
[INFO] [main] Thread whitelisted: Thread[ajts-to-293,5,Test-Threadgroup]
[INFO] [main] Request uninstall
[DEBUG] [main] Validated build configuration regarding trusted package rules, 0 are missing.
[INFO] [main] Request install with ASC-Impl [testMethod=Optional[void de.tum.in.test.integration.testuser.ReflectionTestUtilsUser.testGetMethod_noSuchMethod_noParameters()], executionPath=/Users/markuspaulsen/Documents/UniPHD/ChristianFemers/GIT, whitelistedPaths=Optional[[PathRule["" (STARTS_WITH) in WHITELIST; level READ]]], blacklistedPaths=[], allowedLocalPorts=[], trustedPackages=[]]
[INFO] [main] Request whitelisting: Thread[ajts-to-294,5,Test-Threadgroup] []
[INFO] [main] Thread whitelisted: Thread[ajts-to-294,5,Test-Threadgroup]
[INFO] [main] Request uninstall
[DEBUG] [main] Validated build configuration regarding trusted package rules, 0 are missing.
[INFO] [main] Request install with ASC-Impl [testMethod=Optional.empty, executionPath=/Users/markuspaulsen/Documents/UniPHD/ChristianFemers/GIT, whitelistedPaths=Optional[[PathRule["" (STARTS_WITH) in WHITELIST; level READ]]], blacklistedPaths=[], allowedLocalPorts=[], trustedPackages=[]]
[INFO] [main] Request whitelisting: Thread[ajts-to-295,5,Test-Threadgroup] []
[INFO] [main] Thread whitelisted: Thread[ajts-to-295,5,Test-Threadgroup]
[INFO] [main] Request uninstall
[DEBUG] [main] Validated build configuration regarding trusted package rules, 0 are missing.
[INFO] [main] Request install with ASC-Impl [testMethod=Optional[void de.tum.in.test.integration.testuser.ReflectionTestUtilsUser.testNewInstance_classNotFound()], executionPath=/Users/markuspaulsen/Documents/UniPHD/ChristianFemers/GIT, whitelistedPaths=Optional[[PathRule["" (STARTS_WITH) in WHITELIST; level READ]]], blacklistedPaths=[], allowedLocalPorts=[], trustedPackages=[]]
[INFO] [main] Request whitelisting: Thread[ajts-to-296,5,Test-Threadgroup] []
[INFO] [main] Thread whitelisted: Thread[ajts-to-296,5,Test-Threadgroup]
[INFO] [main] Request uninstall
[DEBUG] [main] Validated build configuration regarding trusted package rules, 0 are missing.
[INFO] [main] Request install with ASC-Impl [testMethod=Optional.empty, executionPath=/Users/markuspaulsen/Documents/UniPHD/ChristianFemers/GIT, whitelistedPaths=Optional[[PathRule["" (STARTS_WITH) in WHITELIST; level READ]]], blacklistedPaths=[], allowedLocalPorts=[], trustedPackages=[]]
[INFO] [main] Request whitelisting: Thread[ajts-to-297,5,Test-Threadgroup] []
[INFO] [main] Thread whitelisted: Thread[ajts-to-297,5,Test-Threadgroup]
[INFO] [main] Request uninstall
[DEBUG] [main] Validated build configuration regarding trusted package rules, 0 are missing.
[INFO] [main] Request install with ASC-Impl [testMethod=Optional[void de.tum.in.test.integration.testuser.ReflectionTestUtilsUser.testNewInstance_illegalArguments()], executionPath=/Users/markuspaulsen/Documents/UniPHD/ChristianFemers/GIT, whitelistedPaths=Optional[[PathRule["" (STARTS_WITH) in WHITELIST; level READ]]], blacklistedPaths=[], allowedLocalPorts=[], trustedPackages=[]]
[INFO] [main] Request whitelisting: Thread[ajts-to-298,5,Test-Threadgroup] []
[INFO] [main] Thread whitelisted: Thread[ajts-to-298,5,Test-Threadgroup]
[INFO] [main] Request uninstall
[DEBUG] [main] Validated build configuration regarding trusted package rules, 0 are missing.
[INFO] [main] Request install with ASC-Impl [testMethod=Optional.empty, executionPath=/Users/markuspaulsen/Documents/UniPHD/ChristianFemers/GIT, whitelistedPaths=Optional[[PathRule["" (STARTS_WITH) in WHITELIST; level READ]]], blacklistedPaths=[], allowedLocalPorts=[], trustedPackages=[]]
[INFO] [main] Request whitelisting: Thread[ajts-to-299,5,Test-Threadgroup] []
[INFO] [main] Thread whitelisted: Thread[ajts-to-299,5,Test-Threadgroup]
[INFO] [main] Request uninstall
[DEBUG] [main] Validated build configuration regarding trusted package rules, 0 are missing.
[INFO] [main] Request install with ASC-Impl [testMethod=Optional[void de.tum.in.test.integration.testuser.ReflectionTestUtilsUser.testInvokeMethodRethrowing_illegalAccess() throws java.lang.NoSuchMethodException], executionPath=/Users/markuspaulsen/Documents/UniPHD/ChristianFemers/GIT, whitelistedPaths=Optional[[PathRule["" (STARTS_WITH) in WHITELIST; level READ]]], blacklistedPaths=[], allowedLocalPorts=[], trustedPackages=[]]
[INFO] [main] Request whitelisting: Thread[ajts-to-300,5,Test-Threadgroup] []
[INFO] [main] Thread whitelisted: Thread[ajts-to-300,5,Test-Threadgroup]
[INFO] [main] Request uninstall
[DEBUG] [main] Validated build configuration regarding trusted package rules, 0 are missing.
[INFO] [main] Request install with ASC-Impl [testMethod=Optional.empty, executionPath=/Users/markuspaulsen/Documents/UniPHD/ChristianFemers/GIT, whitelistedPaths=Optional[[PathRule["" (STARTS_WITH) in WHITELIST; level READ]]], blacklistedPaths=[], allowedLocalPorts=[], trustedPackages=[]]
[INFO] [main] Request whitelisting: Thread[ajts-to-301,5,Test-Threadgroup] []
[INFO] [main] Thread whitelisted: Thread[ajts-to-301,5,Test-Threadgroup]
[INFO] [main] Request uninstall
[DEBUG] [main] Validated build configuration regarding trusted package rules, 0 are missing.
[INFO] [main] Request install with ASC-Impl [testMethod=Optional[void de.tum.in.test.integration.testuser.ReflectionTestUtilsUser.testSetValueOfAttribute_final()], executionPath=/Users/markuspaulsen/Documents/UniPHD/ChristianFemers/GIT, whitelistedPaths=Optional[[PathRule["" (STARTS_WITH) in WHITELIST; level READ]]], blacklistedPaths=[], allowedLocalPorts=[], trustedPackages=[]]
[INFO] [main] Request whitelisting: Thread[ajts-to-302,5,Test-Threadgroup] []
[INFO] [main] Thread whitelisted: Thread[ajts-to-302,5,Test-Threadgroup]
[INFO] [main] Request uninstall
[DEBUG] [main] Validated build configuration regarding trusted package rules, 0 are missing.
[INFO] [main] Request install with ASC-Impl [testMethod=Optional.empty, executionPath=/Users/markuspaulsen/Documents/UniPHD/ChristianFemers/GIT, whitelistedPaths=Optional[[PathRule["" (STARTS_WITH) in WHITELIST; level READ]]], blacklistedPaths=[], allowedLocalPorts=[], trustedPackages=[]]
[INFO] [main] Request whitelisting: Thread[ajts-to-303,5,Test-Threadgroup] []
[INFO] [main] Thread whitelisted: Thread[ajts-to-303,5,Test-Threadgroup]
[INFO] [main] Request uninstall
[DEBUG] [main] Validated build configuration regarding trusted package rules, 0 are missing.
[INFO] [main] Request install with ASC-Impl [testMethod=Optional[void de.tum.in.test.integration.testuser.ReflectionTestUtilsUser.testGetNonPublicMethod_success()], executionPath=/Users/markuspaulsen/Documents/UniPHD/ChristianFemers/GIT, whitelistedPaths=Optional[[PathRule["" (STARTS_WITH) in WHITELIST; level READ]]], blacklistedPaths=[], allowedLocalPorts=[], trustedPackages=[]]
[INFO] [main] Request whitelisting: Thread[ajts-to-304,5,Test-Threadgroup] []
[INFO] [main] Thread whitelisted: Thread[ajts-to-304,5,Test-Threadgroup]
[INFO] [main] Request uninstall
[DEBUG] [main] Validated build configuration regarding trusted package rules, 0 are missing.
[INFO] [main] Request install with ASC-Impl [testMethod=Optional.empty, executionPath=/Users/markuspaulsen/Documents/UniPHD/ChristianFemers/GIT, whitelistedPaths=Optional[[PathRule["" (STARTS_WITH) in WHITELIST; level READ]]], blacklistedPaths=[], allowedLocalPorts=[], trustedPackages=[]]
[INFO] [main] Request whitelisting: Thread[ajts-to-305,5,Test-Threadgroup] []
[INFO] [main] Thread whitelisted: Thread[ajts-to-305,5,Test-Threadgroup]
[INFO] [main] Request uninstall
[DEBUG] [main] Validated build configuration regarding trusted package rules, 0 are missing.
[INFO] [main] Request install with ASC-Impl [testMethod=Optional[void de.tum.in.test.integration.testuser.ReflectionTestUtilsUser.testNewInstanceFromNonPublicConstructorRethrowing_success() throws java.lang.Throwable], executionPath=/Users/markuspaulsen/Documents/UniPHD/ChristianFemers/GIT, whitelistedPaths=Optional[[PathRule["" (STARTS_WITH) in WHITELIST; level READ]]], blacklistedPaths=[], allowedLocalPorts=[], trustedPackages=[]]
[INFO] [main] Request whitelisting: Thread[ajts-to-306,5,Test-Threadgroup] []
[INFO] [main] Thread whitelisted: Thread[ajts-to-306,5,Test-Threadgroup]
[INFO] [main] Request uninstall
[DEBUG] [main] Validated build configuration regarding trusted package rules, 0 are missing.
[INFO] [main] Request install with ASC-Impl [testMethod=Optional.empty, executionPath=/Users/markuspaulsen/Documents/UniPHD/ChristianFemers/GIT, whitelistedPaths=Optional[[PathRule["" (STARTS_WITH) in WHITELIST; level READ]]], blacklistedPaths=[], allowedLocalPorts=[], trustedPackages=[]]
[INFO] [main] Request whitelisting: Thread[ajts-to-307,5,Test-Threadgroup] []
[INFO] [main] Thread whitelisted: Thread[ajts-to-307,5,Test-Threadgroup]
[INFO] [main] Request uninstall
[DEBUG] [main] Validated build configuration regarding trusted package rules, 0 are missing.
[INFO] [main] Request install with ASC-Impl [testMethod=Optional[void de.tum.in.test.integration.testuser.ReflectionTestUtilsUser.testGetConstructor_success()], executionPath=/Users/markuspaulsen/Documents/UniPHD/ChristianFemers/GIT, whitelistedPaths=Optional[[PathRule["" (STARTS_WITH) in WHITELIST; level READ]]], blacklistedPaths=[], allowedLocalPorts=[], trustedPackages=[]]
[INFO] [main] Request whitelisting: Thread[ajts-to-308,5,Test-Threadgroup] []
[INFO] [main] Thread whitelisted: Thread[ajts-to-308,5,Test-Threadgroup]
[INFO] [main] Request uninstall
[DEBUG] [main] Validated build configuration regarding trusted package rules, 0 are missing.
[INFO] [main] Request install with ASC-Impl [testMethod=Optional.empty, executionPath=/Users/markuspaulsen/Documents/UniPHD/ChristianFemers/GIT, whitelistedPaths=Optional[[PathRule["" (STARTS_WITH) in WHITELIST; level READ]]], blacklistedPaths=[], allowedLocalPorts=[], trustedPackages=[]]
[INFO] [main] Request whitelisting: Thread[ajts-to-309,5,Test-Threadgroup] []
[INFO] [main] Thread whitelisted: Thread[ajts-to-309,5,Test-Threadgroup]
[INFO] [main] Request uninstall
[DEBUG] [main] Validated build configuration regarding trusted package rules, 0 are missing.
[INFO] [main] Request install with ASC-Impl [testMethod=Optional[void de.tum.in.test.integration.testuser.ReflectionTestUtilsUser.testSetValueOfAttribute_illegalAccess()], executionPath=/Users/markuspaulsen/Documents/UniPHD/ChristianFemers/GIT, whitelistedPaths=Optional[[PathRule["" (STARTS_WITH) in WHITELIST; level READ]]], blacklistedPaths=[], allowedLocalPorts=[], trustedPackages=[]]
[INFO] [main] Request whitelisting: Thread[ajts-to-310,5,Test-Threadgroup] []
[INFO] [main] Thread whitelisted: Thread[ajts-to-310,5,Test-Threadgroup]
[INFO] [main] Request uninstall
[DEBUG] [main] Validated build configuration regarding trusted package rules, 0 are missing.
[INFO] [main] Request install with ASC-Impl [testMethod=Optional.empty, executionPath=/Users/markuspaulsen/Documents/UniPHD/ChristianFemers/GIT, whitelistedPaths=Optional[[PathRule["" (STARTS_WITH) in WHITELIST; level READ]]], blacklistedPaths=[], allowedLocalPorts=[], trustedPackages=[]]
[INFO] [main] Request whitelisting: Thread[ajts-to-311,5,Test-Threadgroup] []
[INFO] [main] Thread whitelisted: Thread[ajts-to-311,5,Test-Threadgroup]
[INFO] [main] Request uninstall
[DEBUG] [main] Validated build configuration regarding trusted package rules, 0 are missing.
[INFO] [main] Request install with ASC-Impl [testMethod=Optional[void de.tum.in.test.integration.testuser.ReflectionTestUtilsUser.testNewInstancePrivateConstructor_success()], executionPath=/Users/markuspaulsen/Documents/UniPHD/ChristianFemers/GIT, whitelistedPaths=Optional[[PathRule["" (STARTS_WITH) in WHITELIST; level READ]]], blacklistedPaths=[], allowedLocalPorts=[], trustedPackages=[]]
[INFO] [main] Request whitelisting: Thread[ajts-to-312,5,Test-Threadgroup] []
[INFO] [main] Thread whitelisted: Thread[ajts-to-312,5,Test-Threadgroup]
[INFO] [main] Request uninstall
[DEBUG] [main] Validated build configuration regarding trusted package rules, 0 are missing.
[INFO] [main] Request install with ASC-Impl [testMethod=Optional.empty, executionPath=/Users/markuspaulsen/Documents/UniPHD/ChristianFemers/GIT, whitelistedPaths=Optional[[PathRule["" (STARTS_WITH) in WHITELIST; level READ]]], blacklistedPaths=[], allowedLocalPorts=[], trustedPackages=[]]
[INFO] [main] Request whitelisting: Thread[ajts-to-313,5,Test-Threadgroup] []
[INFO] [main] Thread whitelisted: Thread[ajts-to-313,5,Test-Threadgroup]
[INFO] [main] Request uninstall
[DEBUG] [main] Validated build configuration regarding trusted package rules, 0 are missing.
[INFO] [main] Request install with ASC-Impl [testMethod=Optional[void de.tum.in.test.integration.testuser.ReflectionTestUtilsUser.testValueForAttribute_noSuchField()], executionPath=/Users/markuspaulsen/Documents/UniPHD/ChristianFemers/GIT, whitelistedPaths=Optional[[PathRule["" (STARTS_WITH) in WHITELIST; level READ]]], blacklistedPaths=[], allowedLocalPorts=[], trustedPackages=[]]
[INFO] [main] Request whitelisting: Thread[ajts-to-314,5,Test-Threadgroup] []
[INFO] [main] Thread whitelisted: Thread[ajts-to-314,5,Test-Threadgroup]
[INFO] [main] Request uninstall
[DEBUG] [main] Validated build configuration regarding trusted package rules, 0 are missing.
[INFO] [main] Request install with ASC-Impl [testMethod=Optional.empty, executionPath=/Users/markuspaulsen/Documents/UniPHD/ChristianFemers/GIT, whitelistedPaths=Optional[[PathRule["" (STARTS_WITH) in WHITELIST; level READ]]], blacklistedPaths=[], allowedLocalPorts=[], trustedPackages=[]]
[INFO] [main] Request whitelisting: Thread[ajts-to-315,5,Test-Threadgroup] []
[INFO] [main] Thread whitelisted: Thread[ajts-to-315,5,Test-Threadgroup]
[INFO] [main] Request uninstall
[DEBUG] [main] Validated build configuration regarding trusted package rules, 0 are missing.
[INFO] [main] Request install with ASC-Impl [testMethod=Optional[void de.tum.in.test.integration.testuser.ReflectionTestUtilsUser.testValueForAttribute_illegalAccess()], executionPath=/Users/markuspaulsen/Documents/UniPHD/ChristianFemers/GIT, whitelistedPaths=Optional[[PathRule["" (STARTS_WITH) in WHITELIST; level READ]]], blacklistedPaths=[], allowedLocalPorts=[], trustedPackages=[]]
[INFO] [main] Request whitelisting: Thread[ajts-to-316,5,Test-Threadgroup] []
[INFO] [main] Thread whitelisted: Thread[ajts-to-316,5,Test-Threadgroup]
[INFO] [main] Request uninstall
[DEBUG] [main] Validated build configuration regarding trusted package rules, 0 are missing.
[INFO] [main] Request install with ASC-Impl [testMethod=Optional.empty, executionPath=/Users/markuspaulsen/Documents/UniPHD/ChristianFemers/GIT, whitelistedPaths=Optional[[PathRule["" (STARTS_WITH) in WHITELIST; level READ]]], blacklistedPaths=[], allowedLocalPorts=[], trustedPackages=[]]
[INFO] [main] Request whitelisting: Thread[ajts-to-317,5,Test-Threadgroup] []
[INFO] [main] Thread whitelisted: Thread[ajts-to-317,5,Test-Threadgroup]
[INFO] [main] Request uninstall
[DEBUG] [main] Validated build configuration regarding trusted package rules, 0 are missing.
[INFO] [main] Request install with ASC-Impl [testMethod=Optional[void de.tum.in.test.integration.testuser.ReflectionTestUtilsUser.testGetNonPublicConstructor_noSuchMethod()], executionPath=/Users/markuspaulsen/Documents/UniPHD/ChristianFemers/GIT, whitelistedPaths=Optional[[PathRule["" (STARTS_WITH) in WHITELIST; level READ]]], blacklistedPaths=[], allowedLocalPorts=[], trustedPackages=[]]
[INFO] [main] Request whitelisting: Thread[ajts-to-318,5,Test-Threadgroup] []
[INFO] [main] Thread whitelisted: Thread[ajts-to-318,5,Test-Threadgroup]
[INFO] [main] Request uninstall
[DEBUG] [main] Validated build configuration regarding trusted package rules, 0 are missing.
[INFO] [main] Request install with ASC-Impl [testMethod=Optional.empty, executionPath=/Users/markuspaulsen/Documents/UniPHD/ChristianFemers/GIT, whitelistedPaths=Optional[[PathRule["" (STARTS_WITH) in WHITELIST; level READ]]], blacklistedPaths=[], allowedLocalPorts=[], trustedPackages=[]]
[INFO] [main] Request whitelisting: Thread[ajts-to-319,5,Test-Threadgroup] []
[INFO] [main] Thread whitelisted: Thread[ajts-to-319,5,Test-Threadgroup]
[INFO] [main] Request uninstall
[DEBUG] [main] Validated build configuration regarding trusted package rules, 0 are missing.
[INFO] [main] Request install with ASC-Impl [testMethod=Optional[void de.tum.in.test.integration.testuser.ReflectionTestUtilsUser.testValueForAttribute_success()], executionPath=/Users/markuspaulsen/Documents/UniPHD/ChristianFemers/GIT, whitelistedPaths=Optional[[PathRule["" (STARTS_WITH) in WHITELIST; level READ]]], blacklistedPaths=[], allowedLocalPorts=[], trustedPackages=[]]
[INFO] [main] Request whitelisting: Thread[ajts-to-320,5,Test-Threadgroup] []
[INFO] [main] Thread whitelisted: Thread[ajts-to-320,5,Test-Threadgroup]
[INFO] [main] Request uninstall
[DEBUG] [main] Validated build configuration regarding trusted package rules, 0 are missing.
[INFO] [main] Request install with ASC-Impl [testMethod=Optional.empty, executionPath=/Users/markuspaulsen/Documents/UniPHD/ChristianFemers/GIT, whitelistedPaths=Optional[[PathRule["" (STARTS_WITH) in WHITELIST; level READ]]], blacklistedPaths=[], allowedLocalPorts=[], trustedPackages=[]]
[INFO] [main] Request whitelisting: Thread[ajts-to-321,5,Test-Threadgroup] []
[INFO] [main] Thread whitelisted: Thread[ajts-to-321,5,Test-Threadgroup]
[INFO] [main] Request uninstall
[DEBUG] [main] Validated build configuration regarding trusted package rules, 0 are missing.
[INFO] [main] Request install with ASC-Impl [testMethod=Optional[void de.tum.in.test.integration.testuser.ReflectionTestUtilsUser.testSetValueOfAttribute_success()], executionPath=/Users/markuspaulsen/Documents/UniPHD/ChristianFemers/GIT, whitelistedPaths=Optional[[PathRule["" (STARTS_WITH) in WHITELIST; level READ]]], blacklistedPaths=[], allowedLocalPorts=[], trustedPackages=[]]
[INFO] [main] Request whitelisting: Thread[ajts-to-322,5,Test-Threadgroup] []
[INFO] [main] Thread whitelisted: Thread[ajts-to-322,5,Test-Threadgroup]
[INFO] [main] Request uninstall
[DEBUG] [main] Validated build configuration regarding trusted package rules, 0 are missing.
[INFO] [main] Request install with ASC-Impl [testMethod=Optional.empty, executionPath=/Users/markuspaulsen/Documents/UniPHD/ChristianFemers/GIT, whitelistedPaths=Optional[[PathRule["" (STARTS_WITH) in WHITELIST; level READ]]], blacklistedPaths=[], allowedLocalPorts=[], trustedPackages=[]]
[INFO] [main] Request whitelisting: Thread[ajts-to-323,5,Test-Threadgroup] []
[INFO] [main] Thread whitelisted: Thread[ajts-to-323,5,Test-Threadgroup]
[INFO] [main] Request uninstall
[DEBUG] [main] Validated build configuration regarding trusted package rules, 0 are missing.
[INFO] [main] Request install with ASC-Impl [testMethod=Optional[void de.tum.in.test.integration.testuser.ReflectionTestUtilsUser.testNewInstance_illegalAccess()], executionPath=/Users/markuspaulsen/Documents/UniPHD/ChristianFemers/GIT, whitelistedPaths=Optional[[PathRule["" (STARTS_WITH) in WHITELIST; level READ]]], blacklistedPaths=[], allowedLocalPorts=[], trustedPackages=[]]
[INFO] [main] Request whitelisting: Thread[ajts-to-324,5,Test-Threadgroup] []
[INFO] [main] Thread whitelisted: Thread[ajts-to-324,5,Test-Threadgroup]
[INFO] [main] Request uninstall
[DEBUG] [main] Validated build configuration regarding trusted package rules, 0 are missing.
[INFO] [main] Request install with ASC-Impl [testMethod=Optional.empty, executionPath=/Users/markuspaulsen/Documents/UniPHD/ChristianFemers/GIT, whitelistedPaths=Optional[[PathRule["" (STARTS_WITH) in WHITELIST; level READ]]], blacklistedPaths=[], allowedLocalPorts=[], trustedPackages=[]]
[INFO] [main] Request whitelisting: Thread[ajts-to-325,5,Test-Threadgroup] []
[INFO] [main] Thread whitelisted: Thread[ajts-to-325,5,Test-Threadgroup]
[INFO] [main] Request uninstall
[DEBUG] [main] Validated build configuration regarding trusted package rules, 0 are missing.
[INFO] [main] Request install with ASC-Impl [testMethod=Optional[void de.tum.in.test.integration.testuser.ReflectionTestUtilsUser.testValueForAttribute_classNotVisible()], executionPath=/Users/markuspaulsen/Documents/UniPHD/ChristianFemers/GIT, whitelistedPaths=Optional[[PathRule["" (STARTS_WITH) in WHITELIST; level READ]]], blacklistedPaths=[], allowedLocalPorts=[], trustedPackages=[]]
[INFO] [main] Request whitelisting: Thread[ajts-to-326,5,Test-Threadgroup] []
[INFO] [main] Thread whitelisted: Thread[ajts-to-326,5,Test-Threadgroup]
[INFO] [main] Request uninstall
[DEBUG] [main] Validated build configuration regarding trusted package rules, 0 are missing.
[INFO] [main] Request install with ASC-Impl [testMethod=Optional.empty, executionPath=/Users/markuspaulsen/Documents/UniPHD/ChristianFemers/GIT, whitelistedPaths=Optional[[PathRule["" (STARTS_WITH) in WHITELIST; level READ]]], blacklistedPaths=[], allowedLocalPorts=[], trustedPackages=[]]
[INFO] [main] Request whitelisting: Thread[ajts-to-327,5,Test-Threadgroup] []
[INFO] [main] Thread whitelisted: Thread[ajts-to-327,5,Test-Threadgroup]
[INFO] [main] Request uninstall
[DEBUG] [main] Validated build configuration regarding trusted package rules, 0 are missing.
[INFO] [main] Request install with ASC-Impl [testMethod=Optional[void de.tum.in.test.integration.testuser.ReflectionTestUtilsUser.testGetMethod_noSuchMethod_withParameters()], executionPath=/Users/markuspaulsen/Documents/UniPHD/ChristianFemers/GIT, whitelistedPaths=Optional[[PathRule["" (STARTS_WITH) in WHITELIST; level READ]]], blacklistedPaths=[], allowedLocalPorts=[], trustedPackages=[]]
[INFO] [main] Request whitelisting: Thread[ajts-to-328,5,Test-Threadgroup] []
[INFO] [main] Thread whitelisted: Thread[ajts-to-328,5,Test-Threadgroup]
[INFO] [main] Request uninstall
[DEBUG] [main] Validated build configuration regarding trusted package rules, 0 are missing.
[INFO] [main] Request install with ASC-Impl [testMethod=Optional.empty, executionPath=/Users/markuspaulsen/Documents/UniPHD/ChristianFemers/GIT, whitelistedPaths=Optional[[PathRule["" (STARTS_WITH) in WHITELIST; level READ]]], blacklistedPaths=[], allowedLocalPorts=[], trustedPackages=[]]
[INFO] [main] Request whitelisting: Thread[ajts-to-329,5,Test-Threadgroup] []
[INFO] [main] Thread whitelisted: Thread[ajts-to-329,5,Test-Threadgroup]
[INFO] [main] Request uninstall
[DEBUG] [main] Validated build configuration regarding trusted package rules, 0 are missing.
[INFO] [main] Request install with ASC-Impl [testMethod=Optional[void de.tum.in.test.integration.testuser.ReflectionTestUtilsUser.testInvokeMethodRethrowing_illegalArgument() throws java.lang.NoSuchMethodException], executionPath=/Users/markuspaulsen/Documents/UniPHD/ChristianFemers/GIT, whitelistedPaths=Optional[[PathRule["" (STARTS_WITH) in WHITELIST; level READ]]], blacklistedPaths=[], allowedLocalPorts=[], trustedPackages=[]]
[INFO] [main] Request whitelisting: Thread[ajts-to-330,5,Test-Threadgroup] []
[INFO] [main] Thread whitelisted: Thread[ajts-to-330,5,Test-Threadgroup]
[INFO] [main] Request uninstall
[DEBUG] [main] Validated build configuration regarding trusted package rules, 0 are missing.
[INFO] [main] Request install with ASC-Impl [testMethod=Optional.empty, executionPath=/Users/markuspaulsen/Documents/UniPHD/ChristianFemers/GIT, whitelistedPaths=Optional[[PathRule["" (STARTS_WITH) in WHITELIST; level READ]]], blacklistedPaths=[], allowedLocalPorts=[], trustedPackages=[]]
[INFO] [main] Request whitelisting: Thread[ajts-to-331,5,Test-Threadgroup] []
[INFO] [main] Thread whitelisted: Thread[ajts-to-331,5,Test-Threadgroup]
[INFO] [main] Request uninstall
[DEBUG] [main] Validated build configuration regarding trusted package rules, 0 are missing.
[INFO] [main] Request install with ASC-Impl [testMethod=Optional[void de.tum.in.test.integration.testuser.ReflectionTestUtilsUser.testInvokeMethod_success()], executionPath=/Users/markuspaulsen/Documents/UniPHD/ChristianFemers/GIT, whitelistedPaths=Optional[[PathRule["" (STARTS_WITH) in WHITELIST; level READ]]], blacklistedPaths=[], allowedLocalPorts=[], trustedPackages=[]]
[INFO] [main] Request whitelisting: Thread[ajts-to-332,5,Test-Threadgroup] []
[INFO] [main] Thread whitelisted: Thread[ajts-to-332,5,Test-Threadgroup]
[INFO] [main] Request uninstall
[DEBUG] [main] Validated build configuration regarding trusted package rules, 0 are missing.
[INFO] [main] Request install with ASC-Impl [testMethod=Optional.empty, executionPath=/Users/markuspaulsen/Documents/UniPHD/ChristianFemers/GIT, whitelistedPaths=Optional[[PathRule["" (STARTS_WITH) in WHITELIST; level READ]]], blacklistedPaths=[], allowedLocalPorts=[], trustedPackages=[]]
[INFO] [main] Request whitelisting: Thread[ajts-to-333,5,Test-Threadgroup] []
[INFO] [main] Thread whitelisted: Thread[ajts-to-333,5,Test-Threadgroup]
[INFO] [main] Request uninstall
[DEBUG] [main] Validated build configuration regarding trusted package rules, 0 are missing.
[INFO] [main] Request install with ASC-Impl [testMethod=Optional[void de.tum.in.test.integration.testuser.ReflectionTestUtilsUser.testValueForPrivateAttribute_success()], executionPath=/Users/markuspaulsen/Documents/UniPHD/ChristianFemers/GIT, whitelistedPaths=Optional[[PathRule["" (STARTS_WITH) in WHITELIST; level READ]]], blacklistedPaths=[], allowedLocalPorts=[], trustedPackages=[]]
[INFO] [main] Request whitelisting: Thread[ajts-to-334,5,Test-Threadgroup] []
[INFO] [main] Thread whitelisted: Thread[ajts-to-334,5,Test-Threadgroup]
[INFO] [main] Request uninstall
[DEBUG] [main] Validated build configuration regarding trusted package rules, 0 are missing.
[INFO] [main] Request install with ASC-Impl [testMethod=Optional.empty, executionPath=/Users/markuspaulsen/Documents/UniPHD/ChristianFemers/GIT, whitelistedPaths=Optional[[PathRule["" (STARTS_WITH) in WHITELIST; level READ]]], blacklistedPaths=[], allowedLocalPorts=[], trustedPackages=[]]
[INFO] [main] Request whitelisting: Thread[ajts-to-335,5,Test-Threadgroup] []
[INFO] [main] Thread whitelisted: Thread[ajts-to-335,5,Test-Threadgroup]
[INFO] [main] Request uninstall
[DEBUG] [main] Validated build configuration regarding trusted package rules, 0 are missing.
[INFO] [main] Request install with ASC-Impl [testMethod=Optional[void de.tum.in.test.integration.testuser.ReflectionTestUtilsUser.testNewInstance_invocationTarget()], executionPath=/Users/markuspaulsen/Documents/UniPHD/ChristianFemers/GIT, whitelistedPaths=Optional[[PathRule["" (STARTS_WITH) in WHITELIST; level READ]]], blacklistedPaths=[], allowedLocalPorts=[], trustedPackages=[]]
[INFO] [main] Request whitelisting: Thread[ajts-to-336,5,Test-Threadgroup] []
[INFO] [main] Thread whitelisted: Thread[ajts-to-336,5,Test-Threadgroup]
[INFO] [main] Request uninstall
[DEBUG] [main] Validated build configuration regarding trusted package rules, 0 are missing.
[INFO] [main] Request install with ASC-Impl [testMethod=Optional.empty, executionPath=/Users/markuspaulsen/Documents/UniPHD/ChristianFemers/GIT, whitelistedPaths=Optional[[PathRule["" (STARTS_WITH) in WHITELIST; level READ]]], blacklistedPaths=[], allowedLocalPorts=[], trustedPackages=[]]
[INFO] [main] Request whitelisting: Thread[ajts-to-337,5,Test-Threadgroup] []
[INFO] [main] Thread whitelisted: Thread[ajts-to-337,5,Test-Threadgroup]
[INFO] [main] Request uninstall
[DEBUG] [main] Validated build configuration regarding trusted package rules, 0 are missing.
[INFO] [main] Request install with ASC-Impl [testMethod=Optional[void de.tum.in.test.integration.testuser.ReflectionTestUtilsUser.testInvokePrivateMethodByName_success()], executionPath=/Users/markuspaulsen/Documents/UniPHD/ChristianFemers/GIT, whitelistedPaths=Optional[[PathRule["" (STARTS_WITH) in WHITELIST; level READ]]], blacklistedPaths=[], allowedLocalPorts=[], trustedPackages=[]]
[INFO] [main] Request whitelisting: Thread[ajts-to-338,5,Test-Threadgroup] []
[INFO] [main] Thread whitelisted: Thread[ajts-to-338,5,Test-Threadgroup]
[INFO] [main] Request uninstall
[DEBUG] [main] Validated build configuration regarding trusted package rules, 0 are missing.
[INFO] [main] Request install with ASC-Impl [testMethod=Optional.empty, executionPath=/Users/markuspaulsen/Documents/UniPHD/ChristianFemers/GIT, whitelistedPaths=Optional[[PathRule["" (STARTS_WITH) in WHITELIST; level READ]]], blacklistedPaths=[], allowedLocalPorts=[], trustedPackages=[]]
[INFO] [main] Request whitelisting: Thread[ajts-to-339,5,Test-Threadgroup] []
[INFO] [main] Thread whitelisted: Thread[ajts-to-339,5,Test-Threadgroup]
[INFO] [main] Request uninstall
[DEBUG] [main] Validated build configuration regarding trusted package rules, 0 are missing.
[INFO] [main] Request install with ASC-Impl [testMethod=Optional[void de.tum.in.test.integration.testuser.ReflectionTestUtilsUser.testNewInstance_instantiation()], executionPath=/Users/markuspaulsen/Documents/UniPHD/ChristianFemers/GIT, whitelistedPaths=Optional[[PathRule["" (STARTS_WITH) in WHITELIST; level READ]]], blacklistedPaths=[], allowedLocalPorts=[], trustedPackages=[]]
[INFO] [main] Request whitelisting: Thread[ajts-to-340,5,Test-Threadgroup] []
[INFO] [main] Thread whitelisted: Thread[ajts-to-340,5,Test-Threadgroup]
[INFO] [main] Request uninstall
[DEBUG] [main] Validated build configuration regarding trusted package rules, 0 are missing.
[INFO] [main] Request install with ASC-Impl [testMethod=Optional.empty, executionPath=/Users/markuspaulsen/Documents/UniPHD/ChristianFemers/GIT, whitelistedPaths=Optional[[PathRule["" (STARTS_WITH) in WHITELIST; level READ]]], blacklistedPaths=[], allowedLocalPorts=[], trustedPackages=[]]
[INFO] [main] Request whitelisting: Thread[ajts-to-341,5,Test-Threadgroup] []
[INFO] [main] Thread whitelisted: Thread[ajts-to-341,5,Test-Threadgroup]
[INFO] [main] Request uninstall
[DEBUG] [main] Validated build configuration regarding trusted package rules, 0 are missing.
[INFO] [main] Request install with ASC-Impl [testMethod=Optional[void de.tum.in.test.integration.testuser.ReflectionTestUtilsUser.testInvokeMethodRethrowing_nullPointer() throws java.lang.NoSuchMethodException], executionPath=/Users/markuspaulsen/Documents/UniPHD/ChristianFemers/GIT, whitelistedPaths=Optional[[PathRule["" (STARTS_WITH) in WHITELIST; level READ]]], blacklistedPaths=[], allowedLocalPorts=[], trustedPackages=[]]
[INFO] [main] Request whitelisting: Thread[ajts-to-342,5,Test-Threadgroup] []
[INFO] [main] Thread whitelisted: Thread[ajts-to-342,5,Test-Threadgroup]
[INFO] [main] Request uninstall
[DEBUG] [main] Validated build configuration regarding trusted package rules, 0 are missing.
[INFO] [main] Request install with ASC-Impl [testMethod=Optional.empty, executionPath=/Users/markuspaulsen/Documents/UniPHD/ChristianFemers/GIT, whitelistedPaths=Optional[[PathRule["" (STARTS_WITH) in WHITELIST; level READ]]], blacklistedPaths=[], allowedLocalPorts=[], trustedPackages=[]]
[INFO] [main] Request whitelisting: Thread[ajts-to-343,5,Test-Threadgroup] []
[INFO] [main] Thread whitelisted: Thread[ajts-to-343,5,Test-Threadgroup]
[INFO] [main] Request uninstall
[DEBUG] [main] Validated build configuration regarding trusted package rules, 0 are missing.
[INFO] [main] Request install with ASC-Impl [testMethod=Optional[void de.tum.in.test.integration.testuser.ReflectionTestUtilsUser.testGetConstructor_noSuchMethod()], executionPath=/Users/markuspaulsen/Documents/UniPHD/ChristianFemers/GIT, whitelistedPaths=Optional[[PathRule["" (STARTS_WITH) in WHITELIST; level READ]]], blacklistedPaths=[], allowedLocalPorts=[], trustedPackages=[]]
[INFO] [main] Request whitelisting: Thread[ajts-to-344,5,Test-Threadgroup] []
[INFO] [main] Thread whitelisted: Thread[ajts-to-344,5,Test-Threadgroup]
[INFO] [main] Request uninstall
[DEBUG] [main] Validated build configuration regarding trusted package rules, 0 are missing.
[INFO] [main] Request install with ASC-Impl [testMethod=Optional.empty, executionPath=/Users/markuspaulsen/Documents/UniPHD/ChristianFemers/GIT, whitelistedPaths=Optional[[PathRule["" (STARTS_WITH) in WHITELIST; level READ]]], blacklistedPaths=[], allowedLocalPorts=[], trustedPackages=[]]
[INFO] [main] Request whitelisting: Thread[ajts-to-345,5,Test-Threadgroup] []
[INFO] [main] Thread whitelisted: Thread[ajts-to-345,5,Test-Threadgroup]
[INFO] [main] Request uninstall
[DEBUG] [main] Validated build configuration regarding trusted package rules, 0 are missing.
[INFO] [main] Request install with ASC-Impl [testMethod=Optional[void de.tum.in.test.integration.testuser.ReflectionTestUtilsUser.testNewInstanceRethrowing_invocationTarget() throws java.lang.Throwable], executionPath=/Users/markuspaulsen/Documents/UniPHD/ChristianFemers/GIT, whitelistedPaths=Optional[[PathRule["" (STARTS_WITH) in WHITELIST; level READ]]], blacklistedPaths=[], allowedLocalPorts=[], trustedPackages=[]]
[INFO] [main] Request whitelisting: Thread[ajts-to-346,5,Test-Threadgroup] []
[INFO] [main] Thread whitelisted: Thread[ajts-to-346,5,Test-Threadgroup]
[INFO] [main] Request uninstall
[DEBUG] [main] Validated build configuration regarding trusted package rules, 0 are missing.
[INFO] [main] Request install with ASC-Impl [testMethod=Optional.empty, executionPath=/Users/markuspaulsen/Documents/UniPHD/ChristianFemers/GIT, whitelistedPaths=Optional[[PathRule["" (STARTS_WITH) in WHITELIST; level READ]]], blacklistedPaths=[], allowedLocalPorts=[], trustedPackages=[]]
[INFO] [main] Request whitelisting: Thread[ajts-to-347,5,Test-Threadgroup] []
[INFO] [main] Thread whitelisted: Thread[ajts-to-347,5,Test-Threadgroup]
[INFO] [main] Request uninstall
[DEBUG] [main] Validated build configuration regarding trusted package rules, 0 are missing.
[INFO] [main] Request install with ASC-Impl [testMethod=Optional[void de.tum.in.test.integration.testuser.ReflectionTestUtilsUser.testNewInstance_success()], executionPath=/Users/markuspaulsen/Documents/UniPHD/ChristianFemers/GIT, whitelistedPaths=Optional[[PathRule["" (STARTS_WITH) in WHITELIST; level READ]]], blacklistedPaths=[], allowedLocalPorts=[], trustedPackages=[]]
[INFO] [main] Request whitelisting: Thread[ajts-to-348,5,Test-Threadgroup] []
[INFO] [main] Thread whitelisted: Thread[ajts-to-348,5,Test-Threadgroup]
[INFO] [main] Request uninstall
[DEBUG] [main] Validated build configuration regarding trusted package rules, 0 are missing.
[INFO] [main] Request install with ASC-Impl [testMethod=Optional.empty, executionPath=/Users/markuspaulsen/Documents/UniPHD/ChristianFemers/GIT, whitelistedPaths=Optional[[PathRule["" (STARTS_WITH) in WHITELIST; level READ]]], blacklistedPaths=[], allowedLocalPorts=[], trustedPackages=[]]
[INFO] [main] Request whitelisting: Thread[ajts-to-349,5,Test-Threadgroup] []
[INFO] [main] Thread whitelisted: Thread[ajts-to-349,5,Test-Threadgroup]
[INFO] [main] Request uninstall
[DEBUG] [main] Validated build configuration regarding trusted package rules, 0 are missing.
[INFO] [main] Request install with ASC-Impl [testMethod=Optional[void de.tum.in.test.integration.testuser.ReflectionTestUtilsUser.testInvokeMethod_classNotVisible()], executionPath=/Users/markuspaulsen/Documents/UniPHD/ChristianFemers/GIT, whitelistedPaths=Optional[[PathRule["" (STARTS_WITH) in WHITELIST; level READ]]], blacklistedPaths=[], allowedLocalPorts=[], trustedPackages=[]]
[INFO] [main] Request whitelisting: Thread[ajts-to-350,5,Test-Threadgroup] []
[INFO] [main] Thread whitelisted: Thread[ajts-to-350,5,Test-Threadgroup]
[INFO] [main] Request uninstall
]]></system-err>
  </testcase>
  <testcase name="test_invokePrivateMethodByName_success" classname="de.tum.in.test.integration.ReflectionTestUtilsTest" time="0"/>
  <testcase name="test_testGetConstructor_noSuchMethod" classname="de.tum.in.test.integration.ReflectionTestUtilsTest" time="0.001"/>
  <testcase name="test_testGetConstructor_success" classname="de.tum.in.test.integration.ReflectionTestUtilsTest" time="0.001"/>
  <testcase name="test_testGetMethod_noMethodName" classname="de.tum.in.test.integration.ReflectionTestUtilsTest" time="0.001"/>
  <testcase name="test_testGetMethod_noSuchMethod_noParameters" classname="de.tum.in.test.integration.ReflectionTestUtilsTest" time="0"/>
  <testcase name="test_testGetMethod_noSuchMethod_withParameters" classname="de.tum.in.test.integration.ReflectionTestUtilsTest" time="0"/>
  <testcase name="test_testGetMethod_success" classname="de.tum.in.test.integration.ReflectionTestUtilsTest" time="0.001"/>
  <testcase name="test_testGetNonPublicConstructor_noSuchMethod" classname="de.tum.in.test.integration.ReflectionTestUtilsTest" time="0.001"/>
  <testcase name="test_testInvokeMethodRethrowing_illegalAccess" classname="de.tum.in.test.integration.ReflectionTestUtilsTest" time="0.001"/>
  <testcase name="test_testInvokeMethodRethrowing_illegalArgument" classname="de.tum.in.test.integration.ReflectionTestUtilsTest" time="0.001"/>
  <testcase name="test_testInvokeMethodRethrowing_nullPointer" classname="de.tum.in.test.integration.ReflectionTestUtilsTest" time="0.001"/>
  <testcase name="test_testInvokeMethod_classNotVisible" classname="de.tum.in.test.integration.ReflectionTestUtilsTest" time="0"/>
  <testcase name="test_testInvokeMethod_invocationTarget" classname="de.tum.in.test.integration.ReflectionTestUtilsTest" time="0.001"/>
  <testcase name="test_testInvokePrivateMethodRethrowing_success" classname="de.tum.in.test.integration.ReflectionTestUtilsTest" time="0"/>
  <testcase name="test_testNewInstanceFromNonPublicConstructorRethrowing_success" classname="de.tum.in.test.integration.ReflectionTestUtilsTest" time="0.001"/>
  <testcase name="test_testNewInstancePrivateConstructor_success" classname="de.tum.in.test.integration.ReflectionTestUtilsTest" time="0"/>
  <testcase name="test_testNewInstanceRethrowing_invocationTarget" classname="de.tum.in.test.integration.ReflectionTestUtilsTest" time="0.001"/>
  <testcase name="test_testNewInstance_classNotFound" classname="de.tum.in.test.integration.ReflectionTestUtilsTest" time="0.001"/>
  <testcase name="test_testNewInstance_classNotVisible" classname="de.tum.in.test.integration.ReflectionTestUtilsTest" time="0.002"/>
  <testcase name="test_testNewInstance_exceptionInInitializer" classname="de.tum.in.test.integration.ReflectionTestUtilsTest" time="0.001"/>
  <testcase name="test_testNewInstance_illegalAccess" classname="de.tum.in.test.integration.ReflectionTestUtilsTest" time="0.001"/>
  <testcase name="test_testNewInstance_illegalArguments" classname="de.tum.in.test.integration.ReflectionTestUtilsTest" time="0"/>
  <testcase name="test_testNewInstance_instantiation" classname="de.tum.in.test.integration.ReflectionTestUtilsTest" time="0"/>
  <testcase name="test_testNewInstance_invocationTarget" classname="de.tum.in.test.integration.ReflectionTestUtilsTest" time="0.001"/>
  <testcase name="test_testNewInstance_noSuchMethod" classname="de.tum.in.test.integration.ReflectionTestUtilsTest" time="0.001"/>
  <testcase name="test_testNewInstance_success" classname="de.tum.in.test.integration.ReflectionTestUtilsTest" time="0.001"/>
  <testcase name="test_testSetValueOfAttribute_final" classname="de.tum.in.test.integration.ReflectionTestUtilsTest" time="0"/>
  <testcase name="test_testSetValueOfAttribute_illegalAccess" classname="de.tum.in.test.integration.ReflectionTestUtilsTest" time="0.001"/>
  <testcase name="test_testSetValueOfAttribute_success" classname="de.tum.in.test.integration.ReflectionTestUtilsTest" time="0.001"/>
  <testcase name="test_testSetValueOfNonPublicAttribute_final" classname="de.tum.in.test.integration.ReflectionTestUtilsTest" time="0.001"/>
  <testcase name="test_testSetValueOfNonPublicAttribute_success" classname="de.tum.in.test.integration.ReflectionTestUtilsTest" time="0"/>
  <testcase name="test_testValueForAttribute_classNotVisible" classname="de.tum.in.test.integration.ReflectionTestUtilsTest" time="0.001"/>
  <testcase name="test_testValueForAttribute_illegalAccess" classname="de.tum.in.test.integration.ReflectionTestUtilsTest" time="0.001"/>
  <testcase name="test_testValueForAttribute_noSuchField" classname="de.tum.in.test.integration.ReflectionTestUtilsTest" time="0.001"/>
  <testcase name="test_testValueForAttribute_success" classname="de.tum.in.test.integration.ReflectionTestUtilsTest" time="0.001"/>
  <testcase name="test_testValueForPrivateAttribute_success" classname="de.tum.in.test.integration.ReflectionTestUtilsTest" time="0.001"/>
</testsuite>