<?xml version="1.0" encoding="UTF-8"?>
<testsuite xmlns:xsi="http://www.w3.org/2001/XMLSchema-instance" xsi:noNamespaceSchemaLocation="https://maven.apache.org/surefire/maven-surefire-plugin/xsd/surefire-test-report-3.0.xsd" version="3.0" name="de.tum.in.test.integration.ThreadTest" time="1.63" tests="8" errors="0" skipped="1" failures="0">
  <properties>
[...]
</properties>
  <testcase name="test_commonPoolInterruptable" classname="de.tum.in.test.integration.ThreadTest" time="0.004">
    <system-out><![CDATA[Thread[Reference Handler,10,system]
Thread[Finalizer,8,system]
Thread[Signal Dispatcher,9,system]
Thread[Notification Thread,9,system]
Thread[main,5,main]
Thread[surefire-forkedjvm-stream-flusher,5,main]
Thread[surefire-forkedjvm-command-thread,5,main]
Thread[ForkJoinPool.commonPool-worker-1,5,main]
Thread[ForkJoinPool.commonPool-worker-2,5,main]
Thread[ForkJoinPool.commonPool-worker-3,5,main]
Thread[ForkJoinPool.commonPool-worker-4,5,main]
Thread[ForkJoinPool.commonPool-worker-5,5,main]
Thread[ForkJoinPool.commonPool-worker-6,5,main]
Thread[ForkJoinPool.commonPool-worker-7,5,main]
Thread[ajts-to-401,5,main]
Thread[ajts-to-407,5,main]
Thread[Common-Cleaner,8,InnocuousThreadGroup]
]]></system-out>
    <system-err><![CDATA[[DEBUG] [main] Validated build configuration regarding trusted package rules, 0 are missing.
[INFO] [main] Request install with ASC-Impl [testMethod=Optional.empty, executionPath=/Users/markuspaulsen/Documents/UniPHD/ChristianFemers/GIT, whitelistedPaths=Optional[[PathRule["{target,build}/**" (GLOB) in WHITELIST; level READ]]], blacklistedPaths=[PathRule["**Test*.{java,class}" (GLOB) in BLACKLIST; level READ]], allowedLocalPorts=[], trustedPackages=[]]
[INFO] [main] Request whitelisting: Thread[ajts-to-520,5,Test-Threadgroup] []
[INFO] [main] Thread whitelisted: Thread[ajts-to-520,5,Test-Threadgroup]
[INFO] [main] Request uninstall
[DEBUG] [main] Validated build configuration regarding trusted package rules, 0 are missing.
[INFO] [main] Request install with ASC-Impl [testMethod=Optional[void de.tum.in.test.integration.testuser.ThreadUser.commonPoolInterruptable() throws java.lang.InterruptedException,java.util.concurrent.ExecutionException], executionPath=/Users/markuspaulsen/Documents/UniPHD/ChristianFemers/GIT, whitelistedPaths=Optional[[PathRule["{target,build}/**" (GLOB) in WHITELIST; level READ]]], blacklistedPaths=[PathRule["**Test*.{java,class}" (GLOB) in BLACKLIST; level READ]], allowedLocalPorts=[], trustedPackages=[]]
[INFO] [main] Request whitelisting: Thread[ajts-to-521,5,Test-Threadgroup] []
[INFO] [main] Thread whitelisted: Thread[ajts-to-521,5,Test-Threadgroup]
[INFO] [main] Request uninstall
[DEBUG] [main] State RUNNABLE after interrupt and join of Thread[ajts-to-521,5,Test-Threadgroup]
[DEBUG] [main] Try 1 to stop Thread[ajts-to-521,5,Test-Threadgroup], state: RUNNABLE
[DEBUG] [main] Common pool is active: true with number 1 workers
[INFO] [main] Try interrupt common pool
[INFO] [main] Interrupting non-whitelsited code executing common pool worker: Thread[ForkJoinPool.commonPool-worker-3,5,main]
[DEBUG] [main] Validated build configuration regarding trusted package rules, 0 are missing.
[INFO] [main] Request install with ASC-Impl [testMethod=Optional.empty, executionPath=/Users/markuspaulsen/Documents/UniPHD/ChristianFemers/GIT, whitelistedPaths=Optional[[PathRule["{target,build}/**" (GLOB) in WHITELIST; level READ]]], blacklistedPaths=[PathRule["**Test*.{java,class}" (GLOB) in BLACKLIST; level READ]], allowedLocalPorts=[], trustedPackages=[]]
[INFO] [main] Request whitelisting: Thread[ajts-to-522,5,Test-Threadgroup] []
[INFO] [main] Thread whitelisted: Thread[ajts-to-522,5,Test-Threadgroup]
[INFO] [main] Request uninstall
[DEBUG] [main] Validated build configuration regarding trusted package rules, 0 are missing.
[INFO] [main] Request install with ASC-Impl [testMethod=Optional.empty, executionPath=/Users/markuspaulsen/Documents/UniPHD/ChristianFemers/GIT, whitelistedPaths=Optional[[PathRule["{target,build}/**" (GLOB) in WHITELIST; level READ]]], blacklistedPaths=[PathRule["**Test*.{java,class}" (GLOB) in BLACKLIST; level READ]], allowedLocalPorts=[], trustedPackages=[]]
[INFO] [main] Request whitelisting: Thread[ajts-to-523,5,Test-Threadgroup] []
[INFO] [main] Thread whitelisted: Thread[ajts-to-523,5,Test-Threadgroup]
[INFO] [main] Request uninstall
[DEBUG] [main] Validated build configuration regarding trusted package rules, 0 are missing.
[INFO] [main] Request install with ASC-Impl [testMethod=Optional[void de.tum.in.test.integration.testuser.ThreadUser.testThreadExtension() throws java.lang.Throwable], executionPath=/Users/markuspaulsen/Documents/UniPHD/ChristianFemers/GIT, whitelistedPaths=Optional[[PathRule["{target,build}/**" (GLOB) in WHITELIST; level READ]]], blacklistedPaths=[PathRule["**Test*.{java,class}" (GLOB) in BLACKLIST; level READ]], allowedLocalPorts=[], trustedPackages=[]]
[INFO] [main] Request whitelisting: Thread[ajts-to-524,5,Test-Threadgroup] []
[INFO] [main] Thread whitelisted: Thread[ajts-to-524,5,Test-Threadgroup]
[INFO] [main] Request uninstall
[DEBUG] [main] Validated build configuration regarding trusted package rules, 0 are missing.
[INFO] [main] Request install with ASC-Impl [testMethod=Optional.empty, executionPath=/Users/markuspaulsen/Documents/UniPHD/ChristianFemers/GIT, whitelistedPaths=Optional[[PathRule["{target,build}/**" (GLOB) in WHITELIST; level READ]]], blacklistedPaths=[PathRule["**Test*.{java,class}" (GLOB) in BLACKLIST; level READ]], allowedLocalPorts=[], trustedPackages=[]]
[INFO] [main] Request whitelisting: Thread[ajts-to-525,5,Test-Threadgroup] []
[INFO] [main] Thread whitelisted: Thread[ajts-to-525,5,Test-Threadgroup]
[INFO] [main] Request uninstall
[DEBUG] [main] Validated build configuration regarding trusted package rules, 0 are missing.
[INFO] [main] Request install with ASC-Impl [testMethod=Optional[void de.tum.in.test.integration.testuser.ThreadUser.testThreadGroup()], executionPath=/Users/markuspaulsen/Documents/UniPHD/ChristianFemers/GIT, whitelistedPaths=Optional[[PathRule["{target,build}/**" (GLOB) in WHITELIST; level READ]]], blacklistedPaths=[PathRule["**Test*.{java,class}" (GLOB) in BLACKLIST; level READ]], allowedLocalPorts=[], trustedPackages=[]]
[INFO] [main] Request whitelisting: Thread[ajts-to-526,5,Test-Threadgroup] []
[INFO] [main] Thread whitelisted: Thread[ajts-to-526,5,Test-Threadgroup]
[WARN] [ajts-to-526] NWSFs ==> [de.tum.in.test.integration.testuser.subject.ThreadPenguin.tryBreakThreadGroup(ThreadPenguin.java:42)]
[INFO] [main] Request uninstall
[DEBUG] [main] Validated build configuration regarding trusted package rules, 0 are missing.
[INFO] [main] Request install with ASC-Impl [testMethod=Optional.empty, executionPath=/Users/markuspaulsen/Documents/UniPHD/ChristianFemers/GIT, whitelistedPaths=Optional[[PathRule["{target,build}/**" (GLOB) in WHITELIST; level READ]]], blacklistedPaths=[PathRule["**Test*.{java,class}" (GLOB) in BLACKLIST; level READ]], allowedLocalPorts=[], trustedPackages=[]]
[INFO] [main] Request whitelisting: Thread[ajts-to-527,5,Test-Threadgroup] []
[INFO] [main] Thread whitelisted: Thread[ajts-to-527,5,Test-Threadgroup]
[INFO] [main] Request uninstall
[DEBUG] [main] Validated build configuration regarding trusted package rules, 0 are missing.
[INFO] [main] Request install with ASC-Impl [testMethod=Optional[void de.tum.in.test.integration.testuser.ThreadUser.threadLimitExceeded() throws java.lang.Throwable], executionPath=/Users/markuspaulsen/Documents/UniPHD/ChristianFemers/GIT, whitelistedPaths=Optional[[PathRule["{target,build}/**" (GLOB) in WHITELIST; level READ]]], blacklistedPaths=[PathRule["**Test*.{java,class}" (GLOB) in BLACKLIST; level READ]], allowedLocalPorts=[], trustedPackages=[]]
[INFO] [main] Request whitelisting: Thread[ajts-to-528,5,Test-Threadgroup] []
[INFO] [main] Thread whitelisted: Thread[ajts-to-528,5,Test-Threadgroup]
[WARN] [ajts-to-528] NWSFs ==> [de.tum.in.test.integration.testuser.subject.ThreadPenguin.tryStartTwoThreads(ThreadPenguin.java:36)]
[INFO] [main] Request uninstall
[DEBUG] [main] State TERMINATED after interrupt and join of Thread[Thread-2,5,]
[DEBUG] [main] Validated build configuration regarding trusted package rules, 0 are missing.
[INFO] [main] Request install with ASC-Impl [testMethod=Optional.empty, executionPath=/Users/markuspaulsen/Documents/UniPHD/ChristianFemers/GIT, whitelistedPaths=Optional[[PathRule["{target,build}/**" (GLOB) in WHITELIST; level READ]]], blacklistedPaths=[PathRule["**Test*.{java,class}" (GLOB) in BLACKLIST; level READ]], allowedLocalPorts=[], trustedPackages=[]]
[INFO] [main] Request whitelisting: Thread[ajts-to-529,5,Test-Threadgroup] []
[INFO] [main] Thread whitelisted: Thread[ajts-to-529,5,Test-Threadgroup]
[INFO] [main] Request uninstall
[DEBUG] [main] Validated build configuration regarding trusted package rules, 0 are missing.
[INFO] [main] Request install with ASC-Impl [testMethod=Optional[void de.tum.in.test.integration.testuser.ThreadUser.threadWhitelistingWithPathCorrect() throws java.lang.Throwable], executionPath=/Users/markuspaulsen/Documents/UniPHD/ChristianFemers/GIT, whitelistedPaths=Optional[[PathRule["{target,build}/**" (GLOB) in WHITELIST; level READ]]], blacklistedPaths=[PathRule["**Test*.{java,class}" (GLOB) in BLACKLIST; level READ]], allowedLocalPorts=[], trustedPackages=[]]
[INFO] [main] Request whitelisting: Thread[ajts-to-530,5,Test-Threadgroup] []
[INFO] [main] Thread whitelisted: Thread[ajts-to-530,5,Test-Threadgroup]
[INFO] [ajts-to-530] Request whitelisting: Thread[Thread-4,5,Test-Threadgroup] [Thread[ajts-to-530,5,Test-Threadgroup]]
[INFO] [ajts-to-530] Thread whitelisted: Thread[Thread-4,5,Test-Threadgroup]
[INFO] [main] Request uninstall
[DEBUG] [main] Validated build configuration regarding trusted package rules, 0 are missing.
[INFO] [main] Request install with ASC-Impl [testMethod=Optional.empty, executionPath=/Users/markuspaulsen/Documents/UniPHD/ChristianFemers/GIT, whitelistedPaths=Optional[[PathRule["{target,build}/**" (GLOB) in WHITELIST; level READ]]], blacklistedPaths=[PathRule["**Test*.{java,class}" (GLOB) in BLACKLIST; level READ]], allowedLocalPorts=[], trustedPackages=[]]
[INFO] [main] Request whitelisting: Thread[ajts-to-531,5,Test-Threadgroup] []
[INFO] [main] Thread whitelisted: Thread[ajts-to-531,5,Test-Threadgroup]
[INFO] [main] Request uninstall
[DEBUG] [main] Validated build configuration regarding trusted package rules, 0 are missing.
[INFO] [main] Request install with ASC-Impl [testMethod=Optional[void de.tum.in.test.integration.testuser.ThreadUser.threadWhitelistingWithPathFail() throws java.lang.Throwable], executionPath=/Users/markuspaulsen/Documents/UniPHD/ChristianFemers/GIT, whitelistedPaths=Optional[[PathRule["{target,build}/**" (GLOB) in WHITELIST; level READ]]], blacklistedPaths=[PathRule["**Test*.{java,class}" (GLOB) in BLACKLIST; level READ]], allowedLocalPorts=[], trustedPackages=[]]
[INFO] [main] Request whitelisting: Thread[ajts-to-532,5,Test-Threadgroup] []
[INFO] [main] Thread whitelisted: Thread[ajts-to-532,5,Test-Threadgroup]
[WARN] [Thread-5] NWSFs ==> [de.tum.in.test.api.security.ArtemisSecurityManager.getNonWhitelistedStackFrames(ArtemisSecurityManager.java:488), de.tum.in.test.api.security.ArtemisSecurityManager.getNonWhitelistedStackFrames(ArtemisSecurityManager.java:479), de.tum.in.test.api.security.ArtemisSecurityManager.checkForNonWhitelistedStackFrames(ArtemisSecurityManager.java:456), de.tum.in.test.api.security.ArtemisSecurityManager.checkPathAccess(ArtemisSecurityManager.java:382), de.tum.in.test.api.security.ArtemisSecurityManager.checkPermission(ArtemisSecurityManager.java:340), java.base/java.lang.SecurityManager.checkWrite(SecurityManager.java:847), java.base/java.io.File.canWrite(File.java:805), de.tum.in.test.integration.testuser.ThreadUser.lambda$threadWhitelistingWithPathFail$4(ThreadUser.java:85), java.base/java.lang.Thread.run(Thread.java:833)]
[WARN] [Thread-5] BAD PATH ACCESS: pom.xml (BL:false, WL:false)
[INFO] [main] Request uninstall
[DEBUG] [main] Validated build configuration regarding trusted package rules, 0 are missing.
[INFO] [main] Request install with ASC-Impl [testMethod=Optional.empty, executionPath=/Users/markuspaulsen/Documents/UniPHD/ChristianFemers/GIT, whitelistedPaths=Optional[[PathRule["{target,build}/**" (GLOB) in WHITELIST; level READ]]], blacklistedPaths=[PathRule["**Test*.{java,class}" (GLOB) in BLACKLIST; level READ]], allowedLocalPorts=[], trustedPackages=[]]
[INFO] [main] Request whitelisting: Thread[ajts-to-533,5,Test-Threadgroup] []
[INFO] [main] Thread whitelisted: Thread[ajts-to-533,5,Test-Threadgroup]
[INFO] [main] Request uninstall
[DEBUG] [main] Validated build configuration regarding trusted package rules, 0 are missing.
[INFO] [main] Request install with ASC-Impl [testMethod=Optional[void de.tum.in.test.integration.testuser.ThreadUser.threadWhitelistingWithPathPenguin() throws java.lang.Throwable], executionPath=/Users/markuspaulsen/Documents/UniPHD/ChristianFemers/GIT, whitelistedPaths=Optional[[PathRule["{target,build}/**" (GLOB) in WHITELIST; level READ]]], blacklistedPaths=[PathRule["**Test*.{java,class}" (GLOB) in BLACKLIST; level READ]], allowedLocalPorts=[], trustedPackages=[]]
[INFO] [main] Request whitelisting: Thread[ajts-to-534,5,Test-Threadgroup] []
[INFO] [main] Thread whitelisted: Thread[ajts-to-534,5,Test-Threadgroup]
[INFO] [ajts-to-534] Request whitelisting: Thread[Thread-6,5,Test-Threadgroup] [Thread[ajts-to-534,5,Test-Threadgroup]]
[INFO] [ajts-to-534] Thread whitelisted: Thread[Thread-6,5,Test-Threadgroup]
[WARN] [Thread-6] NWSFs ==> [de.tum.in.test.integration.testuser.subject.ThreadPenguin.lambda$tryThreadWhitelisting$3(ThreadPenguin.java:66)]
[WARN] [Thread-6] BAD PATH ACCESS: pom.xml (BL:false, WL:false)
[INFO] [main] Request uninstall
]]></system-err>
  </testcase>
  <testcase name="test_testThreadBomb" classname="de.tum.in.test.integration.ThreadTest" time="0">
    <skipped message="Currently unused because this is very inconsistent depending on the CI environment"/>
  </testcase>
  <testcase name="test_testThreadExtension" classname="de.tum.in.test.integration.ThreadTest" time="0.003"/>
  <testcase name="test_testThreadGroup" classname="de.tum.in.test.integration.ThreadTest" time="0.001"/>
  <testcase name="test_threadLimitExceeded" classname="de.tum.in.test.integration.ThreadTest" time="0.001"/>
  <testcase name="test_threadWhitelistingWithPathCorrect" classname="de.tum.in.test.integration.ThreadTest" time="0.001"/>
  <testcase name="test_threadWhitelistingWithPathFail" classname="de.tum.in.test.integration.ThreadTest" time="0.001"/>
  <testcase name="test_threadWhitelistingWithPathPenguin" classname="de.tum.in.test.integration.ThreadTest" time="0.001"/>
</testsuite>