<?xml version="1.0" encoding="UTF-8"?>
<testsuite xmlns:xsi="http://www.w3.org/2001/XMLSchema-instance" xsi:noNamespaceSchemaLocation="https://maven.apache.org/surefire/maven-surefire-plugin/xsd/surefire-test-report-3.0.xsd" version="3.0" name="de.tum.in.test.integration.InputOutputTest" time="0.952" tests="12" errors="0" skipped="0" failures="0">
  <properties>
[...]
</properties>
  <testcase name="test_customStringBuilderManager" classname="de.tum.in.test.integration.InputOutputTest" time="0.001">
    <system-err><![CDATA[[DEBUG] [main] Validated build configuration regarding trusted package rules, 0 are missing.
[INFO] [main] Request install with ASC-Impl [testMethod=Optional.empty, executionPath=/Users/markuspaulsen/Documents/UniPHD/ChristianFemers/GIT, whitelistedPaths=Optional[[PathRule["target/**" (GLOB) in WHITELIST; level READ]]], blacklistedPaths=[PathRule["**Test*.{java,class}" (GLOB) in BLACKLIST; level READ]], allowedLocalPorts=[], trustedPackages=[]]
[INFO] [main] Request whitelisting: Thread[ajts-to-181,5,Test-Threadgroup] []
[INFO] [main] Thread whitelisted: Thread[ajts-to-181,5,Test-Threadgroup]
[INFO] [main] Request uninstall
[DEBUG] [main] Validated build configuration regarding trusted package rules, 0 are missing.
[INFO] [main] Request install with ASC-Impl [testMethod=Optional[void de.tum.in.test.integration.testuser.InputOutputUser.customStringBuilderManager(java.lang.StringBuilder)], executionPath=/Users/markuspaulsen/Documents/UniPHD/ChristianFemers/GIT, whitelistedPaths=Optional[[PathRule["target/**" (GLOB) in WHITELIST; level READ]]], blacklistedPaths=[PathRule["**Test*.{java,class}" (GLOB) in BLACKLIST; level READ]], allowedLocalPorts=[], trustedPackages=[]]
[INFO] [main] Request whitelisting: Thread[ajts-to-182,5,Test-Threadgroup] []
[INFO] [main] Thread whitelisted: Thread[ajts-to-182,5,Test-Threadgroup]
[INFO] [main] Request uninstall
[DEBUG] [main] Validated build configuration regarding trusted package rules, 0 are missing.
[INFO] [main] Request install with ASC-Impl [testMethod=Optional.empty, executionPath=/Users/markuspaulsen/Documents/UniPHD/ChristianFemers/GIT, whitelistedPaths=Optional[[PathRule["target/**" (GLOB) in WHITELIST; level READ]]], blacklistedPaths=[PathRule["**Test*.{java,class}" (GLOB) in BLACKLIST; level READ]], allowedLocalPorts=[], trustedPackages=[]]
[INFO] [main] Request whitelisting: Thread[ajts-to-183,5,Test-Threadgroup] []
[INFO] [main] Thread whitelisted: Thread[ajts-to-183,5,Test-Threadgroup]
[INFO] [main] Request uninstall
[DEBUG] [main] Validated build configuration regarding trusted package rules, 0 are missing.
[INFO] [main] Request install with ASC-Impl [testMethod=Optional[void de.tum.in.test.integration.testuser.InputOutputUser.makeUTF8Error() throws java.io.IOException], executionPath=/Users/markuspaulsen/Documents/UniPHD/ChristianFemers/GIT, whitelistedPaths=Optional[[PathRule["target/**" (GLOB) in WHITELIST; level READ]]], blacklistedPaths=[PathRule["**Test*.{java,class}" (GLOB) in BLACKLIST; level READ]], allowedLocalPorts=[], trustedPackages=[]]
[INFO] [main] Request whitelisting: Thread[ajts-to-184,5,Test-Threadgroup] []
[INFO] [main] Thread whitelisted: Thread[ajts-to-184,5,Test-Threadgroup]
[INFO] [main] Request uninstall
[DEBUG] [main] Validated build configuration regarding trusted package rules, 0 are missing.
[INFO] [main] Request install with ASC-Impl [testMethod=Optional.empty, executionPath=/Users/markuspaulsen/Documents/UniPHD/ChristianFemers/GIT, whitelistedPaths=Optional[[PathRule["target/**" (GLOB) in WHITELIST; level READ]]], blacklistedPaths=[PathRule["**Test*.{java,class}" (GLOB) in BLACKLIST; level READ]], allowedLocalPorts=[], trustedPackages=[]]
[INFO] [main] Request whitelisting: Thread[ajts-to-185,5,Test-Threadgroup] []
[INFO] [main] Thread whitelisted: Thread[ajts-to-185,5,Test-Threadgroup]
[INFO] [main] Request uninstall
[DEBUG] [main] Validated build configuration regarding trusted package rules, 0 are missing.
[INFO] [main] Request install with ASC-Impl [testMethod=Optional.empty, executionPath=/Users/markuspaulsen/Documents/UniPHD/ChristianFemers/GIT, whitelistedPaths=Optional[[PathRule["target/**" (GLOB) in WHITELIST; level READ]]], blacklistedPaths=[PathRule["**Test*.{java,class}" (GLOB) in BLACKLIST; level READ]], allowedLocalPorts=[], trustedPackages=[]]
[INFO] [main] Request whitelisting: Thread[ajts-to-186,5,Test-Threadgroup] []
[INFO] [main] Thread whitelisted: Thread[ajts-to-186,5,Test-Threadgroup]
[INFO] [main] Request uninstall
[DEBUG] [main] Validated build configuration regarding trusted package rules, 0 are missing.
[INFO] [main] Request install with ASC-Impl [testMethod=Optional[void de.tum.in.test.integration.testuser.InputOutputUser.testLinesMatch(de.tum.in.test.api.io.IOTester)], executionPath=/Users/markuspaulsen/Documents/UniPHD/ChristianFemers/GIT, whitelistedPaths=Optional[[PathRule["target/**" (GLOB) in WHITELIST; level READ]]], blacklistedPaths=[PathRule["**Test*.{java,class}" (GLOB) in BLACKLIST; level READ]], allowedLocalPorts=[], trustedPackages=[]]
[INFO] [main] Request whitelisting: Thread[ajts-to-187,5,Test-Threadgroup] []
[INFO] [main] Thread whitelisted: Thread[ajts-to-187,5,Test-Threadgroup]
[INFO] [main] Request uninstall
[DEBUG] [main] Validated build configuration regarding trusted package rules, 0 are missing.
[INFO] [main] Request install with ASC-Impl [testMethod=Optional.empty, executionPath=/Users/markuspaulsen/Documents/UniPHD/ChristianFemers/GIT, whitelistedPaths=Optional[[PathRule["target/**" (GLOB) in WHITELIST; level READ]]], blacklistedPaths=[PathRule["**Test*.{java,class}" (GLOB) in BLACKLIST; level READ]], allowedLocalPorts=[], trustedPackages=[]]
[INFO] [main] Request whitelisting: Thread[ajts-to-188,5,Test-Threadgroup] []
[INFO] [main] Thread whitelisted: Thread[ajts-to-188,5,Test-Threadgroup]
[INFO] [main] Request uninstall
[DEBUG] [main] Validated build configuration regarding trusted package rules, 0 are missing.
[INFO] [main] Request install with ASC-Impl [testMethod=Optional[void de.tum.in.test.integration.testuser.InputOutputUser.testPenguin1(de.tum.in.test.api.io.IOTester)], executionPath=/Users/markuspaulsen/Documents/UniPHD/ChristianFemers/GIT, whitelistedPaths=Optional[[PathRule["target/**" (GLOB) in WHITELIST; level READ]]], blacklistedPaths=[PathRule["**Test*.{java,class}" (GLOB) in BLACKLIST; level READ]], allowedLocalPorts=[], trustedPackages=[]]
[INFO] [main] Request whitelisting: Thread[ajts-to-189,5,Test-Threadgroup] []
[INFO] [main] Thread whitelisted: Thread[ajts-to-189,5,Test-Threadgroup]
[INFO] [main] Request uninstall
[DEBUG] [main] Validated build configuration regarding trusted package rules, 0 are missing.
[INFO] [main] Request install with ASC-Impl [testMethod=Optional.empty, executionPath=/Users/markuspaulsen/Documents/UniPHD/ChristianFemers/GIT, whitelistedPaths=Optional[[PathRule["target/**" (GLOB) in WHITELIST; level READ]]], blacklistedPaths=[PathRule["**Test*.{java,class}" (GLOB) in BLACKLIST; level READ]], allowedLocalPorts=[], trustedPackages=[]]
[INFO] [main] Request whitelisting: Thread[ajts-to-190,5,Test-Threadgroup] []
[INFO] [main] Thread whitelisted: Thread[ajts-to-190,5,Test-Threadgroup]
[INFO] [main] Request uninstall
[DEBUG] [main] Validated build configuration regarding trusted package rules, 0 are missing.
[INFO] [main] Request install with ASC-Impl [testMethod=Optional[void de.tum.in.test.integration.testuser.InputOutputUser.testPenguin2(de.tum.in.test.api.io.IOTester)], executionPath=/Users/markuspaulsen/Documents/UniPHD/ChristianFemers/GIT, whitelistedPaths=Optional[[PathRule["target/**" (GLOB) in WHITELIST; level READ]]], blacklistedPaths=[PathRule["**Test*.{java,class}" (GLOB) in BLACKLIST; level READ]], allowedLocalPorts=[], trustedPackages=[]]
[INFO] [main] Request whitelisting: Thread[ajts-to-191,5,Test-Threadgroup] []
[INFO] [main] Thread whitelisted: Thread[ajts-to-191,5,Test-Threadgroup]
[INFO] [main] Request uninstall
[DEBUG] [main] Validated build configuration regarding trusted package rules, 0 are missing.
[INFO] [main] Request install with ASC-Impl [testMethod=Optional.empty, executionPath=/Users/markuspaulsen/Documents/UniPHD/ChristianFemers/GIT, whitelistedPaths=Optional[[PathRule["target/**" (GLOB) in WHITELIST; level READ]]], blacklistedPaths=[PathRule["**Test*.{java,class}" (GLOB) in BLACKLIST; level READ]], allowedLocalPorts=[], trustedPackages=[]]
[INFO] [main] Request whitelisting: Thread[ajts-to-192,5,Test-Threadgroup] []
[INFO] [main] Thread whitelisted: Thread[ajts-to-192,5,Test-Threadgroup]
[INFO] [main] Request uninstall
[DEBUG] [main] Validated build configuration regarding trusted package rules, 0 are missing.
[INFO] [main] Request install with ASC-Impl [testMethod=Optional[void de.tum.in.test.integration.testuser.InputOutputUser.testPolarBear(de.tum.in.test.api.io.IOTester)], executionPath=/Users/markuspaulsen/Documents/UniPHD/ChristianFemers/GIT, whitelistedPaths=Optional[[PathRule["target/**" (GLOB) in WHITELIST; level READ]]], blacklistedPaths=[PathRule["**Test*.{java,class}" (GLOB) in BLACKLIST; level READ]], allowedLocalPorts=[], trustedPackages=[]]
[INFO] [main] Request whitelisting: Thread[ajts-to-193,5,Test-Threadgroup] []
[INFO] [main] Thread whitelisted: Thread[ajts-to-193,5,Test-Threadgroup]
[INFO] [main] Request uninstall
[DEBUG] [main] Validated build configuration regarding trusted package rules, 0 are missing.
[INFO] [main] Request install with ASC-Impl [testMethod=Optional.empty, executionPath=/Users/markuspaulsen/Documents/UniPHD/ChristianFemers/GIT, whitelistedPaths=Optional[[PathRule["target/**" (GLOB) in WHITELIST; level READ]]], blacklistedPaths=[PathRule["**Test*.{java,class}" (GLOB) in BLACKLIST; level READ]], allowedLocalPorts=[], trustedPackages=[]]
[INFO] [main] Request whitelisting: Thread[ajts-to-194,5,Test-Threadgroup] []
[INFO] [main] Thread whitelisted: Thread[ajts-to-194,5,Test-Threadgroup]
[INFO] [main] Request uninstall
[DEBUG] [main] Validated build configuration regarding trusted package rules, 0 are missing.
[INFO] [main] Request install with ASC-Impl [testMethod=Optional[void de.tum.in.test.integration.testuser.InputOutputUser.testSquareCorrect(de.tum.in.test.api.io.IOTester)], executionPath=/Users/markuspaulsen/Documents/UniPHD/ChristianFemers/GIT, whitelistedPaths=Optional[[PathRule["target/**" (GLOB) in WHITELIST; level READ]]], blacklistedPaths=[PathRule["**Test*.{java,class}" (GLOB) in BLACKLIST; level READ]], allowedLocalPorts=[], trustedPackages=[]]
[INFO] [main] Request whitelisting: Thread[ajts-to-195,5,Test-Threadgroup] []
[INFO] [main] Thread whitelisted: Thread[ajts-to-195,5,Test-Threadgroup]
[INFO] [main] Request uninstall
[DEBUG] [main] Validated build configuration regarding trusted package rules, 0 are missing.
[INFO] [main] Request install with ASC-Impl [testMethod=Optional.empty, executionPath=/Users/markuspaulsen/Documents/UniPHD/ChristianFemers/GIT, whitelistedPaths=Optional[[PathRule["target/**" (GLOB) in WHITELIST; level READ]]], blacklistedPaths=[PathRule["**Test*.{java,class}" (GLOB) in BLACKLIST; level READ]], allowedLocalPorts=[], trustedPackages=[]]
[INFO] [main] Request whitelisting: Thread[ajts-to-196,5,Test-Threadgroup] []
[INFO] [main] Thread whitelisted: Thread[ajts-to-196,5,Test-Threadgroup]
[INFO] [main] Request uninstall
[DEBUG] [main] Validated build configuration regarding trusted package rules, 0 are missing.
[INFO] [main] Request install with ASC-Impl [testMethod=Optional[void de.tum.in.test.integration.testuser.InputOutputUser.testSquareWrong(de.tum.in.test.api.io.IOTester)], executionPath=/Users/markuspaulsen/Documents/UniPHD/ChristianFemers/GIT, whitelistedPaths=Optional[[PathRule["target/**" (GLOB) in WHITELIST; level READ]]], blacklistedPaths=[PathRule["**Test*.{java,class}" (GLOB) in BLACKLIST; level READ]], allowedLocalPorts=[], trustedPackages=[]]
[INFO] [main] Request whitelisting: Thread[ajts-to-197,5,Test-Threadgroup] []
[INFO] [main] Thread whitelisted: Thread[ajts-to-197,5,Test-Threadgroup]
[INFO] [main] Request uninstall
[DEBUG] [main] Validated build configuration regarding trusted package rules, 0 are missing.
[INFO] [main] Request install with ASC-Impl [testMethod=Optional.empty, executionPath=/Users/markuspaulsen/Documents/UniPHD/ChristianFemers/GIT, whitelistedPaths=Optional[[PathRule["target/**" (GLOB) in WHITELIST; level READ]]], blacklistedPaths=[PathRule["**Test*.{java,class}" (GLOB) in BLACKLIST; level READ]], allowedLocalPorts=[], trustedPackages=[]]
[INFO] [main] Request whitelisting: Thread[ajts-to-198,5,Test-Threadgroup] []
[INFO] [main] Thread whitelisted: Thread[ajts-to-198,5,Test-Threadgroup]
[INFO] [main] Request uninstall
[DEBUG] [main] Validated build configuration regarding trusted package rules, 0 are missing.
[INFO] [main] Request install with ASC-Impl [testMethod=Optional[void de.tum.in.test.integration.testuser.InputOutputUser.testTooManyChars()], executionPath=/Users/markuspaulsen/Documents/UniPHD/ChristianFemers/GIT, whitelistedPaths=Optional[[PathRule["target/**" (GLOB) in WHITELIST; level READ]]], blacklistedPaths=[PathRule["**Test*.{java,class}" (GLOB) in BLACKLIST; level READ]], allowedLocalPorts=[], trustedPackages=[]]
[INFO] [main] Request whitelisting: Thread[ajts-to-199,5,Test-Threadgroup] []
[INFO] [main] Thread whitelisted: Thread[ajts-to-199,5,Test-Threadgroup]
[INFO] [main] Request uninstall
[DEBUG] [main] Validated build configuration regarding trusted package rules, 0 are missing.
[INFO] [main] Request install with ASC-Impl [testMethod=Optional.empty, executionPath=/Users/markuspaulsen/Documents/UniPHD/ChristianFemers/GIT, whitelistedPaths=Optional[[PathRule["target/**" (GLOB) in WHITELIST; level READ]]], blacklistedPaths=[PathRule["**Test*.{java,class}" (GLOB) in BLACKLIST; level READ]], allowedLocalPorts=[], trustedPackages=[]]
[INFO] [main] Request whitelisting: Thread[ajts-to-200,5,Test-Threadgroup] []
[INFO] [main] Thread whitelisted: Thread[ajts-to-200,5,Test-Threadgroup]
[INFO] [main] Request uninstall
[DEBUG] [main] Validated build configuration regarding trusted package rules, 0 are missing.
[INFO] [main] Request install with ASC-Impl [testMethod=Optional[void de.tum.in.test.integration.testuser.InputOutputUser.testTooManyReads(de.tum.in.test.api.io.IOTester)], executionPath=/Users/markuspaulsen/Documents/UniPHD/ChristianFemers/GIT, whitelistedPaths=Optional[[PathRule["target/**" (GLOB) in WHITELIST; level READ]]], blacklistedPaths=[PathRule["**Test*.{java,class}" (GLOB) in BLACKLIST; level READ]], allowedLocalPorts=[], trustedPackages=[]]
[INFO] [main] Request whitelisting: Thread[ajts-to-201,5,Test-Threadgroup] []
[INFO] [main] Thread whitelisted: Thread[ajts-to-201,5,Test-Threadgroup]
[INFO] [main] Request uninstall
[DEBUG] [main] Validated build configuration regarding trusted package rules, 0 are missing.
[INFO] [main] Request install with ASC-Impl [testMethod=Optional.empty, executionPath=/Users/markuspaulsen/Documents/UniPHD/ChristianFemers/GIT, whitelistedPaths=Optional[[PathRule["target/**" (GLOB) in WHITELIST; level READ]]], blacklistedPaths=[PathRule["**Test*.{java,class}" (GLOB) in BLACKLIST; level READ]], allowedLocalPorts=[], trustedPackages=[]]
[INFO] [main] Request whitelisting: Thread[ajts-to-202,5,Test-Threadgroup] []
[INFO] [main] Thread whitelisted: Thread[ajts-to-202,5,Test-Threadgroup]
[INFO] [main] Request uninstall
]]></system-err>
  </testcase>
  <testcase name="test_makeUTF8Error" classname="de.tum.in.test.integration.InputOutputTest" time="0.002"/>
  <testcase name="test_noneManagerInvalidParameter" classname="de.tum.in.test.integration.InputOutputTest" time="0.001"/>
  <testcase name="test_testLinesMatch" classname="de.tum.in.test.integration.InputOutputTest" time="0.001"/>
  <testcase name="test_testPenguin1" classname="de.tum.in.test.integration.InputOutputTest" time="0"/>
  <testcase name="test_testPenguin2" classname="de.tum.in.test.integration.InputOutputTest" time="0.003"/>
  <testcase name="test_testPolarBear" classname="de.tum.in.test.integration.InputOutputTest" time="0.001"/>
  <testcase name="test_testSquareCorrect" classname="de.tum.in.test.integration.InputOutputTest" time="0.001"/>
  <testcase name="test_testSquareWrong" classname="de.tum.in.test.integration.InputOutputTest" time="0.001"/>
  <testcase name="test_testTooManyChars" classname="de.tum.in.test.integration.InputOutputTest" time="0.001"/>
  <testcase name="test_testTooManyReads" classname="de.tum.in.test.integration.InputOutputTest" time="0.002"/>
  <testcase name="test_wrongCustomManager" classname="de.tum.in.test.integration.InputOutputTest" time="0.002"/>
</testsuite>