<?xml version="1.0" encoding="UTF-8"?>
<testsuite xmlns:xsi="http://www.w3.org/2001/XMLSchema-instance" xsi:noNamespaceSchemaLocation="https://maven.apache.org/surefire/maven-surefire-plugin/xsd/surefire-test-report-3.0.xsd" version="3.0" name="de.tum.in.test.integration.StructuralTest" time="5.748" tests="26" errors="0" skipped="0" failures="0">
  <properties>
[...]
</properties>
  <testcase name="test_bothValid" classname="de.tum.in.test.integration.StructuralTest" time="0.001">
    <system-err><![CDATA[[DEBUG] [main] Validated build configuration regarding trusted package rules, 0 are missing.
[INFO] [main] Request install with ASC-Impl [testMethod=Optional.empty, executionPath=/Users/markuspaulsen/Documents/UniPHD/ChristianFemers/GIT, whitelistedPaths=Optional[[PathRule["" (STARTS_WITH) in WHITELIST; level READ]]], blacklistedPaths=[], allowedLocalPorts=[], trustedPackages=[]]
[INFO] [main] Request whitelisting: Thread[ajts-to-416,5,Test-Threadgroup] []
[INFO] [main] Thread whitelisted: Thread[ajts-to-416,5,Test-Threadgroup]
[INFO] [main] Request uninstall
[WARN] [Finalizer] NWSFs ==> [de.tum.in.test.api.security.ArtemisSecurityManager.getNonWhitelistedStackFrames(ArtemisSecurityManager.java:488), de.tum.in.test.api.security.ArtemisSecurityManager.getNonWhitelistedStackFrames(ArtemisSecurityManager.java:479), de.tum.in.test.api.security.ArtemisSecurityManager.checkForNonWhitelistedStackFrames(ArtemisSecurityManager.java:456), de.tum.in.test.api.security.ArtemisSecurityManager.checkAccess(ArtemisSecurityManager.java:261), java.base/java.util.concurrent.ThreadPoolExecutor.checkShutdownAccess(ThreadPoolExecutor.java:758), java.base/java.util.concurrent.ThreadPoolExecutor.shutdown(ThreadPoolExecutor.java:1383), java.base/java.util.concurrent.Executors$DelegatedExecutorService.shutdown(Executors.java:724), java.base/java.util.concurrent.Executors$FinalizableDelegatedExecutorService.finalize(Executors.java:796), java.base/java.lang.System$2.invokeFinalize(System.java:2297), java.base/java.lang.ref.Finalizer.runFinalizer(Finalizer.java:88), java.base/java.lang.ref.Finalizer$FinalizerThread.run(Finalizer.java:173)]
[WARN] [Finalizer] NWSFs ==> [de.tum.in.test.api.security.ArtemisSecurityManager.getNonWhitelistedStackFrames(ArtemisSecurityManager.java:488), de.tum.in.test.api.security.ArtemisSecurityManager.getNonWhitelistedStackFrames(ArtemisSecurityManager.java:479), de.tum.in.test.api.security.ArtemisSecurityManager.checkForNonWhitelistedStackFrames(ArtemisSecurityManager.java:456), de.tum.in.test.api.security.ArtemisSecurityManager.checkAccess(ArtemisSecurityManager.java:261), java.base/java.util.concurrent.ThreadPoolExecutor.checkShutdownAccess(ThreadPoolExecutor.java:758), java.base/java.util.concurrent.ThreadPoolExecutor.shutdown(ThreadPoolExecutor.java:1383), java.base/java.util.concurrent.Executors$DelegatedExecutorService.shutdown(Executors.java:724), java.base/java.util.concurrent.Executors$FinalizableDelegatedExecutorService.finalize(Executors.java:796), java.base/java.lang.System$2.invokeFinalize(System.java:2297), java.base/java.lang.ref.Finalizer.runFinalizer(Finalizer.java:88), java.base/java.lang.ref.Finalizer$FinalizerThread.run(Finalizer.java:173)]
[DEBUG] [main] Validated build configuration regarding trusted package rules, 0 are missing.
[INFO] [main] Request install with ASC-Impl [testMethod=Optional.empty, executionPath=/Users/markuspaulsen/Documents/UniPHD/ChristianFemers/GIT, whitelistedPaths=Optional[[PathRule["" (STARTS_WITH) in WHITELIST; level READ]]], blacklistedPaths=[], allowedLocalPorts=[], trustedPackages=[]]
[INFO] [main] Request whitelisting: Thread[ajts-to-417,5,Test-Threadgroup] []
[INFO] [main] Thread whitelisted: Thread[ajts-to-417,5,Test-Threadgroup]
[INFO] [main] Request uninstall
[DEBUG] [main] Validated build configuration regarding trusted package rules, 0 are missing.
[INFO] [main] Request install with ASC-Impl [testMethod=Optional[void de.tum.in.test.integration.testuser.StructuralUser$InvalidConfigurations.invalidGradle()], executionPath=/Users/markuspaulsen/Documents/UniPHD/ChristianFemers/GIT, whitelistedPaths=Optional[[PathRule["" (STARTS_WITH) in WHITELIST; level READ]]], blacklistedPaths=[], allowedLocalPorts=[], trustedPackages=[]]
[INFO] [main] Request whitelisting: Thread[ajts-to-418,5,Test-Threadgroup] []
[INFO] [main] Thread whitelisted: Thread[ajts-to-418,5,Test-Threadgroup]
[INFO] [main] Request uninstall
[DEBUG] [main] Validated build configuration regarding trusted package rules, 0 are missing.
[INFO] [main] Request install with ASC-Impl [testMethod=Optional[void de.tum.in.test.integration.testuser.StructuralUser$InvalidConfigurations.invalidGradle()], executionPath=/Users/markuspaulsen/Documents/UniPHD/ChristianFemers/GIT, whitelistedPaths=Optional[[PathRule["" (STARTS_WITH) in WHITELIST; level READ]]], blacklistedPaths=[], allowedLocalPorts=[], trustedPackages=[]]
[INFO] [main] Request whitelisting: Thread[ajts-to-419,5,Test-Threadgroup] []
[INFO] [main] Thread whitelisted: Thread[ajts-to-419,5,Test-Threadgroup]
[ERROR] [ajts-to-419] Could not retrieve source directory from project file. Contact your instructor.
[INFO] [main] Request uninstall
[DEBUG] [main] Validated build configuration regarding trusted package rules, 0 are missing.
[INFO] [main] Request install with ASC-Impl [testMethod=Optional[void de.tum.in.test.integration.testuser.StructuralUser$InvalidConfigurations.invalidGradle()], executionPath=/Users/markuspaulsen/Documents/UniPHD/ChristianFemers/GIT, whitelistedPaths=Optional[[PathRule["" (STARTS_WITH) in WHITELIST; level READ]]], blacklistedPaths=[], allowedLocalPorts=[], trustedPackages=[]]
[INFO] [main] Request whitelisting: Thread[ajts-to-420,5,Test-Threadgroup] []
[INFO] [main] Thread whitelisted: Thread[ajts-to-420,5,Test-Threadgroup]
[INFO] [main] Request uninstall
[DEBUG] [main] Validated build configuration regarding trusted package rules, 0 are missing.
[INFO] [main] Request install with ASC-Impl [testMethod=Optional.empty, executionPath=/Users/markuspaulsen/Documents/UniPHD/ChristianFemers/GIT, whitelistedPaths=Optional[[PathRule["" (STARTS_WITH) in WHITELIST; level READ]]], blacklistedPaths=[], allowedLocalPorts=[], trustedPackages=[]]
[INFO] [main] Request whitelisting: Thread[ajts-to-421,5,Test-Threadgroup] []
[INFO] [main] Thread whitelisted: Thread[ajts-to-421,5,Test-Threadgroup]
[INFO] [main] Request uninstall
[DEBUG] [main] Validated build configuration regarding trusted package rules, 0 are missing.
[INFO] [main] Request install with ASC-Impl [testMethod=Optional.empty, executionPath=/Users/markuspaulsen/Documents/UniPHD/ChristianFemers/GIT, whitelistedPaths=Optional[[PathRule["" (STARTS_WITH) in WHITELIST; level READ]]], blacklistedPaths=[], allowedLocalPorts=[], trustedPackages=[]]
[INFO] [main] Request whitelisting: Thread[ajts-to-422,5,Test-Threadgroup] []
[INFO] [main] Thread whitelisted: Thread[ajts-to-422,5,Test-Threadgroup]
[INFO] [main] Request uninstall
[DEBUG] [main] Validated build configuration regarding trusted package rules, 0 are missing.
[INFO] [main] Request install with ASC-Impl [testMethod=Optional[void de.tum.in.test.integration.testuser.StructuralUser$InvalidConfigurations.invalidMaven()], executionPath=/Users/markuspaulsen/Documents/UniPHD/ChristianFemers/GIT, whitelistedPaths=Optional[[PathRule["" (STARTS_WITH) in WHITELIST; level READ]]], blacklistedPaths=[], allowedLocalPorts=[], trustedPackages=[]]
[INFO] [main] Request whitelisting: Thread[ajts-to-423,5,Test-Threadgroup] []
[INFO] [main] Thread whitelisted: Thread[ajts-to-423,5,Test-Threadgroup]
[INFO] [main] Request uninstall
[DEBUG] [main] Validated build configuration regarding trusted package rules, 0 are missing.
[INFO] [main] Request install with ASC-Impl [testMethod=Optional[void de.tum.in.test.integration.testuser.StructuralUser$InvalidConfigurations.invalidMaven()], executionPath=/Users/markuspaulsen/Documents/UniPHD/ChristianFemers/GIT, whitelistedPaths=Optional[[PathRule["" (STARTS_WITH) in WHITELIST; level READ]]], blacklistedPaths=[], allowedLocalPorts=[], trustedPackages=[]]
[INFO] [main] Request whitelisting: Thread[ajts-to-424,5,Test-Threadgroup] []
[INFO] [main] Thread whitelisted: Thread[ajts-to-424,5,Test-Threadgroup]
[ERROR] [ajts-to-424] Could not retrieve the source directory from the pom.xml file. Contact your instructor.
org.xml.sax.SAXParseException: Content is not allowed in prolog.
	at java.xml/com.sun.org.apache.xerces.internal.parsers.DOMParser.parse(DOMParser.java:262)
	at java.xml/com.sun.org.apache.xerces.internal.jaxp.DocumentBuilderImpl.parse(DocumentBuilderImpl.java:342)
	at java.xml/javax.xml.parsers.DocumentBuilder.parse(DocumentBuilder.java:206)
	at de.tum.in.test.api.structural.testutils.ClassNameScanner.getAssignmentFolderNameForMavenProject(ClassNameScanner.java:267)
	at de.tum.in.test.api.structural.testutils.ClassNameScanner.findObservedClassesInProject(ClassNameScanner.java:225)
	at de.tum.in.test.api.structural.testutils.ClassNameScanner.<init>(ClassNameScanner.java:99)
	at de.tum.in.test.integration.testuser.StructuralUser$InvalidConfigurations.checkScan(StructuralUser.java:98)
	at de.tum.in.test.integration.testuser.StructuralUser$InvalidConfigurations.invalidMaven(StructuralUser.java:80)
	at java.base/jdk.internal.reflect.NativeMethodAccessorImpl.invoke0(Native Method)
	at java.base/jdk.internal.reflect.NativeMethodAccessorImpl.invoke(NativeMethodAccessorImpl.java:77)
	at java.base/jdk.internal.reflect.DelegatingMethodAccessorImpl.invoke(DelegatingMethodAccessorImpl.java:43)
	at java.base/java.lang.reflect.Method.invoke(Method.java:568)
	at org.junit.platform.commons.util.ReflectionUtils.invokeMethod(ReflectionUtils.java:727)
	at org.junit.jupiter.engine.execution.MethodInvocation.proceed(MethodInvocation.java:60)
	at org.junit.jupiter.engine.execution.InvocationInterceptorChain$ValidatingInvocation.proceed(InvocationInterceptorChain.java:131)
	at de.tum.in.test.api.internal.TimeoutUtils.rethrowThrowableSafe(TimeoutUtils.java:47)
	at de.tum.in.test.api.internal.TimeoutUtils.lambda$performTimeoutExecution$1(TimeoutUtils.java:42)
	at java.base/java.util.concurrent.FutureTask.run(FutureTask.java:264)
	at java.base/java.util.concurrent.ThreadPoolExecutor.runWorker(ThreadPoolExecutor.java:1136)
	at java.base/java.util.concurrent.ThreadPoolExecutor$Worker.run(ThreadPoolExecutor.java:635)
	at java.base/java.lang.Thread.run(Thread.java:833)
[ERROR] [ajts-to-424] Could not retrieve source directory from project file. Contact your instructor.
[INFO] [main] Request uninstall
[DEBUG] [main] Validated build configuration regarding trusted package rules, 0 are missing.
[INFO] [main] Request install with ASC-Impl [testMethod=Optional[void de.tum.in.test.integration.testuser.StructuralUser$InvalidConfigurations.invalidMaven()], executionPath=/Users/markuspaulsen/Documents/UniPHD/ChristianFemers/GIT, whitelistedPaths=Optional[[PathRule["" (STARTS_WITH) in WHITELIST; level READ]]], blacklistedPaths=[], allowedLocalPorts=[], trustedPackages=[]]
[INFO] [main] Request whitelisting: Thread[ajts-to-425,5,Test-Threadgroup] []
[INFO] [main] Thread whitelisted: Thread[ajts-to-425,5,Test-Threadgroup]
[INFO] [main] Request uninstall
[DEBUG] [main] Validated build configuration regarding trusted package rules, 0 are missing.
[INFO] [main] Request install with ASC-Impl [testMethod=Optional.empty, executionPath=/Users/markuspaulsen/Documents/UniPHD/ChristianFemers/GIT, whitelistedPaths=Optional[[PathRule["" (STARTS_WITH) in WHITELIST; level READ]]], blacklistedPaths=[], allowedLocalPorts=[], trustedPackages=[]]
[INFO] [main] Request whitelisting: Thread[ajts-to-426,5,Test-Threadgroup] []
[INFO] [main] Thread whitelisted: Thread[ajts-to-426,5,Test-Threadgroup]
[INFO] [main] Request uninstall
[DEBUG] [main] Validated build configuration regarding trusted package rules, 0 are missing.
[INFO] [main] Request install with ASC-Impl [testMethod=Optional.empty, executionPath=/Users/markuspaulsen/Documents/UniPHD/ChristianFemers/GIT, whitelistedPaths=Optional[[PathRule["" (STARTS_WITH) in WHITELIST; level READ]]], blacklistedPaths=[], allowedLocalPorts=[], trustedPackages=[]]
[INFO] [main] Request whitelisting: Thread[ajts-to-427,5,Test-Threadgroup] []
[INFO] [main] Thread whitelisted: Thread[ajts-to-427,5,Test-Threadgroup]
[INFO] [main] Request uninstall
[DEBUG] [main] Validated build configuration regarding trusted package rules, 0 are missing.
[INFO] [main] Request install with ASC-Impl [testMethod=Optional[void de.tum.in.test.integration.testuser.StructuralUser$InvalidConfigurations.noBuildToolFile()], executionPath=/Users/markuspaulsen/Documents/UniPHD/ChristianFemers/GIT, whitelistedPaths=Optional[[PathRule["" (STARTS_WITH) in WHITELIST; level READ]]], blacklistedPaths=[], allowedLocalPorts=[], trustedPackages=[]]
[INFO] [main] Request whitelisting: Thread[ajts-to-428,5,Test-Threadgroup] []
[INFO] [main] Thread whitelisted: Thread[ajts-to-428,5,Test-Threadgroup]
[INFO] [main] Request uninstall
[DEBUG] [main] Validated build configuration regarding trusted package rules, 0 are missing.
[INFO] [main] Request install with ASC-Impl [testMethod=Optional[void de.tum.in.test.integration.testuser.StructuralUser$InvalidConfigurations.noBuildToolFile()], executionPath=/Users/markuspaulsen/Documents/UniPHD/ChristianFemers/GIT, whitelistedPaths=Optional[[PathRule["" (STARTS_WITH) in WHITELIST; level READ]]], blacklistedPaths=[], allowedLocalPorts=[], trustedPackages=[]]
[INFO] [main] Request whitelisting: Thread[ajts-to-429,5,Test-Threadgroup] []
[INFO] [main] Thread whitelisted: Thread[ajts-to-429,5,Test-Threadgroup]
[ERROR] [ajts-to-429] Could not find any build file. Contact your instructor.
[INFO] [main] Request uninstall
[DEBUG] [main] Validated build configuration regarding trusted package rules, 0 are missing.
[INFO] [main] Request install with ASC-Impl [testMethod=Optional[void de.tum.in.test.integration.testuser.StructuralUser$InvalidConfigurations.noBuildToolFile()], executionPath=/Users/markuspaulsen/Documents/UniPHD/ChristianFemers/GIT, whitelistedPaths=Optional[[PathRule["" (STARTS_WITH) in WHITELIST; level READ]]], blacklistedPaths=[], allowedLocalPorts=[], trustedPackages=[]]
[INFO] [main] Request whitelisting: Thread[ajts-to-430,5,Test-Threadgroup] []
[INFO] [main] Thread whitelisted: Thread[ajts-to-430,5,Test-Threadgroup]
[INFO] [main] Request uninstall
[DEBUG] [main] Validated build configuration regarding trusted package rules, 0 are missing.
[INFO] [main] Request install with ASC-Impl [testMethod=Optional.empty, executionPath=/Users/markuspaulsen/Documents/UniPHD/ChristianFemers/GIT, whitelistedPaths=Optional[[PathRule["" (STARTS_WITH) in WHITELIST; level READ]]], blacklistedPaths=[], allowedLocalPorts=[], trustedPackages=[]]
[INFO] [main] Request whitelisting: Thread[ajts-to-431,5,Test-Threadgroup] []
[INFO] [main] Thread whitelisted: Thread[ajts-to-431,5,Test-Threadgroup]
[INFO] [main] Request uninstall
[DEBUG] [main] Validated build configuration regarding trusted package rules, 0 are missing.
[INFO] [main] Request install with ASC-Impl [testMethod=Optional.empty, executionPath=/Users/markuspaulsen/Documents/UniPHD/ChristianFemers/GIT, whitelistedPaths=Optional[[PathRule["" (STARTS_WITH) in WHITELIST; level READ]]], blacklistedPaths=[], allowedLocalPorts=[], trustedPackages=[]]
[INFO] [main] Request whitelisting: Thread[ajts-to-432,5,Test-Threadgroup] []
[INFO] [main] Thread whitelisted: Thread[ajts-to-432,5,Test-Threadgroup]
[INFO] [main] Request uninstall
[DEBUG] [main] Validated build configuration regarding trusted package rules, 0 are missing.
[INFO] [main] Request install with ASC-Impl [testMethod=Optional[void de.tum.in.test.integration.testuser.StructuralUser$InvalidConfigurations.bothValid()], executionPath=/Users/markuspaulsen/Documents/UniPHD/ChristianFemers/GIT, whitelistedPaths=Optional[[PathRule["" (STARTS_WITH) in WHITELIST; level READ]]], blacklistedPaths=[], allowedLocalPorts=[], trustedPackages=[]]
[INFO] [main] Request whitelisting: Thread[ajts-to-433,5,Test-Threadgroup] []
[INFO] [main] Thread whitelisted: Thread[ajts-to-433,5,Test-Threadgroup]
[INFO] [main] Request uninstall
[DEBUG] [main] Validated build configuration regarding trusted package rules, 0 are missing.
[INFO] [main] Request install with ASC-Impl [testMethod=Optional[void de.tum.in.test.integration.testuser.StructuralUser$InvalidConfigurations.bothValid()], executionPath=/Users/markuspaulsen/Documents/UniPHD/ChristianFemers/GIT, whitelistedPaths=Optional[[PathRule["" (STARTS_WITH) in WHITELIST; level READ]]], blacklistedPaths=[], allowedLocalPorts=[], trustedPackages=[]]
[INFO] [main] Request whitelisting: Thread[ajts-to-434,5,Test-Threadgroup] []
[INFO] [main] Thread whitelisted: Thread[ajts-to-434,5,Test-Threadgroup]
[INFO] [main] Request uninstall
[DEBUG] [main] Validated build configuration regarding trusted package rules, 0 are missing.
[INFO] [main] Request install with ASC-Impl [testMethod=Optional[void de.tum.in.test.integration.testuser.StructuralUser$InvalidConfigurations.bothValid()], executionPath=/Users/markuspaulsen/Documents/UniPHD/ChristianFemers/GIT, whitelistedPaths=Optional[[PathRule["" (STARTS_WITH) in WHITELIST; level READ]]], blacklistedPaths=[], allowedLocalPorts=[], trustedPackages=[]]
[INFO] [main] Request whitelisting: Thread[ajts-to-435,5,Test-Threadgroup] []
[INFO] [main] Thread whitelisted: Thread[ajts-to-435,5,Test-Threadgroup]
[INFO] [main] Request uninstall
[DEBUG] [main] Validated build configuration regarding trusted package rules, 0 are missing.
[INFO] [main] Request install with ASC-Impl [testMethod=Optional.empty, executionPath=/Users/markuspaulsen/Documents/UniPHD/ChristianFemers/GIT, whitelistedPaths=Optional[[PathRule["" (STARTS_WITH) in WHITELIST; level READ]]], blacklistedPaths=[], allowedLocalPorts=[], trustedPackages=[]]
[INFO] [main] Request whitelisting: Thread[ajts-to-436,5,Test-Threadgroup] []
[INFO] [main] Thread whitelisted: Thread[ajts-to-436,5,Test-Threadgroup]
[INFO] [main] Request uninstall
[DEBUG] [main] Validated build configuration regarding trusted package rules, 0 are missing.
[INFO] [main] Request install with ASC-Impl [testMethod=Optional.empty, executionPath=/Users/markuspaulsen/Documents/UniPHD/ChristianFemers/GIT, whitelistedPaths=Optional[[PathRule["" (STARTS_WITH) in WHITELIST; level READ]]], blacklistedPaths=[], allowedLocalPorts=[], trustedPackages=[]]
[INFO] [main] Request whitelisting: Thread[ajts-to-437,5,Test-Threadgroup] []
[INFO] [main] Thread whitelisted: Thread[ajts-to-437,5,Test-Threadgroup]
[INFO] [main] Request uninstall
[DEBUG] [main] Validated build configuration regarding trusted package rules, 0 are missing.
[INFO] [main] Request install with ASC-Impl [testMethod=Optional.empty, executionPath=/Users/markuspaulsen/Documents/UniPHD/ChristianFemers/GIT, whitelistedPaths=Optional[[PathRule["" (STARTS_WITH) in WHITELIST; level READ]]], blacklistedPaths=[], allowedLocalPorts=[], trustedPackages=[]]
[INFO] [main] Request whitelisting: Thread[ajts-to-438,5,Test-Threadgroup] []
[INFO] [main] Thread whitelisted: Thread[ajts-to-438,5,Test-Threadgroup]
[INFO] [main] Request uninstall
[DEBUG] [main] Validated build configuration regarding trusted package rules, 0 are missing.
[INFO] [main] Request install with ASC-Impl [testMethod=Optional[org.junit.jupiter.api.DynamicContainer de.tum.in.test.integration.testuser.StructuralUser$StrucuralTestSet$MethodTestUser.testMethods() throws java.net.URISyntaxException], executionPath=/Users/markuspaulsen/Documents/UniPHD/ChristianFemers/GIT, whitelistedPaths=Optional[[PathRule["" (STARTS_WITH) in WHITELIST; level READ]]], blacklistedPaths=[], allowedLocalPorts=[], trustedPackages=[]]
[INFO] [main] Request whitelisting: Thread[ajts-to-439,5,Test-Threadgroup] []
[INFO] [main] Thread whitelisted: Thread[ajts-to-439,5,Test-Threadgroup]
[INFO] [main] Request uninstall
[DEBUG] [main] Validated build configuration regarding trusted package rules, 0 are missing.
[INFO] [main] Request install with ASC-Impl [testMethod=Optional[org.junit.jupiter.api.DynamicContainer de.tum.in.test.integration.testuser.StructuralUser$StrucuralTestSet$MethodTestUser.testMethods() throws java.net.URISyntaxException], executionPath=/Users/markuspaulsen/Documents/UniPHD/ChristianFemers/GIT, whitelistedPaths=Optional[[PathRule["" (STARTS_WITH) in WHITELIST; level READ]]], blacklistedPaths=[], allowedLocalPorts=[], trustedPackages=[]]
[INFO] [main] Request whitelisting: Thread[ajts-to-440,5,Test-Threadgroup] []
[INFO] [main] Thread whitelisted: Thread[ajts-to-440,5,Test-Threadgroup]
[INFO] [main] Request uninstall
[DEBUG] [main] Validated build configuration regarding trusted package rules, 0 are missing.
[INFO] [main] Request install with ASC-Impl [testMethod=Optional[org.junit.jupiter.api.DynamicContainer de.tum.in.test.integration.testuser.StructuralUser$StrucuralTestSet$MethodTestUser.testMethods() throws java.net.URISyntaxException], executionPath=/Users/markuspaulsen/Documents/UniPHD/ChristianFemers/GIT, whitelistedPaths=Optional[[PathRule["" (STARTS_WITH) in WHITELIST; level READ]]], blacklistedPaths=[], allowedLocalPorts=[], trustedPackages=[]]
[INFO] [main] Request whitelisting: Thread[ajts-to-441,5,Test-Threadgroup] []
[INFO] [main] Thread whitelisted: Thread[ajts-to-441,5,Test-Threadgroup]
[INFO] [main] Request uninstall
[DEBUG] [main] Validated build configuration regarding trusted package rules, 0 are missing.
[INFO] [main] Request install with ASC-Impl [testMethod=Optional[org.junit.jupiter.api.DynamicContainer de.tum.in.test.integration.testuser.StructuralUser$StrucuralTestSet$MethodTestUser.testMethods() throws java.net.URISyntaxException], executionPath=/Users/markuspaulsen/Documents/UniPHD/ChristianFemers/GIT, whitelistedPaths=Optional[[PathRule["" (STARTS_WITH) in WHITELIST; level READ]]], blacklistedPaths=[], allowedLocalPorts=[], trustedPackages=[]]
[INFO] [main] Request whitelisting: Thread[ajts-to-442,5,Test-Threadgroup] []
[INFO] [main] Thread whitelisted: Thread[ajts-to-442,5,Test-Threadgroup]
[INFO] [main] Request uninstall
[DEBUG] [main] Validated build configuration regarding trusted package rules, 0 are missing.
[INFO] [main] Request install with ASC-Impl [testMethod=Optional[org.junit.jupiter.api.DynamicContainer de.tum.in.test.integration.testuser.StructuralUser$StrucuralTestSet$MethodTestUser.testMethods() throws java.net.URISyntaxException], executionPath=/Users/markuspaulsen/Documents/UniPHD/ChristianFemers/GIT, whitelistedPaths=Optional[[PathRule["" (STARTS_WITH) in WHITELIST; level READ]]], blacklistedPaths=[], allowedLocalPorts=[], trustedPackages=[]]
[INFO] [main] Request whitelisting: Thread[ajts-to-443,5,Test-Threadgroup] []
[INFO] [main] Thread whitelisted: Thread[ajts-to-443,5,Test-Threadgroup]
[INFO] [main] Request uninstall
[DEBUG] [main] Validated build configuration regarding trusted package rules, 0 are missing.
[INFO] [main] Request install with ASC-Impl [testMethod=Optional[org.junit.jupiter.api.DynamicContainer de.tum.in.test.integration.testuser.StructuralUser$StrucuralTestSet$MethodTestUser.testMethods() throws java.net.URISyntaxException], executionPath=/Users/markuspaulsen/Documents/UniPHD/ChristianFemers/GIT, whitelistedPaths=Optional[[PathRule["" (STARTS_WITH) in WHITELIST; level READ]]], blacklistedPaths=[], allowedLocalPorts=[], trustedPackages=[]]
[INFO] [main] Request whitelisting: Thread[ajts-to-444,5,Test-Threadgroup] []
[INFO] [main] Thread whitelisted: Thread[ajts-to-444,5,Test-Threadgroup]
[INFO] [main] Request uninstall
[DEBUG] [main] Validated build configuration regarding trusted package rules, 0 are missing.
[INFO] [main] Request install with ASC-Impl [testMethod=Optional[org.junit.jupiter.api.DynamicContainer de.tum.in.test.integration.testuser.StructuralUser$StrucuralTestSet$MethodTestUser.testMethods() throws java.net.URISyntaxException], executionPath=/Users/markuspaulsen/Documents/UniPHD/ChristianFemers/GIT, whitelistedPaths=Optional[[PathRule["" (STARTS_WITH) in WHITELIST; level READ]]], blacklistedPaths=[], allowedLocalPorts=[], trustedPackages=[]]
[INFO] [main] Request whitelisting: Thread[ajts-to-445,5,Test-Threadgroup] []
[INFO] [main] Thread whitelisted: Thread[ajts-to-445,5,Test-Threadgroup]
[INFO] [main] Request uninstall
[DEBUG] [main] Validated build configuration regarding trusted package rules, 0 are missing.
[INFO] [main] Request install with ASC-Impl [testMethod=Optional.empty, executionPath=/Users/markuspaulsen/Documents/UniPHD/ChristianFemers/GIT, whitelistedPaths=Optional[[PathRule["" (STARTS_WITH) in WHITELIST; level READ]]], blacklistedPaths=[], allowedLocalPorts=[], trustedPackages=[]]
[INFO] [main] Request whitelisting: Thread[ajts-to-446,5,Test-Threadgroup] []
[INFO] [main] Thread whitelisted: Thread[ajts-to-446,5,Test-Threadgroup]
[INFO] [main] Request uninstall
[DEBUG] [main] Validated build configuration regarding trusted package rules, 0 are missing.
[INFO] [main] Request install with ASC-Impl [testMethod=Optional.empty, executionPath=/Users/markuspaulsen/Documents/UniPHD/ChristianFemers/GIT, whitelistedPaths=Optional[[PathRule["" (STARTS_WITH) in WHITELIST; level READ]]], blacklistedPaths=[], allowedLocalPorts=[], trustedPackages=[]]
[INFO] [main] Request whitelisting: Thread[ajts-to-447,5,Test-Threadgroup] []
[INFO] [main] Thread whitelisted: Thread[ajts-to-447,5,Test-Threadgroup]
[INFO] [main] Request uninstall
[DEBUG] [main] Validated build configuration regarding trusted package rules, 0 are missing.
[INFO] [main] Request install with ASC-Impl [testMethod=Optional.empty, executionPath=/Users/markuspaulsen/Documents/UniPHD/ChristianFemers/GIT, whitelistedPaths=Optional[[PathRule["" (STARTS_WITH) in WHITELIST; level READ]]], blacklistedPaths=[], allowedLocalPorts=[], trustedPackages=[]]
[INFO] [main] Request whitelisting: Thread[ajts-to-448,5,Test-Threadgroup] []
[INFO] [main] Thread whitelisted: Thread[ajts-to-448,5,Test-Threadgroup]
[INFO] [main] Request uninstall
[DEBUG] [main] Validated build configuration regarding trusted package rules, 0 are missing.
[INFO] [main] Request install with ASC-Impl [testMethod=Optional[org.junit.jupiter.api.DynamicContainer de.tum.in.test.integration.testuser.StructuralUser$StrucuralTestSet$ConstructorTestUser.testConstructors() throws java.net.URISyntaxException], executionPath=/Users/markuspaulsen/Documents/UniPHD/ChristianFemers/GIT, whitelistedPaths=Optional[[PathRule["" (STARTS_WITH) in WHITELIST; level READ]]], blacklistedPaths=[], allowedLocalPorts=[], trustedPackages=[]]
[INFO] [main] Request whitelisting: Thread[ajts-to-449,5,Test-Threadgroup] []
[INFO] [main] Thread whitelisted: Thread[ajts-to-449,5,Test-Threadgroup]
[INFO] [main] Request uninstall
[DEBUG] [main] Validated build configuration regarding trusted package rules, 0 are missing.
[INFO] [main] Request install with ASC-Impl [testMethod=Optional[org.junit.jupiter.api.DynamicContainer de.tum.in.test.integration.testuser.StructuralUser$StrucuralTestSet$ConstructorTestUser.testConstructors() throws java.net.URISyntaxException], executionPath=/Users/markuspaulsen/Documents/UniPHD/ChristianFemers/GIT, whitelistedPaths=Optional[[PathRule["" (STARTS_WITH) in WHITELIST; level READ]]], blacklistedPaths=[], allowedLocalPorts=[], trustedPackages=[]]
[INFO] [main] Request whitelisting: Thread[ajts-to-450,5,Test-Threadgroup] []
[INFO] [main] Thread whitelisted: Thread[ajts-to-450,5,Test-Threadgroup]
[INFO] [main] Request uninstall
[DEBUG] [main] Validated build configuration regarding trusted package rules, 0 are missing.
[INFO] [main] Request install with ASC-Impl [testMethod=Optional[org.junit.jupiter.api.DynamicContainer de.tum.in.test.integration.testuser.StructuralUser$StrucuralTestSet$ConstructorTestUser.testConstructors() throws java.net.URISyntaxException], executionPath=/Users/markuspaulsen/Documents/UniPHD/ChristianFemers/GIT, whitelistedPaths=Optional[[PathRule["" (STARTS_WITH) in WHITELIST; level READ]]], blacklistedPaths=[], allowedLocalPorts=[], trustedPackages=[]]
[INFO] [main] Request whitelisting: Thread[ajts-to-451,5,Test-Threadgroup] []
[INFO] [main] Thread whitelisted: Thread[ajts-to-451,5,Test-Threadgroup]
[INFO] [main] Request uninstall
[DEBUG] [main] Validated build configuration regarding trusted package rules, 0 are missing.
[INFO] [main] Request install with ASC-Impl [testMethod=Optional[org.junit.jupiter.api.DynamicContainer de.tum.in.test.integration.testuser.StructuralUser$StrucuralTestSet$ConstructorTestUser.testConstructors() throws java.net.URISyntaxException], executionPath=/Users/markuspaulsen/Documents/UniPHD/ChristianFemers/GIT, whitelistedPaths=Optional[[PathRule["" (STARTS_WITH) in WHITELIST; level READ]]], blacklistedPaths=[], allowedLocalPorts=[], trustedPackages=[]]
[INFO] [main] Request whitelisting: Thread[ajts-to-452,5,Test-Threadgroup] []
[INFO] [main] Thread whitelisted: Thread[ajts-to-452,5,Test-Threadgroup]
[INFO] [main] Request uninstall
[DEBUG] [main] Validated build configuration regarding trusted package rules, 0 are missing.
[INFO] [main] Request install with ASC-Impl [testMethod=Optional[org.junit.jupiter.api.DynamicContainer de.tum.in.test.integration.testuser.StructuralUser$StrucuralTestSet$ConstructorTestUser.testConstructors() throws java.net.URISyntaxException], executionPath=/Users/markuspaulsen/Documents/UniPHD/ChristianFemers/GIT, whitelistedPaths=Optional[[PathRule["" (STARTS_WITH) in WHITELIST; level READ]]], blacklistedPaths=[], allowedLocalPorts=[], trustedPackages=[]]
[INFO] [main] Request whitelisting: Thread[ajts-to-453,5,Test-Threadgroup] []
[INFO] [main] Thread whitelisted: Thread[ajts-to-453,5,Test-Threadgroup]
[INFO] [main] Request uninstall
[DEBUG] [main] Validated build configuration regarding trusted package rules, 0 are missing.
[INFO] [main] Request install with ASC-Impl [testMethod=Optional[org.junit.jupiter.api.DynamicContainer de.tum.in.test.integration.testuser.StructuralUser$StrucuralTestSet$ConstructorTestUser.testConstructors() throws java.net.URISyntaxException], executionPath=/Users/markuspaulsen/Documents/UniPHD/ChristianFemers/GIT, whitelistedPaths=Optional[[PathRule["" (STARTS_WITH) in WHITELIST; level READ]]], blacklistedPaths=[], allowedLocalPorts=[], trustedPackages=[]]
[INFO] [main] Request whitelisting: Thread[ajts-to-454,5,Test-Threadgroup] []
[INFO] [main] Thread whitelisted: Thread[ajts-to-454,5,Test-Threadgroup]
[INFO] [main] Request uninstall
[DEBUG] [main] Validated build configuration regarding trusted package rules, 0 are missing.
[INFO] [main] Request install with ASC-Impl [testMethod=Optional.empty, executionPath=/Users/markuspaulsen/Documents/UniPHD/ChristianFemers/GIT, whitelistedPaths=Optional[[PathRule["" (STARTS_WITH) in WHITELIST; level READ]]], blacklistedPaths=[], allowedLocalPorts=[], trustedPackages=[]]
[INFO] [main] Request whitelisting: Thread[ajts-to-455,5,Test-Threadgroup] []
[INFO] [main] Thread whitelisted: Thread[ajts-to-455,5,Test-Threadgroup]
[INFO] [main] Request uninstall
[DEBUG] [main] Validated build configuration regarding trusted package rules, 0 are missing.
[INFO] [main] Request install with ASC-Impl [testMethod=Optional.empty, executionPath=/Users/markuspaulsen/Documents/UniPHD/ChristianFemers/GIT, whitelistedPaths=Optional[[PathRule["" (STARTS_WITH) in WHITELIST; level READ]]], blacklistedPaths=[], allowedLocalPorts=[], trustedPackages=[]]
[INFO] [main] Request whitelisting: Thread[ajts-to-456,5,Test-Threadgroup] []
[INFO] [main] Thread whitelisted: Thread[ajts-to-456,5,Test-Threadgroup]
[INFO] [main] Request uninstall
[DEBUG] [main] Validated build configuration regarding trusted package rules, 0 are missing.
[INFO] [main] Request install with ASC-Impl [testMethod=Optional.empty, executionPath=/Users/markuspaulsen/Documents/UniPHD/ChristianFemers/GIT, whitelistedPaths=Optional[[PathRule["" (STARTS_WITH) in WHITELIST; level READ]]], blacklistedPaths=[], allowedLocalPorts=[], trustedPackages=[]]
[INFO] [main] Request whitelisting: Thread[ajts-to-457,5,Test-Threadgroup] []
[INFO] [main] Thread whitelisted: Thread[ajts-to-457,5,Test-Threadgroup]
[INFO] [main] Request uninstall
[DEBUG] [main] Validated build configuration regarding trusted package rules, 0 are missing.
[INFO] [main] Request install with ASC-Impl [testMethod=Optional[org.junit.jupiter.api.DynamicContainer de.tum.in.test.integration.testuser.StructuralUser$StrucuralTestSet$ClassTestUser.testClasses() throws java.net.URISyntaxException], executionPath=/Users/markuspaulsen/Documents/UniPHD/ChristianFemers/GIT, whitelistedPaths=Optional[[PathRule["" (STARTS_WITH) in WHITELIST; level READ]]], blacklistedPaths=[], allowedLocalPorts=[], trustedPackages=[]]
[INFO] [main] Request whitelisting: Thread[ajts-to-458,5,Test-Threadgroup] []
[INFO] [main] Thread whitelisted: Thread[ajts-to-458,5,Test-Threadgroup]
[INFO] [main] Request uninstall
[DEBUG] [main] Validated build configuration regarding trusted package rules, 0 are missing.
[INFO] [main] Request install with ASC-Impl [testMethod=Optional[org.junit.jupiter.api.DynamicContainer de.tum.in.test.integration.testuser.StructuralUser$StrucuralTestSet$ClassTestUser.testClasses() throws java.net.URISyntaxException], executionPath=/Users/markuspaulsen/Documents/UniPHD/ChristianFemers/GIT, whitelistedPaths=Optional[[PathRule["" (STARTS_WITH) in WHITELIST; level READ]]], blacklistedPaths=[], allowedLocalPorts=[], trustedPackages=[]]
[INFO] [main] Request whitelisting: Thread[ajts-to-459,5,Test-Threadgroup] []
[INFO] [main] Thread whitelisted: Thread[ajts-to-459,5,Test-Threadgroup]
[INFO] [main] Request uninstall
[DEBUG] [main] Validated build configuration regarding trusted package rules, 0 are missing.
[INFO] [main] Request install with ASC-Impl [testMethod=Optional[org.junit.jupiter.api.DynamicContainer de.tum.in.test.integration.testuser.StructuralUser$StrucuralTestSet$ClassTestUser.testClasses() throws java.net.URISyntaxException], executionPath=/Users/markuspaulsen/Documents/UniPHD/ChristianFemers/GIT, whitelistedPaths=Optional[[PathRule["" (STARTS_WITH) in WHITELIST; level READ]]], blacklistedPaths=[], allowedLocalPorts=[], trustedPackages=[]]
[INFO] [main] Request whitelisting: Thread[ajts-to-460,5,Test-Threadgroup] []
[INFO] [main] Thread whitelisted: Thread[ajts-to-460,5,Test-Threadgroup]
[INFO] [main] Request uninstall
[DEBUG] [main] Validated build configuration regarding trusted package rules, 0 are missing.
[INFO] [main] Request install with ASC-Impl [testMethod=Optional[org.junit.jupiter.api.DynamicContainer de.tum.in.test.integration.testuser.StructuralUser$StrucuralTestSet$ClassTestUser.testClasses() throws java.net.URISyntaxException], executionPath=/Users/markuspaulsen/Documents/UniPHD/ChristianFemers/GIT, whitelistedPaths=Optional[[PathRule["" (STARTS_WITH) in WHITELIST; level READ]]], blacklistedPaths=[], allowedLocalPorts=[], trustedPackages=[]]
[INFO] [main] Request whitelisting: Thread[ajts-to-461,5,Test-Threadgroup] []
[INFO] [main] Thread whitelisted: Thread[ajts-to-461,5,Test-Threadgroup]
[INFO] [main] Request uninstall
[DEBUG] [main] Validated build configuration regarding trusted package rules, 0 are missing.
[INFO] [main] Request install with ASC-Impl [testMethod=Optional[org.junit.jupiter.api.DynamicContainer de.tum.in.test.integration.testuser.StructuralUser$StrucuralTestSet$ClassTestUser.testClasses() throws java.net.URISyntaxException], executionPath=/Users/markuspaulsen/Documents/UniPHD/ChristianFemers/GIT, whitelistedPaths=Optional[[PathRule["" (STARTS_WITH) in WHITELIST; level READ]]], blacklistedPaths=[], allowedLocalPorts=[], trustedPackages=[]]
[INFO] [main] Request whitelisting: Thread[ajts-to-462,5,Test-Threadgroup] []
[INFO] [main] Thread whitelisted: Thread[ajts-to-462,5,Test-Threadgroup]
[INFO] [main] Request uninstall
[DEBUG] [main] Validated build configuration regarding trusted package rules, 0 are missing.
[INFO] [main] Request install with ASC-Impl [testMethod=Optional[org.junit.jupiter.api.DynamicContainer de.tum.in.test.integration.testuser.StructuralUser$StrucuralTestSet$ClassTestUser.testClasses() throws java.net.URISyntaxException], executionPath=/Users/markuspaulsen/Documents/UniPHD/ChristianFemers/GIT, whitelistedPaths=Optional[[PathRule["" (STARTS_WITH) in WHITELIST; level READ]]], blacklistedPaths=[], allowedLocalPorts=[], trustedPackages=[]]
[INFO] [main] Request whitelisting: Thread[ajts-to-463,5,Test-Threadgroup] []
[INFO] [main] Thread whitelisted: Thread[ajts-to-463,5,Test-Threadgroup]
[INFO] [main] Request uninstall
[DEBUG] [main] Validated build configuration regarding trusted package rules, 0 are missing.
[INFO] [main] Request install with ASC-Impl [testMethod=Optional[org.junit.jupiter.api.DynamicContainer de.tum.in.test.integration.testuser.StructuralUser$StrucuralTestSet$ClassTestUser.testClasses() throws java.net.URISyntaxException], executionPath=/Users/markuspaulsen/Documents/UniPHD/ChristianFemers/GIT, whitelistedPaths=Optional[[PathRule["" (STARTS_WITH) in WHITELIST; level READ]]], blacklistedPaths=[], allowedLocalPorts=[], trustedPackages=[]]
[INFO] [main] Request whitelisting: Thread[ajts-to-464,5,Test-Threadgroup] []
[INFO] [main] Thread whitelisted: Thread[ajts-to-464,5,Test-Threadgroup]
[INFO] [main] Request uninstall
[DEBUG] [main] Validated build configuration regarding trusted package rules, 0 are missing.
[INFO] [main] Request install with ASC-Impl [testMethod=Optional[org.junit.jupiter.api.DynamicContainer de.tum.in.test.integration.testuser.StructuralUser$StrucuralTestSet$ClassTestUser.testClasses() throws java.net.URISyntaxException], executionPath=/Users/markuspaulsen/Documents/UniPHD/ChristianFemers/GIT, whitelistedPaths=Optional[[PathRule["" (STARTS_WITH) in WHITELIST; level READ]]], blacklistedPaths=[], allowedLocalPorts=[], trustedPackages=[]]
[INFO] [main] Request whitelisting: Thread[ajts-to-465,5,Test-Threadgroup] []
[INFO] [main] Thread whitelisted: Thread[ajts-to-465,5,Test-Threadgroup]
[INFO] [main] Request uninstall
[DEBUG] [main] Validated build configuration regarding trusted package rules, 0 are missing.
[INFO] [main] Request install with ASC-Impl [testMethod=Optional[org.junit.jupiter.api.DynamicContainer de.tum.in.test.integration.testuser.StructuralUser$StrucuralTestSet$ClassTestUser.testClasses() throws java.net.URISyntaxException], executionPath=/Users/markuspaulsen/Documents/UniPHD/ChristianFemers/GIT, whitelistedPaths=Optional[[PathRule["" (STARTS_WITH) in WHITELIST; level READ]]], blacklistedPaths=[], allowedLocalPorts=[], trustedPackages=[]]
[INFO] [main] Request whitelisting: Thread[ajts-to-466,5,Test-Threadgroup] []
[INFO] [main] Thread whitelisted: Thread[ajts-to-466,5,Test-Threadgroup]
[INFO] [main] Request uninstall
[DEBUG] [main] Validated build configuration regarding trusted package rules, 0 are missing.
[INFO] [main] Request install with ASC-Impl [testMethod=Optional[org.junit.jupiter.api.DynamicContainer de.tum.in.test.integration.testuser.StructuralUser$StrucuralTestSet$ClassTestUser.testClasses() throws java.net.URISyntaxException], executionPath=/Users/markuspaulsen/Documents/UniPHD/ChristianFemers/GIT, whitelistedPaths=Optional[[PathRule["" (STARTS_WITH) in WHITELIST; level READ]]], blacklistedPaths=[], allowedLocalPorts=[], trustedPackages=[]]
[INFO] [main] Request whitelisting: Thread[ajts-to-467,5,Test-Threadgroup] []
[INFO] [main] Thread whitelisted: Thread[ajts-to-467,5,Test-Threadgroup]
[INFO] [main] Request uninstall
[DEBUG] [main] Validated build configuration regarding trusted package rules, 0 are missing.
[INFO] [main] Request install with ASC-Impl [testMethod=Optional.empty, executionPath=/Users/markuspaulsen/Documents/UniPHD/ChristianFemers/GIT, whitelistedPaths=Optional[[PathRule["" (STARTS_WITH) in WHITELIST; level READ]]], blacklistedPaths=[], allowedLocalPorts=[], trustedPackages=[]]
[INFO] [main] Request whitelisting: Thread[ajts-to-468,5,Test-Threadgroup] []
[INFO] [main] Thread whitelisted: Thread[ajts-to-468,5,Test-Threadgroup]
[INFO] [main] Request uninstall
[DEBUG] [main] Validated build configuration regarding trusted package rules, 0 are missing.
[INFO] [main] Request install with ASC-Impl [testMethod=Optional.empty, executionPath=/Users/markuspaulsen/Documents/UniPHD/ChristianFemers/GIT, whitelistedPaths=Optional[[PathRule["" (STARTS_WITH) in WHITELIST; level READ]]], blacklistedPaths=[], allowedLocalPorts=[], trustedPackages=[]]
[INFO] [main] Request whitelisting: Thread[ajts-to-469,5,Test-Threadgroup] []
[INFO] [main] Thread whitelisted: Thread[ajts-to-469,5,Test-Threadgroup]
[INFO] [main] Request uninstall
[DEBUG] [main] Validated build configuration regarding trusted package rules, 0 are missing.
[INFO] [main] Request install with ASC-Impl [testMethod=Optional.empty, executionPath=/Users/markuspaulsen/Documents/UniPHD/ChristianFemers/GIT, whitelistedPaths=Optional[[PathRule["" (STARTS_WITH) in WHITELIST; level READ]]], blacklistedPaths=[], allowedLocalPorts=[], trustedPackages=[]]
[INFO] [main] Request whitelisting: Thread[ajts-to-470,5,Test-Threadgroup] []
[INFO] [main] Thread whitelisted: Thread[ajts-to-470,5,Test-Threadgroup]
[INFO] [main] Request uninstall
[DEBUG] [main] Validated build configuration regarding trusted package rules, 0 are missing.
[INFO] [main] Request install with ASC-Impl [testMethod=Optional[org.junit.jupiter.api.DynamicContainer de.tum.in.test.integration.testuser.StructuralUser$StrucuralTestSet$AttributeTestUser.testAttributes() throws java.net.URISyntaxException], executionPath=/Users/markuspaulsen/Documents/UniPHD/ChristianFemers/GIT, whitelistedPaths=Optional[[PathRule["" (STARTS_WITH) in WHITELIST; level READ]]], blacklistedPaths=[], allowedLocalPorts=[], trustedPackages=[]]
[INFO] [main] Request whitelisting: Thread[ajts-to-471,5,Test-Threadgroup] []
[INFO] [main] Thread whitelisted: Thread[ajts-to-471,5,Test-Threadgroup]
[INFO] [main] Request uninstall
[DEBUG] [main] Validated build configuration regarding trusted package rules, 0 are missing.
[INFO] [main] Request install with ASC-Impl [testMethod=Optional[org.junit.jupiter.api.DynamicContainer de.tum.in.test.integration.testuser.StructuralUser$StrucuralTestSet$AttributeTestUser.testAttributes() throws java.net.URISyntaxException], executionPath=/Users/markuspaulsen/Documents/UniPHD/ChristianFemers/GIT, whitelistedPaths=Optional[[PathRule["" (STARTS_WITH) in WHITELIST; level READ]]], blacklistedPaths=[], allowedLocalPorts=[], trustedPackages=[]]
[INFO] [main] Request whitelisting: Thread[ajts-to-472,5,Test-Threadgroup] []
[INFO] [main] Thread whitelisted: Thread[ajts-to-472,5,Test-Threadgroup]
[INFO] [main] Request uninstall
[DEBUG] [main] Validated build configuration regarding trusted package rules, 0 are missing.
[INFO] [main] Request install with ASC-Impl [testMethod=Optional[org.junit.jupiter.api.DynamicContainer de.tum.in.test.integration.testuser.StructuralUser$StrucuralTestSet$AttributeTestUser.testAttributes() throws java.net.URISyntaxException], executionPath=/Users/markuspaulsen/Documents/UniPHD/ChristianFemers/GIT, whitelistedPaths=Optional[[PathRule["" (STARTS_WITH) in WHITELIST; level READ]]], blacklistedPaths=[], allowedLocalPorts=[], trustedPackages=[]]
[INFO] [main] Request whitelisting: Thread[ajts-to-473,5,Test-Threadgroup] []
[INFO] [main] Thread whitelisted: Thread[ajts-to-473,5,Test-Threadgroup]
[INFO] [main] Request uninstall
[DEBUG] [main] Validated build configuration regarding trusted package rules, 0 are missing.
[INFO] [main] Request install with ASC-Impl [testMethod=Optional[org.junit.jupiter.api.DynamicContainer de.tum.in.test.integration.testuser.StructuralUser$StrucuralTestSet$AttributeTestUser.testAttributes() throws java.net.URISyntaxException], executionPath=/Users/markuspaulsen/Documents/UniPHD/ChristianFemers/GIT, whitelistedPaths=Optional[[PathRule["" (STARTS_WITH) in WHITELIST; level READ]]], blacklistedPaths=[], allowedLocalPorts=[], trustedPackages=[]]
[INFO] [main] Request whitelisting: Thread[ajts-to-474,5,Test-Threadgroup] []
[INFO] [main] Thread whitelisted: Thread[ajts-to-474,5,Test-Threadgroup]
[INFO] [main] Request uninstall
[DEBUG] [main] Validated build configuration regarding trusted package rules, 0 are missing.
[INFO] [main] Request install with ASC-Impl [testMethod=Optional[org.junit.jupiter.api.DynamicContainer de.tum.in.test.integration.testuser.StructuralUser$StrucuralTestSet$AttributeTestUser.testAttributes() throws java.net.URISyntaxException], executionPath=/Users/markuspaulsen/Documents/UniPHD/ChristianFemers/GIT, whitelistedPaths=Optional[[PathRule["" (STARTS_WITH) in WHITELIST; level READ]]], blacklistedPaths=[], allowedLocalPorts=[], trustedPackages=[]]
[INFO] [main] Request whitelisting: Thread[ajts-to-475,5,Test-Threadgroup] []
[INFO] [main] Thread whitelisted: Thread[ajts-to-475,5,Test-Threadgroup]
[INFO] [main] Request uninstall
[DEBUG] [main] Validated build configuration regarding trusted package rules, 0 are missing.
[INFO] [main] Request install with ASC-Impl [testMethod=Optional[org.junit.jupiter.api.DynamicContainer de.tum.in.test.integration.testuser.StructuralUser$StrucuralTestSet$AttributeTestUser.testAttributes() throws java.net.URISyntaxException], executionPath=/Users/markuspaulsen/Documents/UniPHD/ChristianFemers/GIT, whitelistedPaths=Optional[[PathRule["" (STARTS_WITH) in WHITELIST; level READ]]], blacklistedPaths=[], allowedLocalPorts=[], trustedPackages=[]]
[INFO] [main] Request whitelisting: Thread[ajts-to-476,5,Test-Threadgroup] []
[INFO] [main] Thread whitelisted: Thread[ajts-to-476,5,Test-Threadgroup]
[INFO] [main] Request uninstall
[DEBUG] [main] Validated build configuration regarding trusted package rules, 0 are missing.
[INFO] [main] Request install with ASC-Impl [testMethod=Optional[org.junit.jupiter.api.DynamicContainer de.tum.in.test.integration.testuser.StructuralUser$StrucuralTestSet$AttributeTestUser.testAttributes() throws java.net.URISyntaxException], executionPath=/Users/markuspaulsen/Documents/UniPHD/ChristianFemers/GIT, whitelistedPaths=Optional[[PathRule["" (STARTS_WITH) in WHITELIST; level READ]]], blacklistedPaths=[], allowedLocalPorts=[], trustedPackages=[]]
[INFO] [main] Request whitelisting: Thread[ajts-to-477,5,Test-Threadgroup] []
[INFO] [main] Thread whitelisted: Thread[ajts-to-477,5,Test-Threadgroup]
[INFO] [main] Request uninstall
[DEBUG] [main] Validated build configuration regarding trusted package rules, 0 are missing.
[INFO] [main] Request install with ASC-Impl [testMethod=Optional.empty, executionPath=/Users/markuspaulsen/Documents/UniPHD/ChristianFemers/GIT, whitelistedPaths=Optional[[PathRule["" (STARTS_WITH) in WHITELIST; level READ]]], blacklistedPaths=[], allowedLocalPorts=[], trustedPackages=[]]
[INFO] [main] Request whitelisting: Thread[ajts-to-478,5,Test-Threadgroup] []
[INFO] [main] Thread whitelisted: Thread[ajts-to-478,5,Test-Threadgroup]
[INFO] [main] Request uninstall
[DEBUG] [main] Validated build configuration regarding trusted package rules, 0 are missing.
[INFO] [main] Request install with ASC-Impl [testMethod=Optional.empty, executionPath=/Users/markuspaulsen/Documents/UniPHD/ChristianFemers/GIT, whitelistedPaths=Optional[[PathRule["" (STARTS_WITH) in WHITELIST; level READ]]], blacklistedPaths=[], allowedLocalPorts=[], trustedPackages=[]]
[INFO] [main] Request whitelisting: Thread[ajts-to-479,5,Test-Threadgroup] []
[INFO] [main] Thread whitelisted: Thread[ajts-to-479,5,Test-Threadgroup]
[INFO] [main] Request uninstall
[DEBUG] [main] Validated build configuration regarding trusted package rules, 0 are missing.
[INFO] [main] Request install with ASC-Impl [testMethod=Optional.empty, executionPath=/Users/markuspaulsen/Documents/UniPHD/ChristianFemers/GIT, whitelistedPaths=Optional[[PathRule["" (STARTS_WITH) in WHITELIST; level READ]]], blacklistedPaths=[], allowedLocalPorts=[], trustedPackages=[]]
[INFO] [main] Request whitelisting: Thread[ajts-to-480,5,Test-Threadgroup] []
[INFO] [main] Thread whitelisted: Thread[ajts-to-480,5,Test-Threadgroup]
[INFO] [main] Request uninstall
[DEBUG] [main] Validated build configuration regarding trusted package rules, 0 are missing.
[INFO] [main] Request install with ASC-Impl [testMethod=Optional[org.junit.jupiter.api.DynamicContainer de.tum.in.test.integration.testuser.StructuralUser$StrucuralTestSet$MethodTestUser.testMethods() throws java.net.URISyntaxException], executionPath=/Users/markuspaulsen/Documents/UniPHD/ChristianFemers/GIT, whitelistedPaths=Optional[[PathRule["" (STARTS_WITH) in WHITELIST; level READ]]], blacklistedPaths=[], allowedLocalPorts=[], trustedPackages=[]]
[INFO] [main] Request whitelisting: Thread[ajts-to-481,5,Test-Threadgroup] []
[INFO] [main] Thread whitelisted: Thread[ajts-to-481,5,Test-Threadgroup]
[INFO] [main] Request uninstall
[DEBUG] [main] Validated build configuration regarding trusted package rules, 0 are missing.
[INFO] [main] Request install with ASC-Impl [testMethod=Optional[org.junit.jupiter.api.DynamicContainer de.tum.in.test.integration.testuser.StructuralUser$StrucuralTestSet$MethodTestUser.testMethods() throws java.net.URISyntaxException], executionPath=/Users/markuspaulsen/Documents/UniPHD/ChristianFemers/GIT, whitelistedPaths=Optional[[PathRule["" (STARTS_WITH) in WHITELIST; level READ]]], blacklistedPaths=[], allowedLocalPorts=[], trustedPackages=[]]
[INFO] [main] Request whitelisting: Thread[ajts-to-482,5,Test-Threadgroup] []
[INFO] [main] Thread whitelisted: Thread[ajts-to-482,5,Test-Threadgroup]
[INFO] [main] Request uninstall
[DEBUG] [main] Validated build configuration regarding trusted package rules, 0 are missing.
[INFO] [main] Request install with ASC-Impl [testMethod=Optional[org.junit.jupiter.api.DynamicContainer de.tum.in.test.integration.testuser.StructuralUser$StrucuralTestSet$MethodTestUser.testMethods() throws java.net.URISyntaxException], executionPath=/Users/markuspaulsen/Documents/UniPHD/ChristianFemers/GIT, whitelistedPaths=Optional[[PathRule["" (STARTS_WITH) in WHITELIST; level READ]]], blacklistedPaths=[], allowedLocalPorts=[], trustedPackages=[]]
[INFO] [main] Request whitelisting: Thread[ajts-to-483,5,Test-Threadgroup] []
[INFO] [main] Thread whitelisted: Thread[ajts-to-483,5,Test-Threadgroup]
[INFO] [main] Request uninstall
[DEBUG] [main] Validated build configuration regarding trusted package rules, 0 are missing.
[INFO] [main] Request install with ASC-Impl [testMethod=Optional[org.junit.jupiter.api.DynamicContainer de.tum.in.test.integration.testuser.StructuralUser$StrucuralTestSet$MethodTestUser.testMethods() throws java.net.URISyntaxException], executionPath=/Users/markuspaulsen/Documents/UniPHD/ChristianFemers/GIT, whitelistedPaths=Optional[[PathRule["" (STARTS_WITH) in WHITELIST; level READ]]], blacklistedPaths=[], allowedLocalPorts=[], trustedPackages=[]]
[INFO] [main] Request whitelisting: Thread[ajts-to-484,5,Test-Threadgroup] []
[INFO] [main] Thread whitelisted: Thread[ajts-to-484,5,Test-Threadgroup]
[INFO] [main] Request uninstall
[DEBUG] [main] Validated build configuration regarding trusted package rules, 0 are missing.
[INFO] [main] Request install with ASC-Impl [testMethod=Optional[org.junit.jupiter.api.DynamicContainer de.tum.in.test.integration.testuser.StructuralUser$StrucuralTestSet$MethodTestUser.testMethods() throws java.net.URISyntaxException], executionPath=/Users/markuspaulsen/Documents/UniPHD/ChristianFemers/GIT, whitelistedPaths=Optional[[PathRule["" (STARTS_WITH) in WHITELIST; level READ]]], blacklistedPaths=[], allowedLocalPorts=[], trustedPackages=[]]
[INFO] [main] Request whitelisting: Thread[ajts-to-485,5,Test-Threadgroup] []
[INFO] [main] Thread whitelisted: Thread[ajts-to-485,5,Test-Threadgroup]
[INFO] [main] Request uninstall
[DEBUG] [main] Validated build configuration regarding trusted package rules, 0 are missing.
[INFO] [main] Request install with ASC-Impl [testMethod=Optional[org.junit.jupiter.api.DynamicContainer de.tum.in.test.integration.testuser.StructuralUser$StrucuralTestSet$MethodTestUser.testMethods() throws java.net.URISyntaxException], executionPath=/Users/markuspaulsen/Documents/UniPHD/ChristianFemers/GIT, whitelistedPaths=Optional[[PathRule["" (STARTS_WITH) in WHITELIST; level READ]]], blacklistedPaths=[], allowedLocalPorts=[], trustedPackages=[]]
[INFO] [main] Request whitelisting: Thread[ajts-to-486,5,Test-Threadgroup] []
[INFO] [main] Thread whitelisted: Thread[ajts-to-486,5,Test-Threadgroup]
[INFO] [main] Request uninstall
[DEBUG] [main] Validated build configuration regarding trusted package rules, 0 are missing.
[INFO] [main] Request install with ASC-Impl [testMethod=Optional[org.junit.jupiter.api.DynamicContainer de.tum.in.test.integration.testuser.StructuralUser$StrucuralTestSet$MethodTestUser.testMethods() throws java.net.URISyntaxException], executionPath=/Users/markuspaulsen/Documents/UniPHD/ChristianFemers/GIT, whitelistedPaths=Optional[[PathRule["" (STARTS_WITH) in WHITELIST; level READ]]], blacklistedPaths=[], allowedLocalPorts=[], trustedPackages=[]]
[INFO] [main] Request whitelisting: Thread[ajts-to-487,5,Test-Threadgroup] []
[INFO] [main] Thread whitelisted: Thread[ajts-to-487,5,Test-Threadgroup]
[INFO] [main] Request uninstall
[DEBUG] [main] Validated build configuration regarding trusted package rules, 0 are missing.
[INFO] [main] Request install with ASC-Impl [testMethod=Optional.empty, executionPath=/Users/markuspaulsen/Documents/UniPHD/ChristianFemers/GIT, whitelistedPaths=Optional[[PathRule["" (STARTS_WITH) in WHITELIST; level READ]]], blacklistedPaths=[], allowedLocalPorts=[], trustedPackages=[]]
[INFO] [main] Request whitelisting: Thread[ajts-to-488,5,Test-Threadgroup] []
[INFO] [main] Thread whitelisted: Thread[ajts-to-488,5,Test-Threadgroup]
[INFO] [main] Request uninstall
[DEBUG] [main] Validated build configuration regarding trusted package rules, 0 are missing.
[INFO] [main] Request install with ASC-Impl [testMethod=Optional.empty, executionPath=/Users/markuspaulsen/Documents/UniPHD/ChristianFemers/GIT, whitelistedPaths=Optional[[PathRule["" (STARTS_WITH) in WHITELIST; level READ]]], blacklistedPaths=[], allowedLocalPorts=[], trustedPackages=[]]
[INFO] [main] Request whitelisting: Thread[ajts-to-489,5,Test-Threadgroup] []
[INFO] [main] Thread whitelisted: Thread[ajts-to-489,5,Test-Threadgroup]
[INFO] [main] Request uninstall
[DEBUG] [main] Validated build configuration regarding trusted package rules, 0 are missing.
[INFO] [main] Request install with ASC-Impl [testMethod=Optional.empty, executionPath=/Users/markuspaulsen/Documents/UniPHD/ChristianFemers/GIT, whitelistedPaths=Optional[[PathRule["" (STARTS_WITH) in WHITELIST; level READ]]], blacklistedPaths=[], allowedLocalPorts=[], trustedPackages=[]]
[INFO] [main] Request whitelisting: Thread[ajts-to-490,5,Test-Threadgroup] []
[INFO] [main] Thread whitelisted: Thread[ajts-to-490,5,Test-Threadgroup]
[INFO] [main] Request uninstall
[DEBUG] [main] Validated build configuration regarding trusted package rules, 0 are missing.
[INFO] [main] Request install with ASC-Impl [testMethod=Optional[org.junit.jupiter.api.DynamicContainer de.tum.in.test.integration.testuser.StructuralUser$StrucuralTestSet$ConstructorTestUser.testConstructors() throws java.net.URISyntaxException], executionPath=/Users/markuspaulsen/Documents/UniPHD/ChristianFemers/GIT, whitelistedPaths=Optional[[PathRule["" (STARTS_WITH) in WHITELIST; level READ]]], blacklistedPaths=[], allowedLocalPorts=[], trustedPackages=[]]
[INFO] [main] Request whitelisting: Thread[ajts-to-491,5,Test-Threadgroup] []
[INFO] [main] Thread whitelisted: Thread[ajts-to-491,5,Test-Threadgroup]
[INFO] [main] Request uninstall
[DEBUG] [main] Validated build configuration regarding trusted package rules, 0 are missing.
[INFO] [main] Request install with ASC-Impl [testMethod=Optional[org.junit.jupiter.api.DynamicContainer de.tum.in.test.integration.testuser.StructuralUser$StrucuralTestSet$ConstructorTestUser.testConstructors() throws java.net.URISyntaxException], executionPath=/Users/markuspaulsen/Documents/UniPHD/ChristianFemers/GIT, whitelistedPaths=Optional[[PathRule["" (STARTS_WITH) in WHITELIST; level READ]]], blacklistedPaths=[], allowedLocalPorts=[], trustedPackages=[]]
[INFO] [main] Request whitelisting: Thread[ajts-to-492,5,Test-Threadgroup] []
[INFO] [main] Thread whitelisted: Thread[ajts-to-492,5,Test-Threadgroup]
[INFO] [main] Request uninstall
[DEBUG] [main] Validated build configuration regarding trusted package rules, 0 are missing.
[INFO] [main] Request install with ASC-Impl [testMethod=Optional[org.junit.jupiter.api.DynamicContainer de.tum.in.test.integration.testuser.StructuralUser$StrucuralTestSet$ConstructorTestUser.testConstructors() throws java.net.URISyntaxException], executionPath=/Users/markuspaulsen/Documents/UniPHD/ChristianFemers/GIT, whitelistedPaths=Optional[[PathRule["" (STARTS_WITH) in WHITELIST; level READ]]], blacklistedPaths=[], allowedLocalPorts=[], trustedPackages=[]]
[INFO] [main] Request whitelisting: Thread[ajts-to-493,5,Test-Threadgroup] []
[INFO] [main] Thread whitelisted: Thread[ajts-to-493,5,Test-Threadgroup]
[INFO] [main] Request uninstall
[DEBUG] [main] Validated build configuration regarding trusted package rules, 0 are missing.
[INFO] [main] Request install with ASC-Impl [testMethod=Optional[org.junit.jupiter.api.DynamicContainer de.tum.in.test.integration.testuser.StructuralUser$StrucuralTestSet$ConstructorTestUser.testConstructors() throws java.net.URISyntaxException], executionPath=/Users/markuspaulsen/Documents/UniPHD/ChristianFemers/GIT, whitelistedPaths=Optional[[PathRule["" (STARTS_WITH) in WHITELIST; level READ]]], blacklistedPaths=[], allowedLocalPorts=[], trustedPackages=[]]
[INFO] [main] Request whitelisting: Thread[ajts-to-494,5,Test-Threadgroup] []
[INFO] [main] Thread whitelisted: Thread[ajts-to-494,5,Test-Threadgroup]
[INFO] [main] Request uninstall
[DEBUG] [main] Validated build configuration regarding trusted package rules, 0 are missing.
[INFO] [main] Request install with ASC-Impl [testMethod=Optional[org.junit.jupiter.api.DynamicContainer de.tum.in.test.integration.testuser.StructuralUser$StrucuralTestSet$ConstructorTestUser.testConstructors() throws java.net.URISyntaxException], executionPath=/Users/markuspaulsen/Documents/UniPHD/ChristianFemers/GIT, whitelistedPaths=Optional[[PathRule["" (STARTS_WITH) in WHITELIST; level READ]]], blacklistedPaths=[], allowedLocalPorts=[], trustedPackages=[]]
[INFO] [main] Request whitelisting: Thread[ajts-to-495,5,Test-Threadgroup] []
[INFO] [main] Thread whitelisted: Thread[ajts-to-495,5,Test-Threadgroup]
[INFO] [main] Request uninstall
[DEBUG] [main] Validated build configuration regarding trusted package rules, 0 are missing.
[INFO] [main] Request install with ASC-Impl [testMethod=Optional[org.junit.jupiter.api.DynamicContainer de.tum.in.test.integration.testuser.StructuralUser$StrucuralTestSet$ConstructorTestUser.testConstructors() throws java.net.URISyntaxException], executionPath=/Users/markuspaulsen/Documents/UniPHD/ChristianFemers/GIT, whitelistedPaths=Optional[[PathRule["" (STARTS_WITH) in WHITELIST; level READ]]], blacklistedPaths=[], allowedLocalPorts=[], trustedPackages=[]]
[INFO] [main] Request whitelisting: Thread[ajts-to-496,5,Test-Threadgroup] []
[INFO] [main] Thread whitelisted: Thread[ajts-to-496,5,Test-Threadgroup]
[INFO] [main] Request uninstall
[DEBUG] [main] Validated build configuration regarding trusted package rules, 0 are missing.
[INFO] [main] Request install with ASC-Impl [testMethod=Optional.empty, executionPath=/Users/markuspaulsen/Documents/UniPHD/ChristianFemers/GIT, whitelistedPaths=Optional[[PathRule["" (STARTS_WITH) in WHITELIST; level READ]]], blacklistedPaths=[], allowedLocalPorts=[], trustedPackages=[]]
[INFO] [main] Request whitelisting: Thread[ajts-to-497,5,Test-Threadgroup] []
[INFO] [main] Thread whitelisted: Thread[ajts-to-497,5,Test-Threadgroup]
[INFO] [main] Request uninstall
[DEBUG] [main] Validated build configuration regarding trusted package rules, 0 are missing.
[INFO] [main] Request install with ASC-Impl [testMethod=Optional.empty, executionPath=/Users/markuspaulsen/Documents/UniPHD/ChristianFemers/GIT, whitelistedPaths=Optional[[PathRule["" (STARTS_WITH) in WHITELIST; level READ]]], blacklistedPaths=[], allowedLocalPorts=[], trustedPackages=[]]
[INFO] [main] Request whitelisting: Thread[ajts-to-498,5,Test-Threadgroup] []
[INFO] [main] Thread whitelisted: Thread[ajts-to-498,5,Test-Threadgroup]
[INFO] [main] Request uninstall
[DEBUG] [main] Validated build configuration regarding trusted package rules, 0 are missing.
[INFO] [main] Request install with ASC-Impl [testMethod=Optional.empty, executionPath=/Users/markuspaulsen/Documents/UniPHD/ChristianFemers/GIT, whitelistedPaths=Optional[[PathRule["" (STARTS_WITH) in WHITELIST; level READ]]], blacklistedPaths=[], allowedLocalPorts=[], trustedPackages=[]]
[INFO] [main] Request whitelisting: Thread[ajts-to-499,5,Test-Threadgroup] []
[INFO] [main] Thread whitelisted: Thread[ajts-to-499,5,Test-Threadgroup]
[INFO] [main] Request uninstall
[DEBUG] [main] Validated build configuration regarding trusted package rules, 0 are missing.
[INFO] [main] Request install with ASC-Impl [testMethod=Optional[org.junit.jupiter.api.DynamicContainer de.tum.in.test.integration.testuser.StructuralUser$StrucuralTestSet$ClassTestUser.testClasses() throws java.net.URISyntaxException], executionPath=/Users/markuspaulsen/Documents/UniPHD/ChristianFemers/GIT, whitelistedPaths=Optional[[PathRule["" (STARTS_WITH) in WHITELIST; level READ]]], blacklistedPaths=[], allowedLocalPorts=[], trustedPackages=[]]
[INFO] [main] Request whitelisting: Thread[ajts-to-500,5,Test-Threadgroup] []
[INFO] [main] Thread whitelisted: Thread[ajts-to-500,5,Test-Threadgroup]
[INFO] [main] Request uninstall
[DEBUG] [main] Validated build configuration regarding trusted package rules, 0 are missing.
[INFO] [main] Request install with ASC-Impl [testMethod=Optional[org.junit.jupiter.api.DynamicContainer de.tum.in.test.integration.testuser.StructuralUser$StrucuralTestSet$ClassTestUser.testClasses() throws java.net.URISyntaxException], executionPath=/Users/markuspaulsen/Documents/UniPHD/ChristianFemers/GIT, whitelistedPaths=Optional[[PathRule["" (STARTS_WITH) in WHITELIST; level READ]]], blacklistedPaths=[], allowedLocalPorts=[], trustedPackages=[]]
[INFO] [main] Request whitelisting: Thread[ajts-to-501,5,Test-Threadgroup] []
[INFO] [main] Thread whitelisted: Thread[ajts-to-501,5,Test-Threadgroup]
[INFO] [main] Request uninstall
[DEBUG] [main] Validated build configuration regarding trusted package rules, 0 are missing.
[INFO] [main] Request install with ASC-Impl [testMethod=Optional[org.junit.jupiter.api.DynamicContainer de.tum.in.test.integration.testuser.StructuralUser$StrucuralTestSet$ClassTestUser.testClasses() throws java.net.URISyntaxException], executionPath=/Users/markuspaulsen/Documents/UniPHD/ChristianFemers/GIT, whitelistedPaths=Optional[[PathRule["" (STARTS_WITH) in WHITELIST; level READ]]], blacklistedPaths=[], allowedLocalPorts=[], trustedPackages=[]]
[INFO] [main] Request whitelisting: Thread[ajts-to-502,5,Test-Threadgroup] []
[INFO] [main] Thread whitelisted: Thread[ajts-to-502,5,Test-Threadgroup]
[INFO] [main] Request uninstall
[DEBUG] [main] Validated build configuration regarding trusted package rules, 0 are missing.
[INFO] [main] Request install with ASC-Impl [testMethod=Optional[org.junit.jupiter.api.DynamicContainer de.tum.in.test.integration.testuser.StructuralUser$StrucuralTestSet$ClassTestUser.testClasses() throws java.net.URISyntaxException], executionPath=/Users/markuspaulsen/Documents/UniPHD/ChristianFemers/GIT, whitelistedPaths=Optional[[PathRule["" (STARTS_WITH) in WHITELIST; level READ]]], blacklistedPaths=[], allowedLocalPorts=[], trustedPackages=[]]
[INFO] [main] Request whitelisting: Thread[ajts-to-503,5,Test-Threadgroup] []
[INFO] [main] Thread whitelisted: Thread[ajts-to-503,5,Test-Threadgroup]
[INFO] [main] Request uninstall
[DEBUG] [main] Validated build configuration regarding trusted package rules, 0 are missing.
[INFO] [main] Request install with ASC-Impl [testMethod=Optional[org.junit.jupiter.api.DynamicContainer de.tum.in.test.integration.testuser.StructuralUser$StrucuralTestSet$ClassTestUser.testClasses() throws java.net.URISyntaxException], executionPath=/Users/markuspaulsen/Documents/UniPHD/ChristianFemers/GIT, whitelistedPaths=Optional[[PathRule["" (STARTS_WITH) in WHITELIST; level READ]]], blacklistedPaths=[], allowedLocalPorts=[], trustedPackages=[]]
[INFO] [main] Request whitelisting: Thread[ajts-to-504,5,Test-Threadgroup] []
[INFO] [main] Thread whitelisted: Thread[ajts-to-504,5,Test-Threadgroup]
[INFO] [main] Request uninstall
[DEBUG] [main] Validated build configuration regarding trusted package rules, 0 are missing.
[INFO] [main] Request install with ASC-Impl [testMethod=Optional[org.junit.jupiter.api.DynamicContainer de.tum.in.test.integration.testuser.StructuralUser$StrucuralTestSet$ClassTestUser.testClasses() throws java.net.URISyntaxException], executionPath=/Users/markuspaulsen/Documents/UniPHD/ChristianFemers/GIT, whitelistedPaths=Optional[[PathRule["" (STARTS_WITH) in WHITELIST; level READ]]], blacklistedPaths=[], allowedLocalPorts=[], trustedPackages=[]]
[INFO] [main] Request whitelisting: Thread[ajts-to-505,5,Test-Threadgroup] []
[INFO] [main] Thread whitelisted: Thread[ajts-to-505,5,Test-Threadgroup]
[INFO] [main] Request uninstall
[DEBUG] [main] Validated build configuration regarding trusted package rules, 0 are missing.
[INFO] [main] Request install with ASC-Impl [testMethod=Optional[org.junit.jupiter.api.DynamicContainer de.tum.in.test.integration.testuser.StructuralUser$StrucuralTestSet$ClassTestUser.testClasses() throws java.net.URISyntaxException], executionPath=/Users/markuspaulsen/Documents/UniPHD/ChristianFemers/GIT, whitelistedPaths=Optional[[PathRule["" (STARTS_WITH) in WHITELIST; level READ]]], blacklistedPaths=[], allowedLocalPorts=[], trustedPackages=[]]
[INFO] [main] Request whitelisting: Thread[ajts-to-506,5,Test-Threadgroup] []
[INFO] [main] Thread whitelisted: Thread[ajts-to-506,5,Test-Threadgroup]
[INFO] [main] Request uninstall
[DEBUG] [main] Validated build configuration regarding trusted package rules, 0 are missing.
[INFO] [main] Request install with ASC-Impl [testMethod=Optional[org.junit.jupiter.api.DynamicContainer de.tum.in.test.integration.testuser.StructuralUser$StrucuralTestSet$ClassTestUser.testClasses() throws java.net.URISyntaxException], executionPath=/Users/markuspaulsen/Documents/UniPHD/ChristianFemers/GIT, whitelistedPaths=Optional[[PathRule["" (STARTS_WITH) in WHITELIST; level READ]]], blacklistedPaths=[], allowedLocalPorts=[], trustedPackages=[]]
[INFO] [main] Request whitelisting: Thread[ajts-to-507,5,Test-Threadgroup] []
[INFO] [main] Thread whitelisted: Thread[ajts-to-507,5,Test-Threadgroup]
[INFO] [main] Request uninstall
[DEBUG] [main] Validated build configuration regarding trusted package rules, 0 are missing.
[INFO] [main] Request install with ASC-Impl [testMethod=Optional[org.junit.jupiter.api.DynamicContainer de.tum.in.test.integration.testuser.StructuralUser$StrucuralTestSet$ClassTestUser.testClasses() throws java.net.URISyntaxException], executionPath=/Users/markuspaulsen/Documents/UniPHD/ChristianFemers/GIT, whitelistedPaths=Optional[[PathRule["" (STARTS_WITH) in WHITELIST; level READ]]], blacklistedPaths=[], allowedLocalPorts=[], trustedPackages=[]]
[INFO] [main] Request whitelisting: Thread[ajts-to-508,5,Test-Threadgroup] []
[INFO] [main] Thread whitelisted: Thread[ajts-to-508,5,Test-Threadgroup]
[INFO] [main] Request uninstall
[DEBUG] [main] Validated build configuration regarding trusted package rules, 0 are missing.
[INFO] [main] Request install with ASC-Impl [testMethod=Optional[org.junit.jupiter.api.DynamicContainer de.tum.in.test.integration.testuser.StructuralUser$StrucuralTestSet$ClassTestUser.testClasses() throws java.net.URISyntaxException], executionPath=/Users/markuspaulsen/Documents/UniPHD/ChristianFemers/GIT, whitelistedPaths=Optional[[PathRule["" (STARTS_WITH) in WHITELIST; level READ]]], blacklistedPaths=[], allowedLocalPorts=[], trustedPackages=[]]
[INFO] [main] Request whitelisting: Thread[ajts-to-509,5,Test-Threadgroup] []
[INFO] [main] Thread whitelisted: Thread[ajts-to-509,5,Test-Threadgroup]
[INFO] [main] Request uninstall
[DEBUG] [main] Validated build configuration regarding trusted package rules, 0 are missing.
[INFO] [main] Request install with ASC-Impl [testMethod=Optional.empty, executionPath=/Users/markuspaulsen/Documents/UniPHD/ChristianFemers/GIT, whitelistedPaths=Optional[[PathRule["" (STARTS_WITH) in WHITELIST; level READ]]], blacklistedPaths=[], allowedLocalPorts=[], trustedPackages=[]]
[INFO] [main] Request whitelisting: Thread[ajts-to-510,5,Test-Threadgroup] []
[INFO] [main] Thread whitelisted: Thread[ajts-to-510,5,Test-Threadgroup]
[INFO] [main] Request uninstall
[DEBUG] [main] Validated build configuration regarding trusted package rules, 0 are missing.
[INFO] [main] Request install with ASC-Impl [testMethod=Optional.empty, executionPath=/Users/markuspaulsen/Documents/UniPHD/ChristianFemers/GIT, whitelistedPaths=Optional[[PathRule["" (STARTS_WITH) in WHITELIST; level READ]]], blacklistedPaths=[], allowedLocalPorts=[], trustedPackages=[]]
[INFO] [main] Request whitelisting: Thread[ajts-to-511,5,Test-Threadgroup] []
[INFO] [main] Thread whitelisted: Thread[ajts-to-511,5,Test-Threadgroup]
[INFO] [main] Request uninstall
[DEBUG] [main] Validated build configuration regarding trusted package rules, 0 are missing.
[INFO] [main] Request install with ASC-Impl [testMethod=Optional.empty, executionPath=/Users/markuspaulsen/Documents/UniPHD/ChristianFemers/GIT, whitelistedPaths=Optional[[PathRule["" (STARTS_WITH) in WHITELIST; level READ]]], blacklistedPaths=[], allowedLocalPorts=[], trustedPackages=[]]
[INFO] [main] Request whitelisting: Thread[ajts-to-512,5,Test-Threadgroup] []
[INFO] [main] Thread whitelisted: Thread[ajts-to-512,5,Test-Threadgroup]
[INFO] [main] Request uninstall
[DEBUG] [main] Validated build configuration regarding trusted package rules, 0 are missing.
[INFO] [main] Request install with ASC-Impl [testMethod=Optional[org.junit.jupiter.api.DynamicContainer de.tum.in.test.integration.testuser.StructuralUser$StrucuralTestSet$AttributeTestUser.testAttributes() throws java.net.URISyntaxException], executionPath=/Users/markuspaulsen/Documents/UniPHD/ChristianFemers/GIT, whitelistedPaths=Optional[[PathRule["" (STARTS_WITH) in WHITELIST; level READ]]], blacklistedPaths=[], allowedLocalPorts=[], trustedPackages=[]]
[INFO] [main] Request whitelisting: Thread[ajts-to-513,5,Test-Threadgroup] []
[INFO] [main] Thread whitelisted: Thread[ajts-to-513,5,Test-Threadgroup]
[INFO] [main] Request uninstall
[DEBUG] [main] Validated build configuration regarding trusted package rules, 0 are missing.
[INFO] [main] Request install with ASC-Impl [testMethod=Optional[org.junit.jupiter.api.DynamicContainer de.tum.in.test.integration.testuser.StructuralUser$StrucuralTestSet$AttributeTestUser.testAttributes() throws java.net.URISyntaxException], executionPath=/Users/markuspaulsen/Documents/UniPHD/ChristianFemers/GIT, whitelistedPaths=Optional[[PathRule["" (STARTS_WITH) in WHITELIST; level READ]]], blacklistedPaths=[], allowedLocalPorts=[], trustedPackages=[]]
[INFO] [main] Request whitelisting: Thread[ajts-to-514,5,Test-Threadgroup] []
[INFO] [main] Thread whitelisted: Thread[ajts-to-514,5,Test-Threadgroup]
[INFO] [main] Request uninstall
[DEBUG] [main] Validated build configuration regarding trusted package rules, 0 are missing.
[INFO] [main] Request install with ASC-Impl [testMethod=Optional[org.junit.jupiter.api.DynamicContainer de.tum.in.test.integration.testuser.StructuralUser$StrucuralTestSet$AttributeTestUser.testAttributes() throws java.net.URISyntaxException], executionPath=/Users/markuspaulsen/Documents/UniPHD/ChristianFemers/GIT, whitelistedPaths=Optional[[PathRule["" (STARTS_WITH) in WHITELIST; level READ]]], blacklistedPaths=[], allowedLocalPorts=[], trustedPackages=[]]
[INFO] [main] Request whitelisting: Thread[ajts-to-515,5,Test-Threadgroup] []
[INFO] [main] Thread whitelisted: Thread[ajts-to-515,5,Test-Threadgroup]
[INFO] [main] Request uninstall
[DEBUG] [main] Validated build configuration regarding trusted package rules, 0 are missing.
[INFO] [main] Request install with ASC-Impl [testMethod=Optional[org.junit.jupiter.api.DynamicContainer de.tum.in.test.integration.testuser.StructuralUser$StrucuralTestSet$AttributeTestUser.testAttributes() throws java.net.URISyntaxException], executionPath=/Users/markuspaulsen/Documents/UniPHD/ChristianFemers/GIT, whitelistedPaths=Optional[[PathRule["" (STARTS_WITH) in WHITELIST; level READ]]], blacklistedPaths=[], allowedLocalPorts=[], trustedPackages=[]]
[INFO] [main] Request whitelisting: Thread[ajts-to-516,5,Test-Threadgroup] []
[INFO] [main] Thread whitelisted: Thread[ajts-to-516,5,Test-Threadgroup]
[INFO] [main] Request uninstall
[DEBUG] [main] Validated build configuration regarding trusted package rules, 0 are missing.
[INFO] [main] Request install with ASC-Impl [testMethod=Optional[org.junit.jupiter.api.DynamicContainer de.tum.in.test.integration.testuser.StructuralUser$StrucuralTestSet$AttributeTestUser.testAttributes() throws java.net.URISyntaxException], executionPath=/Users/markuspaulsen/Documents/UniPHD/ChristianFemers/GIT, whitelistedPaths=Optional[[PathRule["" (STARTS_WITH) in WHITELIST; level READ]]], blacklistedPaths=[], allowedLocalPorts=[], trustedPackages=[]]
[INFO] [main] Request whitelisting: Thread[ajts-to-517,5,Test-Threadgroup] []
[INFO] [main] Thread whitelisted: Thread[ajts-to-517,5,Test-Threadgroup]
[INFO] [main] Request uninstall
[DEBUG] [main] Validated build configuration regarding trusted package rules, 0 are missing.
[INFO] [main] Request install with ASC-Impl [testMethod=Optional[org.junit.jupiter.api.DynamicContainer de.tum.in.test.integration.testuser.StructuralUser$StrucuralTestSet$AttributeTestUser.testAttributes() throws java.net.URISyntaxException], executionPath=/Users/markuspaulsen/Documents/UniPHD/ChristianFemers/GIT, whitelistedPaths=Optional[[PathRule["" (STARTS_WITH) in WHITELIST; level READ]]], blacklistedPaths=[], allowedLocalPorts=[], trustedPackages=[]]
[INFO] [main] Request whitelisting: Thread[ajts-to-518,5,Test-Threadgroup] []
[INFO] [main] Thread whitelisted: Thread[ajts-to-518,5,Test-Threadgroup]
[INFO] [main] Request uninstall
[DEBUG] [main] Validated build configuration regarding trusted package rules, 0 are missing.
[INFO] [main] Request install with ASC-Impl [testMethod=Optional[org.junit.jupiter.api.DynamicContainer de.tum.in.test.integration.testuser.StructuralUser$StrucuralTestSet$AttributeTestUser.testAttributes() throws java.net.URISyntaxException], executionPath=/Users/markuspaulsen/Documents/UniPHD/ChristianFemers/GIT, whitelistedPaths=Optional[[PathRule["" (STARTS_WITH) in WHITELIST; level READ]]], blacklistedPaths=[], allowedLocalPorts=[], trustedPackages=[]]
[INFO] [main] Request whitelisting: Thread[ajts-to-519,5,Test-Threadgroup] []
[INFO] [main] Thread whitelisted: Thread[ajts-to-519,5,Test-Threadgroup]
[INFO] [main] Request uninstall
]]></system-err>
  </testcase>
  <testcase name="test_invalidGradle" classname="de.tum.in.test.integration.StructuralTest" time="0.001"/>
  <testcase name="test_invalidMaven" classname="de.tum.in.test.integration.StructuralTest" time="0.001"/>
  <testcase name="test_noBuildToolFile" classname="de.tum.in.test.integration.StructuralTest" time="0.001"/>
  <testcase name="test_testAttributesSomeAbstractClass" classname="de.tum.in.test.integration.StructuralTest" time="0"/>
  <testcase name="test_testAttributesSomeClass" classname="de.tum.in.test.integration.StructuralTest" time="0.001"/>
  <testcase name="test_testAttributesSomeEnum" classname="de.tum.in.test.integration.StructuralTest" time="0"/>
  <testcase name="test_testAttributesSomeFailingClass" classname="de.tum.in.test.integration.StructuralTest" time="0.001"/>
  <testcase name="test_testAttributesSomeInterface" classname="de.tum.in.test.integration.StructuralTest" time="0.001"/>
  <testcase name="test_testClassDoesNotExist" classname="de.tum.in.test.integration.StructuralTest" time="0"/>
  <testcase name="test_testClassMisspelledClas" classname="de.tum.in.test.integration.StructuralTest" time="0.001"/>
  <testcase name="test_testClassMisspelledclass" classname="de.tum.in.test.integration.StructuralTest" time="0.001"/>
  <testcase name="test_testClassSomeAbstractClass" classname="de.tum.in.test.integration.StructuralTest" time="0.001"/>
  <testcase name="test_testClassSomeClass" classname="de.tum.in.test.integration.StructuralTest" time="0.001"/>
  <testcase name="test_testClassSomeEnum" classname="de.tum.in.test.integration.StructuralTest" time="0.003"/>
  <testcase name="test_testClassSomeFailingClass" classname="de.tum.in.test.integration.StructuralTest" time="0.001"/>
  <testcase name="test_testClassSomeInterface" classname="de.tum.in.test.integration.StructuralTest" time="0.001"/>
  <testcase name="test_testConstructorsSomeAbstractClass" classname="de.tum.in.test.integration.StructuralTest" time="0.001"/>
  <testcase name="test_testConstructorsSomeClass" classname="de.tum.in.test.integration.StructuralTest" time="0.001"/>
  <testcase name="test_testConstructorsSomeEnum" classname="de.tum.in.test.integration.StructuralTest" time="0.001"/>
  <testcase name="test_testConstructorsSomeFailingClass" classname="de.tum.in.test.integration.StructuralTest" time="0.001"/>
  <testcase name="test_testMethodsSomeAbstractClass" classname="de.tum.in.test.integration.StructuralTest" time="0.002"/>
  <testcase name="test_testMethodsSomeClass" classname="de.tum.in.test.integration.StructuralTest" time="0.001"/>
  <testcase name="test_testMethodsSomeEnum" classname="de.tum.in.test.integration.StructuralTest" time="0.001"/>
  <testcase name="test_testMethodsSomeFailingClass" classname="de.tum.in.test.integration.StructuralTest" time="0.002"/>
  <testcase name="test_testMethodsSomeInterface" classname="de.tum.in.test.integration.StructuralTest" time="0"/>
</testsuite>