<?xml version="1.0" encoding="UTF-8"?>
<testsuite xmlns:xsi="http://www.w3.org/2001/XMLSchema-instance" xsi:noNamespaceSchemaLocation="https://maven.apache.org/surefire/maven-surefire-plugin/xsd/surefire-test-report-3.0.xsd" version="3.0" name="de.tum.in.test.integration.AstAssertionTest$AnyWhileLoopTestTests" time="0.027" tests="4" errors="0" skipped="0" failures="3">
  <properties>
    <property name="java.specification.version" value="17"/>
    <property name="sun.jnu.encoding" value="UTF-8"/>
    <property name="java.class.path" value="/Users/markuspaulsen/Documents/UniPHD/ChristianFemers/GIT/target/test-classes:/Users/markuspaulsen/Documents/UniPHD/ChristianFemers/GIT/target/classes:/Users/markuspaulsen/.m2/repository/ch/qos/logback/logback-classic/1.4.5/logback-classic-1.4.5.jar:/Users/markuspaulsen/.m2/repository/ch/qos/logback/logback-core/1.4.5/logback-core-1.4.5.jar:/Users/markuspaulsen/.m2/repository/org/slf4j/slf4j-api/2.0.4/slf4j-api-2.0.4.jar:/Users/markuspaulsen/.m2/repository/org/junit/jupiter/junit-jupiter-api/5.9.2/junit-jupiter-api-5.9.2.jar:/Users/markuspaulsen/.m2/repository/org/opentest4j/opentest4j/1.2.0/opentest4j-1.2.0.jar:/Users/markuspaulsen/.m2/repository/org/junit/platform/junit-platform-commons/1.9.2/junit-platform-commons-1.9.2.jar:/Users/markuspaulsen/.m2/repository/org/apiguardian/apiguardian-api/1.1.2/apiguardian-api-1.1.2.jar:/Users/markuspaulsen/.m2/repository/org/junit/platform/junit-platform-launcher/1.9.2/junit-platform-launcher-1.9.2.jar:/Users/markuspaulsen/.m2/repository/org/junit/platform/junit-platform-engine/1.9.2/junit-platform-engine-1.9.2.jar:/Users/markuspaulsen/.m2/repository/org/junit/jupiter/junit-jupiter-engine/5.9.2/junit-jupiter-engine-5.9.2.jar:/Users/markuspaulsen/.m2/repository/org/junit/jupiter/junit-jupiter-params/5.9.2/junit-jupiter-params-5.9.2.jar:/Users/markuspaulsen/.m2/repository/org/junit/vintage/junit-vintage-engine/5.9.2/junit-vintage-engine-5.9.2.jar:/Users/markuspaulsen/.m2/repository/junit/junit/4.13.2/junit-4.13.2.jar:/Users/markuspaulsen/.m2/repository/org/hamcrest/hamcrest-core/1.3/hamcrest-core-1.3.jar:/Users/markuspaulsen/.m2/repository/org/hamcrest/hamcrest/2.2/hamcrest-2.2.jar:/Users/markuspaulsen/.m2/repository/org/assertj/assertj-core/3.24.1/assertj-core-3.24.1.jar:/Users/markuspaulsen/.m2/repository/net/bytebuddy/byte-buddy/1.12.21/byte-buddy-1.12.21.jar:/Users/markuspaulsen/.m2/repository/org/json/json/20220924/json-20220924.jar:/Users/markuspaulsen/.m2/repository/info/debatty/java-string-similarity/2.0.0/java-string-similarity-2.0.0.jar:/Users/markuspaulsen/.m2/repository/net/jcip/jcip-annotations/1.0/jcip-annotations-1.0.jar:/Users/markuspaulsen/.m2/repository/com/github/javaparser/javaparser-core/3.24.10/javaparser-core-3.24.10.jar:/Users/markuspaulsen/.m2/repository/org/junit/platform/junit-platform-testkit/1.9.2/junit-platform-testkit-1.9.2.jar:/Users/markuspaulsen/.m2/repository/net/jqwik/jqwik/1.7.1/jqwik-1.7.1.jar:/Users/markuspaulsen/.m2/repository/net/jqwik/jqwik-api/1.7.1/jqwik-api-1.7.1.jar:/Users/markuspaulsen/.m2/repository/net/jqwik/jqwik-web/1.7.1/jqwik-web-1.7.1.jar:/Users/markuspaulsen/.m2/repository/net/jqwik/jqwik-time/1.7.1/jqwik-time-1.7.1.jar:/Users/markuspaulsen/.m2/repository/net/jqwik/jqwik-engine/1.7.1/jqwik-engine-1.7.1.jar:"/>
    <property name="java.vm.vendor" value="Amazon.com Inc."/>
    <property name="sun.arch.data.model" value="64"/>
    <property name="java.vendor.url" value="https://aws.amazon.com/corretto/"/>
    <property name="user.timezone" value="Europe/Berlin"/>
    <property name="os.name" value="Mac OS X"/>
    <property name="java.vm.specification.version" value="17"/>
    <property name="sun.java.launcher" value="SUN_STANDARD"/>
    <property name="user.country" value="DE"/>
    <property name="sun.boot.library.path" value="/Users/markuspaulsen/Library/Java/JavaVirtualMachines/corretto-17.0.3/Contents/Home/lib"/>
    <property name="sun.java.command" value="/Users/markuspaulsen/Documents/UniPHD/ChristianFemers/GIT/target/surefire/surefirebooter-20230215165707290_3.jar /Users/markuspaulsen/Documents/UniPHD/ChristianFemers/GIT/target/surefire 2023-02-15T16-57-06_749-jvmRun1 surefire-20230215165707290_1tmp surefire_0-20230215165707290_2tmp"/>
    <property name="jdk.debug" value="release"/>
    <property name="surefire.test.class.path" value="/Users/markuspaulsen/Documents/UniPHD/ChristianFemers/GIT/target/test-classes:/Users/markuspaulsen/Documents/UniPHD/ChristianFemers/GIT/target/classes:/Users/markuspaulsen/.m2/repository/ch/qos/logback/logback-classic/1.4.5/logback-classic-1.4.5.jar:/Users/markuspaulsen/.m2/repository/ch/qos/logback/logback-core/1.4.5/logback-core-1.4.5.jar:/Users/markuspaulsen/.m2/repository/org/slf4j/slf4j-api/2.0.4/slf4j-api-2.0.4.jar:/Users/markuspaulsen/.m2/repository/org/junit/jupiter/junit-jupiter-api/5.9.2/junit-jupiter-api-5.9.2.jar:/Users/markuspaulsen/.m2/repository/org/opentest4j/opentest4j/1.2.0/opentest4j-1.2.0.jar:/Users/markuspaulsen/.m2/repository/org/junit/platform/junit-platform-commons/1.9.2/junit-platform-commons-1.9.2.jar:/Users/markuspaulsen/.m2/repository/org/apiguardian/apiguardian-api/1.1.2/apiguardian-api-1.1.2.jar:/Users/markuspaulsen/.m2/repository/org/junit/platform/junit-platform-launcher/1.9.2/junit-platform-launcher-1.9.2.jar:/Users/markuspaulsen/.m2/repository/org/junit/platform/junit-platform-engine/1.9.2/junit-platform-engine-1.9.2.jar:/Users/markuspaulsen/.m2/repository/org/junit/jupiter/junit-jupiter-engine/5.9.2/junit-jupiter-engine-5.9.2.jar:/Users/markuspaulsen/.m2/repository/org/junit/jupiter/junit-jupiter-params/5.9.2/junit-jupiter-params-5.9.2.jar:/Users/markuspaulsen/.m2/repository/org/junit/vintage/junit-vintage-engine/5.9.2/junit-vintage-engine-5.9.2.jar:/Users/markuspaulsen/.m2/repository/junit/junit/4.13.2/junit-4.13.2.jar:/Users/markuspaulsen/.m2/repository/org/hamcrest/hamcrest-core/1.3/hamcrest-core-1.3.jar:/Users/markuspaulsen/.m2/repository/org/hamcrest/hamcrest/2.2/hamcrest-2.2.jar:/Users/markuspaulsen/.m2/repository/org/assertj/assertj-core/3.24.1/assertj-core-3.24.1.jar:/Users/markuspaulsen/.m2/repository/net/bytebuddy/byte-buddy/1.12.21/byte-buddy-1.12.21.jar:/Users/markuspaulsen/.m2/repository/org/json/json/20220924/json-20220924.jar:/Users/markuspaulsen/.m2/repository/info/debatty/java-string-similarity/2.0.0/java-string-similarity-2.0.0.jar:/Users/markuspaulsen/.m2/repository/net/jcip/jcip-annotations/1.0/jcip-annotations-1.0.jar:/Users/markuspaulsen/.m2/repository/com/github/javaparser/javaparser-core/3.24.10/javaparser-core-3.24.10.jar:/Users/markuspaulsen/.m2/repository/org/junit/platform/junit-platform-testkit/1.9.2/junit-platform-testkit-1.9.2.jar:/Users/markuspaulsen/.m2/repository/net/jqwik/jqwik/1.7.1/jqwik-1.7.1.jar:/Users/markuspaulsen/.m2/repository/net/jqwik/jqwik-api/1.7.1/jqwik-api-1.7.1.jar:/Users/markuspaulsen/.m2/repository/net/jqwik/jqwik-web/1.7.1/jqwik-web-1.7.1.jar:/Users/markuspaulsen/.m2/repository/net/jqwik/jqwik-time/1.7.1/jqwik-time-1.7.1.jar:/Users/markuspaulsen/.m2/repository/net/jqwik/jqwik-engine/1.7.1/jqwik-engine-1.7.1.jar:"/>
    <property name="sun.cpu.endian" value="little"/>
    <property name="user.home" value="/Users/markuspaulsen"/>
    <property name="user.language" value="de"/>
    <property name="java.specification.vendor" value="Oracle Corporation"/>
    <property name="java.version.date" value="2022-04-19"/>
    <property name="java.home" value="/Users/markuspaulsen/Library/Java/JavaVirtualMachines/corretto-17.0.3/Contents/Home"/>
    <property name="file.separator" value="/"/>
    <property name="basedir" value="/Users/markuspaulsen/Documents/UniPHD/ChristianFemers/GIT"/>
    <property name="java.vm.compressedOopsMode" value="Zero based"/>
    <property name="line.separator" value="&#10;"/>
    <property name="java.vm.specification.vendor" value="Oracle Corporation"/>
    <property name="java.specification.name" value="Java Platform API Specification"/>
    <property name="surefire.real.class.path" value="/Users/markuspaulsen/Documents/UniPHD/ChristianFemers/GIT/target/surefire/surefirebooter-20230215165707290_3.jar"/>
    <property name="sun.management.compiler" value="HotSpot 64-Bit Tiered Compilers"/>
    <property name="java.runtime.version" value="17.0.3+6-LTS"/>
    <property name="user.name" value="markuspaulsen"/>
    <property name="path.separator" value=":"/>
    <property name="os.version" value="12.6.3"/>
    <property name="java.runtime.name" value="OpenJDK Runtime Environment"/>
    <property name="file.encoding" value="UTF-8"/>
    <property name="java.vm.name" value="OpenJDK 64-Bit Server VM"/>
    <property name="java.vendor.version" value="Corretto-17.0.3.6.1"/>
    <property name="localRepository" value="/Users/markuspaulsen/.m2/repository"/>
    <property name="java.vendor.url.bug" value="https://github.com/corretto/corretto-17/issues/"/>
    <property name="java.io.tmpdir" value="/var/folders/06/zkny378x76z6fr1t669ntwm80000gn/T/"/>
    <property name="idea.version" value="2022.2.4"/>
    <property name="java.version" value="17.0.3"/>
    <property name="user.dir" value="/Users/markuspaulsen/Documents/UniPHD/ChristianFemers/GIT"/>
    <property name="os.arch" value="x86_64"/>
    <property name="java.vm.specification.name" value="Java Virtual Machine Specification"/>
    <property name="native.encoding" value="UTF-8"/>
    <property name="java.library.path" value="/Users/markuspaulsen/Library/Java/Extensions:/Library/Java/Extensions:/Network/Library/Java/Extensions:/System/Library/Java/Extensions:/usr/lib/java:."/>
    <property name="java.vm.info" value="mixed mode, sharing"/>
    <property name="java.vendor" value="Amazon.com Inc."/>
    <property name="java.vm.version" value="17.0.3+6-LTS"/>
    <property name="sun.io.unicode.encoding" value="UnicodeBig"/>
    <property name="java.class.version" value="61.0"/>
  </properties>
  <testcase name="test_testHasBelowNoAnyWhileLoop_Fail" classname="de.tum.in.test.integration.AstAssertionTest$AnyWhileLoopTestTests" time="0.002">
    <failure message="&#10;expected: &#10;  &quot;Unwanted statement found:&#10;   - In src/test/java/de/tum/in/test/integration/testuser/subject/structural/astTestFiles/loops/yes/ClassWithAnyKindsOfLoops.java:&#10;    - While-Statement was found:&#10;     - Between line 19 (column 3) and line 22 (column 3)&#10;    - Do-While-Statement was found:&#10;     - Between line 27 (column 3) and line 30 (column 19)&quot;&#10; but was: &#10;  &quot;Unwanted statement found:&#10;   - In src/test/java/de/tum/in/test/integration/testuser/subject/structural/astTestFiles/loops/yes/ClassWithAnyKindsOfLoops.java:&#10;  - While-Statement was found:&#10;     - Between line 19 (column 3) and line 22 (column 3)&#10;  - Do-While-Statement was found:&#10;     - Between line 27 (column 3) and line 30 (column 19)&quot;" type="org.opentest4j.AssertionFailedError"><![CDATA[org.opentest4j.AssertionFailedError: 

expected: 
  "Unwanted statement found:
   - In src/test/java/de/tum/in/test/integration/testuser/subject/structural/astTestFiles/loops/yes/ClassWithAnyKindsOfLoops.java:
    - While-Statement was found:
     - Between line 19 (column 3) and line 22 (column 3)
    - Do-While-Statement was found:
     - Between line 27 (column 3) and line 30 (column 19)"
 but was: 
  "Unwanted statement found:
   - In src/test/java/de/tum/in/test/integration/testuser/subject/structural/astTestFiles/loops/yes/ClassWithAnyKindsOfLoops.java:
  - While-Statement was found:
     - Between line 19 (column 3) and line 22 (column 3)
  - Do-While-Statement was found:
     - Between line 27 (column 3) and line 30 (column 19)"
	at jdk.internal.reflect.GeneratedConstructorAccessor17.newInstance(Unknown Source)
	at java.base/jdk.internal.reflect.DelegatingConstructorAccessorImpl.newInstance(DelegatingConstructorAccessorImpl.java:45)
	at java.base/java.lang.reflect.Constructor.newInstanceWithCaller(Constructor.java:499)
	at de.tum.in.test.testutilities.CustomConditions.lambda$createMessageCondition$5(CustomConditions.java:88)
	at de.tum.in.test.testutilities.CustomConditions.lambda$createMessageCondition$7(CustomConditions.java:98)
	at org.junit.platform.commons.util.FunctionUtils.lambda$where$0(FunctionUtils.java:49)
	at java.base/java.util.stream.MatchOps$1MatchSink.accept(MatchOps.java:90)
	at java.base/java.util.ArrayList$ArrayListSpliterator.tryAdvance(ArrayList.java:1602)
	at java.base/java.util.stream.ReferencePipeline.forEachWithCancel(ReferencePipeline.java:129)
	at java.base/java.util.stream.AbstractPipeline.copyIntoWithCancel(AbstractPipeline.java:527)
	Suppressed: org.opentest4j.AssertionFailedError: Test 'testHasBelowNoAnyWhileLoop_Fail' failed in an unexpected way:

TestExecutionResult [status = FAILED, throwable = java.lang.AssertionError: Unwanted statement found:
 - In src/test/java/de/tum/in/test/integration/testuser/subject/structural/astTestFiles/loops/yes/ClassWithAnyKindsOfLoops.java:
- While-Statement was found:
   - Between line 19 (column 3) and line 22 (column 3)
- Do-While-Statement was found:
   - Between line 27 (column 3) and line 30 (column 19)]

Expectations:
[✗] all of:[
   [✓] instance of java.lang.AssertionError,
   [✓] message is correctly localized,
   [✗] message is 'Unwanted statement found:
 - In src/test/java/de/tum/in/test/integration/testuser/subject/structural/astTestFiles/loops/yes/ClassWithAnyKindsOfLoops.java:
  - While-Statement was found:
   - Between line 19 (column 3) and line 22 (column 3)
  - Do-While-Statement was found:
   - Between line 27 (column 3) and line 30 (column 19)'
]
		at de.tum.in.test.testutilities.CustomConditions.generateFailure(CustomConditions.java:178)
		at de.tum.in.test.testutilities.CustomConditions.generateFailure(CustomConditions.java:173)
		at de.tum.in.test.testutilities.CustomConditions.lambda$testFailRespectingDirectFailure$8(CustomConditions.java:124)
		at java.base/java.util.Optional.ifPresentOrElse(Optional.java:196)
		at de.tum.in.test.testutilities.CustomConditions.lambda$testFailRespectingDirectFailure$10(CustomConditions.java:114)
		at org.assertj.core.api.Condition.matches(Condition.java:161)
		at java.base/java.util.Optional.filter(Optional.java:218)
		at org.junit.platform.testkit.engine.Event.lambda$byPayload$0(Event.java:122)
		at org.assertj.core.api.Condition.matches(Condition.java:161)
		at org.assertj.core.condition.AllOf.lambda$matches$0(AllOf.java:63)
	Caused by: java.lang.AssertionError: Unwanted statement found:
 - In src/test/java/de/tum/in/test/integration/testuser/subject/structural/astTestFiles/loops/yes/ClassWithAnyKindsOfLoops.java:
- While-Statement was found:
   - Between line 19 (column 3) and line 22 (column 3)
- Do-While-Statement was found:
   - Between line 27 (column 3) and line 30 (column 19)
		at java.base/java.util.Optional.ifPresent(Optional.java:178)
		at de.tum.in.test.integration.testuser.AstAssertionUser$AnyWhileLoopTests.testHasBelowNoAnyWhileLoop_Fail(AstAssertionUser.java:198)
		at java.base/jdk.internal.reflect.NativeMethodAccessorImpl.invoke0(Native Method)
		at java.base/jdk.internal.reflect.NativeMethodAccessorImpl.invoke(NativeMethodAccessorImpl.java:77)
		at java.base/jdk.internal.reflect.DelegatingMethodAccessorImpl.invoke(DelegatingMethodAccessorImpl.java:43)
		at java.base/java.lang.reflect.Method.invoke(Method.java:568)
		at org.junit.platform.commons.util.ReflectionUtils.invokeMethod(ReflectionUtils.java:727)
		at org.junit.jupiter.engine.execution.MethodInvocation.proceed(MethodInvocation.java:60)
		at org.junit.jupiter.engine.execution.InvocationInterceptorChain$ValidatingInvocation.proceed(InvocationInterceptorChain.java:131)
		at de.tum.in.test.api.internal.TimeoutUtils.rethrowThrowableSafe(TimeoutUtils.java:47)
		at de.tum.in.test.api.internal.TimeoutUtils.lambda$performTimeoutExecution$1(TimeoutUtils.java:42)
		at java.base/java.util.concurrent.FutureTask.run(FutureTask.java:264)
		at java.base/java.util.concurrent.ThreadPoolExecutor.runWorker(ThreadPoolExecutor.java:1136)
		at java.base/java.util.concurrent.ThreadPoolExecutor$Worker.run(ThreadPoolExecutor.java:635)
		at java.base/java.lang.Thread.run(Thread.java:833)
]]></failure>
  </testcase>
  <testcase name="test_testHasBelowNoAnyWhileLoop_Success" classname="de.tum.in.test.integration.AstAssertionTest$AnyWhileLoopTestTests" time="0.002"/>
  <testcase name="test_testHasAtNoAnyWhileLoop_Fail" classname="de.tum.in.test.integration.AstAssertionTest$AnyWhileLoopTestTests" time="0.006">
    <failure message="&#10;expected: &#10;  &quot;Unwanted statement found:&#10;   - In src/test/java/de/tum/in/test/integration/testuser/subject/structural/astTestFiles/loops/yes/ClassWithAnyKindsOfLoops.java:&#10;    - While-Statement was found:&#10;     - Between line 19 (column 3) and line 22 (column 3)&#10;    - Do-While-Statement was found:&#10;     - Between line 27 (column 3) and line 30 (column 19)&quot;&#10; but was: &#10;  &quot;Unwanted statement found:&#10;  - In src/test/java/de/tum/in/test/integration/testuser/subject/structural/astTestFiles/loops/yes/ClassWithAnyKindsOfLoops.java:&#10;  - While-Statement was found:&#10;     - Between line 19 (column 3) and line 22 (column 3)&#10;  - Do-While-Statement was found:&#10;     - Between line 27 (column 3) and line 30 (column 19)&quot;" type="org.opentest4j.AssertionFailedError"><![CDATA[org.opentest4j.AssertionFailedError: 

expected: 
  "Unwanted statement found:
   - In src/test/java/de/tum/in/test/integration/testuser/subject/structural/astTestFiles/loops/yes/ClassWithAnyKindsOfLoops.java:
    - While-Statement was found:
     - Between line 19 (column 3) and line 22 (column 3)
    - Do-While-Statement was found:
     - Between line 27 (column 3) and line 30 (column 19)"
 but was: 
  "Unwanted statement found:
  - In src/test/java/de/tum/in/test/integration/testuser/subject/structural/astTestFiles/loops/yes/ClassWithAnyKindsOfLoops.java:
  - While-Statement was found:
     - Between line 19 (column 3) and line 22 (column 3)
  - Do-While-Statement was found:
     - Between line 27 (column 3) and line 30 (column 19)"
	at jdk.internal.reflect.GeneratedConstructorAccessor17.newInstance(Unknown Source)
	at java.base/jdk.internal.reflect.DelegatingConstructorAccessorImpl.newInstance(DelegatingConstructorAccessorImpl.java:45)
	at java.base/java.lang.reflect.Constructor.newInstanceWithCaller(Constructor.java:499)
	at de.tum.in.test.testutilities.CustomConditions.lambda$createMessageCondition$5(CustomConditions.java:88)
	at de.tum.in.test.testutilities.CustomConditions.lambda$createMessageCondition$7(CustomConditions.java:98)
	at org.junit.platform.commons.util.FunctionUtils.lambda$where$0(FunctionUtils.java:49)
	at java.base/java.util.stream.MatchOps$1MatchSink.accept(MatchOps.java:90)
	at java.base/java.util.ArrayList$ArrayListSpliterator.tryAdvance(ArrayList.java:1602)
	at java.base/java.util.stream.ReferencePipeline.forEachWithCancel(ReferencePipeline.java:129)
	at java.base/java.util.stream.AbstractPipeline.copyIntoWithCancel(AbstractPipeline.java:527)
	Suppressed: org.opentest4j.AssertionFailedError: Test 'testHasAtNoAnyWhileLoop_Fail' failed in an unexpected way:

TestExecutionResult [status = FAILED, throwable = java.lang.AssertionError: Unwanted statement found:
- In src/test/java/de/tum/in/test/integration/testuser/subject/structural/astTestFiles/loops/yes/ClassWithAnyKindsOfLoops.java:
- While-Statement was found:
   - Between line 19 (column 3) and line 22 (column 3)
- Do-While-Statement was found:
   - Between line 27 (column 3) and line 30 (column 19)]

Expectations:
[✗] all of:[
   [✓] instance of java.lang.AssertionError,
   [✓] message is correctly localized,
   [✗] message is 'Unwanted statement found:
 - In src/test/java/de/tum/in/test/integration/testuser/subject/structural/astTestFiles/loops/yes/ClassWithAnyKindsOfLoops.java:
  - While-Statement was found:
   - Between line 19 (column 3) and line 22 (column 3)
  - Do-While-Statement was found:
   - Between line 27 (column 3) and line 30 (column 19)'
]
		at de.tum.in.test.testutilities.CustomConditions.generateFailure(CustomConditions.java:178)
		at de.tum.in.test.testutilities.CustomConditions.generateFailure(CustomConditions.java:173)
		at de.tum.in.test.testutilities.CustomConditions.lambda$testFailRespectingDirectFailure$8(CustomConditions.java:124)
		at java.base/java.util.Optional.ifPresentOrElse(Optional.java:196)
		at de.tum.in.test.testutilities.CustomConditions.lambda$testFailRespectingDirectFailure$10(CustomConditions.java:114)
		at org.assertj.core.api.Condition.matches(Condition.java:161)
		at java.base/java.util.Optional.filter(Optional.java:218)
		at org.junit.platform.testkit.engine.Event.lambda$byPayload$0(Event.java:122)
		at org.assertj.core.api.Condition.matches(Condition.java:161)
		at org.assertj.core.condition.AllOf.lambda$matches$0(AllOf.java:63)
	Caused by: java.lang.AssertionError: Unwanted statement found:
- In src/test/java/de/tum/in/test/integration/testuser/subject/structural/astTestFiles/loops/yes/ClassWithAnyKindsOfLoops.java:
- While-Statement was found:
   - Between line 19 (column 3) and line 22 (column 3)
- Do-While-Statement was found:
   - Between line 27 (column 3) and line 30 (column 19)
		at java.base/java.util.Optional.ifPresent(Optional.java:178)
		at de.tum.in.test.integration.testuser.AstAssertionUser$AnyWhileLoopTests.testHasAtNoAnyWhileLoop_Fail(AstAssertionUser.java:212)
		at java.base/jdk.internal.reflect.NativeMethodAccessorImpl.invoke0(Native Method)
		at java.base/jdk.internal.reflect.NativeMethodAccessorImpl.invoke(NativeMethodAccessorImpl.java:77)
		at java.base/jdk.internal.reflect.DelegatingMethodAccessorImpl.invoke(DelegatingMethodAccessorImpl.java:43)
		at java.base/java.lang.reflect.Method.invoke(Method.java:568)
		at org.junit.platform.commons.util.ReflectionUtils.invokeMethod(ReflectionUtils.java:727)
		at org.junit.jupiter.engine.execution.MethodInvocation.proceed(MethodInvocation.java:60)
		at org.junit.jupiter.engine.execution.InvocationInterceptorChain$ValidatingInvocation.proceed(InvocationInterceptorChain.java:131)
		at de.tum.in.test.api.internal.TimeoutUtils.rethrowThrowableSafe(TimeoutUtils.java:47)
		at de.tum.in.test.api.internal.TimeoutUtils.lambda$performTimeoutExecution$1(TimeoutUtils.java:42)
		at java.base/java.util.concurrent.FutureTask.run(FutureTask.java:264)
		at java.base/java.util.concurrent.ThreadPoolExecutor.runWorker(ThreadPoolExecutor.java:1136)
		at java.base/java.util.concurrent.ThreadPoolExecutor$Worker.run(ThreadPoolExecutor.java:635)
		at java.base/java.lang.Thread.run(Thread.java:833)
]]></failure>
  </testcase>
  <testcase name="test_testHasAtNoAnyWhileLoop_Success" classname="de.tum.in.test.integration.AstAssertionTest$AnyWhileLoopTestTests" time="0.003">
    <failure message="Expected test &apos;testHasAtNoAnyWhileLoop_Success&apos; to be successful. Failure:&#10;&#10;java.lang.AssertionError: The file /Users/markuspaulsen/Documents/UniPHD/ChristianFemers/GIT/src/test/java/de/tum/in/test/integration/testuser/subject/structural/astTestFiles/loops/no/ClassWithNoKindsOfConditionals.java could not be read." type="org.opentest4j.AssertionFailedError"><![CDATA[org.opentest4j.AssertionFailedError: 
Expected test 'testHasAtNoAnyWhileLoop_Success' to be successful. Failure:

java.lang.AssertionError: The file /Users/markuspaulsen/Documents/UniPHD/ChristianFemers/GIT/src/test/java/de/tum/in/test/integration/testuser/subject/structural/astTestFiles/loops/no/ClassWithNoKindsOfConditionals.java could not be read.
	at de.tum.in.test.testutilities.CustomConditions.generateFailure(CustomConditions.java:178)
	at de.tum.in.test.testutilities.CustomConditions.lambda$testSuccessRespectingDirectFailure$11(CustomConditions.java:151)
	at java.base/java.util.Optional.ifPresent(Optional.java:178)
	at de.tum.in.test.testutilities.CustomConditions.lambda$testSuccessRespectingDirectFailure$12(CustomConditions.java:149)
	at org.assertj.core.api.Condition.matches(Condition.java:161)
	at java.base/java.util.Optional.filter(Optional.java:218)
	at org.junit.platform.testkit.engine.Event.lambda$byPayload$0(Event.java:122)
	at org.assertj.core.api.Condition.matches(Condition.java:161)
	at org.assertj.core.condition.AllOf.lambda$matches$0(AllOf.java:63)
	at java.base/java.util.stream.MatchOps$1MatchSink.accept(MatchOps.java:90)
Caused by: java.lang.AssertionError: The file /Users/markuspaulsen/Documents/UniPHD/ChristianFemers/GIT/src/test/java/de/tum/in/test/integration/testuser/subject/structural/astTestFiles/loops/no/ClassWithNoKindsOfConditionals.java could not be read.
	at de.tum.in.test.api.ast.model.JavaFile.convertFromFile(JavaFile.java:58)
	at de.tum.in.test.api.ast.model.UnwantedNode.getUnwantedNodesForFileAt(UnwantedNode.java:66)
	at de.tum.in.test.api.ast.model.UnwantedNode.getMessageForUnwantedNodesForFileAt(UnwantedNode.java:119)
	at de.tum.in.test.api.ast.asserting.UnwantedNodesAssert.hasNo(UnwantedNodesAssert.java:95)
	at de.tum.in.test.integration.testuser.AstAssertionUser$AnyWhileLoopTests.testHasAtNoAnyWhileLoop_Success(AstAssertionUser.java:205)
	at java.base/jdk.internal.reflect.NativeMethodAccessorImpl.invoke0(Native Method)
	at java.base/jdk.internal.reflect.NativeMethodAccessorImpl.invoke(NativeMethodAccessorImpl.java:77)
	at java.base/jdk.internal.reflect.DelegatingMethodAccessorImpl.invoke(DelegatingMethodAccessorImpl.java:43)
	at java.base/java.lang.reflect.Method.invoke(Method.java:568)
	at org.junit.platform.commons.util.ReflectionUtils.invokeMethod(ReflectionUtils.java:727)
	at org.junit.jupiter.engine.execution.MethodInvocation.proceed(MethodInvocation.java:60)
	at org.junit.jupiter.engine.execution.InvocationInterceptorChain$ValidatingInvocation.proceed(InvocationInterceptorChain.java:131)
	at de.tum.in.test.api.internal.TimeoutUtils.rethrowThrowableSafe(TimeoutUtils.java:47)
	at de.tum.in.test.api.internal.TimeoutUtils.lambda$performTimeoutExecution$1(TimeoutUtils.java:42)
	at java.base/java.util.concurrent.FutureTask.run(FutureTask.java:264)
	at java.base/java.util.concurrent.ThreadPoolExecutor.runWorker(ThreadPoolExecutor.java:1136)
	at java.base/java.util.concurrent.ThreadPoolExecutor$Worker.run(ThreadPoolExecutor.java:635)
	at java.base/java.lang.Thread.run(Thread.java:833)
]]></failure>
  </testcase>
</testsuite>