<?xml version="1.0" encoding="UTF-8"?>
<testsuite xmlns:xsi="http://www.w3.org/2001/XMLSchema-instance" xsi:noNamespaceSchemaLocation="https://maven.apache.org/surefire/maven-surefire-plugin/xsd/surefire-test-report-3.0.xsd" version="3.0" name="de.tum.in.test.integration.AstAssertionTest$AnyExceptionHandlingTestTests" time="0.042" tests="4" errors="0" skipped="0" failures="2">
  <properties>
[...]
</properties>
  <testcase name="test_testHasAtNoAnyExceptionHandling_Fail" classname="de.tum.in.test.integration.AstAssertionTest$AnyExceptionHandlingTestTests" time="0.023">
    <failure message="&#10;expected: &#10;  &quot;Unwanted statement found:&#10;   - In src/test/java/de/tum/in/test/integration/testuser/subject/structural/astTestFiles/exceptionHandlings/yes/ClassWithAnyKindsOfExceptionHandlings.java:&#10;    - Assert-Statement was found:&#10;     - Between line 7 (column 3) and line 7 (column 16)&#10;    - Throw-Statement was found:&#10;     - Between line 11 (column 3) and line 11 (column 54)&#10;    - Catch-Statement was found:&#10;     - Between line 17 (column 5) and line 18 (column 3)&quot;&#10; but was: &#10;  &quot;Unwanted statement found:&#10;  - In src/test/java/de/tum/in/test/integration/testuser/subject/structural/astTestFiles/exceptionHandlings/yes/ClassWithAnyKindsOfExceptionHandlings.java:&#10;  - Assert-Statement was found:&#10;     - Between line 7 (column 3) and line 7 (column 16)&#10;  - Throw-Statement was found:&#10;     - Between line 11 (column 3) and line 11 (column 54)&#10;  - Catch-Statement was found:&#10;     - Between line 17 (column 5) and line 18 (column 3)&quot;" type="org.opentest4j.AssertionFailedError"><![CDATA[org.opentest4j.AssertionFailedError: 

expected: 
  "Unwanted statement found:
   - In src/test/java/de/tum/in/test/integration/testuser/subject/structural/astTestFiles/exceptionHandlings/yes/ClassWithAnyKindsOfExceptionHandlings.java:
    - Assert-Statement was found:
     - Between line 7 (column 3) and line 7 (column 16)
    - Throw-Statement was found:
     - Between line 11 (column 3) and line 11 (column 54)
    - Catch-Statement was found:
     - Between line 17 (column 5) and line 18 (column 3)"
 but was: 
  "Unwanted statement found:
  - In src/test/java/de/tum/in/test/integration/testuser/subject/structural/astTestFiles/exceptionHandlings/yes/ClassWithAnyKindsOfExceptionHandlings.java:
  - Assert-Statement was found:
     - Between line 7 (column 3) and line 7 (column 16)
  - Throw-Statement was found:
     - Between line 11 (column 3) and line 11 (column 54)
  - Catch-Statement was found:
     - Between line 17 (column 5) and line 18 (column 3)"
	at java.base/jdk.internal.reflect.NativeConstructorAccessorImpl.newInstance0(Native Method)
	at java.base/jdk.internal.reflect.NativeConstructorAccessorImpl.newInstance(NativeConstructorAccessorImpl.java:77)
	at java.base/jdk.internal.reflect.DelegatingConstructorAccessorImpl.newInstance(DelegatingConstructorAccessorImpl.java:45)
	at java.base/java.lang.reflect.Constructor.newInstanceWithCaller(Constructor.java:499)
	at de.tum.in.test.testutilities.CustomConditions.lambda$createMessageCondition$5(CustomConditions.java:88)
	at de.tum.in.test.testutilities.CustomConditions.lambda$createMessageCondition$7(CustomConditions.java:98)
	at org.junit.platform.commons.util.FunctionUtils.lambda$where$0(FunctionUtils.java:49)
	at java.base/java.util.stream.MatchOps$1MatchSink.accept(MatchOps.java:90)
	at java.base/java.util.ArrayList$ArrayListSpliterator.tryAdvance(ArrayList.java:1602)
	at java.base/java.util.stream.ReferencePipeline.forEachWithCancel(ReferencePipeline.java:129)
	Suppressed: org.opentest4j.AssertionFailedError: Test 'testHasAtNoAnyExceptionHandling_Fail' failed in an unexpected way:

TestExecutionResult [status = FAILED, throwable = java.lang.AssertionError: Unwanted statement found:
- In src/test/java/de/tum/in/test/integration/testuser/subject/structural/astTestFiles/exceptionHandlings/yes/ClassWithAnyKindsOfExceptionHandlings.java:
- Assert-Statement was found:
   - Between line 7 (column 3) and line 7 (column 16)
- Throw-Statement was found:
   - Between line 11 (column 3) and line 11 (column 54)
- Catch-Statement was found:
   - Between line 17 (column 5) and line 18 (column 3)]

Expectations:
[✗] all of:[
   [✓] instance of java.lang.AssertionError,
   [✓] message is correctly localized,
   [✗] message is 'Unwanted statement found:
 - In src/test/java/de/tum/in/test/integration/testuser/subject/structural/astTestFiles/exceptionHandlings/yes/ClassWithAnyKindsOfExceptionHandlings.java:
  - Assert-Statement was found:
   - Between line 7 (column 3) and line 7 (column 16)
  - Throw-Statement was found:
   - Between line 11 (column 3) and line 11 (column 54)
  - Catch-Statement was found:
   - Between line 17 (column 5) and line 18 (column 3)'
]
		at de.tum.in.test.testutilities.CustomConditions.generateFailure(CustomConditions.java:178)
		at de.tum.in.test.testutilities.CustomConditions.generateFailure(CustomConditions.java:173)
		at de.tum.in.test.testutilities.CustomConditions.lambda$testFailRespectingDirectFailure$8(CustomConditions.java:124)
		at java.base/java.util.Optional.ifPresentOrElse(Optional.java:196)
		at de.tum.in.test.testutilities.CustomConditions.lambda$testFailRespectingDirectFailure$10(CustomConditions.java:114)
		at org.assertj.core.api.Condition.matches(Condition.java:161)
		at java.base/java.util.Optional.filter(Optional.java:218)
		at org.junit.platform.testkit.engine.Event.lambda$byPayload$0(Event.java:122)
		at org.assertj.core.api.Condition.matches(Condition.java:161)
		at org.assertj.core.condition.AllOf.lambda$matches$0(AllOf.java:63)
	Caused by: java.lang.AssertionError: Unwanted statement found:
- In src/test/java/de/tum/in/test/integration/testuser/subject/structural/astTestFiles/exceptionHandlings/yes/ClassWithAnyKindsOfExceptionHandlings.java:
- Assert-Statement was found:
   - Between line 7 (column 3) and line 7 (column 16)
- Throw-Statement was found:
   - Between line 11 (column 3) and line 11 (column 54)
- Catch-Statement was found:
   - Between line 17 (column 5) and line 18 (column 3)
		at java.base/java.util.Optional.ifPresent(Optional.java:178)
		at de.tum.in.test.integration.testuser.AstAssertionUser$AnyExceptionHandlingTests.testHasAtNoAnyExceptionHandling_Fail(AstAssertionUser.java:514)
		at java.base/jdk.internal.reflect.NativeMethodAccessorImpl.invoke0(Native Method)
		at java.base/jdk.internal.reflect.NativeMethodAccessorImpl.invoke(NativeMethodAccessorImpl.java:77)
		at java.base/jdk.internal.reflect.DelegatingMethodAccessorImpl.invoke(DelegatingMethodAccessorImpl.java:43)
		at java.base/java.lang.reflect.Method.invoke(Method.java:568)
		at org.junit.platform.commons.util.ReflectionUtils.invokeMethod(ReflectionUtils.java:727)
		at org.junit.jupiter.engine.execution.MethodInvocation.proceed(MethodInvocation.java:60)
		at org.junit.jupiter.engine.execution.InvocationInterceptorChain$ValidatingInvocation.proceed(InvocationInterceptorChain.java:131)
		at de.tum.in.test.api.internal.TimeoutUtils.rethrowThrowableSafe(TimeoutUtils.java:47)
		at de.tum.in.test.api.internal.TimeoutUtils.lambda$performTimeoutExecution$1(TimeoutUtils.java:42)
		at java.base/java.util.concurrent.FutureTask.run(FutureTask.java:264)
		at java.base/java.util.concurrent.ThreadPoolExecutor.runWorker(ThreadPoolExecutor.java:1136)
		at java.base/java.util.concurrent.ThreadPoolExecutor$Worker.run(ThreadPoolExecutor.java:635)
		at java.base/java.lang.Thread.run(Thread.java:833)
]]></failure>
    <system-err><![CDATA[[DEBUG] [main] Validated build configuration regarding trusted package rules, 0 are missing.
NOTICE: The warning above is expected and the issue is already known.
        Visit https://github.com/ls1intum/Ares/discussions/113 for more details.
[INFO] [main] Request install with ASC-Impl [testMethod=Optional.empty, executionPath=/Users/markuspaulsen/Documents/UniPHD/ChristianFemers/GIT, whitelistedPaths=Optional[[PathRule["" (STARTS_WITH) in WHITELIST; level READ]]], blacklistedPaths=[], allowedLocalPorts=[], trustedPackages=[PackageRule["com.github.javaparser.**" in WHITELIST]]]
[INFO] [main] Request whitelisting: Thread[ajts-to-1,5,Test-Threadgroup] []
[INFO] [main] Thread whitelisted: Thread[ajts-to-1,5,Test-Threadgroup]
[INFO] [main] Request uninstall
[DEBUG] [main] Validated build configuration regarding trusted package rules, 0 are missing.
[INFO] [main] Request install with ASC-Impl [testMethod=Optional.empty, executionPath=/Users/markuspaulsen/Documents/UniPHD/ChristianFemers/GIT, whitelistedPaths=Optional[[PathRule["" (STARTS_WITH) in WHITELIST; level READ]]], blacklistedPaths=[], allowedLocalPorts=[], trustedPackages=[PackageRule["com.github.javaparser.**" in WHITELIST]]]
[INFO] [main] Request whitelisting: Thread[ajts-to-2,5,Test-Threadgroup] []
[INFO] [main] Thread whitelisted: Thread[ajts-to-2,5,Test-Threadgroup]
[INFO] [main] Request uninstall
[DEBUG] [main] Validated build configuration regarding trusted package rules, 0 are missing.
[INFO] [main] Request install with ASC-Impl [testMethod=Optional[void de.tum.in.test.integration.testuser.AstAssertionUser$AnyExceptionHandlingTests.testHasBelowNoAnyExceptionHandling_Success()], executionPath=/Users/markuspaulsen/Documents/UniPHD/ChristianFemers/GIT, whitelistedPaths=Optional[[PathRule["" (STARTS_WITH) in WHITELIST; level READ]]], blacklistedPaths=[], allowedLocalPorts=[], trustedPackages=[PackageRule["com.github.javaparser.**" in WHITELIST]]]
[INFO] [main] Request whitelisting: Thread[ajts-to-3,5,Test-Threadgroup] []
[INFO] [main] Thread whitelisted: Thread[ajts-to-3,5,Test-Threadgroup]
[INFO] [main] Request uninstall
[DEBUG] [main] Validated build configuration regarding trusted package rules, 0 are missing.
[INFO] [main] Request install with ASC-Impl [testMethod=Optional.empty, executionPath=/Users/markuspaulsen/Documents/UniPHD/ChristianFemers/GIT, whitelistedPaths=Optional[[PathRule["" (STARTS_WITH) in WHITELIST; level READ]]], blacklistedPaths=[], allowedLocalPorts=[], trustedPackages=[PackageRule["com.github.javaparser.**" in WHITELIST]]]
[INFO] [main] Request whitelisting: Thread[ajts-to-4,5,Test-Threadgroup] []
[INFO] [main] Thread whitelisted: Thread[ajts-to-4,5,Test-Threadgroup]
[INFO] [main] Request uninstall
[DEBUG] [main] Validated build configuration regarding trusted package rules, 0 are missing.
[INFO] [main] Request install with ASC-Impl [testMethod=Optional.empty, executionPath=/Users/markuspaulsen/Documents/UniPHD/ChristianFemers/GIT, whitelistedPaths=Optional[[PathRule["" (STARTS_WITH) in WHITELIST; level READ]]], blacklistedPaths=[], allowedLocalPorts=[], trustedPackages=[PackageRule["com.github.javaparser.**" in WHITELIST]]]
[INFO] [main] Request whitelisting: Thread[ajts-to-5,5,Test-Threadgroup] []
[INFO] [main] Thread whitelisted: Thread[ajts-to-5,5,Test-Threadgroup]
[INFO] [main] Request uninstall
[DEBUG] [main] Validated build configuration regarding trusted package rules, 0 are missing.
[INFO] [main] Request install with ASC-Impl [testMethod=Optional[void de.tum.in.test.integration.testuser.AstAssertionUser$AnyExceptionHandlingTests.testHasAtNoAnyExceptionHandling_Success()], executionPath=/Users/markuspaulsen/Documents/UniPHD/ChristianFemers/GIT, whitelistedPaths=Optional[[PathRule["" (STARTS_WITH) in WHITELIST; level READ]]], blacklistedPaths=[], allowedLocalPorts=[], trustedPackages=[PackageRule["com.github.javaparser.**" in WHITELIST]]]
[INFO] [main] Request whitelisting: Thread[ajts-to-6,5,Test-Threadgroup] []
[INFO] [main] Thread whitelisted: Thread[ajts-to-6,5,Test-Threadgroup]
[INFO] [main] Request uninstall
[DEBUG] [main] Validated build configuration regarding trusted package rules, 0 are missing.
[INFO] [main] Request install with ASC-Impl [testMethod=Optional.empty, executionPath=/Users/markuspaulsen/Documents/UniPHD/ChristianFemers/GIT, whitelistedPaths=Optional[[PathRule["" (STARTS_WITH) in WHITELIST; level READ]]], blacklistedPaths=[], allowedLocalPorts=[], trustedPackages=[PackageRule["com.github.javaparser.**" in WHITELIST]]]
[INFO] [main] Request whitelisting: Thread[ajts-to-7,5,Test-Threadgroup] []
[INFO] [main] Thread whitelisted: Thread[ajts-to-7,5,Test-Threadgroup]
[INFO] [main] Request uninstall
[DEBUG] [main] Validated build configuration regarding trusted package rules, 0 are missing.
[INFO] [main] Request install with ASC-Impl [testMethod=Optional.empty, executionPath=/Users/markuspaulsen/Documents/UniPHD/ChristianFemers/GIT, whitelistedPaths=Optional[[PathRule["" (STARTS_WITH) in WHITELIST; level READ]]], blacklistedPaths=[], allowedLocalPorts=[], trustedPackages=[PackageRule["com.github.javaparser.**" in WHITELIST]]]
[INFO] [main] Request whitelisting: Thread[ajts-to-8,5,Test-Threadgroup] []
[INFO] [main] Thread whitelisted: Thread[ajts-to-8,5,Test-Threadgroup]
[INFO] [main] Request uninstall
[DEBUG] [main] Validated build configuration regarding trusted package rules, 0 are missing.
[INFO] [main] Request install with ASC-Impl [testMethod=Optional[void de.tum.in.test.integration.testuser.AstAssertionUser$AnyExceptionHandlingTests.testHasAtNoAnyExceptionHandling_Fail()], executionPath=/Users/markuspaulsen/Documents/UniPHD/ChristianFemers/GIT, whitelistedPaths=Optional[[PathRule["" (STARTS_WITH) in WHITELIST; level READ]]], blacklistedPaths=[], allowedLocalPorts=[], trustedPackages=[PackageRule["com.github.javaparser.**" in WHITELIST]]]
[INFO] [main] Request whitelisting: Thread[ajts-to-9,5,Test-Threadgroup] []
[INFO] [main] Thread whitelisted: Thread[ajts-to-9,5,Test-Threadgroup]
[INFO] [main] Request uninstall
[DEBUG] [main] Validated build configuration regarding trusted package rules, 0 are missing.
[INFO] [main] Request install with ASC-Impl [testMethod=Optional.empty, executionPath=/Users/markuspaulsen/Documents/UniPHD/ChristianFemers/GIT, whitelistedPaths=Optional[[PathRule["" (STARTS_WITH) in WHITELIST; level READ]]], blacklistedPaths=[], allowedLocalPorts=[], trustedPackages=[PackageRule["com.github.javaparser.**" in WHITELIST]]]
[INFO] [main] Request whitelisting: Thread[ajts-to-10,5,Test-Threadgroup] []
[INFO] [main] Thread whitelisted: Thread[ajts-to-10,5,Test-Threadgroup]
[INFO] [main] Request uninstall
[DEBUG] [main] Validated build configuration regarding trusted package rules, 0 are missing.
[INFO] [main] Request install with ASC-Impl [testMethod=Optional.empty, executionPath=/Users/markuspaulsen/Documents/UniPHD/ChristianFemers/GIT, whitelistedPaths=Optional[[PathRule["" (STARTS_WITH) in WHITELIST; level READ]]], blacklistedPaths=[], allowedLocalPorts=[], trustedPackages=[PackageRule["com.github.javaparser.**" in WHITELIST]]]
[INFO] [main] Request whitelisting: Thread[ajts-to-11,5,Test-Threadgroup] []
[INFO] [main] Thread whitelisted: Thread[ajts-to-11,5,Test-Threadgroup]
[INFO] [main] Request uninstall
[DEBUG] [main] Validated build configuration regarding trusted package rules, 0 are missing.
[INFO] [main] Request install with ASC-Impl [testMethod=Optional[void de.tum.in.test.integration.testuser.AstAssertionUser$AnyExceptionHandlingTests.testHasBelowNoAnyExceptionHandling_Fail()], executionPath=/Users/markuspaulsen/Documents/UniPHD/ChristianFemers/GIT, whitelistedPaths=Optional[[PathRule["" (STARTS_WITH) in WHITELIST; level READ]]], blacklistedPaths=[], allowedLocalPorts=[], trustedPackages=[PackageRule["com.github.javaparser.**" in WHITELIST]]]
[INFO] [main] Request whitelisting: Thread[ajts-to-12,5,Test-Threadgroup] []
[INFO] [main] Thread whitelisted: Thread[ajts-to-12,5,Test-Threadgroup]
[INFO] [main] Request uninstall
[DEBUG] [main] Validated build configuration regarding trusted package rules, 0 are missing.
[INFO] [main] Request install with ASC-Impl [testMethod=Optional.empty, executionPath=/Users/markuspaulsen/Documents/UniPHD/ChristianFemers/GIT, whitelistedPaths=Optional[[PathRule["" (STARTS_WITH) in WHITELIST; level READ]]], blacklistedPaths=[], allowedLocalPorts=[], trustedPackages=[PackageRule["com.github.javaparser.**" in WHITELIST]]]
[INFO] [main] Request whitelisting: Thread[ajts-to-13,5,Test-Threadgroup] []
[INFO] [main] Thread whitelisted: Thread[ajts-to-13,5,Test-Threadgroup]
[INFO] [main] Request uninstall
[DEBUG] [main] Validated build configuration regarding trusted package rules, 0 are missing.
[INFO] [main] Request install with ASC-Impl [testMethod=Optional.empty, executionPath=/Users/markuspaulsen/Documents/UniPHD/ChristianFemers/GIT, whitelistedPaths=Optional[[PathRule["" (STARTS_WITH) in WHITELIST; level READ]]], blacklistedPaths=[], allowedLocalPorts=[], trustedPackages=[PackageRule["com.github.javaparser.**" in WHITELIST]]]
[INFO] [main] Request whitelisting: Thread[ajts-to-14,5,Test-Threadgroup] []
[INFO] [main] Thread whitelisted: Thread[ajts-to-14,5,Test-Threadgroup]
[INFO] [main] Request uninstall
[DEBUG] [main] Validated build configuration regarding trusted package rules, 0 are missing.
[INFO] [main] Request install with ASC-Impl [testMethod=Optional[void de.tum.in.test.integration.testuser.AstAssertionUser$CatchExceptionHandlingTests.testHasAtNoCatchExceptionHandling_Fail()], executionPath=/Users/markuspaulsen/Documents/UniPHD/ChristianFemers/GIT, whitelistedPaths=Optional[[PathRule["" (STARTS_WITH) in WHITELIST; level READ]]], blacklistedPaths=[], allowedLocalPorts=[], trustedPackages=[PackageRule["com.github.javaparser.**" in WHITELIST]]]
[INFO] [main] Request whitelisting: Thread[ajts-to-15,5,Test-Threadgroup] []
[INFO] [main] Thread whitelisted: Thread[ajts-to-15,5,Test-Threadgroup]
[INFO] [main] Request uninstall
[DEBUG] [main] Validated build configuration regarding trusted package rules, 0 are missing.
[INFO] [main] Request install with ASC-Impl [testMethod=Optional.empty, executionPath=/Users/markuspaulsen/Documents/UniPHD/ChristianFemers/GIT, whitelistedPaths=Optional[[PathRule["" (STARTS_WITH) in WHITELIST; level READ]]], blacklistedPaths=[], allowedLocalPorts=[], trustedPackages=[PackageRule["com.github.javaparser.**" in WHITELIST]]]
[INFO] [main] Request whitelisting: Thread[ajts-to-16,5,Test-Threadgroup] []
[INFO] [main] Thread whitelisted: Thread[ajts-to-16,5,Test-Threadgroup]
[INFO] [main] Request uninstall
[DEBUG] [main] Validated build configuration regarding trusted package rules, 0 are missing.
[INFO] [main] Request install with ASC-Impl [testMethod=Optional.empty, executionPath=/Users/markuspaulsen/Documents/UniPHD/ChristianFemers/GIT, whitelistedPaths=Optional[[PathRule["" (STARTS_WITH) in WHITELIST; level READ]]], blacklistedPaths=[], allowedLocalPorts=[], trustedPackages=[PackageRule["com.github.javaparser.**" in WHITELIST]]]
[INFO] [main] Request whitelisting: Thread[ajts-to-17,5,Test-Threadgroup] []
[INFO] [main] Thread whitelisted: Thread[ajts-to-17,5,Test-Threadgroup]
[INFO] [main] Request uninstall
[DEBUG] [main] Validated build configuration regarding trusted package rules, 0 are missing.
[INFO] [main] Request install with ASC-Impl [testMethod=Optional[void de.tum.in.test.integration.testuser.AstAssertionUser$CatchExceptionHandlingTests.testHasAtNoCatchExceptionHandling_Success()], executionPath=/Users/markuspaulsen/Documents/UniPHD/ChristianFemers/GIT, whitelistedPaths=Optional[[PathRule["" (STARTS_WITH) in WHITELIST; level READ]]], blacklistedPaths=[], allowedLocalPorts=[], trustedPackages=[PackageRule["com.github.javaparser.**" in WHITELIST]]]
[INFO] [main] Request whitelisting: Thread[ajts-to-18,5,Test-Threadgroup] []
[INFO] [main] Thread whitelisted: Thread[ajts-to-18,5,Test-Threadgroup]
[INFO] [main] Request uninstall
[DEBUG] [main] Validated build configuration regarding trusted package rules, 0 are missing.
[INFO] [main] Request install with ASC-Impl [testMethod=Optional.empty, executionPath=/Users/markuspaulsen/Documents/UniPHD/ChristianFemers/GIT, whitelistedPaths=Optional[[PathRule["" (STARTS_WITH) in WHITELIST; level READ]]], blacklistedPaths=[], allowedLocalPorts=[], trustedPackages=[PackageRule["com.github.javaparser.**" in WHITELIST]]]
[INFO] [main] Request whitelisting: Thread[ajts-to-19,5,Test-Threadgroup] []
[INFO] [main] Thread whitelisted: Thread[ajts-to-19,5,Test-Threadgroup]
[INFO] [main] Request uninstall
[DEBUG] [main] Validated build configuration regarding trusted package rules, 0 are missing.
[INFO] [main] Request install with ASC-Impl [testMethod=Optional.empty, executionPath=/Users/markuspaulsen/Documents/UniPHD/ChristianFemers/GIT, whitelistedPaths=Optional[[PathRule["" (STARTS_WITH) in WHITELIST; level READ]]], blacklistedPaths=[], allowedLocalPorts=[], trustedPackages=[PackageRule["com.github.javaparser.**" in WHITELIST]]]
[INFO] [main] Request whitelisting: Thread[ajts-to-20,5,Test-Threadgroup] []
[INFO] [main] Thread whitelisted: Thread[ajts-to-20,5,Test-Threadgroup]
[INFO] [main] Request uninstall
[DEBUG] [main] Validated build configuration regarding trusted package rules, 0 are missing.
[INFO] [main] Request install with ASC-Impl [testMethod=Optional[void de.tum.in.test.integration.testuser.AstAssertionUser$CatchExceptionHandlingTests.testHasBelowNoCatchExceptionHandling_Fail()], executionPath=/Users/markuspaulsen/Documents/UniPHD/ChristianFemers/GIT, whitelistedPaths=Optional[[PathRule["" (STARTS_WITH) in WHITELIST; level READ]]], blacklistedPaths=[], allowedLocalPorts=[], trustedPackages=[PackageRule["com.github.javaparser.**" in WHITELIST]]]
[INFO] [main] Request whitelisting: Thread[ajts-to-21,5,Test-Threadgroup] []
[INFO] [main] Thread whitelisted: Thread[ajts-to-21,5,Test-Threadgroup]
[INFO] [main] Request uninstall
[DEBUG] [main] Validated build configuration regarding trusted package rules, 0 are missing.
[INFO] [main] Request install with ASC-Impl [testMethod=Optional.empty, executionPath=/Users/markuspaulsen/Documents/UniPHD/ChristianFemers/GIT, whitelistedPaths=Optional[[PathRule["" (STARTS_WITH) in WHITELIST; level READ]]], blacklistedPaths=[], allowedLocalPorts=[], trustedPackages=[PackageRule["com.github.javaparser.**" in WHITELIST]]]
[INFO] [main] Request whitelisting: Thread[ajts-to-22,5,Test-Threadgroup] []
[INFO] [main] Thread whitelisted: Thread[ajts-to-22,5,Test-Threadgroup]
[INFO] [main] Request uninstall
[DEBUG] [main] Validated build configuration regarding trusted package rules, 0 are missing.
[INFO] [main] Request install with ASC-Impl [testMethod=Optional.empty, executionPath=/Users/markuspaulsen/Documents/UniPHD/ChristianFemers/GIT, whitelistedPaths=Optional[[PathRule["" (STARTS_WITH) in WHITELIST; level READ]]], blacklistedPaths=[], allowedLocalPorts=[], trustedPackages=[PackageRule["com.github.javaparser.**" in WHITELIST]]]
[INFO] [main] Request whitelisting: Thread[ajts-to-23,5,Test-Threadgroup] []
[INFO] [main] Thread whitelisted: Thread[ajts-to-23,5,Test-Threadgroup]
[INFO] [main] Request uninstall
[DEBUG] [main] Validated build configuration regarding trusted package rules, 0 are missing.
[INFO] [main] Request install with ASC-Impl [testMethod=Optional[void de.tum.in.test.integration.testuser.AstAssertionUser$CatchExceptionHandlingTests.testHasBelowNoCatchExceptionHandling_Success()], executionPath=/Users/markuspaulsen/Documents/UniPHD/ChristianFemers/GIT, whitelistedPaths=Optional[[PathRule["" (STARTS_WITH) in WHITELIST; level READ]]], blacklistedPaths=[], allowedLocalPorts=[], trustedPackages=[PackageRule["com.github.javaparser.**" in WHITELIST]]]
[INFO] [main] Request whitelisting: Thread[ajts-to-24,5,Test-Threadgroup] []
[INFO] [main] Thread whitelisted: Thread[ajts-to-24,5,Test-Threadgroup]
[INFO] [main] Request uninstall
[DEBUG] [main] Validated build configuration regarding trusted package rules, 0 are missing.
[INFO] [main] Request install with ASC-Impl [testMethod=Optional.empty, executionPath=/Users/markuspaulsen/Documents/UniPHD/ChristianFemers/GIT, whitelistedPaths=Optional[[PathRule["" (STARTS_WITH) in WHITELIST; level READ]]], blacklistedPaths=[], allowedLocalPorts=[], trustedPackages=[PackageRule["com.github.javaparser.**" in WHITELIST]]]
[INFO] [main] Request whitelisting: Thread[ajts-to-25,5,Test-Threadgroup] []
[INFO] [main] Thread whitelisted: Thread[ajts-to-25,5,Test-Threadgroup]
[INFO] [main] Request uninstall
[DEBUG] [main] Validated build configuration regarding trusted package rules, 0 are missing.
[INFO] [main] Request install with ASC-Impl [testMethod=Optional.empty, executionPath=/Users/markuspaulsen/Documents/UniPHD/ChristianFemers/GIT, whitelistedPaths=Optional[[PathRule["" (STARTS_WITH) in WHITELIST; level READ]]], blacklistedPaths=[], allowedLocalPorts=[], trustedPackages=[PackageRule["com.github.javaparser.**" in WHITELIST]]]
[INFO] [main] Request whitelisting: Thread[ajts-to-26,5,Test-Threadgroup] []
[INFO] [main] Thread whitelisted: Thread[ajts-to-26,5,Test-Threadgroup]
[INFO] [main] Request uninstall
[DEBUG] [main] Validated build configuration regarding trusted package rules, 0 are missing.
[INFO] [main] Request install with ASC-Impl [testMethod=Optional[void de.tum.in.test.integration.testuser.AstAssertionUser$ThrowExceptionHandlingTests.testHasBelowNoThrowExceptionHandling_Fail()], executionPath=/Users/markuspaulsen/Documents/UniPHD/ChristianFemers/GIT, whitelistedPaths=Optional[[PathRule["" (STARTS_WITH) in WHITELIST; level READ]]], blacklistedPaths=[], allowedLocalPorts=[], trustedPackages=[PackageRule["com.github.javaparser.**" in WHITELIST]]]
[INFO] [main] Request whitelisting: Thread[ajts-to-27,5,Test-Threadgroup] []
[INFO] [main] Thread whitelisted: Thread[ajts-to-27,5,Test-Threadgroup]
[INFO] [main] Request uninstall
[DEBUG] [main] Validated build configuration regarding trusted package rules, 0 are missing.
[INFO] [main] Request install with ASC-Impl [testMethod=Optional.empty, executionPath=/Users/markuspaulsen/Documents/UniPHD/ChristianFemers/GIT, whitelistedPaths=Optional[[PathRule["" (STARTS_WITH) in WHITELIST; level READ]]], blacklistedPaths=[], allowedLocalPorts=[], trustedPackages=[PackageRule["com.github.javaparser.**" in WHITELIST]]]
[INFO] [main] Request whitelisting: Thread[ajts-to-28,5,Test-Threadgroup] []
[INFO] [main] Thread whitelisted: Thread[ajts-to-28,5,Test-Threadgroup]
[INFO] [main] Request uninstall
[DEBUG] [main] Validated build configuration regarding trusted package rules, 0 are missing.
[INFO] [main] Request install with ASC-Impl [testMethod=Optional.empty, executionPath=/Users/markuspaulsen/Documents/UniPHD/ChristianFemers/GIT, whitelistedPaths=Optional[[PathRule["" (STARTS_WITH) in WHITELIST; level READ]]], blacklistedPaths=[], allowedLocalPorts=[], trustedPackages=[PackageRule["com.github.javaparser.**" in WHITELIST]]]
[INFO] [main] Request whitelisting: Thread[ajts-to-29,5,Test-Threadgroup] []
[INFO] [main] Thread whitelisted: Thread[ajts-to-29,5,Test-Threadgroup]
[INFO] [main] Request uninstall
[DEBUG] [main] Validated build configuration regarding trusted package rules, 0 are missing.
[INFO] [main] Request install with ASC-Impl [testMethod=Optional[void de.tum.in.test.integration.testuser.AstAssertionUser$ThrowExceptionHandlingTests.testHasAtNoThrowExceptionHandling_Success()], executionPath=/Users/markuspaulsen/Documents/UniPHD/ChristianFemers/GIT, whitelistedPaths=Optional[[PathRule["" (STARTS_WITH) in WHITELIST; level READ]]], blacklistedPaths=[], allowedLocalPorts=[], trustedPackages=[PackageRule["com.github.javaparser.**" in WHITELIST]]]
[INFO] [main] Request whitelisting: Thread[ajts-to-30,5,Test-Threadgroup] []
[INFO] [main] Thread whitelisted: Thread[ajts-to-30,5,Test-Threadgroup]
[INFO] [main] Request uninstall
[DEBUG] [main] Validated build configuration regarding trusted package rules, 0 are missing.
[INFO] [main] Request install with ASC-Impl [testMethod=Optional.empty, executionPath=/Users/markuspaulsen/Documents/UniPHD/ChristianFemers/GIT, whitelistedPaths=Optional[[PathRule["" (STARTS_WITH) in WHITELIST; level READ]]], blacklistedPaths=[], allowedLocalPorts=[], trustedPackages=[PackageRule["com.github.javaparser.**" in WHITELIST]]]
[INFO] [main] Request whitelisting: Thread[ajts-to-31,5,Test-Threadgroup] []
[INFO] [main] Thread whitelisted: Thread[ajts-to-31,5,Test-Threadgroup]
[INFO] [main] Request uninstall
[DEBUG] [main] Validated build configuration regarding trusted package rules, 0 are missing.
[INFO] [main] Request install with ASC-Impl [testMethod=Optional.empty, executionPath=/Users/markuspaulsen/Documents/UniPHD/ChristianFemers/GIT, whitelistedPaths=Optional[[PathRule["" (STARTS_WITH) in WHITELIST; level READ]]], blacklistedPaths=[], allowedLocalPorts=[], trustedPackages=[PackageRule["com.github.javaparser.**" in WHITELIST]]]
[INFO] [main] Request whitelisting: Thread[ajts-to-32,5,Test-Threadgroup] []
[INFO] [main] Thread whitelisted: Thread[ajts-to-32,5,Test-Threadgroup]
[INFO] [main] Request uninstall
[DEBUG] [main] Validated build configuration regarding trusted package rules, 0 are missing.
[INFO] [main] Request install with ASC-Impl [testMethod=Optional[void de.tum.in.test.integration.testuser.AstAssertionUser$ThrowExceptionHandlingTests.testHasBelowNoThrowExceptionHandling_Success()], executionPath=/Users/markuspaulsen/Documents/UniPHD/ChristianFemers/GIT, whitelistedPaths=Optional[[PathRule["" (STARTS_WITH) in WHITELIST; level READ]]], blacklistedPaths=[], allowedLocalPorts=[], trustedPackages=[PackageRule["com.github.javaparser.**" in WHITELIST]]]
[INFO] [main] Request whitelisting: Thread[ajts-to-33,5,Test-Threadgroup] []
[INFO] [main] Thread whitelisted: Thread[ajts-to-33,5,Test-Threadgroup]
[INFO] [main] Request uninstall
[DEBUG] [main] Validated build configuration regarding trusted package rules, 0 are missing.
[INFO] [main] Request install with ASC-Impl [testMethod=Optional.empty, executionPath=/Users/markuspaulsen/Documents/UniPHD/ChristianFemers/GIT, whitelistedPaths=Optional[[PathRule["" (STARTS_WITH) in WHITELIST; level READ]]], blacklistedPaths=[], allowedLocalPorts=[], trustedPackages=[PackageRule["com.github.javaparser.**" in WHITELIST]]]
[INFO] [main] Request whitelisting: Thread[ajts-to-34,5,Test-Threadgroup] []
[INFO] [main] Thread whitelisted: Thread[ajts-to-34,5,Test-Threadgroup]
[INFO] [main] Request uninstall
[DEBUG] [main] Validated build configuration regarding trusted package rules, 0 are missing.
[INFO] [main] Request install with ASC-Impl [testMethod=Optional.empty, executionPath=/Users/markuspaulsen/Documents/UniPHD/ChristianFemers/GIT, whitelistedPaths=Optional[[PathRule["" (STARTS_WITH) in WHITELIST; level READ]]], blacklistedPaths=[], allowedLocalPorts=[], trustedPackages=[PackageRule["com.github.javaparser.**" in WHITELIST]]]
[INFO] [main] Request whitelisting: Thread[ajts-to-35,5,Test-Threadgroup] []
[INFO] [main] Thread whitelisted: Thread[ajts-to-35,5,Test-Threadgroup]
[INFO] [main] Request uninstall
[DEBUG] [main] Validated build configuration regarding trusted package rules, 0 are missing.
[INFO] [main] Request install with ASC-Impl [testMethod=Optional[void de.tum.in.test.integration.testuser.AstAssertionUser$ThrowExceptionHandlingTests.testHasAtNoThrowExceptionHandling_Fail()], executionPath=/Users/markuspaulsen/Documents/UniPHD/ChristianFemers/GIT, whitelistedPaths=Optional[[PathRule["" (STARTS_WITH) in WHITELIST; level READ]]], blacklistedPaths=[], allowedLocalPorts=[], trustedPackages=[PackageRule["com.github.javaparser.**" in WHITELIST]]]
[INFO] [main] Request whitelisting: Thread[ajts-to-36,5,Test-Threadgroup] []
[INFO] [main] Thread whitelisted: Thread[ajts-to-36,5,Test-Threadgroup]
[INFO] [main] Request uninstall
[DEBUG] [main] Validated build configuration regarding trusted package rules, 0 are missing.
[INFO] [main] Request install with ASC-Impl [testMethod=Optional.empty, executionPath=/Users/markuspaulsen/Documents/UniPHD/ChristianFemers/GIT, whitelistedPaths=Optional[[PathRule["" (STARTS_WITH) in WHITELIST; level READ]]], blacklistedPaths=[], allowedLocalPorts=[], trustedPackages=[PackageRule["com.github.javaparser.**" in WHITELIST]]]
[INFO] [main] Request whitelisting: Thread[ajts-to-37,5,Test-Threadgroup] []
[INFO] [main] Thread whitelisted: Thread[ajts-to-37,5,Test-Threadgroup]
[INFO] [main] Request uninstall
[DEBUG] [main] Validated build configuration regarding trusted package rules, 0 are missing.
[INFO] [main] Request install with ASC-Impl [testMethod=Optional.empty, executionPath=/Users/markuspaulsen/Documents/UniPHD/ChristianFemers/GIT, whitelistedPaths=Optional[[PathRule["" (STARTS_WITH) in WHITELIST; level READ]]], blacklistedPaths=[], allowedLocalPorts=[], trustedPackages=[PackageRule["com.github.javaparser.**" in WHITELIST]]]
[INFO] [main] Request whitelisting: Thread[ajts-to-38,5,Test-Threadgroup] []
[INFO] [main] Thread whitelisted: Thread[ajts-to-38,5,Test-Threadgroup]
[INFO] [main] Request uninstall
[DEBUG] [main] Validated build configuration regarding trusted package rules, 0 are missing.
[INFO] [main] Request install with ASC-Impl [testMethod=Optional[void de.tum.in.test.integration.testuser.AstAssertionUser$AssertExceptionHandlingTests.testHasAtNoAssertExceptionHandling_Success()], executionPath=/Users/markuspaulsen/Documents/UniPHD/ChristianFemers/GIT, whitelistedPaths=Optional[[PathRule["" (STARTS_WITH) in WHITELIST; level READ]]], blacklistedPaths=[], allowedLocalPorts=[], trustedPackages=[PackageRule["com.github.javaparser.**" in WHITELIST]]]
[INFO] [main] Request whitelisting: Thread[ajts-to-39,5,Test-Threadgroup] []
[INFO] [main] Thread whitelisted: Thread[ajts-to-39,5,Test-Threadgroup]
[INFO] [main] Request uninstall
[DEBUG] [main] Validated build configuration regarding trusted package rules, 0 are missing.
[INFO] [main] Request install with ASC-Impl [testMethod=Optional.empty, executionPath=/Users/markuspaulsen/Documents/UniPHD/ChristianFemers/GIT, whitelistedPaths=Optional[[PathRule["" (STARTS_WITH) in WHITELIST; level READ]]], blacklistedPaths=[], allowedLocalPorts=[], trustedPackages=[PackageRule["com.github.javaparser.**" in WHITELIST]]]
[INFO] [main] Request whitelisting: Thread[ajts-to-40,5,Test-Threadgroup] []
[INFO] [main] Thread whitelisted: Thread[ajts-to-40,5,Test-Threadgroup]
[INFO] [main] Request uninstall
[DEBUG] [main] Validated build configuration regarding trusted package rules, 0 are missing.
[INFO] [main] Request install with ASC-Impl [testMethod=Optional.empty, executionPath=/Users/markuspaulsen/Documents/UniPHD/ChristianFemers/GIT, whitelistedPaths=Optional[[PathRule["" (STARTS_WITH) in WHITELIST; level READ]]], blacklistedPaths=[], allowedLocalPorts=[], trustedPackages=[PackageRule["com.github.javaparser.**" in WHITELIST]]]
[INFO] [main] Request whitelisting: Thread[ajts-to-41,5,Test-Threadgroup] []
[INFO] [main] Thread whitelisted: Thread[ajts-to-41,5,Test-Threadgroup]
[INFO] [main] Request uninstall
[DEBUG] [main] Validated build configuration regarding trusted package rules, 0 are missing.
[INFO] [main] Request install with ASC-Impl [testMethod=Optional[void de.tum.in.test.integration.testuser.AstAssertionUser$AssertExceptionHandlingTests.testHasBelowNoAssertExceptionHandling_Fail()], executionPath=/Users/markuspaulsen/Documents/UniPHD/ChristianFemers/GIT, whitelistedPaths=Optional[[PathRule["" (STARTS_WITH) in WHITELIST; level READ]]], blacklistedPaths=[], allowedLocalPorts=[], trustedPackages=[PackageRule["com.github.javaparser.**" in WHITELIST]]]
[INFO] [main] Request whitelisting: Thread[ajts-to-42,5,Test-Threadgroup] []
[INFO] [main] Thread whitelisted: Thread[ajts-to-42,5,Test-Threadgroup]
[INFO] [main] Request uninstall
[DEBUG] [main] Validated build configuration regarding trusted package rules, 0 are missing.
[INFO] [main] Request install with ASC-Impl [testMethod=Optional.empty, executionPath=/Users/markuspaulsen/Documents/UniPHD/ChristianFemers/GIT, whitelistedPaths=Optional[[PathRule["" (STARTS_WITH) in WHITELIST; level READ]]], blacklistedPaths=[], allowedLocalPorts=[], trustedPackages=[PackageRule["com.github.javaparser.**" in WHITELIST]]]
[INFO] [main] Request whitelisting: Thread[ajts-to-43,5,Test-Threadgroup] []
[INFO] [main] Thread whitelisted: Thread[ajts-to-43,5,Test-Threadgroup]
[INFO] [main] Request uninstall
[DEBUG] [main] Validated build configuration regarding trusted package rules, 0 are missing.
[INFO] [main] Request install with ASC-Impl [testMethod=Optional.empty, executionPath=/Users/markuspaulsen/Documents/UniPHD/ChristianFemers/GIT, whitelistedPaths=Optional[[PathRule["" (STARTS_WITH) in WHITELIST; level READ]]], blacklistedPaths=[], allowedLocalPorts=[], trustedPackages=[PackageRule["com.github.javaparser.**" in WHITELIST]]]
[INFO] [main] Request whitelisting: Thread[ajts-to-44,5,Test-Threadgroup] []
[INFO] [main] Thread whitelisted: Thread[ajts-to-44,5,Test-Threadgroup]
[INFO] [main] Request uninstall
[DEBUG] [main] Validated build configuration regarding trusted package rules, 0 are missing.
[INFO] [main] Request install with ASC-Impl [testMethod=Optional[void de.tum.in.test.integration.testuser.AstAssertionUser$AssertExceptionHandlingTests.testHasBelowNoAssertExceptionHandling_Success()], executionPath=/Users/markuspaulsen/Documents/UniPHD/ChristianFemers/GIT, whitelistedPaths=Optional[[PathRule["" (STARTS_WITH) in WHITELIST; level READ]]], blacklistedPaths=[], allowedLocalPorts=[], trustedPackages=[PackageRule["com.github.javaparser.**" in WHITELIST]]]
[INFO] [main] Request whitelisting: Thread[ajts-to-45,5,Test-Threadgroup] []
[INFO] [main] Thread whitelisted: Thread[ajts-to-45,5,Test-Threadgroup]
[INFO] [main] Request uninstall
[DEBUG] [main] Validated build configuration regarding trusted package rules, 0 are missing.
[INFO] [main] Request install with ASC-Impl [testMethod=Optional.empty, executionPath=/Users/markuspaulsen/Documents/UniPHD/ChristianFemers/GIT, whitelistedPaths=Optional[[PathRule["" (STARTS_WITH) in WHITELIST; level READ]]], blacklistedPaths=[], allowedLocalPorts=[], trustedPackages=[PackageRule["com.github.javaparser.**" in WHITELIST]]]
[INFO] [main] Request whitelisting: Thread[ajts-to-46,5,Test-Threadgroup] []
[INFO] [main] Thread whitelisted: Thread[ajts-to-46,5,Test-Threadgroup]
[INFO] [main] Request uninstall
[DEBUG] [main] Validated build configuration regarding trusted package rules, 0 are missing.
[INFO] [main] Request install with ASC-Impl [testMethod=Optional.empty, executionPath=/Users/markuspaulsen/Documents/UniPHD/ChristianFemers/GIT, whitelistedPaths=Optional[[PathRule["" (STARTS_WITH) in WHITELIST; level READ]]], blacklistedPaths=[], allowedLocalPorts=[], trustedPackages=[PackageRule["com.github.javaparser.**" in WHITELIST]]]
[INFO] [main] Request whitelisting: Thread[ajts-to-47,5,Test-Threadgroup] []
[INFO] [main] Thread whitelisted: Thread[ajts-to-47,5,Test-Threadgroup]
[INFO] [main] Request uninstall
[DEBUG] [main] Validated build configuration regarding trusted package rules, 0 are missing.
[INFO] [main] Request install with ASC-Impl [testMethod=Optional[void de.tum.in.test.integration.testuser.AstAssertionUser$AssertExceptionHandlingTests.testHasAtNoAssertExceptionHandling_Fail()], executionPath=/Users/markuspaulsen/Documents/UniPHD/ChristianFemers/GIT, whitelistedPaths=Optional[[PathRule["" (STARTS_WITH) in WHITELIST; level READ]]], blacklistedPaths=[], allowedLocalPorts=[], trustedPackages=[PackageRule["com.github.javaparser.**" in WHITELIST]]]
[INFO] [main] Request whitelisting: Thread[ajts-to-48,5,Test-Threadgroup] []
[INFO] [main] Thread whitelisted: Thread[ajts-to-48,5,Test-Threadgroup]
[INFO] [main] Request uninstall
[DEBUG] [main] Validated build configuration regarding trusted package rules, 0 are missing.
[INFO] [main] Request install with ASC-Impl [testMethod=Optional.empty, executionPath=/Users/markuspaulsen/Documents/UniPHD/ChristianFemers/GIT, whitelistedPaths=Optional[[PathRule["" (STARTS_WITH) in WHITELIST; level READ]]], blacklistedPaths=[], allowedLocalPorts=[], trustedPackages=[PackageRule["com.github.javaparser.**" in WHITELIST]]]
[INFO] [main] Request whitelisting: Thread[ajts-to-49,5,Test-Threadgroup] []
[INFO] [main] Thread whitelisted: Thread[ajts-to-49,5,Test-Threadgroup]
[INFO] [main] Request uninstall
[DEBUG] [main] Validated build configuration regarding trusted package rules, 0 are missing.
[INFO] [main] Request install with ASC-Impl [testMethod=Optional.empty, executionPath=/Users/markuspaulsen/Documents/UniPHD/ChristianFemers/GIT, whitelistedPaths=Optional[[PathRule["" (STARTS_WITH) in WHITELIST; level READ]]], blacklistedPaths=[], allowedLocalPorts=[], trustedPackages=[PackageRule["com.github.javaparser.**" in WHITELIST]]]
[INFO] [main] Request whitelisting: Thread[ajts-to-50,5,Test-Threadgroup] []
[INFO] [main] Thread whitelisted: Thread[ajts-to-50,5,Test-Threadgroup]
[INFO] [main] Request uninstall
[DEBUG] [main] Validated build configuration regarding trusted package rules, 0 are missing.
[INFO] [main] Request install with ASC-Impl [testMethod=Optional[void de.tum.in.test.integration.testuser.AstAssertionUser$AnyClassTests.testHasBelowNoAnyClass_Success()], executionPath=/Users/markuspaulsen/Documents/UniPHD/ChristianFemers/GIT, whitelistedPaths=Optional[[PathRule["" (STARTS_WITH) in WHITELIST; level READ]]], blacklistedPaths=[], allowedLocalPorts=[], trustedPackages=[PackageRule["com.github.javaparser.**" in WHITELIST]]]
[INFO] [main] Request whitelisting: Thread[ajts-to-51,5,Test-Threadgroup] []
[INFO] [main] Thread whitelisted: Thread[ajts-to-51,5,Test-Threadgroup]
[INFO] [main] Request uninstall
[DEBUG] [main] Validated build configuration regarding trusted package rules, 0 are missing.
[INFO] [main] Request install with ASC-Impl [testMethod=Optional.empty, executionPath=/Users/markuspaulsen/Documents/UniPHD/ChristianFemers/GIT, whitelistedPaths=Optional[[PathRule["" (STARTS_WITH) in WHITELIST; level READ]]], blacklistedPaths=[], allowedLocalPorts=[], trustedPackages=[PackageRule["com.github.javaparser.**" in WHITELIST]]]
[INFO] [main] Request whitelisting: Thread[ajts-to-52,5,Test-Threadgroup] []
[INFO] [main] Thread whitelisted: Thread[ajts-to-52,5,Test-Threadgroup]
[INFO] [main] Request uninstall
[DEBUG] [main] Validated build configuration regarding trusted package rules, 0 are missing.
[INFO] [main] Request install with ASC-Impl [testMethod=Optional.empty, executionPath=/Users/markuspaulsen/Documents/UniPHD/ChristianFemers/GIT, whitelistedPaths=Optional[[PathRule["" (STARTS_WITH) in WHITELIST; level READ]]], blacklistedPaths=[], allowedLocalPorts=[], trustedPackages=[PackageRule["com.github.javaparser.**" in WHITELIST]]]
[INFO] [main] Request whitelisting: Thread[ajts-to-53,5,Test-Threadgroup] []
[INFO] [main] Thread whitelisted: Thread[ajts-to-53,5,Test-Threadgroup]
[INFO] [main] Request uninstall
[DEBUG] [main] Validated build configuration regarding trusted package rules, 0 are missing.
[INFO] [main] Request install with ASC-Impl [testMethod=Optional[void de.tum.in.test.integration.testuser.AstAssertionUser$AnyClassTests.testHasAtNoAnyClass_Fail()], executionPath=/Users/markuspaulsen/Documents/UniPHD/ChristianFemers/GIT, whitelistedPaths=Optional[[PathRule["" (STARTS_WITH) in WHITELIST; level READ]]], blacklistedPaths=[], allowedLocalPorts=[], trustedPackages=[PackageRule["com.github.javaparser.**" in WHITELIST]]]
[INFO] [main] Request whitelisting: Thread[ajts-to-54,5,Test-Threadgroup] []
[INFO] [main] Thread whitelisted: Thread[ajts-to-54,5,Test-Threadgroup]
[INFO] [main] Request uninstall
[DEBUG] [main] Validated build configuration regarding trusted package rules, 0 are missing.
[INFO] [main] Request install with ASC-Impl [testMethod=Optional.empty, executionPath=/Users/markuspaulsen/Documents/UniPHD/ChristianFemers/GIT, whitelistedPaths=Optional[[PathRule["" (STARTS_WITH) in WHITELIST; level READ]]], blacklistedPaths=[], allowedLocalPorts=[], trustedPackages=[PackageRule["com.github.javaparser.**" in WHITELIST]]]
[INFO] [main] Request whitelisting: Thread[ajts-to-55,5,Test-Threadgroup] []
[INFO] [main] Thread whitelisted: Thread[ajts-to-55,5,Test-Threadgroup]
[INFO] [main] Request uninstall
[DEBUG] [main] Validated build configuration regarding trusted package rules, 0 are missing.
[INFO] [main] Request install with ASC-Impl [testMethod=Optional.empty, executionPath=/Users/markuspaulsen/Documents/UniPHD/ChristianFemers/GIT, whitelistedPaths=Optional[[PathRule["" (STARTS_WITH) in WHITELIST; level READ]]], blacklistedPaths=[], allowedLocalPorts=[], trustedPackages=[PackageRule["com.github.javaparser.**" in WHITELIST]]]
[INFO] [main] Request whitelisting: Thread[ajts-to-56,5,Test-Threadgroup] []
[INFO] [main] Thread whitelisted: Thread[ajts-to-56,5,Test-Threadgroup]
[INFO] [main] Request uninstall
[DEBUG] [main] Validated build configuration regarding trusted package rules, 0 are missing.
[INFO] [main] Request install with ASC-Impl [testMethod=Optional[void de.tum.in.test.integration.testuser.AstAssertionUser$AnyClassTests.testHasAtNoAnyClass_Success()], executionPath=/Users/markuspaulsen/Documents/UniPHD/ChristianFemers/GIT, whitelistedPaths=Optional[[PathRule["" (STARTS_WITH) in WHITELIST; level READ]]], blacklistedPaths=[], allowedLocalPorts=[], trustedPackages=[PackageRule["com.github.javaparser.**" in WHITELIST]]]
[INFO] [main] Request whitelisting: Thread[ajts-to-57,5,Test-Threadgroup] []
[INFO] [main] Thread whitelisted: Thread[ajts-to-57,5,Test-Threadgroup]
[INFO] [main] Request uninstall
[DEBUG] [main] Validated build configuration regarding trusted package rules, 0 are missing.
[INFO] [main] Request install with ASC-Impl [testMethod=Optional.empty, executionPath=/Users/markuspaulsen/Documents/UniPHD/ChristianFemers/GIT, whitelistedPaths=Optional[[PathRule["" (STARTS_WITH) in WHITELIST; level READ]]], blacklistedPaths=[], allowedLocalPorts=[], trustedPackages=[PackageRule["com.github.javaparser.**" in WHITELIST]]]
[INFO] [main] Request whitelisting: Thread[ajts-to-58,5,Test-Threadgroup] []
[INFO] [main] Thread whitelisted: Thread[ajts-to-58,5,Test-Threadgroup]
[INFO] [main] Request uninstall
[DEBUG] [main] Validated build configuration regarding trusted package rules, 0 are missing.
[INFO] [main] Request install with ASC-Impl [testMethod=Optional.empty, executionPath=/Users/markuspaulsen/Documents/UniPHD/ChristianFemers/GIT, whitelistedPaths=Optional[[PathRule["" (STARTS_WITH) in WHITELIST; level READ]]], blacklistedPaths=[], allowedLocalPorts=[], trustedPackages=[PackageRule["com.github.javaparser.**" in WHITELIST]]]
[INFO] [main] Request whitelisting: Thread[ajts-to-59,5,Test-Threadgroup] []
[INFO] [main] Thread whitelisted: Thread[ajts-to-59,5,Test-Threadgroup]
[INFO] [main] Request uninstall
[DEBUG] [main] Validated build configuration regarding trusted package rules, 0 are missing.
[INFO] [main] Request install with ASC-Impl [testMethod=Optional[void de.tum.in.test.integration.testuser.AstAssertionUser$AnyClassTests.testHasBelowNoAnyClass_Fail()], executionPath=/Users/markuspaulsen/Documents/UniPHD/ChristianFemers/GIT, whitelistedPaths=Optional[[PathRule["" (STARTS_WITH) in WHITELIST; level READ]]], blacklistedPaths=[], allowedLocalPorts=[], trustedPackages=[PackageRule["com.github.javaparser.**" in WHITELIST]]]
[INFO] [main] Request whitelisting: Thread[ajts-to-60,5,Test-Threadgroup] []
[INFO] [main] Thread whitelisted: Thread[ajts-to-60,5,Test-Threadgroup]
[INFO] [main] Request uninstall
[DEBUG] [main] Validated build configuration regarding trusted package rules, 0 are missing.
[INFO] [main] Request install with ASC-Impl [testMethod=Optional.empty, executionPath=/Users/markuspaulsen/Documents/UniPHD/ChristianFemers/GIT, whitelistedPaths=Optional[[PathRule["" (STARTS_WITH) in WHITELIST; level READ]]], blacklistedPaths=[], allowedLocalPorts=[], trustedPackages=[PackageRule["com.github.javaparser.**" in WHITELIST]]]
[INFO] [main] Request whitelisting: Thread[ajts-to-61,5,Test-Threadgroup] []
[INFO] [main] Thread whitelisted: Thread[ajts-to-61,5,Test-Threadgroup]
[INFO] [main] Request uninstall
[DEBUG] [main] Validated build configuration regarding trusted package rules, 0 are missing.
[INFO] [main] Request install with ASC-Impl [testMethod=Optional.empty, executionPath=/Users/markuspaulsen/Documents/UniPHD/ChristianFemers/GIT, whitelistedPaths=Optional[[PathRule["" (STARTS_WITH) in WHITELIST; level READ]]], blacklistedPaths=[], allowedLocalPorts=[], trustedPackages=[PackageRule["com.github.javaparser.**" in WHITELIST]]]
[INFO] [main] Request whitelisting: Thread[ajts-to-62,5,Test-Threadgroup] []
[INFO] [main] Thread whitelisted: Thread[ajts-to-62,5,Test-Threadgroup]
[INFO] [main] Request uninstall
[DEBUG] [main] Validated build configuration regarding trusted package rules, 0 are missing.
[INFO] [main] Request install with ASC-Impl [testMethod=Optional[void de.tum.in.test.integration.testuser.AstAssertionUser$AnyConditionalTests.testHasBelowNoAnyConditional_Fail()], executionPath=/Users/markuspaulsen/Documents/UniPHD/ChristianFemers/GIT, whitelistedPaths=Optional[[PathRule["" (STARTS_WITH) in WHITELIST; level READ]]], blacklistedPaths=[], allowedLocalPorts=[], trustedPackages=[PackageRule["com.github.javaparser.**" in WHITELIST]]]
[INFO] [main] Request whitelisting: Thread[ajts-to-63,5,Test-Threadgroup] []
[INFO] [main] Thread whitelisted: Thread[ajts-to-63,5,Test-Threadgroup]
[INFO] [main] Request uninstall
[DEBUG] [main] Validated build configuration regarding trusted package rules, 0 are missing.
[INFO] [main] Request install with ASC-Impl [testMethod=Optional.empty, executionPath=/Users/markuspaulsen/Documents/UniPHD/ChristianFemers/GIT, whitelistedPaths=Optional[[PathRule["" (STARTS_WITH) in WHITELIST; level READ]]], blacklistedPaths=[], allowedLocalPorts=[], trustedPackages=[PackageRule["com.github.javaparser.**" in WHITELIST]]]
[INFO] [main] Request whitelisting: Thread[ajts-to-64,5,Test-Threadgroup] []
[INFO] [main] Thread whitelisted: Thread[ajts-to-64,5,Test-Threadgroup]
[INFO] [main] Request uninstall
[DEBUG] [main] Validated build configuration regarding trusted package rules, 0 are missing.
[INFO] [main] Request install with ASC-Impl [testMethod=Optional.empty, executionPath=/Users/markuspaulsen/Documents/UniPHD/ChristianFemers/GIT, whitelistedPaths=Optional[[PathRule["" (STARTS_WITH) in WHITELIST; level READ]]], blacklistedPaths=[], allowedLocalPorts=[], trustedPackages=[PackageRule["com.github.javaparser.**" in WHITELIST]]]
[INFO] [main] Request whitelisting: Thread[ajts-to-65,5,Test-Threadgroup] []
[INFO] [main] Thread whitelisted: Thread[ajts-to-65,5,Test-Threadgroup]
[INFO] [main] Request uninstall
[DEBUG] [main] Validated build configuration regarding trusted package rules, 0 are missing.
[INFO] [main] Request install with ASC-Impl [testMethod=Optional[void de.tum.in.test.integration.testuser.AstAssertionUser$AnyConditionalTests.testHasBelowNoAnyConditional_Success()], executionPath=/Users/markuspaulsen/Documents/UniPHD/ChristianFemers/GIT, whitelistedPaths=Optional[[PathRule["" (STARTS_WITH) in WHITELIST; level READ]]], blacklistedPaths=[], allowedLocalPorts=[], trustedPackages=[PackageRule["com.github.javaparser.**" in WHITELIST]]]
[INFO] [main] Request whitelisting: Thread[ajts-to-66,5,Test-Threadgroup] []
[INFO] [main] Thread whitelisted: Thread[ajts-to-66,5,Test-Threadgroup]
[INFO] [main] Request uninstall
[DEBUG] [main] Validated build configuration regarding trusted package rules, 0 are missing.
[INFO] [main] Request install with ASC-Impl [testMethod=Optional.empty, executionPath=/Users/markuspaulsen/Documents/UniPHD/ChristianFemers/GIT, whitelistedPaths=Optional[[PathRule["" (STARTS_WITH) in WHITELIST; level READ]]], blacklistedPaths=[], allowedLocalPorts=[], trustedPackages=[PackageRule["com.github.javaparser.**" in WHITELIST]]]
[INFO] [main] Request whitelisting: Thread[ajts-to-67,5,Test-Threadgroup] []
[INFO] [main] Thread whitelisted: Thread[ajts-to-67,5,Test-Threadgroup]
[INFO] [main] Request uninstall
[DEBUG] [main] Validated build configuration regarding trusted package rules, 0 are missing.
[INFO] [main] Request install with ASC-Impl [testMethod=Optional.empty, executionPath=/Users/markuspaulsen/Documents/UniPHD/ChristianFemers/GIT, whitelistedPaths=Optional[[PathRule["" (STARTS_WITH) in WHITELIST; level READ]]], blacklistedPaths=[], allowedLocalPorts=[], trustedPackages=[PackageRule["com.github.javaparser.**" in WHITELIST]]]
[INFO] [main] Request whitelisting: Thread[ajts-to-68,5,Test-Threadgroup] []
[INFO] [main] Thread whitelisted: Thread[ajts-to-68,5,Test-Threadgroup]
[INFO] [main] Request uninstall
[DEBUG] [main] Validated build configuration regarding trusted package rules, 0 are missing.
[INFO] [main] Request install with ASC-Impl [testMethod=Optional[void de.tum.in.test.integration.testuser.AstAssertionUser$AnyConditionalTests.testHasAtNoAnyConditional_Fail()], executionPath=/Users/markuspaulsen/Documents/UniPHD/ChristianFemers/GIT, whitelistedPaths=Optional[[PathRule["" (STARTS_WITH) in WHITELIST; level READ]]], blacklistedPaths=[], allowedLocalPorts=[], trustedPackages=[PackageRule["com.github.javaparser.**" in WHITELIST]]]
[INFO] [main] Request whitelisting: Thread[ajts-to-69,5,Test-Threadgroup] []
[INFO] [main] Thread whitelisted: Thread[ajts-to-69,5,Test-Threadgroup]
[INFO] [main] Request uninstall
[DEBUG] [main] Validated build configuration regarding trusted package rules, 0 are missing.
[INFO] [main] Request install with ASC-Impl [testMethod=Optional.empty, executionPath=/Users/markuspaulsen/Documents/UniPHD/ChristianFemers/GIT, whitelistedPaths=Optional[[PathRule["" (STARTS_WITH) in WHITELIST; level READ]]], blacklistedPaths=[], allowedLocalPorts=[], trustedPackages=[PackageRule["com.github.javaparser.**" in WHITELIST]]]
[INFO] [main] Request whitelisting: Thread[ajts-to-70,5,Test-Threadgroup] []
[INFO] [main] Thread whitelisted: Thread[ajts-to-70,5,Test-Threadgroup]
[INFO] [main] Request uninstall
[DEBUG] [main] Validated build configuration regarding trusted package rules, 0 are missing.
[INFO] [main] Request install with ASC-Impl [testMethod=Optional.empty, executionPath=/Users/markuspaulsen/Documents/UniPHD/ChristianFemers/GIT, whitelistedPaths=Optional[[PathRule["" (STARTS_WITH) in WHITELIST; level READ]]], blacklistedPaths=[], allowedLocalPorts=[], trustedPackages=[PackageRule["com.github.javaparser.**" in WHITELIST]]]
[INFO] [main] Request whitelisting: Thread[ajts-to-71,5,Test-Threadgroup] []
[INFO] [main] Thread whitelisted: Thread[ajts-to-71,5,Test-Threadgroup]
[INFO] [main] Request uninstall
[DEBUG] [main] Validated build configuration regarding trusted package rules, 0 are missing.
[INFO] [main] Request install with ASC-Impl [testMethod=Optional[void de.tum.in.test.integration.testuser.AstAssertionUser$AnyConditionalTests.testHasAtNoAnyConditional_Success()], executionPath=/Users/markuspaulsen/Documents/UniPHD/ChristianFemers/GIT, whitelistedPaths=Optional[[PathRule["" (STARTS_WITH) in WHITELIST; level READ]]], blacklistedPaths=[], allowedLocalPorts=[], trustedPackages=[PackageRule["com.github.javaparser.**" in WHITELIST]]]
[INFO] [main] Request whitelisting: Thread[ajts-to-72,5,Test-Threadgroup] []
[INFO] [main] Thread whitelisted: Thread[ajts-to-72,5,Test-Threadgroup]
[INFO] [main] Request uninstall
[DEBUG] [main] Validated build configuration regarding trusted package rules, 0 are missing.
[INFO] [main] Request install with ASC-Impl [testMethod=Optional.empty, executionPath=/Users/markuspaulsen/Documents/UniPHD/ChristianFemers/GIT, whitelistedPaths=Optional[[PathRule["" (STARTS_WITH) in WHITELIST; level READ]]], blacklistedPaths=[], allowedLocalPorts=[], trustedPackages=[PackageRule["com.github.javaparser.**" in WHITELIST]]]
[INFO] [main] Request whitelisting: Thread[ajts-to-73,5,Test-Threadgroup] []
[INFO] [main] Thread whitelisted: Thread[ajts-to-73,5,Test-Threadgroup]
[INFO] [main] Request uninstall
[DEBUG] [main] Validated build configuration regarding trusted package rules, 0 are missing.
[INFO] [main] Request install with ASC-Impl [testMethod=Optional.empty, executionPath=/Users/markuspaulsen/Documents/UniPHD/ChristianFemers/GIT, whitelistedPaths=Optional[[PathRule["" (STARTS_WITH) in WHITELIST; level READ]]], blacklistedPaths=[], allowedLocalPorts=[], trustedPackages=[PackageRule["com.github.javaparser.**" in WHITELIST]]]
[INFO] [main] Request whitelisting: Thread[ajts-to-74,5,Test-Threadgroup] []
[INFO] [main] Thread whitelisted: Thread[ajts-to-74,5,Test-Threadgroup]
[INFO] [main] Request uninstall
[DEBUG] [main] Validated build configuration regarding trusted package rules, 0 are missing.
[INFO] [main] Request install with ASC-Impl [testMethod=Optional[void de.tum.in.test.integration.testuser.AstAssertionUser$SwitchConditionalTests.testHasBelowNoSwitchConditional_Fail()], executionPath=/Users/markuspaulsen/Documents/UniPHD/ChristianFemers/GIT, whitelistedPaths=Optional[[PathRule["" (STARTS_WITH) in WHITELIST; level READ]]], blacklistedPaths=[], allowedLocalPorts=[], trustedPackages=[PackageRule["com.github.javaparser.**" in WHITELIST]]]
[INFO] [main] Request whitelisting: Thread[ajts-to-75,5,Test-Threadgroup] []
[INFO] [main] Thread whitelisted: Thread[ajts-to-75,5,Test-Threadgroup]
[INFO] [main] Request uninstall
[DEBUG] [main] Validated build configuration regarding trusted package rules, 0 are missing.
[INFO] [main] Request install with ASC-Impl [testMethod=Optional.empty, executionPath=/Users/markuspaulsen/Documents/UniPHD/ChristianFemers/GIT, whitelistedPaths=Optional[[PathRule["" (STARTS_WITH) in WHITELIST; level READ]]], blacklistedPaths=[], allowedLocalPorts=[], trustedPackages=[PackageRule["com.github.javaparser.**" in WHITELIST]]]
[INFO] [main] Request whitelisting: Thread[ajts-to-76,5,Test-Threadgroup] []
[INFO] [main] Thread whitelisted: Thread[ajts-to-76,5,Test-Threadgroup]
[INFO] [main] Request uninstall
[DEBUG] [main] Validated build configuration regarding trusted package rules, 0 are missing.
[INFO] [main] Request install with ASC-Impl [testMethod=Optional.empty, executionPath=/Users/markuspaulsen/Documents/UniPHD/ChristianFemers/GIT, whitelistedPaths=Optional[[PathRule["" (STARTS_WITH) in WHITELIST; level READ]]], blacklistedPaths=[], allowedLocalPorts=[], trustedPackages=[PackageRule["com.github.javaparser.**" in WHITELIST]]]
[INFO] [main] Request whitelisting: Thread[ajts-to-77,5,Test-Threadgroup] []
[INFO] [main] Thread whitelisted: Thread[ajts-to-77,5,Test-Threadgroup]
[INFO] [main] Request uninstall
[DEBUG] [main] Validated build configuration regarding trusted package rules, 0 are missing.
[INFO] [main] Request install with ASC-Impl [testMethod=Optional[void de.tum.in.test.integration.testuser.AstAssertionUser$SwitchConditionalTests.testHasBelowNoSwitchConditional_Success()], executionPath=/Users/markuspaulsen/Documents/UniPHD/ChristianFemers/GIT, whitelistedPaths=Optional[[PathRule["" (STARTS_WITH) in WHITELIST; level READ]]], blacklistedPaths=[], allowedLocalPorts=[], trustedPackages=[PackageRule["com.github.javaparser.**" in WHITELIST]]]
[INFO] [main] Request whitelisting: Thread[ajts-to-78,5,Test-Threadgroup] []
[INFO] [main] Thread whitelisted: Thread[ajts-to-78,5,Test-Threadgroup]
[INFO] [main] Request uninstall
[DEBUG] [main] Validated build configuration regarding trusted package rules, 0 are missing.
[INFO] [main] Request install with ASC-Impl [testMethod=Optional.empty, executionPath=/Users/markuspaulsen/Documents/UniPHD/ChristianFemers/GIT, whitelistedPaths=Optional[[PathRule["" (STARTS_WITH) in WHITELIST; level READ]]], blacklistedPaths=[], allowedLocalPorts=[], trustedPackages=[PackageRule["com.github.javaparser.**" in WHITELIST]]]
[INFO] [main] Request whitelisting: Thread[ajts-to-79,5,Test-Threadgroup] []
[INFO] [main] Thread whitelisted: Thread[ajts-to-79,5,Test-Threadgroup]
[INFO] [main] Request uninstall
[DEBUG] [main] Validated build configuration regarding trusted package rules, 0 are missing.
[INFO] [main] Request install with ASC-Impl [testMethod=Optional.empty, executionPath=/Users/markuspaulsen/Documents/UniPHD/ChristianFemers/GIT, whitelistedPaths=Optional[[PathRule["" (STARTS_WITH) in WHITELIST; level READ]]], blacklistedPaths=[], allowedLocalPorts=[], trustedPackages=[PackageRule["com.github.javaparser.**" in WHITELIST]]]
[INFO] [main] Request whitelisting: Thread[ajts-to-80,5,Test-Threadgroup] []
[INFO] [main] Thread whitelisted: Thread[ajts-to-80,5,Test-Threadgroup]
[INFO] [main] Request uninstall
[DEBUG] [main] Validated build configuration regarding trusted package rules, 0 are missing.
[INFO] [main] Request install with ASC-Impl [testMethod=Optional[void de.tum.in.test.integration.testuser.AstAssertionUser$SwitchConditionalTests.testHasAtNoSwitchConditional_Fail()], executionPath=/Users/markuspaulsen/Documents/UniPHD/ChristianFemers/GIT, whitelistedPaths=Optional[[PathRule["" (STARTS_WITH) in WHITELIST; level READ]]], blacklistedPaths=[], allowedLocalPorts=[], trustedPackages=[PackageRule["com.github.javaparser.**" in WHITELIST]]]
[INFO] [main] Request whitelisting: Thread[ajts-to-81,5,Test-Threadgroup] []
[INFO] [main] Thread whitelisted: Thread[ajts-to-81,5,Test-Threadgroup]
[INFO] [main] Request uninstall
[DEBUG] [main] Validated build configuration regarding trusted package rules, 0 are missing.
[INFO] [main] Request install with ASC-Impl [testMethod=Optional.empty, executionPath=/Users/markuspaulsen/Documents/UniPHD/ChristianFemers/GIT, whitelistedPaths=Optional[[PathRule["" (STARTS_WITH) in WHITELIST; level READ]]], blacklistedPaths=[], allowedLocalPorts=[], trustedPackages=[PackageRule["com.github.javaparser.**" in WHITELIST]]]
[INFO] [main] Request whitelisting: Thread[ajts-to-82,5,Test-Threadgroup] []
[INFO] [main] Thread whitelisted: Thread[ajts-to-82,5,Test-Threadgroup]
[INFO] [main] Request uninstall
[DEBUG] [main] Validated build configuration regarding trusted package rules, 0 are missing.
[INFO] [main] Request install with ASC-Impl [testMethod=Optional.empty, executionPath=/Users/markuspaulsen/Documents/UniPHD/ChristianFemers/GIT, whitelistedPaths=Optional[[PathRule["" (STARTS_WITH) in WHITELIST; level READ]]], blacklistedPaths=[], allowedLocalPorts=[], trustedPackages=[PackageRule["com.github.javaparser.**" in WHITELIST]]]
[INFO] [main] Request whitelisting: Thread[ajts-to-83,5,Test-Threadgroup] []
[INFO] [main] Thread whitelisted: Thread[ajts-to-83,5,Test-Threadgroup]
[INFO] [main] Request uninstall
[DEBUG] [main] Validated build configuration regarding trusted package rules, 0 are missing.
[INFO] [main] Request install with ASC-Impl [testMethod=Optional[void de.tum.in.test.integration.testuser.AstAssertionUser$SwitchConditionalTests.testHasAtNoSwitchConditional_Success()], executionPath=/Users/markuspaulsen/Documents/UniPHD/ChristianFemers/GIT, whitelistedPaths=Optional[[PathRule["" (STARTS_WITH) in WHITELIST; level READ]]], blacklistedPaths=[], allowedLocalPorts=[], trustedPackages=[PackageRule["com.github.javaparser.**" in WHITELIST]]]
[INFO] [main] Request whitelisting: Thread[ajts-to-84,5,Test-Threadgroup] []
[INFO] [main] Thread whitelisted: Thread[ajts-to-84,5,Test-Threadgroup]
[INFO] [main] Request uninstall
[DEBUG] [main] Validated build configuration regarding trusted package rules, 0 are missing.
[INFO] [main] Request install with ASC-Impl [testMethod=Optional.empty, executionPath=/Users/markuspaulsen/Documents/UniPHD/ChristianFemers/GIT, whitelistedPaths=Optional[[PathRule["" (STARTS_WITH) in WHITELIST; level READ]]], blacklistedPaths=[], allowedLocalPorts=[], trustedPackages=[PackageRule["com.github.javaparser.**" in WHITELIST]]]
[INFO] [main] Request whitelisting: Thread[ajts-to-85,5,Test-Threadgroup] []
[INFO] [main] Thread whitelisted: Thread[ajts-to-85,5,Test-Threadgroup]
[INFO] [main] Request uninstall
[DEBUG] [main] Validated build configuration regarding trusted package rules, 0 are missing.
[INFO] [main] Request install with ASC-Impl [testMethod=Optional.empty, executionPath=/Users/markuspaulsen/Documents/UniPHD/ChristianFemers/GIT, whitelistedPaths=Optional[[PathRule["" (STARTS_WITH) in WHITELIST; level READ]]], blacklistedPaths=[], allowedLocalPorts=[], trustedPackages=[PackageRule["com.github.javaparser.**" in WHITELIST]]]
[INFO] [main] Request whitelisting: Thread[ajts-to-86,5,Test-Threadgroup] []
[INFO] [main] Thread whitelisted: Thread[ajts-to-86,5,Test-Threadgroup]
[INFO] [main] Request uninstall
[DEBUG] [main] Validated build configuration regarding trusted package rules, 0 are missing.
[INFO] [main] Request install with ASC-Impl [testMethod=Optional[void de.tum.in.test.integration.testuser.AstAssertionUser$IfConditionalTests.testHasAtNoIfConditional_Success()], executionPath=/Users/markuspaulsen/Documents/UniPHD/ChristianFemers/GIT, whitelistedPaths=Optional[[PathRule["" (STARTS_WITH) in WHITELIST; level READ]]], blacklistedPaths=[], allowedLocalPorts=[], trustedPackages=[PackageRule["com.github.javaparser.**" in WHITELIST]]]
[INFO] [main] Request whitelisting: Thread[ajts-to-87,5,Test-Threadgroup] []
[INFO] [main] Thread whitelisted: Thread[ajts-to-87,5,Test-Threadgroup]
[INFO] [main] Request uninstall
[DEBUG] [main] Validated build configuration regarding trusted package rules, 0 are missing.
[INFO] [main] Request install with ASC-Impl [testMethod=Optional.empty, executionPath=/Users/markuspaulsen/Documents/UniPHD/ChristianFemers/GIT, whitelistedPaths=Optional[[PathRule["" (STARTS_WITH) in WHITELIST; level READ]]], blacklistedPaths=[], allowedLocalPorts=[], trustedPackages=[PackageRule["com.github.javaparser.**" in WHITELIST]]]
[INFO] [main] Request whitelisting: Thread[ajts-to-88,5,Test-Threadgroup] []
[INFO] [main] Thread whitelisted: Thread[ajts-to-88,5,Test-Threadgroup]
[INFO] [main] Request uninstall
[DEBUG] [main] Validated build configuration regarding trusted package rules, 0 are missing.
[INFO] [main] Request install with ASC-Impl [testMethod=Optional.empty, executionPath=/Users/markuspaulsen/Documents/UniPHD/ChristianFemers/GIT, whitelistedPaths=Optional[[PathRule["" (STARTS_WITH) in WHITELIST; level READ]]], blacklistedPaths=[], allowedLocalPorts=[], trustedPackages=[PackageRule["com.github.javaparser.**" in WHITELIST]]]
[INFO] [main] Request whitelisting: Thread[ajts-to-89,5,Test-Threadgroup] []
[INFO] [main] Thread whitelisted: Thread[ajts-to-89,5,Test-Threadgroup]
[INFO] [main] Request uninstall
[DEBUG] [main] Validated build configuration regarding trusted package rules, 0 are missing.
[INFO] [main] Request install with ASC-Impl [testMethod=Optional[void de.tum.in.test.integration.testuser.AstAssertionUser$IfConditionalTests.testHasAtNoIfConditional_Fail()], executionPath=/Users/markuspaulsen/Documents/UniPHD/ChristianFemers/GIT, whitelistedPaths=Optional[[PathRule["" (STARTS_WITH) in WHITELIST; level READ]]], blacklistedPaths=[], allowedLocalPorts=[], trustedPackages=[PackageRule["com.github.javaparser.**" in WHITELIST]]]
[INFO] [main] Request whitelisting: Thread[ajts-to-90,5,Test-Threadgroup] []
[INFO] [main] Thread whitelisted: Thread[ajts-to-90,5,Test-Threadgroup]
[INFO] [main] Request uninstall
[DEBUG] [main] Validated build configuration regarding trusted package rules, 0 are missing.
[INFO] [main] Request install with ASC-Impl [testMethod=Optional.empty, executionPath=/Users/markuspaulsen/Documents/UniPHD/ChristianFemers/GIT, whitelistedPaths=Optional[[PathRule["" (STARTS_WITH) in WHITELIST; level READ]]], blacklistedPaths=[], allowedLocalPorts=[], trustedPackages=[PackageRule["com.github.javaparser.**" in WHITELIST]]]
[INFO] [main] Request whitelisting: Thread[ajts-to-91,5,Test-Threadgroup] []
[INFO] [main] Thread whitelisted: Thread[ajts-to-91,5,Test-Threadgroup]
[INFO] [main] Request uninstall
[DEBUG] [main] Validated build configuration regarding trusted package rules, 0 are missing.
[INFO] [main] Request install with ASC-Impl [testMethod=Optional.empty, executionPath=/Users/markuspaulsen/Documents/UniPHD/ChristianFemers/GIT, whitelistedPaths=Optional[[PathRule["" (STARTS_WITH) in WHITELIST; level READ]]], blacklistedPaths=[], allowedLocalPorts=[], trustedPackages=[PackageRule["com.github.javaparser.**" in WHITELIST]]]
[INFO] [main] Request whitelisting: Thread[ajts-to-92,5,Test-Threadgroup] []
[INFO] [main] Thread whitelisted: Thread[ajts-to-92,5,Test-Threadgroup]
[INFO] [main] Request uninstall
[DEBUG] [main] Validated build configuration regarding trusted package rules, 0 are missing.
[INFO] [main] Request install with ASC-Impl [testMethod=Optional[void de.tum.in.test.integration.testuser.AstAssertionUser$IfConditionalTests.testHasBelowNoIfConditional_Fail()], executionPath=/Users/markuspaulsen/Documents/UniPHD/ChristianFemers/GIT, whitelistedPaths=Optional[[PathRule["" (STARTS_WITH) in WHITELIST; level READ]]], blacklistedPaths=[], allowedLocalPorts=[], trustedPackages=[PackageRule["com.github.javaparser.**" in WHITELIST]]]
[INFO] [main] Request whitelisting: Thread[ajts-to-93,5,Test-Threadgroup] []
[INFO] [main] Thread whitelisted: Thread[ajts-to-93,5,Test-Threadgroup]
[INFO] [main] Request uninstall
[DEBUG] [main] Validated build configuration regarding trusted package rules, 0 are missing.
[INFO] [main] Request install with ASC-Impl [testMethod=Optional.empty, executionPath=/Users/markuspaulsen/Documents/UniPHD/ChristianFemers/GIT, whitelistedPaths=Optional[[PathRule["" (STARTS_WITH) in WHITELIST; level READ]]], blacklistedPaths=[], allowedLocalPorts=[], trustedPackages=[PackageRule["com.github.javaparser.**" in WHITELIST]]]
[INFO] [main] Request whitelisting: Thread[ajts-to-94,5,Test-Threadgroup] []
[INFO] [main] Thread whitelisted: Thread[ajts-to-94,5,Test-Threadgroup]
[INFO] [main] Request uninstall
[DEBUG] [main] Validated build configuration regarding trusted package rules, 0 are missing.
[INFO] [main] Request install with ASC-Impl [testMethod=Optional.empty, executionPath=/Users/markuspaulsen/Documents/UniPHD/ChristianFemers/GIT, whitelistedPaths=Optional[[PathRule["" (STARTS_WITH) in WHITELIST; level READ]]], blacklistedPaths=[], allowedLocalPorts=[], trustedPackages=[PackageRule["com.github.javaparser.**" in WHITELIST]]]
[INFO] [main] Request whitelisting: Thread[ajts-to-95,5,Test-Threadgroup] []
[INFO] [main] Thread whitelisted: Thread[ajts-to-95,5,Test-Threadgroup]
[INFO] [main] Request uninstall
[DEBUG] [main] Validated build configuration regarding trusted package rules, 0 are missing.
[INFO] [main] Request install with ASC-Impl [testMethod=Optional[void de.tum.in.test.integration.testuser.AstAssertionUser$IfConditionalTests.testHasBelowNoIfConditional_Success()], executionPath=/Users/markuspaulsen/Documents/UniPHD/ChristianFemers/GIT, whitelistedPaths=Optional[[PathRule["" (STARTS_WITH) in WHITELIST; level READ]]], blacklistedPaths=[], allowedLocalPorts=[], trustedPackages=[PackageRule["com.github.javaparser.**" in WHITELIST]]]
[INFO] [main] Request whitelisting: Thread[ajts-to-96,5,Test-Threadgroup] []
[INFO] [main] Thread whitelisted: Thread[ajts-to-96,5,Test-Threadgroup]
[INFO] [main] Request uninstall
[DEBUG] [main] Validated build configuration regarding trusted package rules, 0 are missing.
[INFO] [main] Request install with ASC-Impl [testMethod=Optional.empty, executionPath=/Users/markuspaulsen/Documents/UniPHD/ChristianFemers/GIT, whitelistedPaths=Optional[[PathRule["" (STARTS_WITH) in WHITELIST; level READ]]], blacklistedPaths=[], allowedLocalPorts=[], trustedPackages=[PackageRule["com.github.javaparser.**" in WHITELIST]]]
[INFO] [main] Request whitelisting: Thread[ajts-to-97,5,Test-Threadgroup] []
[INFO] [main] Thread whitelisted: Thread[ajts-to-97,5,Test-Threadgroup]
[INFO] [main] Request uninstall
[DEBUG] [main] Validated build configuration regarding trusted package rules, 0 are missing.
[INFO] [main] Request install with ASC-Impl [testMethod=Optional.empty, executionPath=/Users/markuspaulsen/Documents/UniPHD/ChristianFemers/GIT, whitelistedPaths=Optional[[PathRule["" (STARTS_WITH) in WHITELIST; level READ]]], blacklistedPaths=[], allowedLocalPorts=[], trustedPackages=[PackageRule["com.github.javaparser.**" in WHITELIST]]]
[INFO] [main] Request whitelisting: Thread[ajts-to-98,5,Test-Threadgroup] []
[INFO] [main] Thread whitelisted: Thread[ajts-to-98,5,Test-Threadgroup]
[INFO] [main] Request uninstall
[DEBUG] [main] Validated build configuration regarding trusted package rules, 0 are missing.
[INFO] [main] Request install with ASC-Impl [testMethod=Optional[void de.tum.in.test.integration.testuser.AstAssertionUser$AnyLoopTests.testHasAtNoAnyLoop_Success()], executionPath=/Users/markuspaulsen/Documents/UniPHD/ChristianFemers/GIT, whitelistedPaths=Optional[[PathRule["" (STARTS_WITH) in WHITELIST; level READ]]], blacklistedPaths=[], allowedLocalPorts=[], trustedPackages=[PackageRule["com.github.javaparser.**" in WHITELIST]]]
[INFO] [main] Request whitelisting: Thread[ajts-to-99,5,Test-Threadgroup] []
[INFO] [main] Thread whitelisted: Thread[ajts-to-99,5,Test-Threadgroup]
[ERROR] [ajts-to-99] Error reading Java file '/Users/markuspaulsen/Documents/UniPHD/ChristianFemers/GIT/src/test/java/de/tum/in/test/integration/testuser/subject/structural/astTestFiles/loops/no/ClassWithNoKindsOfConditionals.java'
java.nio.file.NoSuchFileException: src/test/java/de/tum/in/test/integration/testuser/subject/structural/astTestFiles/loops/no/ClassWithNoKindsOfConditionals.java
	at java.base/sun.nio.fs.UnixException.translateToIOException(UnixException.java:92)
	at java.base/sun.nio.fs.UnixException.rethrowAsIOException(UnixException.java:106)
	at java.base/sun.nio.fs.UnixException.rethrowAsIOException(UnixException.java:111)
	at java.base/sun.nio.fs.UnixFileSystemProvider.newByteChannel(UnixFileSystemProvider.java:218)
	at java.base/java.nio.file.Files.newByteChannel(Files.java:380)
	at java.base/java.nio.file.Files.newByteChannel(Files.java:432)
	at java.base/java.nio.file.spi.FileSystemProvider.newInputStream(FileSystemProvider.java:422)
	at java.base/java.nio.file.Files.newInputStream(Files.java:160)
	at com.github.javaparser.Providers.provider(Providers.java:70)
	at com.github.javaparser.JavaParser.parse(JavaParser.java:231)
	at com.github.javaparser.JavaParserAdapter.parse(JavaParserAdapter.java:79)
	at com.github.javaparser.StaticJavaParser.parse(StaticJavaParser.java:173)
	at de.tum.in.test.api.ast.model.JavaFile.convertFromFile(JavaFile.java:55)
	at de.tum.in.test.api.ast.model.UnwantedNode.getUnwantedNodesForFileAt(UnwantedNode.java:66)
	at de.tum.in.test.api.ast.model.UnwantedNode.getMessageForUnwantedNodesForFileAt(UnwantedNode.java:119)
	at de.tum.in.test.api.ast.asserting.UnwantedNodesAssert.hasNo(UnwantedNodesAssert.java:95)
	at de.tum.in.test.integration.testuser.AstAssertionUser$AnyLoopTests.testHasAtNoAnyLoop_Success(AstAssertionUser.java:237)
	at java.base/jdk.internal.reflect.NativeMethodAccessorImpl.invoke0(Native Method)
	at java.base/jdk.internal.reflect.NativeMethodAccessorImpl.invoke(NativeMethodAccessorImpl.java:77)
	at java.base/jdk.internal.reflect.DelegatingMethodAccessorImpl.invoke(DelegatingMethodAccessorImpl.java:43)
	at java.base/java.lang.reflect.Method.invoke(Method.java:568)
	at org.junit.platform.commons.util.ReflectionUtils.invokeMethod(ReflectionUtils.java:727)
	at org.junit.jupiter.engine.execution.MethodInvocation.proceed(MethodInvocation.java:60)
	at org.junit.jupiter.engine.execution.InvocationInterceptorChain$ValidatingInvocation.proceed(InvocationInterceptorChain.java:131)
	at de.tum.in.test.api.internal.TimeoutUtils.rethrowThrowableSafe(TimeoutUtils.java:47)
	at de.tum.in.test.api.internal.TimeoutUtils.lambda$performTimeoutExecution$1(TimeoutUtils.java:42)
	at java.base/java.util.concurrent.FutureTask.run(FutureTask.java:264)
	at java.base/java.util.concurrent.ThreadPoolExecutor.runWorker(ThreadPoolExecutor.java:1136)
	at java.base/java.util.concurrent.ThreadPoolExecutor$Worker.run(ThreadPoolExecutor.java:635)
	at java.base/java.lang.Thread.run(Thread.java:833)
[INFO] [main] Request uninstall
[DEBUG] [main] Validated build configuration regarding trusted package rules, 0 are missing.
[INFO] [main] Request install with ASC-Impl [testMethod=Optional.empty, executionPath=/Users/markuspaulsen/Documents/UniPHD/ChristianFemers/GIT, whitelistedPaths=Optional[[PathRule["" (STARTS_WITH) in WHITELIST; level READ]]], blacklistedPaths=[], allowedLocalPorts=[], trustedPackages=[PackageRule["com.github.javaparser.**" in WHITELIST]]]
[INFO] [main] Request whitelisting: Thread[ajts-to-100,5,Test-Threadgroup] []
[INFO] [main] Thread whitelisted: Thread[ajts-to-100,5,Test-Threadgroup]
[INFO] [main] Request uninstall
[DEBUG] [main] Validated build configuration regarding trusted package rules, 0 are missing.
[INFO] [main] Request install with ASC-Impl [testMethod=Optional.empty, executionPath=/Users/markuspaulsen/Documents/UniPHD/ChristianFemers/GIT, whitelistedPaths=Optional[[PathRule["" (STARTS_WITH) in WHITELIST; level READ]]], blacklistedPaths=[], allowedLocalPorts=[], trustedPackages=[PackageRule["com.github.javaparser.**" in WHITELIST]]]
[INFO] [main] Request whitelisting: Thread[ajts-to-101,5,Test-Threadgroup] []
[INFO] [main] Thread whitelisted: Thread[ajts-to-101,5,Test-Threadgroup]
[INFO] [main] Request uninstall
[DEBUG] [main] Validated build configuration regarding trusted package rules, 0 are missing.
[INFO] [main] Request install with ASC-Impl [testMethod=Optional[void de.tum.in.test.integration.testuser.AstAssertionUser$AnyLoopTests.testHasBelowNoAnyLoop_Fail()], executionPath=/Users/markuspaulsen/Documents/UniPHD/ChristianFemers/GIT, whitelistedPaths=Optional[[PathRule["" (STARTS_WITH) in WHITELIST; level READ]]], blacklistedPaths=[], allowedLocalPorts=[], trustedPackages=[PackageRule["com.github.javaparser.**" in WHITELIST]]]
[INFO] [main] Request whitelisting: Thread[ajts-to-102,5,Test-Threadgroup] []
[INFO] [main] Thread whitelisted: Thread[ajts-to-102,5,Test-Threadgroup]
[INFO] [main] Request uninstall
[DEBUG] [main] Validated build configuration regarding trusted package rules, 0 are missing.
[INFO] [main] Request install with ASC-Impl [testMethod=Optional.empty, executionPath=/Users/markuspaulsen/Documents/UniPHD/ChristianFemers/GIT, whitelistedPaths=Optional[[PathRule["" (STARTS_WITH) in WHITELIST; level READ]]], blacklistedPaths=[], allowedLocalPorts=[], trustedPackages=[PackageRule["com.github.javaparser.**" in WHITELIST]]]
[INFO] [main] Request whitelisting: Thread[ajts-to-103,5,Test-Threadgroup] []
[INFO] [main] Thread whitelisted: Thread[ajts-to-103,5,Test-Threadgroup]
[INFO] [main] Request uninstall
[DEBUG] [main] Validated build configuration regarding trusted package rules, 0 are missing.
[INFO] [main] Request install with ASC-Impl [testMethod=Optional.empty, executionPath=/Users/markuspaulsen/Documents/UniPHD/ChristianFemers/GIT, whitelistedPaths=Optional[[PathRule["" (STARTS_WITH) in WHITELIST; level READ]]], blacklistedPaths=[], allowedLocalPorts=[], trustedPackages=[PackageRule["com.github.javaparser.**" in WHITELIST]]]
[INFO] [main] Request whitelisting: Thread[ajts-to-104,5,Test-Threadgroup] []
[INFO] [main] Thread whitelisted: Thread[ajts-to-104,5,Test-Threadgroup]
[INFO] [main] Request uninstall
[DEBUG] [main] Validated build configuration regarding trusted package rules, 0 are missing.
[INFO] [main] Request install with ASC-Impl [testMethod=Optional[void de.tum.in.test.integration.testuser.AstAssertionUser$AnyLoopTests.testHasAtNoAnyLoop_Fail()], executionPath=/Users/markuspaulsen/Documents/UniPHD/ChristianFemers/GIT, whitelistedPaths=Optional[[PathRule["" (STARTS_WITH) in WHITELIST; level READ]]], blacklistedPaths=[], allowedLocalPorts=[], trustedPackages=[PackageRule["com.github.javaparser.**" in WHITELIST]]]
[INFO] [main] Request whitelisting: Thread[ajts-to-105,5,Test-Threadgroup] []
[INFO] [main] Thread whitelisted: Thread[ajts-to-105,5,Test-Threadgroup]
[INFO] [main] Request uninstall
[DEBUG] [main] Validated build configuration regarding trusted package rules, 0 are missing.
[INFO] [main] Request install with ASC-Impl [testMethod=Optional.empty, executionPath=/Users/markuspaulsen/Documents/UniPHD/ChristianFemers/GIT, whitelistedPaths=Optional[[PathRule["" (STARTS_WITH) in WHITELIST; level READ]]], blacklistedPaths=[], allowedLocalPorts=[], trustedPackages=[PackageRule["com.github.javaparser.**" in WHITELIST]]]
[INFO] [main] Request whitelisting: Thread[ajts-to-106,5,Test-Threadgroup] []
[INFO] [main] Thread whitelisted: Thread[ajts-to-106,5,Test-Threadgroup]
[INFO] [main] Request uninstall
[...]
	at de.tum.in.test.api.ast.model.UnwantedNode.getUnwantedNodesForFileAt(UnwantedNode.java:66)
	at de.tum.in.test.api.ast.model.UnwantedNode.getMessageForUnwantedNodesForFileAt(UnwantedNode.java:119)
	at de.tum.in.test.api.ast.asserting.UnwantedNodesAssert.hasNo(UnwantedNodesAssert.java:95)
	at de.tum.in.test.integration.testuser.AstAssertionUser$ForEachLoopTests.testHasAtNoForEachLoop_Success(AstAssertionUser.java:77)
	at java.base/jdk.internal.reflect.NativeMethodAccessorImpl.invoke0(Native Method)
	at java.base/jdk.internal.reflect.NativeMethodAccessorImpl.invoke(NativeMethodAccessorImpl.java:77)
	at java.base/jdk.internal.reflect.DelegatingMethodAccessorImpl.invoke(DelegatingMethodAccessorImpl.java:43)
	at java.base/java.lang.reflect.Method.invoke(Method.java:568)
	at org.junit.platform.commons.util.ReflectionUtils.invokeMethod(ReflectionUtils.java:727)
	at org.junit.jupiter.engine.execution.MethodInvocation.proceed(MethodInvocation.java:60)
	at org.junit.jupiter.engine.execution.InvocationInterceptorChain$ValidatingInvocation.proceed(InvocationInterceptorChain.java:131)
	at de.tum.in.test.api.internal.TimeoutUtils.rethrowThrowableSafe(TimeoutUtils.java:47)
	at de.tum.in.test.api.internal.TimeoutUtils.lambda$performTimeoutExecution$1(TimeoutUtils.java:42)
	at java.base/java.util.concurrent.FutureTask.run(FutureTask.java:264)
	at java.base/java.util.concurrent.ThreadPoolExecutor.runWorker(ThreadPoolExecutor.java:1136)
	at java.base/java.util.concurrent.ThreadPoolExecutor$Worker.run(ThreadPoolExecutor.java:635)
	at java.base/java.lang.Thread.run(Thread.java:833)
[INFO] [main] Request uninstall
[DEBUG] [main] Validated build configuration regarding trusted package rules, 0 are missing.
[INFO] [main] Request install with ASC-Impl [testMethod=Optional.empty, executionPath=/Users/markuspaulsen/Documents/UniPHD/ChristianFemers/GIT, whitelistedPaths=Optional[[PathRule["" (STARTS_WITH) in WHITELIST; level READ]]], blacklistedPaths=[], allowedLocalPorts=[], trustedPackages=[PackageRule["com.github.javaparser.**" in WHITELIST]]]
[INFO] [main] Request whitelisting: Thread[ajts-to-169,5,Test-Threadgroup] []
[INFO] [main] Thread whitelisted: Thread[ajts-to-169,5,Test-Threadgroup]
[INFO] [main] Request uninstall
[DEBUG] [main] Validated build configuration regarding trusted package rules, 0 are missing.
[INFO] [main] Request install with ASC-Impl [testMethod=Optional.empty, executionPath=/Users/markuspaulsen/Documents/UniPHD/ChristianFemers/GIT, whitelistedPaths=Optional[[PathRule["" (STARTS_WITH) in WHITELIST; level READ]]], blacklistedPaths=[], allowedLocalPorts=[], trustedPackages=[PackageRule["com.github.javaparser.**" in WHITELIST]]]
[INFO] [main] Request whitelisting: Thread[ajts-to-170,5,Test-Threadgroup] []
[INFO] [main] Thread whitelisted: Thread[ajts-to-170,5,Test-Threadgroup]
[INFO] [main] Request uninstall
[DEBUG] [main] Validated build configuration regarding trusted package rules, 0 are missing.
[INFO] [main] Request install with ASC-Impl [testMethod=Optional[void de.tum.in.test.integration.testuser.AstAssertionUser$ForLoopTests.testHasAtNoForLoop_Success()], executionPath=/Users/markuspaulsen/Documents/UniPHD/ChristianFemers/GIT, whitelistedPaths=Optional[[PathRule["" (STARTS_WITH) in WHITELIST; level READ]]], blacklistedPaths=[], allowedLocalPorts=[], trustedPackages=[PackageRule["com.github.javaparser.**" in WHITELIST]]]
[INFO] [main] Request whitelisting: Thread[ajts-to-171,5,Test-Threadgroup] []
[INFO] [main] Thread whitelisted: Thread[ajts-to-171,5,Test-Threadgroup]
[ERROR] [ajts-to-171] Error reading Java file '/Users/markuspaulsen/Documents/UniPHD/ChristianFemers/GIT/src/test/java/de/tum/in/test/integration/testuser/subject/structural/astTestFiles/loops/no/ClassWithNoKindsOfConditionals.java'
java.nio.file.NoSuchFileException: src/test/java/de/tum/in/test/integration/testuser/subject/structural/astTestFiles/loops/no/ClassWithNoKindsOfConditionals.java
	at java.base/sun.nio.fs.UnixException.translateToIOException(UnixException.java:92)
	at java.base/sun.nio.fs.UnixException.rethrowAsIOException(UnixException.java:106)
	at java.base/sun.nio.fs.UnixException.rethrowAsIOException(UnixException.java:111)
	at java.base/sun.nio.fs.UnixFileSystemProvider.newByteChannel(UnixFileSystemProvider.java:218)
	at java.base/java.nio.file.Files.newByteChannel(Files.java:380)
	at java.base/java.nio.file.Files.newByteChannel(Files.java:432)
	at java.base/java.nio.file.spi.FileSystemProvider.newInputStream(FileSystemProvider.java:422)
	at java.base/java.nio.file.Files.newInputStream(Files.java:160)
	at com.github.javaparser.Providers.provider(Providers.java:70)
	at com.github.javaparser.JavaParser.parse(JavaParser.java:231)
	at com.github.javaparser.JavaParserAdapter.parse(JavaParserAdapter.java:79)
	at com.github.javaparser.StaticJavaParser.parse(StaticJavaParser.java:173)
	at de.tum.in.test.api.ast.model.JavaFile.convertFromFile(JavaFile.java:55)
	at de.tum.in.test.api.ast.model.UnwantedNode.getUnwantedNodesForFileAt(UnwantedNode.java:66)
	at de.tum.in.test.api.ast.model.UnwantedNode.getMessageForUnwantedNodesForFileAt(UnwantedNode.java:119)
	at de.tum.in.test.api.ast.asserting.UnwantedNodesAssert.hasNo(UnwantedNodesAssert.java:95)
	at de.tum.in.test.integration.testuser.AstAssertionUser$ForLoopTests.testHasAtNoForLoop_Success(AstAssertionUser.java:45)
	at java.base/jdk.internal.reflect.NativeMethodAccessorImpl.invoke0(Native Method)
	at java.base/jdk.internal.reflect.NativeMethodAccessorImpl.invoke(NativeMethodAccessorImpl.java:77)
	at java.base/jdk.internal.reflect.DelegatingMethodAccessorImpl.invoke(DelegatingMethodAccessorImpl.java:43)
	at java.base/java.lang.reflect.Method.invoke(Method.java:568)
	at org.junit.platform.commons.util.ReflectionUtils.invokeMethod(ReflectionUtils.java:727)
	at org.junit.jupiter.engine.execution.MethodInvocation.proceed(MethodInvocation.java:60)
	at org.junit.jupiter.engine.execution.InvocationInterceptorChain$ValidatingInvocation.proceed(InvocationInterceptorChain.java:131)
	at de.tum.in.test.api.internal.TimeoutUtils.rethrowThrowableSafe(TimeoutUtils.java:47)
	at de.tum.in.test.api.internal.TimeoutUtils.lambda$performTimeoutExecution$1(TimeoutUtils.java:42)
	at java.base/java.util.concurrent.FutureTask.run(FutureTask.java:264)
	at java.base/java.util.concurrent.ThreadPoolExecutor.runWorker(ThreadPoolExecutor.java:1136)
	at java.base/java.util.concurrent.ThreadPoolExecutor$Worker.run(ThreadPoolExecutor.java:635)
	at java.base/java.lang.Thread.run(Thread.java:833)
[INFO] [main] Request uninstall
[DEBUG] [main] Validated build configuration regarding trusted package rules, 0 are missing.
[INFO] [main] Request install with ASC-Impl [testMethod=Optional.empty, executionPath=/Users/markuspaulsen/Documents/UniPHD/ChristianFemers/GIT, whitelistedPaths=Optional[[PathRule["" (STARTS_WITH) in WHITELIST; level READ]]], blacklistedPaths=[], allowedLocalPorts=[], trustedPackages=[PackageRule["com.github.javaparser.**" in WHITELIST]]]
[INFO] [main] Request whitelisting: Thread[ajts-to-172,5,Test-Threadgroup] []
[INFO] [main] Thread whitelisted: Thread[ajts-to-172,5,Test-Threadgroup]
[INFO] [main] Request uninstall
[DEBUG] [main] Validated build configuration regarding trusted package rules, 0 are missing.
[INFO] [main] Request install with ASC-Impl [testMethod=Optional.empty, executionPath=/Users/markuspaulsen/Documents/UniPHD/ChristianFemers/GIT, whitelistedPaths=Optional[[PathRule["" (STARTS_WITH) in WHITELIST; level READ]]], blacklistedPaths=[], allowedLocalPorts=[], trustedPackages=[PackageRule["com.github.javaparser.**" in WHITELIST]]]
[INFO] [main] Request whitelisting: Thread[ajts-to-173,5,Test-Threadgroup] []
[INFO] [main] Thread whitelisted: Thread[ajts-to-173,5,Test-Threadgroup]
[INFO] [main] Request uninstall
[DEBUG] [main] Validated build configuration regarding trusted package rules, 0 are missing.
[INFO] [main] Request install with ASC-Impl [testMethod=Optional[void de.tum.in.test.integration.testuser.AstAssertionUser$ForLoopTests.testHasBelowNoForLoop_Fail()], executionPath=/Users/markuspaulsen/Documents/UniPHD/ChristianFemers/GIT, whitelistedPaths=Optional[[PathRule["" (STARTS_WITH) in WHITELIST; level READ]]], blacklistedPaths=[], allowedLocalPorts=[], trustedPackages=[PackageRule["com.github.javaparser.**" in WHITELIST]]]
[INFO] [main] Request whitelisting: Thread[ajts-to-174,5,Test-Threadgroup] []
[INFO] [main] Thread whitelisted: Thread[ajts-to-174,5,Test-Threadgroup]
[INFO] [main] Request uninstall
[DEBUG] [main] Validated build configuration regarding trusted package rules, 0 are missing.
[INFO] [main] Request install with ASC-Impl [testMethod=Optional.empty, executionPath=/Users/markuspaulsen/Documents/UniPHD/ChristianFemers/GIT, whitelistedPaths=Optional[[PathRule["" (STARTS_WITH) in WHITELIST; level READ]]], blacklistedPaths=[], allowedLocalPorts=[], trustedPackages=[PackageRule["com.github.javaparser.**" in WHITELIST]]]
[INFO] [main] Request whitelisting: Thread[ajts-to-175,5,Test-Threadgroup] []
[INFO] [main] Thread whitelisted: Thread[ajts-to-175,5,Test-Threadgroup]
[INFO] [main] Request uninstall
[DEBUG] [main] Validated build configuration regarding trusted package rules, 0 are missing.
[INFO] [main] Request install with ASC-Impl [testMethod=Optional.empty, executionPath=/Users/markuspaulsen/Documents/UniPHD/ChristianFemers/GIT, whitelistedPaths=Optional[[PathRule["" (STARTS_WITH) in WHITELIST; level READ]]], blacklistedPaths=[], allowedLocalPorts=[], trustedPackages=[PackageRule["com.github.javaparser.**" in WHITELIST]]]
[INFO] [main] Request whitelisting: Thread[ajts-to-176,5,Test-Threadgroup] []
[INFO] [main] Thread whitelisted: Thread[ajts-to-176,5,Test-Threadgroup]
[INFO] [main] Request uninstall
[DEBUG] [main] Validated build configuration regarding trusted package rules, 0 are missing.
[INFO] [main] Request install with ASC-Impl [testMethod=Optional[void de.tum.in.test.integration.testuser.AstAssertionUser$ForLoopTests.testHasAtNoForLoop_Fail()], executionPath=/Users/markuspaulsen/Documents/UniPHD/ChristianFemers/GIT, whitelistedPaths=Optional[[PathRule["" (STARTS_WITH) in WHITELIST; level READ]]], blacklistedPaths=[], allowedLocalPorts=[], trustedPackages=[PackageRule["com.github.javaparser.**" in WHITELIST]]]
[INFO] [main] Request whitelisting: Thread[ajts-to-177,5,Test-Threadgroup] []
[INFO] [main] Thread whitelisted: Thread[ajts-to-177,5,Test-Threadgroup]
[INFO] [main] Request uninstall
[DEBUG] [main] Validated build configuration regarding trusted package rules, 0 are missing.
[INFO] [main] Request install with ASC-Impl [testMethod=Optional.empty, executionPath=/Users/markuspaulsen/Documents/UniPHD/ChristianFemers/GIT, whitelistedPaths=Optional[[PathRule["" (STARTS_WITH) in WHITELIST; level READ]]], blacklistedPaths=[], allowedLocalPorts=[], trustedPackages=[PackageRule["com.github.javaparser.**" in WHITELIST]]]
[INFO] [main] Request whitelisting: Thread[ajts-to-178,5,Test-Threadgroup] []
[INFO] [main] Thread whitelisted: Thread[ajts-to-178,5,Test-Threadgroup]
[INFO] [main] Request uninstall
[DEBUG] [main] Validated build configuration regarding trusted package rules, 0 are missing.
[INFO] [main] Request install with ASC-Impl [testMethod=Optional.empty, executionPath=/Users/markuspaulsen/Documents/UniPHD/ChristianFemers/GIT, whitelistedPaths=Optional[[PathRule["" (STARTS_WITH) in WHITELIST; level READ]]], blacklistedPaths=[], allowedLocalPorts=[], trustedPackages=[PackageRule["com.github.javaparser.**" in WHITELIST]]]
[INFO] [main] Request whitelisting: Thread[ajts-to-179,5,Test-Threadgroup] []
[INFO] [main] Thread whitelisted: Thread[ajts-to-179,5,Test-Threadgroup]
[INFO] [main] Request uninstall
[DEBUG] [main] Validated build configuration regarding trusted package rules, 0 are missing.
[INFO] [main] Request install with ASC-Impl [testMethod=Optional[void de.tum.in.test.integration.testuser.AstAssertionUser$ForLoopTests.testHasBelowNoForLoop_Success()], executionPath=/Users/markuspaulsen/Documents/UniPHD/ChristianFemers/GIT, whitelistedPaths=Optional[[PathRule["" (STARTS_WITH) in WHITELIST; level READ]]], blacklistedPaths=[], allowedLocalPorts=[], trustedPackages=[PackageRule["com.github.javaparser.**" in WHITELIST]]]
[INFO] [main] Request whitelisting: Thread[ajts-to-180,5,Test-Threadgroup] []
[INFO] [main] Thread whitelisted: Thread[ajts-to-180,5,Test-Threadgroup]
[INFO] [main] Request uninstall
]]></system-err>
  </testcase>
  <testcase name="test_testHasAtNoAnyExceptionHandling_Success" classname="de.tum.in.test.integration.AstAssertionTest$AnyExceptionHandlingTestTests" time="0.002"/>
  <testcase name="test_testHasBelowNoAnyExceptionHandling_Success" classname="de.tum.in.test.integration.AstAssertionTest$AnyExceptionHandlingTestTests" time="0.001"/>
  <testcase name="test_testHasBelowNoAnyExceptionHandling_Fail" classname="de.tum.in.test.integration.AstAssertionTest$AnyExceptionHandlingTestTests" time="0.002">
    <failure message="&#10;expected: &#10;  &quot;Unwanted statement found:&#10;   - In src/test/java/de/tum/in/test/integration/testuser/subject/structural/astTestFiles/exceptionHandlings/yes/ClassWithAnyKindsOfExceptionHandlings.java:&#10;    - Assert-Statement was found:&#10;     - Between line 7 (column 3) and line 7 (column 16)&#10;    - Throw-Statement was found:&#10;     - Between line 11 (column 3) and line 11 (column 54)&#10;    - Catch-Statement was found:&#10;     - Between line 17 (column 5) and line 18 (column 3)&quot;&#10; but was: &#10;  &quot;Unwanted statement found:&#10;   - In src/test/java/de/tum/in/test/integration/testuser/subject/structural/astTestFiles/exceptionHandlings/yes/ClassWithAnyKindsOfExceptionHandlings.java:&#10;  - Assert-Statement was found:&#10;     - Between line 7 (column 3) and line 7 (column 16)&#10;  - Throw-Statement was found:&#10;     - Between line 11 (column 3) and line 11 (column 54)&#10;  - Catch-Statement was found:&#10;     - Between line 17 (column 5) and line 18 (column 3)&quot;" type="org.opentest4j.AssertionFailedError"><![CDATA[org.opentest4j.AssertionFailedError: 

expected: 
  "Unwanted statement found:
   - In src/test/java/de/tum/in/test/integration/testuser/subject/structural/astTestFiles/exceptionHandlings/yes/ClassWithAnyKindsOfExceptionHandlings.java:
    - Assert-Statement was found:
     - Between line 7 (column 3) and line 7 (column 16)
    - Throw-Statement was found:
     - Between line 11 (column 3) and line 11 (column 54)
    - Catch-Statement was found:
     - Between line 17 (column 5) and line 18 (column 3)"
 but was: 
  "Unwanted statement found:
   - In src/test/java/de/tum/in/test/integration/testuser/subject/structural/astTestFiles/exceptionHandlings/yes/ClassWithAnyKindsOfExceptionHandlings.java:
  - Assert-Statement was found:
     - Between line 7 (column 3) and line 7 (column 16)
  - Throw-Statement was found:
     - Between line 11 (column 3) and line 11 (column 54)
  - Catch-Statement was found:
     - Between line 17 (column 5) and line 18 (column 3)"
	at java.base/jdk.internal.reflect.NativeConstructorAccessorImpl.newInstance0(Native Method)
	at java.base/jdk.internal.reflect.NativeConstructorAccessorImpl.newInstance(NativeConstructorAccessorImpl.java:77)
	at java.base/jdk.internal.reflect.DelegatingConstructorAccessorImpl.newInstance(DelegatingConstructorAccessorImpl.java:45)
	at java.base/java.lang.reflect.Constructor.newInstanceWithCaller(Constructor.java:499)
	at de.tum.in.test.testutilities.CustomConditions.lambda$createMessageCondition$5(CustomConditions.java:88)
	at de.tum.in.test.testutilities.CustomConditions.lambda$createMessageCondition$7(CustomConditions.java:98)
	at org.junit.platform.commons.util.FunctionUtils.lambda$where$0(FunctionUtils.java:49)
	at java.base/java.util.stream.MatchOps$1MatchSink.accept(MatchOps.java:90)
	at java.base/java.util.ArrayList$ArrayListSpliterator.tryAdvance(ArrayList.java:1602)
	at java.base/java.util.stream.ReferencePipeline.forEachWithCancel(ReferencePipeline.java:129)
	Suppressed: org.opentest4j.AssertionFailedError: Test 'testHasBelowNoAnyExceptionHandling_Fail' failed in an unexpected way:

TestExecutionResult [status = FAILED, throwable = java.lang.AssertionError: Unwanted statement found:
 - In src/test/java/de/tum/in/test/integration/testuser/subject/structural/astTestFiles/exceptionHandlings/yes/ClassWithAnyKindsOfExceptionHandlings.java:
- Assert-Statement was found:
   - Between line 7 (column 3) and line 7 (column 16)
- Throw-Statement was found:
   - Between line 11 (column 3) and line 11 (column 54)
- Catch-Statement was found:
   - Between line 17 (column 5) and line 18 (column 3)]

Expectations:
[✗] all of:[
   [✓] instance of java.lang.AssertionError,
   [✓] message is correctly localized,
   [✗] message is 'Unwanted statement found:
 - In src/test/java/de/tum/in/test/integration/testuser/subject/structural/astTestFiles/exceptionHandlings/yes/ClassWithAnyKindsOfExceptionHandlings.java:
  - Assert-Statement was found:
   - Between line 7 (column 3) and line 7 (column 16)
  - Throw-Statement was found:
   - Between line 11 (column 3) and line 11 (column 54)
  - Catch-Statement was found:
   - Between line 17 (column 5) and line 18 (column 3)'
]
		at de.tum.in.test.testutilities.CustomConditions.generateFailure(CustomConditions.java:178)
		at de.tum.in.test.testutilities.CustomConditions.generateFailure(CustomConditions.java:173)
		at de.tum.in.test.testutilities.CustomConditions.lambda$testFailRespectingDirectFailure$8(CustomConditions.java:124)
		at java.base/java.util.Optional.ifPresentOrElse(Optional.java:196)
		at de.tum.in.test.testutilities.CustomConditions.lambda$testFailRespectingDirectFailure$10(CustomConditions.java:114)
		at org.assertj.core.api.Condition.matches(Condition.java:161)
		at java.base/java.util.Optional.filter(Optional.java:218)
		at org.junit.platform.testkit.engine.Event.lambda$byPayload$0(Event.java:122)
		at org.assertj.core.api.Condition.matches(Condition.java:161)
		at org.assertj.core.condition.AllOf.lambda$matches$0(AllOf.java:63)
	Caused by: java.lang.AssertionError: Unwanted statement found:
 - In src/test/java/de/tum/in/test/integration/testuser/subject/structural/astTestFiles/exceptionHandlings/yes/ClassWithAnyKindsOfExceptionHandlings.java:
- Assert-Statement was found:
   - Between line 7 (column 3) and line 7 (column 16)
- Throw-Statement was found:
   - Between line 11 (column 3) and line 11 (column 54)
- Catch-Statement was found:
   - Between line 17 (column 5) and line 18 (column 3)
		at java.base/java.util.Optional.ifPresent(Optional.java:178)
		at de.tum.in.test.integration.testuser.AstAssertionUser$AnyExceptionHandlingTests.testHasBelowNoAnyExceptionHandling_Fail(AstAssertionUser.java:500)
		at java.base/jdk.internal.reflect.NativeMethodAccessorImpl.invoke0(Native Method)
		at java.base/jdk.internal.reflect.NativeMethodAccessorImpl.invoke(NativeMethodAccessorImpl.java:77)
		at java.base/jdk.internal.reflect.DelegatingMethodAccessorImpl.invoke(DelegatingMethodAccessorImpl.java:43)
		at java.base/java.lang.reflect.Method.invoke(Method.java:568)
		at org.junit.platform.commons.util.ReflectionUtils.invokeMethod(ReflectionUtils.java:727)
		at org.junit.jupiter.engine.execution.MethodInvocation.proceed(MethodInvocation.java:60)
		at org.junit.jupiter.engine.execution.InvocationInterceptorChain$ValidatingInvocation.proceed(InvocationInterceptorChain.java:131)
		at de.tum.in.test.api.internal.TimeoutUtils.rethrowThrowableSafe(TimeoutUtils.java:47)
		at de.tum.in.test.api.internal.TimeoutUtils.lambda$performTimeoutExecution$1(TimeoutUtils.java:42)
		at java.base/java.util.concurrent.FutureTask.run(FutureTask.java:264)
		at java.base/java.util.concurrent.ThreadPoolExecutor.runWorker(ThreadPoolExecutor.java:1136)
		at java.base/java.util.concurrent.ThreadPoolExecutor$Worker.run(ThreadPoolExecutor.java:635)
		at java.base/java.lang.Thread.run(Thread.java:833)
]]></failure>
  </testcase>
</testsuite>